# gunzip -c exp_FG/DNN_tri_8_2000_aligned_layer3_nodes256/decode/depth_stats_tmp.*.gz | steps/diagnostic/analyze_lattice_depth_stats.py exp_FG/tri_8_2000/graph 
# Started at Sun Apr  1 15:53:35 CST 2018
#
The total amount of data analyzed assuming 100 frames per second is 0.1 hours
Overall, lattice depth (10,50,90-percentile)=(1,2,7) and mean=2.9
Nonsilence phones as a group account for 96.5% of frames, with lattice depth (10,50,90-percentile)=(1,2,6) and mean=2.8
Phone ao4_E accounts for 8.0% of frames, with lattice depth (10,50,90-percentile)=(2,4,9) and mean=4.7
Phone ang2_E accounts for 5.4% of frames, with lattice depth (10,50,90-percentile)=(1,1,4) and mean=1.9
Phone iu2_I accounts for 5.3% of frames, with lattice depth (10,50,90-percentile)=(1,1,1) and mean=1.5
Phone in2_I accounts for 4.6% of frames, with lattice depth (10,50,90-percentile)=(2,4,18) and mean=7.6
Phone iao2_E accounts for 4.0% of frames, with lattice depth (10,50,90-percentile)=(1,3,7) and mean=3.5
Phone sil accounts for 3.5% of frames, with lattice depth (10,50,90-percentile)=(1,5,15) and mean=6.4
Phone ai3_E accounts for 3.5% of frames, with lattice depth (10,50,90-percentile)=(1,1,2) and mean=1.2
Phone y_B accounts for 3.2% of frames, with lattice depth (10,50,90-percentile)=(2,4,10) and mean=5.4
Phone eng1_E accounts for 2.9% of frames, with lattice depth (10,50,90-percentile)=(1,2,3) and mean=2.2
Phone g_B accounts for 2.9% of frames, with lattice depth (10,50,90-percentile)=(1,2,5) and mean=2.6
Phone j_B accounts for 2.8% of frames, with lattice depth (10,50,90-percentile)=(1,1,2) and mean=1.3
Phone q_I accounts for 2.8% of frames, with lattice depth (10,50,90-percentile)=(1,3,8) and mean=3.8
Phone n_B accounts for 2.8% of frames, with lattice depth (10,50,90-percentile)=(1,1,1) and mean=1.5
Phone ia1_I accounts for 2.7% of frames, with lattice depth (10,50,90-percentile)=(1,1,2) and mean=1.3
Phone h_B accounts for 2.3% of frames, with lattice depth (10,50,90-percentile)=(1,1,7) and mean=2.1
Phone en2_E accounts for 2.0% of frames, with lattice depth (10,50,90-percentile)=(1,2,2) and mean=1.7
Phone d_B accounts for 2.0% of frames, with lattice depth (10,50,90-percentile)=(1,2,4) and mean=2.3
Phone a3_I accounts for 1.9% of frames, with lattice depth (10,50,90-percentile)=(1,3,4) and mean=2.5
Phone eng4_E accounts for 1.8% of frames, with lattice depth (10,50,90-percentile)=(2,3,4) and mean=2.9
Phone er4_S accounts for 1.8% of frames, with lattice depth (10,50,90-percentile)=(2,3,7) and mean=3.8
Phone t_I accounts for 1.7% of frames, with lattice depth (10,50,90-percentile)=(1,1,2) and mean=1.3
Phone ao2_E accounts for 1.7% of frames, with lattice depth (10,50,90-percentile)=(1,1,7) and mean=1.7
Phone b_I accounts for 1.7% of frames, with lattice depth (10,50,90-percentile)=(1,1,3) and mean=1.6
Phone uan1_I accounts for 1.7% of frames, with lattice depth (10,50,90-percentile)=(1,1,4) and mean=1.9
Phone uo1_E accounts for 1.6% of frames, with lattice depth (10,50,90-percentile)=(1,1,3) and mean=1.5
Phone e2_I accounts for 1.5% of frames, with lattice depth (10,50,90-percentile)=(1,1,7) and mean=2.1
Phone i4_E accounts for 1.5% of frames, with lattice depth (10,50,90-percentile)=(1,1,3) and mean=1.6
Phone iang1_E accounts for 1.5% of frames, with lattice depth (10,50,90-percentile)=(2,4,8) and mean=5.2
Phone iao4_E accounts for 1.4% of frames, with lattice depth (10,50,90-percentile)=(1,1,6) and mean=2.4
Phone sh_B accounts for 1.3% of frames, with lattice depth (10,50,90-percentile)=(1,1,1) and mean=1.0
Phone k_B accounts for 1.3% of frames, with lattice depth (10,50,90-percentile)=(2,3,4) and mean=3.0
Phone n_I accounts for 1.2% of frames, with lattice depth (10,50,90-percentile)=(1,1,2) and mean=1.3
Phone x_B accounts for 1.2% of frames, with lattice depth (10,50,90-percentile)=(2,3,16) and mean=5.4
Phone ao3_E accounts for 0.9% of frames, with lattice depth (10,50,90-percentile)=(1,1,1) and mean=1.0
Phone ua1_I accounts for 0.9% of frames, with lattice depth (10,50,90-percentile)=(1,1,9) and mean=3.8
Phone wu3_S accounts for 0.9% of frames, with lattice depth (10,50,90-percentile)=(2,4,15) and mean=6.6
Phone a2_I accounts for 0.8% of frames, with lattice depth (10,50,90-percentile)=(1,2,2) and mean=1.7
Phone ian2_E accounts for 0.8% of frames, with lattice depth (10,50,90-percentile)=(1,2,6) and mean=3.4
Phone b_B accounts for 0.8% of frames, with lattice depth (10,50,90-percentile)=(1,3,4) and mean=2.6
Phone uang1_I accounts for 0.8% of frames, with lattice depth (10,50,90-percentile)=(1,2,6) and mean=2.8
Phone u3_E accounts for 0.8% of frames, with lattice depth (10,50,90-percentile)=(1,1,1) and mean=1.0
Phone ong2_I accounts for 0.7% of frames, with lattice depth (10,50,90-percentile)=(1,1,1) and mean=1.0
Phone ei1_I accounts for 0.7% of frames, with lattice depth (10,50,90-percentile)=(1,1,1) and mean=1.0
Phone u4_E accounts for 0.7% of frames, with lattice depth (10,50,90-percentile)=(1,1,2) and mean=1.3
Phone i3_E accounts for 0.6% of frames, with lattice depth (10,50,90-percentile)=(1,1,1) and mean=1.2
Phone ch_B accounts for 0.6% of frames, with lattice depth (10,50,90-percentile)=(1,1,6) and mean=2.1
Phone f_B accounts for 0.6% of frames, with lattice depth (10,50,90-percentile)=(1,2,2) and mean=1.7
Phone l_I accounts for 0.6% of frames, with lattice depth (10,50,90-percentile)=(1,2,6) and mean=2.3
# Accounting: time=0 threads=1
# Ended (code 0) at Sun Apr  1 15:53:35 CST 2018, elapsed time 0 seconds
