# nnet-latgen-faster --minimize=false --max-active=7000 --min-active=200 --beam=15.0 --lattice-beam=8.0 --acoustic-scale=0.1 --allow-partial=true --word-symbol-table=exp_FG/tri_8_2000/graph/words.txt exp_FG/DNN_tri_8_2000_aligned_layer3_nodes256/final.mdl exp_FG/tri_8_2000/graph/HCLG.fst "ark,s,cs:apply-cmvn  --utt2spk=ark:data/test/split18/2/utt2spk scp:data/test/split18/2/cmvn.scp scp:data/test/split18/2/feats.scp ark:- |" "ark:|gzip -c > exp_FG/DNN_tri_8_2000_aligned_layer3_nodes256/decode/lat.2.gz" 
# Started at Sun Apr  1 15:52:48 CST 2018
#
nnet-latgen-faster --minimize=false --max-active=7000 --min-active=200 --beam=15.0 --lattice-beam=8.0 --acoustic-scale=0.1 --allow-partial=true --word-symbol-table=exp_FG/tri_8_2000/graph/words.txt exp_FG/DNN_tri_8_2000_aligned_layer3_nodes256/final.mdl exp_FG/tri_8_2000/graph/HCLG.fst 'ark,s,cs:apply-cmvn  --utt2spk=ark:data/test/split18/2/utt2spk scp:data/test/split18/2/cmvn.scp scp:data/test/split18/2/feats.scp ark:- |' 'ark:|gzip -c > exp_FG/DNN_tri_8_2000_aligned_layer3_nodes256/decode/lat.2.gz' 
apply-cmvn --utt2spk=ark:data/test/split18/2/utt2spk scp:data/test/split18/2/cmvn.scp scp:data/test/split18/2/feats.scp ark:- 
zh1102M0001 要 五 箱 银桥 核桃 牛奶 多 加糖 
LOG (nnet-latgen-faster[5.3.76~1-26df3]:DecodeUtteranceLatticeFaster():decoder-wrappers.cc:286) Log-like per frame for utterance zh1102M0001 is 0.308288 over 372 frames.
zh1102M0002 要 五 箱 银桥 花生 牛奶 少 加糖 
LOG (nnet-latgen-faster[5.3.76~1-26df3]:DecodeUtteranceLatticeFaster():decoder-wrappers.cc:286) Log-like per frame for utterance zh1102M0002 is 0.316335 over 333 frames.
zh1102M0003 要 五 箱 银桥 花生 牛奶 不 加糖 
LOG (nnet-latgen-faster[5.3.76~1-26df3]:DecodeUtteranceLatticeFaster():decoder-wrappers.cc:286) Log-like per frame for utterance zh1102M0003 is 0.184302 over 439 frames.
LOG (apply-cmvn[5.3.76~1-26df3]:main():apply-cmvn.cc:162) Applied cepstral mean normalization to 9 utterances, errors on 0
zh1102M0004 要 五 箱 银桥 黑谷 牛奶 多 加糖 
LOG (nnet-latgen-faster[5.3.76~1-26df3]:DecodeUtteranceLatticeFaster():decoder-wrappers.cc:286) Log-like per frame for utterance zh1102M0004 is 0.318711 over 372 frames.
zh1102M0005 要 五 箱 银桥 核桃 牛奶 少 加糖 
LOG (nnet-latgen-faster[5.3.76~1-26df3]:DecodeUtteranceLatticeFaster():decoder-wrappers.cc:286) Log-like per frame for utterance zh1102M0005 is 0.337201 over 400 frames.
zh1102M0006 打开 泵 
LOG (nnet-latgen-faster[5.3.76~1-26df3]:DecodeUtteranceLatticeFaster():decoder-wrappers.cc:286) Log-like per frame for utterance zh1102M0006 is 0.0984875 over 190 frames.
zh1102M0007 关闭 阀门 
LOG (nnet-latgen-faster[5.3.76~1-26df3]:DecodeUtteranceLatticeFaster():decoder-wrappers.cc:286) Log-like per frame for utterance zh1102M0007 is 0.289663 over 218 frames.
zh1102M0008 要 五 关掉 窗帘 
LOG (nnet-latgen-faster[5.3.76~1-26df3]:DecodeUtteranceLatticeFaster():decoder-wrappers.cc:286) Log-like per frame for utterance zh1102M0008 is 0.143633 over 247 frames.
zh1102M0009 关掉 灯 
LOG (nnet-latgen-faster[5.3.76~1-26df3]:DecodeUtteranceLatticeFaster():decoder-wrappers.cc:286) Log-like per frame for utterance zh1102M0009 is 0.21313 over 199 frames.
LOG (nnet-latgen-faster[5.3.76~1-26df3]:main():nnet-latgen-faster.cc:181) Time taken 4.20144s: real-time factor assuming 100 frames/sec is 0.151677
LOG (nnet-latgen-faster[5.3.76~1-26df3]:main():nnet-latgen-faster.cc:184) Done 9 utterances, failed for 0
LOG (nnet-latgen-faster[5.3.76~1-26df3]:main():nnet-latgen-faster.cc:186) Overall log-likelihood per frame is 0.257806 over 2770 frames.
# Accounting: time=4 threads=1
# Ended (code 0) at Sun Apr  1 15:52:52 CST 2018, elapsed time 4 seconds
