# gmm-init-model --write-occs=exp_FG/tri_8_2000/1.occs exp_FG/tri_8_2000/tree exp_FG/tri_8_2000/treeacc data/lang_bigram/topo exp_FG/tri_8_2000/1.mdl 
# Started at Sun Apr  1 15:38:40 CST 2018
#
gmm-init-model --write-occs=exp_FG/tri_8_2000/1.occs exp_FG/tri_8_2000/tree exp_FG/tri_8_2000/treeacc data/lang_bigram/topo exp_FG/tri_8_2000/1.mdl 
LOG (gmm-init-model[5.3.76~1-26df3]:main():gmm-init-model.cc:271) Number of separate statistics is 396
WARNING (gmm-init-model[5.3.76~1-26df3]:InitAmGmm():gmm-init-model.cc:83) Very small count for state 3: 78; corresponding phone list: 14 15 16 17 
WARNING (gmm-init-model[5.3.76~1-26df3]:InitAmGmm():gmm-init-model.cc:83) Very small count for state 8: 18; corresponding phone list: 34 35 36 37 
WARNING (gmm-init-model[5.3.76~1-26df3]:InitAmGmm():gmm-init-model.cc:83) Very small count for state 11: 90; corresponding phone list: 46 47 48 49 
WARNING (gmm-init-model[5.3.76~1-26df3]:InitAmGmm():gmm-init-model.cc:83) Very small count for state 15: 66; corresponding phone list: 62 63 64 65 
WARNING (gmm-init-model[5.3.76~1-26df3]:InitAmGmm():gmm-init-model.cc:83) Very small count for state 17: 42; corresponding phone list: 70 71 72 73 
WARNING (gmm-init-model[5.3.76~1-26df3]:InitAmGmm():gmm-init-model.cc:83) Very small count for state 19: 72; corresponding phone list: 78 79 80 81 
WARNING (gmm-init-model[5.3.76~1-26df3]:InitAmGmm():gmm-init-model.cc:83) Very small count for state 20: 78; corresponding phone list: 82 83 84 85 
WARNING (gmm-init-model[5.3.76~1-26df3]:InitAmGmm():gmm-init-model.cc:83) Very small count for state 23: 36; corresponding phone list: 94 95 96 97 
WARNING (gmm-init-model[5.3.76~1-26df3]:InitAmGmm():gmm-init-model.cc:83) Very small count for state 25: 12; corresponding phone list: 102 103 104 105 
WARNING (gmm-init-model[5.3.76~1-26df3]:InitAmGmm():gmm-init-model.cc:83) Very small count for state 27: 36; corresponding phone list: 110 111 112 113 
WARNING (gmm-init-model[5.3.76~1-26df3]:InitAmGmm():gmm-init-model.cc:83) Very small count for state 48: 72; corresponding phone list: 194 195 196 197 
WARNING (gmm-init-model[5.3.76~1-26df3]:InitAmGmm():gmm-init-model.cc:83) Very small count for state 51: 6; corresponding phone list: 206 207 208 209 
WARNING (gmm-init-model[5.3.76~1-26df3]:InitAmGmm():gmm-init-model.cc:83) Very small count for state 62: 90; corresponding phone list: 18 19 20 21 
WARNING (gmm-init-model[5.3.76~1-26df3]:InitAmGmm():gmm-init-model.cc:83) Very small count for state 63: 30; corresponding phone list: 82 83 84 85 
WARNING (gmm-init-model[5.3.76~1-26df3]:InitAmGmm():gmm-init-model.cc:83) Very small count for state 67: 54; corresponding phone list: 26 27 28 29 
WARNING (gmm-init-model[5.3.76~1-26df3]:InitAmGmm():gmm-init-model.cc:83) Very small count for state 71: 78; corresponding phone list: 70 71 72 73 
WARNING (gmm-init-model[5.3.76~1-26df3]:InitAmGmm():gmm-init-model.cc:83) Very small count for state 72: 60; corresponding phone list: 66 67 68 69 
WARNING (gmm-init-model[5.3.76~1-26df3]:InitAmGmm():gmm-init-model.cc:83) Very small count for state 78: 72; corresponding phone list: 130 131 132 133 
WARNING (gmm-init-model[5.3.76~1-26df3]:InitAmGmm():gmm-init-model.cc:83) Very small count for state 92: 90; corresponding phone list: 46 47 48 49 
WARNING (gmm-init-model[5.3.76~1-26df3]:InitAmGmm():gmm-init-model.cc:83) Very small count for state 98: 36; corresponding phone list: 50 51 52 53 
WARNING (gmm-init-model[5.3.76~1-26df3]:InitAmGmm():gmm-init-model.cc:83) Very small count for state 99: 72; corresponding phone list: 198 199 200 201 
WARNING (gmm-init-model[5.3.76~1-26df3]:InitAmGmm():gmm-init-model.cc:83) Very small count for state 101: 48; corresponding phone list: 110 111 112 113 
WARNING (gmm-init-model[5.3.76~1-26df3]:InitAmGmm():gmm-init-model.cc:83) Very small count for state 104: 54; corresponding phone list: 66 67 68 69 
WARNING (gmm-init-model[5.3.76~1-26df3]:InitAmGmm():gmm-init-model.cc:83) Very small count for state 107: 48; corresponding phone list: 26 27 28 29 
WARNING (gmm-init-model[5.3.76~1-26df3]:InitAmGmm():gmm-init-model.cc:83) Very small count for state 108: 54; corresponding phone list: 74 75 76 77 
WARNING (gmm-init-model[5.3.76~1-26df3]:InitAmGmm():gmm-init-model.cc:83) Very small count for state 110: 90; corresponding phone list: 182 183 184 185 
WARNING (gmm-init-model[5.3.76~1-26df3]:InitAmGmm():gmm-init-model.cc:83) Very small count for state 113: 18; corresponding phone list: 66 67 68 69 
WARNING (gmm-init-model[5.3.76~1-26df3]:InitAmGmm():gmm-init-model.cc:83) Very small count for state 114: 60; corresponding phone list: 142 143 144 145 
WARNING (gmm-init-model[5.3.76~1-26df3]:InitAmGmm():gmm-init-model.cc:83) Very small count for state 115: 84; corresponding phone list: 42 43 44 45 
WARNING (gmm-init-model[5.3.76~1-26df3]:InitAmGmm():gmm-init-model.cc:83) Very small count for state 117: 84; corresponding phone list: 102 103 104 105 
WARNING (gmm-init-model[5.3.76~1-26df3]:InitAmGmm():gmm-init-model.cc:83) Very small count for state 120: 72; corresponding phone list: 50 51 52 53 
WARNING (gmm-init-model[5.3.76~1-26df3]:InitAmGmm():gmm-init-model.cc:83) Very small count for state 122: 6; corresponding phone list: 66 67 68 69 
WARNING (gmm-init-model[5.3.76~1-26df3]:InitAmGmm():gmm-init-model.cc:83) Very small count for state 124: 42; corresponding phone list: 198 199 200 201 
WARNING (gmm-init-model[5.3.76~1-26df3]:InitAmGmm():gmm-init-model.cc:83) Very small count for state 125: 6; corresponding phone list: 70 71 72 73 
WARNING (gmm-init-model[5.3.76~1-26df3]:InitAmGmm():gmm-init-model.cc:83) Very small count for state 135: 72; corresponding phone list: 34 35 36 37 
WARNING (gmm-init-model[5.3.76~1-26df3]:InitAmGmm():gmm-init-model.cc:83) Very small count for state 143: 18; corresponding phone list: 42 43 44 45 
WARNING (gmm-init-model[5.3.76~1-26df3]:InitAmGmm():gmm-init-model.cc:83) Very small count for state 148: 90; corresponding phone list: 142 143 144 145 
WARNING (gmm-init-model[5.3.76~1-26df3]:InitAmGmm():gmm-init-model.cc:83) Very small count for state 163: 6; corresponding phone list: 78 79 80 81 
WARNING (gmm-init-model[5.3.76~1-26df3]:InitAmGmm():gmm-init-model.cc:83) Very small count for state 171: 66; corresponding phone list: 198 199 200 201 
WARNING (gmm-init-model[5.3.76~1-26df3]:InitAmGmm():gmm-init-model.cc:83) Very small count for state 174: 48; corresponding phone list: 154 155 156 157 
WARNING (gmm-init-model[5.3.76~1-26df3]:InitAmGmm():gmm-init-model.cc:83) Very small count for state 180: 66; corresponding phone list: 50 51 52 53 
WARNING (gmm-init-model[5.3.76~1-26df3]:InitAmGmm():gmm-init-model.cc:83) Very small count for state 181: 72; corresponding phone list: 50 51 52 53 
WARNING (gmm-init-model[5.3.76~1-26df3]:InitAmGmm():gmm-init-model.cc:83) Very small count for state 184: 24; corresponding phone list: 74 75 76 77 
WARNING (gmm-init-model[5.3.76~1-26df3]:InitAmGmm():gmm-init-model.cc:83) Very small count for state 186: 96; corresponding phone list: 90 91 92 93 
WARNING (gmm-init-model[5.3.76~1-26df3]:InitAmGmm():gmm-init-model.cc:83) Very small count for state 188: 54; corresponding phone list: 158 159 160 161 
WARNING (gmm-init-model[5.3.76~1-26df3]:InitAmGmm():gmm-init-model.cc:83) Very small count for state 191: 36; corresponding phone list: 14 15 16 17 
WARNING (gmm-init-model[5.3.76~1-26df3]:InitAmGmm():gmm-init-model.cc:83) Very small count for state 200: 42; corresponding phone list: 194 195 196 197 
WARNING (gmm-init-model[5.3.76~1-26df3]:InitAmGmm():gmm-init-model.cc:83) Very small count for state 201: 90; corresponding phone list: 194 195 196 197 
WARNING (gmm-init-model[5.3.76~1-26df3]:InitAmGmm():gmm-init-model.cc:83) Very small count for state 203: 36; corresponding phone list: 102 103 104 105 
WARNING (gmm-init-model[5.3.76~1-26df3]:InitAmGmm():gmm-init-model.cc:83) Very small count for state 205: 42; corresponding phone list: 34 35 36 37 
WARNING (gmm-init-model[5.3.76~1-26df3]:InitAmGmm():gmm-init-model.cc:83) Very small count for state 206: 90; corresponding phone list: 142 143 144 145 
WARNING (gmm-init-model[5.3.76~1-26df3]:InitAmGmm():gmm-init-model.cc:83) Very small count for state 207: 48; corresponding phone list: 202 203 204 205 
WARNING (gmm-init-model[5.3.76~1-26df3]:InitAmGmm():gmm-init-model.cc:83) Very small count for state 210: 72; corresponding phone list: 34 35 36 37 
WARNING (gmm-init-model[5.3.76~1-26df3]:InitAmGmm():gmm-init-model.cc:83) Very small count for state 212: 96; corresponding phone list: 94 95 96 97 
WARNING (gmm-init-model[5.3.76~1-26df3]:InitAmGmm():gmm-init-model.cc:83) Very small count for state 216: 18; corresponding phone list: 42 43 44 45 
WARNING (gmm-init-model[5.3.76~1-26df3]:InitAmGmm():gmm-init-model.cc:83) Very small count for state 217: 66; corresponding phone list: 110 111 112 113 
WARNING (gmm-init-model[5.3.76~1-26df3]:InitAmGmm():gmm-init-model.cc:83) Very small count for state 219: 36; corresponding phone list: 66 67 68 69 
WARNING (gmm-init-model[5.3.76~1-26df3]:InitAmGmm():gmm-init-model.cc:83) Very small count for state 224: 36; corresponding phone list: 66 67 68 69 
WARNING (gmm-init-model[5.3.76~1-26df3]:InitAmGmm():gmm-init-model.cc:83) Very small count for state 225: 78; corresponding phone list: 142 143 144 145 
WARNING (gmm-init-model[5.3.76~1-26df3]:InitAmGmm():gmm-init-model.cc:83) Very small count for state 226: 66; corresponding phone list: 142 143 144 145 
WARNING (gmm-init-model[5.3.76~1-26df3]:InitAmGmm():gmm-init-model.cc:83) Very small count for state 227: 54; corresponding phone list: 50 51 52 53 
WARNING (gmm-init-model[5.3.76~1-26df3]:InitAmGmm():gmm-init-model.cc:83) Very small count for state 228: 72; corresponding phone list: 14 15 16 17 
WARNING (gmm-init-model[5.3.76~1-26df3]:InitAmGmm():gmm-init-model.cc:83) Very small count for state 231: 24; corresponding phone list: 90 91 92 93 
WARNING (gmm-init-model[5.3.76~1-26df3]:InitAmGmm():gmm-init-model.cc:83) Very small count for state 233: 24; corresponding phone list: 34 35 36 37 
WARNING (gmm-init-model[5.3.76~1-26df3]:InitAmGmm():gmm-init-model.cc:83) Very small count for state 234: 42; corresponding phone list: 78 79 80 81 
WARNING (gmm-init-model[5.3.76~1-26df3]:InitAmGmm():gmm-init-model.cc:83) Very small count for state 235: 48; corresponding phone list: 142 143 144 145 
WARNING (gmm-init-model[5.3.76~1-26df3]:InitAmGmm():gmm-init-model.cc:83) Very small count for state 238: 42; corresponding phone list: 78 79 80 81 
WARNING (gmm-init-model[5.3.76~1-26df3]:InitAmGmm():gmm-init-model.cc:83) Very small count for state 239: 18; corresponding phone list: 78 79 80 81 
WARNING (gmm-init-model[5.3.76~1-26df3]:InitAmGmm():gmm-init-model.cc:83) Very small count for state 241: 72; corresponding phone list: 50 51 52 53 
WARNING (gmm-init-model[5.3.76~1-26df3]:InitAmGmm():gmm-init-model.cc:83) Very small count for state 242: 18; corresponding phone list: 50 51 52 53 
WARNING (gmm-init-model[5.3.76~1-26df3]:InitAmGmm():gmm-init-model.cc:83) Very small count for state 243: 90; corresponding phone list: 50 51 52 53 
WARNING (gmm-init-model[5.3.76~1-26df3]:InitAmGmm():gmm-init-model.cc:83) Very small count for state 247: 6; corresponding phone list: 14 15 16 17 
WARNING (gmm-init-model[5.3.76~1-26df3]:InitAmGmm():gmm-init-model.cc:83) Very small count for state 250: 30; corresponding phone list: 38 39 40 41 
WARNING (gmm-init-model[5.3.76~1-26df3]:InitAmGmm():gmm-init-model.cc:83) Very small count for state 251: 60; corresponding phone list: 162 163 164 165 
WARNING (gmm-init-model[5.3.76~1-26df3]:InitAmGmm():gmm-init-model.cc:83) Very small count for state 253: 18; corresponding phone list: 206 207 208 209 
WARNING (gmm-init-model[5.3.76~1-26df3]:InitAmGmm():gmm-init-model.cc:83) Very small count for state 255: 78; corresponding phone list: 50 51 52 53 
WARNING (gmm-init-model[5.3.76~1-26df3]:InitAmGmm():gmm-init-model.cc:83) Very small count for state 256: 24; corresponding phone list: 94 95 96 97 
WARNING (gmm-init-model[5.3.76~1-26df3]:InitAmGmm():gmm-init-model.cc:83) Very small count for state 263: 48; corresponding phone list: 94 95 96 97 
WARNING (gmm-init-model[5.3.76~1-26df3]:InitAmGmm():gmm-init-model.cc:83) Very small count for state 266: 54; corresponding phone list: 78 79 80 81 
WARNING (gmm-init-model[5.3.76~1-26df3]:InitAmGmm():gmm-init-model.cc:83) Very small count for state 269: 18; corresponding phone list: 154 155 156 157 
WARNING (gmm-init-model[5.3.76~1-26df3]:InitAmGmm():gmm-init-model.cc:83) Very small count for state 271: 96; corresponding phone list: 206 207 208 209 
WARNING (gmm-init-model[5.3.76~1-26df3]:InitAmGmm():gmm-init-model.cc:83) Very small count for state 274: 84; corresponding phone list: 38 39 40 41 
WARNING (gmm-init-model[5.3.76~1-26df3]:InitAmGmm():gmm-init-model.cc:83) Very small count for state 276: 42; corresponding phone list: 194 195 196 197 
WARNING (gmm-init-model[5.3.76~1-26df3]:InitAmGmm():gmm-init-model.cc:83) Very small count for state 277: 30; corresponding phone list: 14 15 16 17 
WARNING (gmm-init-model[5.3.76~1-26df3]:InitAmGmm():gmm-init-model.cc:83) Very small count for state 278: 96; corresponding phone list: 74 75 76 77 
WARNING (gmm-init-model[5.3.76~1-26df3]:InitAmGmm():gmm-init-model.cc:83) Very small count for state 281: 12; corresponding phone list: 14 15 16 17 
WARNING (gmm-init-model[5.3.76~1-26df3]:InitAmGmm():gmm-init-model.cc:83) Very small count for state 284: 42; corresponding phone list: 14 15 16 17 
WARNING (gmm-init-model[5.3.76~1-26df3]:InitAmGmm():gmm-init-model.cc:83) Very small count for state 287: 42; corresponding phone list: 202 203 204 205 
WARNING (gmm-init-model[5.3.76~1-26df3]:InitAmGmm():gmm-init-model.cc:83) Very small count for state 288: 24; corresponding phone list: 42 43 44 45 
WARNING (gmm-init-model[5.3.76~1-26df3]:InitAmGmm():gmm-init-model.cc:83) Very small count for state 293: 96; corresponding phone list: 78 79 80 81 
WARNING (gmm-init-model[5.3.76~1-26df3]:InitAmGmm():gmm-init-model.cc:83) Very small count for state 296: 90; corresponding phone list: 194 195 196 197 
WARNING (gmm-init-model[5.3.76~1-26df3]:InitAmGmm():gmm-init-model.cc:83) Very small count for state 302: 42; corresponding phone list: 14 15 16 17 
WARNING (gmm-init-model[5.3.76~1-26df3]:InitAmGmm():gmm-init-model.cc:83) Very small count for state 304: 36; corresponding phone list: 42 43 44 45 
WARNING (gmm-init-model[5.3.76~1-26df3]:InitAmGmm():gmm-init-model.cc:83) Very small count for state 305: 54; corresponding phone list: 42 43 44 45 
WARNING (gmm-init-model[5.3.76~1-26df3]:InitAmGmm():gmm-init-model.cc:83) Very small count for state 306: 30; corresponding phone list: 14 15 16 17 
WARNING (gmm-init-model[5.3.76~1-26df3]:InitAmGmm():gmm-init-model.cc:83) Very small count for state 307: 60; corresponding phone list: 42 43 44 45 
WARNING (gmm-init-model[5.3.76~1-26df3]:InitAmGmm():gmm-init-model.cc:83) Very small count for state 308: 6; corresponding phone list: 206 207 208 209 
WARNING (gmm-init-model[5.3.76~1-26df3]:InitAmGmm():gmm-init-model.cc:83) Very small count for state 310: 30; corresponding phone list: 14 15 16 17 
WARNING (gmm-init-model[5.3.76~1-26df3]:InitAmGmm():gmm-init-model.cc:83) Very small count for state 311: 66; corresponding phone list: 198 199 200 201 
WARNING (gmm-init-model[5.3.76~1-26df3]:InitAmGmm():gmm-init-model.cc:83) Very small count for state 312: 36; corresponding phone list: 78 79 80 81 
WARNING (gmm-init-model[5.3.76~1-26df3]:InitAmGmm():gmm-init-model.cc:83) Very small count for state 315: 72; corresponding phone list: 206 207 208 209 
WARNING (gmm-init-model[5.3.76~1-26df3]:InitAmGmm():gmm-init-model.cc:83) Very small count for state 317: 78; corresponding phone list: 198 199 200 201 
WARNING (gmm-init-model[5.3.76~1-26df3]:InitAmGmm():gmm-init-model.cc:83) Very small count for state 320: 36; corresponding phone list: 78 79 80 81 
WARNING (gmm-init-model[5.3.76~1-26df3]:InitAmGmm():gmm-init-model.cc:83) Very small count for state 322: 54; corresponding phone list: 90 91 92 93 
WARNING (gmm-init-model[5.3.76~1-26df3]:InitAmGmm():gmm-init-model.cc:83) Very small count for state 323: 78; corresponding phone list: 110 111 112 113 
WARNING (gmm-init-model[5.3.76~1-26df3]:InitAmGmm():gmm-init-model.cc:83) Very small count for state 327: 18; corresponding phone list: 14 15 16 17 
WARNING (gmm-init-model[5.3.76~1-26df3]:InitAmGmm():gmm-init-model.cc:83) Very small count for state 328: 24; corresponding phone list: 14 15 16 17 
WARNING (gmm-init-model[5.3.76~1-26df3]:InitAmGmm():gmm-init-model.cc:83) Very small count for state 332: 36; corresponding phone list: 42 43 44 45 
WARNING (gmm-init-model[5.3.76~1-26df3]:InitAmGmm():gmm-init-model.cc:83) Very small count for state 333: 60; corresponding phone list: 46 47 48 49 
WARNING (gmm-init-model[5.3.76~1-26df3]:InitAmGmm():gmm-init-model.cc:83) Very small count for state 334: 78; corresponding phone list: 94 95 96 97 
WARNING (gmm-init-model[5.3.76~1-26df3]:InitAmGmm():gmm-init-model.cc:83) Very small count for state 335: 18; corresponding phone list: 14 15 16 17 
WARNING (gmm-init-model[5.3.76~1-26df3]:InitAmGmm():gmm-init-model.cc:83) Very small count for state 337: 72; corresponding phone list: 42 43 44 45 
WARNING (gmm-init-model[5.3.76~1-26df3]:InitAmGmm():gmm-init-model.cc:83) Very small count for state 338: 90; corresponding phone list: 206 207 208 209 
WARNING (gmm-init-model[5.3.76~1-26df3]:InitAmGmm():gmm-init-model.cc:83) Very small count for state 340: 72; corresponding phone list: 46 47 48 49 
WARNING (gmm-init-model[5.3.76~1-26df3]:InitAmGmm():gmm-init-model.cc:83) Very small count for state 343: 18; corresponding phone list: 14 15 16 17 
WARNING (gmm-init-model[5.3.76~1-26df3]:InitAmGmm():gmm-init-model.cc:83) Very small count for state 347: 66; corresponding phone list: 110 111 112 113 
WARNING (gmm-init-model[5.3.76~1-26df3]:InitAmGmm():gmm-init-model.cc:83) Very small count for state 348: 96; corresponding phone list: 198 199 200 201 
WARNING (gmm-init-model[5.3.76~1-26df3]:InitAmGmm():gmm-init-model.cc:83) Very small count for state 349: 79; corresponding phone list: 50 51 52 53 
WARNING (gmm-init-model[5.3.76~1-26df3]:InitAmGmm():gmm-init-model.cc:83) Very small count for state 352: 54; corresponding phone list: 42 43 44 45 
WARNING (gmm-init-model[5.3.76~1-26df3]:InitAmGmm():gmm-init-model.cc:83) Very small count for state 358: 42; corresponding phone list: 78 79 80 81 
WARNING (gmm-init-model[5.3.76~1-26df3]:InitAmGmm():gmm-init-model.cc:83) Very small count for state 359: 42; corresponding phone list: 38 39 40 41 
WARNING (gmm-init-model[5.3.76~1-26df3]:InitAmGmm():gmm-init-model.cc:83) Very small count for state 360: 78; corresponding phone list: 154 155 156 157 
WARNING (gmm-init-model[5.3.76~1-26df3]:InitAmGmm():gmm-init-model.cc:83) Very small count for state 361: 90; corresponding phone list: 50 51 52 53 
WARNING (gmm-init-model[5.3.76~1-26df3]:InitAmGmm():gmm-init-model.cc:83) Very small count for state 367: 48; corresponding phone list: 78 79 80 81 
WARNING (gmm-init-model[5.3.76~1-26df3]:InitAmGmm():gmm-init-model.cc:83) Very small count for state 368: 18; corresponding phone list: 14 15 16 17 
WARNING (gmm-init-model[5.3.76~1-26df3]:InitAmGmm():gmm-init-model.cc:83) Very small count for state 369: 18; corresponding phone list: 50 51 52 53 
WARNING (gmm-init-model[5.3.76~1-26df3]:InitAmGmm():gmm-init-model.cc:83) Very small count for state 373: 24; corresponding phone list: 202 203 204 205 
WARNING (gmm-init-model[5.3.76~1-26df3]:InitAmGmm():gmm-init-model.cc:83) Very small count for state 375: 90; corresponding phone list: 154 155 156 157 
LOG (gmm-init-model[5.3.76~1-26df3]:main():gmm-init-model.cc:306) Wrote model.
# Accounting: time=0 threads=1
# Ended (code 0) at Sun Apr  1 15:38:40 CST 2018, elapsed time 0 seconds
