# gmm-est --mix-up=9840 --power=0.25 --write-occs=exp_FG/tri_8_2000/16.occs exp_FG/tri_8_2000/15.mdl "gmm-sum-accs - exp_FG/tri_8_2000/15.*.acc |" exp_FG/tri_8_2000/16.mdl 
# Started at Sun Apr  1 15:40:00 CST 2018
#
gmm-est --mix-up=9840 --power=0.25 --write-occs=exp_FG/tri_8_2000/16.occs exp_FG/tri_8_2000/15.mdl 'gmm-sum-accs - exp_FG/tri_8_2000/15.*.acc |' exp_FG/tri_8_2000/16.mdl 
gmm-sum-accs - exp_FG/tri_8_2000/15.1.acc exp_FG/tri_8_2000/15.10.acc exp_FG/tri_8_2000/15.11.acc exp_FG/tri_8_2000/15.12.acc exp_FG/tri_8_2000/15.13.acc exp_FG/tri_8_2000/15.14.acc exp_FG/tri_8_2000/15.15.acc exp_FG/tri_8_2000/15.16.acc exp_FG/tri_8_2000/15.17.acc exp_FG/tri_8_2000/15.18.acc exp_FG/tri_8_2000/15.2.acc exp_FG/tri_8_2000/15.3.acc exp_FG/tri_8_2000/15.4.acc exp_FG/tri_8_2000/15.5.acc exp_FG/tri_8_2000/15.6.acc exp_FG/tri_8_2000/15.7.acc exp_FG/tri_8_2000/15.8.acc exp_FG/tri_8_2000/15.9.acc 
LOG (gmm-sum-accs[5.3.76~1-26df3]:main():gmm-sum-accs.cc:63) Summed 18 stats, total count 144612, avg like/frame -64.2976
LOG (gmm-sum-accs[5.3.76~1-26df3]:main():gmm-sum-accs.cc:66) Total count of stats is 144612
LOG (gmm-sum-accs[5.3.76~1-26df3]:main():gmm-sum-accs.cc:67) Written stats to -
LOG (gmm-est[5.3.76~1-26df3]:MleUpdate():transition-model.cc:517) TransitionModel::Update, objf change is 0 per frame over 144612 frames. 
LOG (gmm-est[5.3.76~1-26df3]:MleUpdate():transition-model.cc:520) 33 probabilities floored, 1152 out of 1535 transition-states skipped due to insuffient data (it is normal to have some skipped.)
LOG (gmm-est[5.3.76~1-26df3]:main():gmm-est.cc:102) Transition model update: Overall 0 log-like improvement per frame over 144612 frames.
WARNING (gmm-est[5.3.76~1-26df3]:MleDiagGmmUpdate():mle-diag-gmm.cc:365) Gaussian has too little data but not removing it because it is the last Gaussian: i = 0, occ = 6, weight = 1
WARNING (gmm-est[5.3.76~1-26df3]:MleDiagGmmUpdate():mle-diag-gmm.cc:359) Too little data - removing Gaussian (weight 0.002293, occupation count 6.039772, vector size 39)
WARNING (gmm-est[5.3.76~1-26df3]:MleDiagGmmUpdate():mle-diag-gmm.cc:365) Gaussian has too little data but not removing it because it is the last Gaussian: i = 0, occ = 6, weight = 1
WARNING (gmm-est[5.3.76~1-26df3]:MleDiagGmmUpdate():mle-diag-gmm.cc:365) Gaussian has too little data but not removing it because it is the last Gaussian: i = 0, occ = 6, weight = 1
WARNING (gmm-est[5.3.76~1-26df3]:MleDiagGmmUpdate():mle-diag-gmm.cc:365) Gaussian has too little data but not removing it because it is the last Gaussian: i = 0, occ = 6, weight = 1
WARNING (gmm-est[5.3.76~1-26df3]:MleDiagGmmUpdate():mle-diag-gmm.cc:365) Gaussian has too little data but not removing it because it is the last Gaussian: i = 0, occ = 6, weight = 1
WARNING (gmm-est[5.3.76~1-26df3]:MleDiagGmmUpdate():mle-diag-gmm.cc:365) Gaussian has too little data but not removing it because it is the last Gaussian: i = 0, occ = 6, weight = 1
LOG (gmm-est[5.3.76~1-26df3]:MleAmDiagGmmUpdate():mle-am-diag-gmm.cc:225) 1071 variance elements floored in 786 Gaussians, out of 7047
LOG (gmm-est[5.3.76~1-26df3]:MleAmDiagGmmUpdate():mle-am-diag-gmm.cc:229) Removed 1 Gaussians due to counts < --min-gaussian-occupancy=10 and --remove-low-count-gaussians=true
LOG (gmm-est[5.3.76~1-26df3]:main():gmm-est.cc:113) GMM update: Overall 0.174536 objective function improvement per frame over 144612 frames
LOG (gmm-est[5.3.76~1-26df3]:main():gmm-est.cc:116) GMM update: Overall avg like per frame = -64.2976 over 144612 frames.
WARNING (gmm-est[5.3.76~1-26df3]:GetSplitTargets():model-common.cc:134) Could not split up to 9840 due to min-count = 20 (or no counts at all)
LOG (gmm-est[5.3.76~1-26df3]:SplitByCount():am-diag-gmm.cc:116) Split 376 states with target = 9840, power = 0.25, perturb_factor = 0.01 and min_count = 20, split #Gauss from 7047 to 7048
LOG (gmm-est[5.3.76~1-26df3]:main():gmm-est.cc:146) Written model to exp_FG/tri_8_2000/16.mdl
# Accounting: time=1 threads=1
# Ended (code 0) at Sun Apr  1 15:40:01 CST 2018, elapsed time 1 seconds
