# gmm-est --mix-up=2560 --power=0.25 --write-occs=exp_FG/tri_8_2000/3.occs exp_FG/tri_8_2000/2.mdl "gmm-sum-accs - exp_FG/tri_8_2000/2.*.acc |" exp_FG/tri_8_2000/3.mdl 
# Started at Sun Apr  1 15:38:49 CST 2018
#
gmm-est --mix-up=2560 --power=0.25 --write-occs=exp_FG/tri_8_2000/3.occs exp_FG/tri_8_2000/2.mdl 'gmm-sum-accs - exp_FG/tri_8_2000/2.*.acc |' exp_FG/tri_8_2000/3.mdl 
gmm-sum-accs - exp_FG/tri_8_2000/2.1.acc exp_FG/tri_8_2000/2.10.acc exp_FG/tri_8_2000/2.11.acc exp_FG/tri_8_2000/2.12.acc exp_FG/tri_8_2000/2.13.acc exp_FG/tri_8_2000/2.14.acc exp_FG/tri_8_2000/2.15.acc exp_FG/tri_8_2000/2.16.acc exp_FG/tri_8_2000/2.17.acc exp_FG/tri_8_2000/2.18.acc exp_FG/tri_8_2000/2.2.acc exp_FG/tri_8_2000/2.3.acc exp_FG/tri_8_2000/2.4.acc exp_FG/tri_8_2000/2.5.acc exp_FG/tri_8_2000/2.6.acc exp_FG/tri_8_2000/2.7.acc exp_FG/tri_8_2000/2.8.acc exp_FG/tri_8_2000/2.9.acc 
LOG (gmm-sum-accs[5.3.76~1-26df3]:main():gmm-sum-accs.cc:63) Summed 18 stats, total count 144612, avg like/frame -94.5105
LOG (gmm-sum-accs[5.3.76~1-26df3]:main():gmm-sum-accs.cc:66) Total count of stats is 144612
LOG (gmm-sum-accs[5.3.76~1-26df3]:main():gmm-sum-accs.cc:67) Written stats to -
LOG (gmm-est[5.3.76~1-26df3]:MleUpdate():transition-model.cc:517) TransitionModel::Update, objf change is 0 per frame over 144612 frames. 
LOG (gmm-est[5.3.76~1-26df3]:MleUpdate():transition-model.cc:520) 33 probabilities floored, 1152 out of 1535 transition-states skipped due to insuffient data (it is normal to have some skipped.)
LOG (gmm-est[5.3.76~1-26df3]:main():gmm-est.cc:102) Transition model update: Overall 0 log-like improvement per frame over 144612 frames.
WARNING (gmm-est[5.3.76~1-26df3]:MleDiagGmmUpdate():mle-diag-gmm.cc:359) Too little data - removing Gaussian (weight 0.081577, occupation count 8.320896, vector size 39)
WARNING (gmm-est[5.3.76~1-26df3]:MleDiagGmmUpdate():mle-diag-gmm.cc:365) Gaussian has too little data but not removing it because it is the last Gaussian: i = 0, occ = 6, weight = 1
WARNING (gmm-est[5.3.76~1-26df3]:MleDiagGmmUpdate():mle-diag-gmm.cc:359) Too little data - removing Gaussian (weight 0.091253, occupation count 9.855316, vector size 39)
WARNING (gmm-est[5.3.76~1-26df3]:MleDiagGmmUpdate():mle-diag-gmm.cc:359) Too little data - removing Gaussian (weight 0.084611, occupation count 9.137996, vector size 39)
WARNING (gmm-est[5.3.76~1-26df3]:MleDiagGmmUpdate():mle-diag-gmm.cc:365) Gaussian has too little data but not removing it because it is the last Gaussian: i = 0, occ = 6, weight = 1
WARNING (gmm-est[5.3.76~1-26df3]:MleDiagGmmUpdate():mle-diag-gmm.cc:365) Gaussian has too little data but not removing it because it is the last Gaussian: i = 0, occ = 6, weight = 1
WARNING (gmm-est[5.3.76~1-26df3]:MleDiagGmmUpdate():mle-diag-gmm.cc:365) Gaussian has too little data but not removing it because it is the last Gaussian: i = 0, occ = 6, weight = 1
WARNING (gmm-est[5.3.76~1-26df3]:MleDiagGmmUpdate():mle-diag-gmm.cc:365) Gaussian has too little data but not removing it because it is the last Gaussian: i = 0, occ = 6, weight = 1
WARNING (gmm-est[5.3.76~1-26df3]:MleDiagGmmUpdate():mle-diag-gmm.cc:359) Too little data - removing Gaussian (weight 0.067050, occupation count 7.241423, vector size 39)
WARNING (gmm-est[5.3.76~1-26df3]:MleDiagGmmUpdate():mle-diag-gmm.cc:365) Gaussian has too little data but not removing it because it is the last Gaussian: i = 0, occ = 6, weight = 1
WARNING (gmm-est[5.3.76~1-26df3]:MleDiagGmmUpdate():mle-diag-gmm.cc:359) Too little data - removing Gaussian (weight 0.078927, occupation count 8.524108, vector size 39)
WARNING (gmm-est[5.3.76~1-26df3]:MleDiagGmmUpdate():mle-diag-gmm.cc:359) Too little data - removing Gaussian (weight 0.058115, occupation count 6.276373, vector size 39)
LOG (gmm-est[5.3.76~1-26df3]:MleAmDiagGmmUpdate():mle-am-diag-gmm.cc:225) 2 variance elements floored in 2 Gaussians, out of 2021
LOG (gmm-est[5.3.76~1-26df3]:MleAmDiagGmmUpdate():mle-am-diag-gmm.cc:229) Removed 6 Gaussians due to counts < --min-gaussian-occupancy=10 and --remove-low-count-gaussians=true
LOG (gmm-est[5.3.76~1-26df3]:main():gmm-est.cc:113) GMM update: Overall 1.07851 objective function improvement per frame over 144612 frames
LOG (gmm-est[5.3.76~1-26df3]:main():gmm-est.cc:116) GMM update: Overall avg like per frame = -94.5105 over 144612 frames.
LOG (gmm-est[5.3.76~1-26df3]:SplitByCount():am-diag-gmm.cc:116) Split 376 states with target = 2560, power = 0.25, perturb_factor = 0.01 and min_count = 20, split #Gauss from 2021 to 2560
LOG (gmm-est[5.3.76~1-26df3]:main():gmm-est.cc:146) Written model to exp_FG/tri_8_2000/3.mdl
# Accounting: time=0 threads=1
# Ended (code 0) at Sun Apr  1 15:38:49 CST 2018, elapsed time 0 seconds
