# gmm-est --write-occs=exp_FG/mono/31.occs --mix-up=971 --power=0.25 exp_FG/mono/30.mdl "gmm-sum-accs - exp_FG/mono/30.*.acc|" exp_FG/mono/31.mdl 
# Started at Sun Apr  1 15:36:49 CST 2018
#
gmm-est --write-occs=exp_FG/mono/31.occs --mix-up=971 --power=0.25 exp_FG/mono/30.mdl 'gmm-sum-accs - exp_FG/mono/30.*.acc|' exp_FG/mono/31.mdl 
gmm-sum-accs - exp_FG/mono/30.1.acc exp_FG/mono/30.10.acc exp_FG/mono/30.11.acc exp_FG/mono/30.12.acc exp_FG/mono/30.13.acc exp_FG/mono/30.14.acc exp_FG/mono/30.15.acc exp_FG/mono/30.16.acc exp_FG/mono/30.17.acc exp_FG/mono/30.18.acc exp_FG/mono/30.2.acc exp_FG/mono/30.3.acc exp_FG/mono/30.4.acc exp_FG/mono/30.5.acc exp_FG/mono/30.6.acc exp_FG/mono/30.7.acc exp_FG/mono/30.8.acc exp_FG/mono/30.9.acc 
LOG (gmm-sum-accs[5.3.76~1-26df3]:main():gmm-sum-accs.cc:63) Summed 18 stats, total count 144612, avg like/frame -87.7577
LOG (gmm-sum-accs[5.3.76~1-26df3]:main():gmm-sum-accs.cc:66) Total count of stats is 144612
LOG (gmm-sum-accs[5.3.76~1-26df3]:main():gmm-sum-accs.cc:67) Written stats to -
LOG (gmm-est[5.3.76~1-26df3]:MleUpdate():transition-model.cc:517) TransitionModel::Update, objf change is 0 per frame over 144612 frames. 
LOG (gmm-est[5.3.76~1-26df3]:MleUpdate():transition-model.cc:520) 5 probabilities floored, 459 out of 639 transition-states skipped due to insuffient data (it is normal to have some skipped.)
LOG (gmm-est[5.3.76~1-26df3]:main():gmm-est.cc:102) Transition model update: Overall 0 log-like improvement per frame over 144612 frames.
WARNING (gmm-est[5.3.76~1-26df3]:MleDiagGmmUpdate():mle-diag-gmm.cc:359) Too little data - removing Gaussian (weight 0.093285, occupation count 8.955342, vector size 39)
LOG (gmm-est[5.3.76~1-26df3]:MleAmDiagGmmUpdate():mle-am-diag-gmm.cc:225) 1 variance elements floored in 1 Gaussians, out of 942
LOG (gmm-est[5.3.76~1-26df3]:MleAmDiagGmmUpdate():mle-am-diag-gmm.cc:229) Removed 1 Gaussians due to counts < --min-gaussian-occupancy=10 and --remove-low-count-gaussians=true
LOG (gmm-est[5.3.76~1-26df3]:main():gmm-est.cc:113) GMM update: Overall 0.111926 objective function improvement per frame over 144612 frames
LOG (gmm-est[5.3.76~1-26df3]:main():gmm-est.cc:116) GMM update: Overall avg like per frame = -87.7577 over 144612 frames.
LOG (gmm-est[5.3.76~1-26df3]:SplitByCount():am-diag-gmm.cc:116) Split 159 states with target = 971, power = 0.25, perturb_factor = 0.01 and min_count = 20, split #Gauss from 942 to 971
LOG (gmm-est[5.3.76~1-26df3]:main():gmm-est.cc:146) Written model to exp_FG/mono/31.mdl
# Accounting: time=0 threads=1
# Ended (code 0) at Sun Apr  1 15:36:49 CST 2018, elapsed time 0 seconds
