# lattice-scale --inv-acoustic-scale=7 "ark:gunzip -c exp_FG/tri_8_2000/decode/lat.*.gz|" ark:- | lattice-add-penalty --word-ins-penalty=0.0 ark:- ark:- | lattice-best-path --word-symbol-table=exp_FG/tri_8_2000/graph/words.txt ark:- ark,t:exp_FG/tri_8_2000/decode/scoring/7.tra 
# Started at Sun Apr  1 15:42:12 CST 2018
#
lattice-add-penalty --word-ins-penalty=0.0 ark:- ark:- 
lattice-scale --inv-acoustic-scale=7 'ark:gunzip -c exp_FG/tri_8_2000/decode/lat.*.gz|' ark:- 
lattice-best-path --word-symbol-table=exp_FG/tri_8_2000/graph/words.txt ark:- ark,t:exp_FG/tri_8_2000/decode/scoring/7.tra 
LOG (lattice-best-path[5.3.76~1-26df3]:main():lattice-best-path.cc:99) For utterance zh1101M0001, best cost 49.1005 + 5362 = 5411.1 over 285 frames.
zh1101M0001 一 箱 银桥 核桃 五 牛奶 多 加糖 
LOG (lattice-best-path[5.3.76~1-26df3]:main():lattice-best-path.cc:99) For utterance zh1101M0002, best cost 77.4865 + 6633.02 = 6710.5 over 343 frames.
zh1101M0002 四 箱 箱 银桥 花生 箱 牛奶 少 一 加糖 
LOG (lattice-best-path[5.3.76~1-26df3]:main():lattice-best-path.cc:99) For utterance zh1101M0003, best cost 72.2696 + 6760.96 = 6833.23 over 381 frames.
zh1101M0003 要 四 箱 箱 一 箱 银桥 红枣 箱 牛奶 不 加糖 
LOG (lattice-best-path[5.3.76~1-26df3]:main():lattice-best-path.cc:99) For utterance zh1101M0004, best cost 39.2513 + 5642.94 = 5682.19 over 314 frames.
zh1101M0004 要 四 箱 箱 银桥 黑谷 牛奶 多 加糖 
LOG (lattice-best-path[5.3.76~1-26df3]:main():lattice-best-path.cc:99) For utterance zh1101M0005, best cost 79.9362 + 6504.58 = 6584.52 over 343 frames.
zh1101M0005 要 四 四 箱 箱 四 核桃 牛奶 少 四 加糖 
LOG (lattice-best-path[5.3.76~1-26df3]:main():lattice-best-path.cc:99) For utterance zh1101M0006, best cost 27.5577 + 2628.52 = 2656.08 over 142 frames.
zh1101M0006 要 四 不 
LOG (lattice-best-path[5.3.76~1-26df3]:main():lattice-best-path.cc:99) For utterance zh1101M0007, best cost 28.3175 + 3211.89 = 3240.21 over 170 frames.
zh1101M0007 关闭 箱 阀门 
LOG (lattice-best-path[5.3.76~1-26df3]:main():lattice-best-path.cc:99) For utterance zh1101M0008, best cost 26.2872 + 3200.93 = 3227.22 over 180 frames.
zh1101M0008 开启 窗帘 要 
LOG (lattice-best-path[5.3.76~1-26df3]:main():lattice-best-path.cc:99) For utterance zh1101M0009, best cost 11.0087 + 2692.71 = 2703.71 over 151 frames.
zh1101M0009 关掉 灯 
LOG (lattice-best-path[5.3.76~1-26df3]:main():lattice-best-path.cc:99) For utterance zh1110M0001, best cost 49.1342 + 5362.89 = 5412.02 over 285 frames.
zh1110M0001 一 箱 银桥 核桃 五 牛奶 多 加糖 
LOG (lattice-best-path[5.3.76~1-26df3]:main():lattice-best-path.cc:99) For utterance zh1110M0002, best cost 77.4758 + 6630.77 = 6708.25 over 343 frames.
zh1110M0002 四 箱 箱 银桥 花生 箱 牛奶 少 一 加糖 
LOG (lattice-best-path[5.3.76~1-26df3]:main():lattice-best-path.cc:99) For utterance zh1110M0003, best cost 72.3444 + 6752.8 = 6825.15 over 381 frames.
zh1110M0003 要 四 箱 箱 一 箱 银桥 红枣 箱 牛奶 不 加糖 
LOG (lattice-best-path[5.3.76~1-26df3]:main():lattice-best-path.cc:99) For utterance zh1110M0004, best cost 39.3503 + 5641.73 = 5681.08 over 314 frames.
zh1110M0004 要 四 箱 箱 银桥 黑谷 牛奶 多 加糖 
LOG (lattice-best-path[5.3.76~1-26df3]:main():lattice-best-path.cc:99) For utterance zh1110M0005, best cost 79.9382 + 6501.09 = 6581.03 over 343 frames.
zh1110M0005 要 四 四 箱 箱 四 核桃 牛奶 少 四 加糖 
LOG (lattice-best-path[5.3.76~1-26df3]:main():lattice-best-path.cc:99) For utterance zh1110M0006, best cost 24.7977 + 2636 = 2660.8 over 142 frames.
zh1110M0006 要 不 
LOG (lattice-best-path[5.3.76~1-26df3]:main():lattice-best-path.cc:99) For utterance zh1110M0007, best cost 23.4325 + 3207.76 = 3231.2 over 170 frames.
zh1110M0007 关闭 五 
LOG (lattice-best-path[5.3.76~1-26df3]:main():lattice-best-path.cc:99) For utterance zh1110M0008, best cost 26.7359 + 3195.05 = 3221.79 over 180 frames.
zh1110M0008 要 二 开启 窗帘 
LOG (lattice-best-path[5.3.76~1-26df3]:main():lattice-best-path.cc:99) For utterance zh1110M0009, best cost 27.2142 + 2685.87 = 2713.08 over 151 frames.
zh1110M0009 关掉 灯 一 
LOG (lattice-best-path[5.3.76~1-26df3]:main():lattice-best-path.cc:99) For utterance zh1111M0001, best cost 38.091 + 6552.61 = 6590.71 over 372 frames.
zh1111M0001 要 四 一 箱 银桥 核桃 牛奶 多 加糖 
LOG (lattice-best-path[5.3.76~1-26df3]:main():lattice-best-path.cc:99) For utterance zh1111M0002, best cost 53.1247 + 6137.24 = 6190.36 over 333 frames.
zh1111M0002 要 三 银桥 花生 四 牛奶 少 加糖 
LOG (lattice-best-path[5.3.76~1-26df3]:main():lattice-best-path.cc:99) For utterance zh1111M0003, best cost 81.0634 + 8057.86 = 8138.92 over 439 frames.
zh1111M0003 要 要 一 三 箱 银桥 不 牛奶 多 加糖 要 
LOG (lattice-best-path[5.3.76~1-26df3]:main():lattice-best-path.cc:99) For utterance zh1111M0004, best cost 30.5019 + 6566.23 = 6596.73 over 372 frames.
zh1111M0004 要 四 箱 银桥 黑谷 牛奶 多 加糖 
LOG (lattice-best-path[5.3.76~1-26df3]:main():lattice-best-path.cc:99) For utterance zh1111M0005, best cost 32.831 + 6944.27 = 6977.1 over 400 frames.
zh1111M0005 五 箱 银桥 核桃 牛奶 少 加糖 
LOG (lattice-best-path[5.3.76~1-26df3]:main():lattice-best-path.cc:99) For utterance zh1111M0006, best cost 54.4987 + 2915.78 = 2970.28 over 190 frames.
zh1111M0006 打开 一 四 二 要 
LOG (lattice-best-path[5.3.76~1-26df3]:main():lattice-best-path.cc:99) For utterance zh1111M0007, best cost 22.812 + 3451.65 = 3474.46 over 218 frames.
zh1111M0007 关掉 阀门 灯 
LOG (lattice-best-path[5.3.76~1-26df3]:main():lattice-best-path.cc:99) For utterance zh1111M0008, best cost 31.0023 + 4108.41 = 4139.42 over 247 frames.
zh1111M0008 要 要 开启 窗帘 
LOG (lattice-best-path[5.3.76~1-26df3]:main():lattice-best-path.cc:99) For utterance zh1111M0009, best cost 25.2929 + 3003.87 = 3029.16 over 199 frames.
zh1111M0009 关掉 四 泵 
LOG (lattice-best-path[5.3.76~1-26df3]:main():lattice-best-path.cc:99) For utterance zh1112M0001, best cost 30.3156 + 5914.71 = 5945.02 over 333 frames.
zh1112M0001 要 五 箱 银桥 核桃 牛奶 多 加糖 
LOG (lattice-best-path[5.3.76~1-26df3]:main():lattice-best-path.cc:99) For utterance zh1112M0002, best cost 37.1012 + 6850.33 = 6887.43 over 362 frames.
zh1112M0002 要 四 箱 银桥 花生 牛奶 少 加糖 
LOG (lattice-best-path[5.3.76~1-26df3]:main():lattice-best-path.cc:99) For utterance zh1112M0003, best cost 53.1122 + 6579.95 = 6633.06 over 333 frames.
zh1112M0003 要 一 四 四 红枣 牛奶 不 加糖 
LOG (lattice-best-path[5.3.76~1-26df3]:main():lattice-best-path.cc:99) For utterance zh1112M0004, best cost 58.7724 + 5732.27 = 5791.05 over 324 frames.
zh1112M0004 四 箱 四 银桥 黑谷 牛奶 多 少 加糖 
LOG (lattice-best-path[5.3.76~1-26df3]:main():lattice-best-path.cc:99) For utterance zh1112M0005, best cost 50.9309 + 6336.39 = 6387.32 over 333 frames.
zh1112M0005 要 四 箱 箱 银桥 不 牛奶 少 加糖 
LOG (lattice-best-path[5.3.76~1-26df3]:main():lattice-best-path.cc:99) For utterance zh1112M0006, best cost 30.3475 + 2247.27 = 2277.62 over 132 frames.
zh1112M0006 要 打开 泵 灯 
LOG (lattice-best-path[5.3.76~1-26df3]:main():lattice-best-path.cc:99) For utterance zh1112M0007, best cost 36.0275 + 3026.79 = 3062.82 over 161 frames.
zh1112M0007 要 关掉 不 灯 
LOG (lattice-best-path[5.3.76~1-26df3]:main():lattice-best-path.cc:99) For utterance zh1112M0008, best cost 53.6025 + 3410.37 = 3463.97 over 199 frames.
zh1112M0008 要 四 二 开启 箱 
LOG (lattice-best-path[5.3.76~1-26df3]:main():lattice-best-path.cc:99) For utterance zh1112M0009, best cost 41.9347 + 2341.81 = 2383.74 over 142 frames.
zh1112M0009 关掉 多 灯 二 
LOG (lattice-best-path[5.3.76~1-26df3]:main():lattice-best-path.cc:99) For utterance zh1113M0001, best cost 49.1005 + 5359.41 = 5408.51 over 285 frames.
zh1113M0001 一 箱 银桥 核桃 五 牛奶 多 加糖 
LOG (lattice-best-path[5.3.76~1-26df3]:main():lattice-best-path.cc:99) For utterance zh1113M0002, best cost 77.4817 + 6627.72 = 6705.2 over 343 frames.
zh1113M0002 四 箱 箱 银桥 花生 箱 牛奶 少 一 加糖 
LOG (lattice-best-path[5.3.76~1-26df3]:main():lattice-best-path.cc:99) For utterance zh1113M0003, best cost 72.2696 + 6774.64 = 6846.91 over 381 frames.
zh1113M0003 要 四 箱 箱 一 箱 银桥 红枣 箱 牛奶 不 加糖 
LOG (lattice-best-path[5.3.76~1-26df3]:main():lattice-best-path.cc:99) For utterance zh1113M0004, best cost 38.169 + 5652.79 = 5690.96 over 314 frames.
zh1113M0004 要 四 箱 箱 银桥 黑谷 牛奶 多 加糖 
LOG (lattice-best-path[5.3.76~1-26df3]:main():lattice-best-path.cc:99) For utterance zh1113M0005, best cost 79.9794 + 6514.23 = 6594.21 over 343 frames.
zh1113M0005 要 四 四 箱 箱 四 核桃 牛奶 少 四 加糖 
LOG (lattice-best-path[5.3.76~1-26df3]:main():lattice-best-path.cc:99) For utterance zh1113M0006, best cost 27.5577 + 2635.33 = 2662.89 over 142 frames.
zh1113M0006 要 四 不 
LOG (lattice-best-path[5.3.76~1-26df3]:main():lattice-best-path.cc:99) For utterance zh1113M0007, best cost 28.4173 + 3204.42 = 3232.84 over 170 frames.
zh1113M0007 关闭 箱 阀门 
LOG (lattice-best-path[5.3.76~1-26df3]:main():lattice-best-path.cc:99) For utterance zh1113M0008, best cost 27.0807 + 3202.29 = 3229.37 over 180 frames.
zh1113M0008 要 二 开启 窗帘 
LOG (lattice-best-path[5.3.76~1-26df3]:main():lattice-best-path.cc:99) For utterance zh1113M0009, best cost 10.9155 + 2698.91 = 2709.83 over 151 frames.
zh1113M0009 关掉 灯 
LOG (lattice-best-path[5.3.76~1-26df3]:main():lattice-best-path.cc:99) For utterance zh1114M0001, best cost 38.1563 + 6560.84 = 6598.99 over 372 frames.
zh1114M0001 要 四 一 箱 银桥 核桃 牛奶 多 加糖 
LOG (lattice-best-path[5.3.76~1-26df3]:main():lattice-best-path.cc:99) For utterance zh1114M0002, best cost 53.1155 + 6144.44 = 6197.55 over 333 frames.
zh1114M0002 要 三 银桥 花生 四 牛奶 少 加糖 
LOG (lattice-best-path[5.3.76~1-26df3]:main():lattice-best-path.cc:99) For utterance zh1114M0003, best cost 74.3169 + 8051.69 = 8126.01 over 439 frames.
zh1114M0003 要 一 三 箱 银桥 不 牛奶 多 加糖 要 
LOG (lattice-best-path[5.3.76~1-26df3]:main():lattice-best-path.cc:99) For utterance zh1114M0004, best cost 30.8164 + 6572.86 = 6603.68 over 372 frames.
zh1114M0004 要 四 箱 银桥 黑谷 牛奶 多 加糖 
LOG (lattice-best-path[5.3.76~1-26df3]:main():lattice-best-path.cc:99) For utterance zh1114M0005, best cost 32.8462 + 6942.83 = 6975.68 over 400 frames.
zh1114M0005 五 箱 银桥 核桃 牛奶 少 加糖 
LOG (lattice-best-path[5.3.76~1-26df3]:main():lattice-best-path.cc:99) For utterance zh1114M0006, best cost 41.5292 + 2922.5 = 2964.03 over 190 frames.
zh1114M0006 关掉 灯 二 要 
LOG (lattice-best-path[5.3.76~1-26df3]:main():lattice-best-path.cc:99) For utterance zh1114M0007, best cost 30.3797 + 3486.01 = 3516.38 over 218 frames.
zh1114M0007 关掉 阀门 要 
LOG (lattice-best-path[5.3.76~1-26df3]:main():lattice-best-path.cc:99) For utterance zh1114M0008, best cost 24.1557 + 4132.15 = 4156.3 over 247 frames.
zh1114M0008 要 开启 窗帘 
LOG (lattice-best-path[5.3.76~1-26df3]:main():lattice-best-path.cc:99) For utterance zh1114M0009, best cost 25.2495 + 3001.79 = 3027.04 over 199 frames.
zh1114M0009 关掉 四 泵 
LOG (lattice-best-path[5.3.76~1-26df3]:main():lattice-best-path.cc:99) For utterance zh1115M0001, best cost 30.3396 + 5901.7 = 5932.04 over 333 frames.
zh1115M0001 要 五 箱 银桥 核桃 牛奶 多 加糖 
LOG (lattice-best-path[5.3.76~1-26df3]:main():lattice-best-path.cc:99) For utterance zh1115M0002, best cost 37.1367 + 6859.85 = 6896.99 over 362 frames.
zh1115M0002 要 四 箱 银桥 花生 牛奶 少 加糖 
LOG (lattice-best-path[5.3.76~1-26df3]:main():lattice-best-path.cc:99) For utterance zh1115M0003, best cost 53.0029 + 6585.89 = 6638.89 over 333 frames.
zh1115M0003 要 一 四 四 红枣 牛奶 不 加糖 
LOG (lattice-best-path[5.3.76~1-26df3]:main():lattice-best-path.cc:99) For utterance zh1115M0004, best cost 58.788 + 5730.96 = 5789.74 over 324 frames.
zh1115M0004 四 箱 四 银桥 黑谷 牛奶 多 少 加糖 
LOG (lattice-best-path[5.3.76~1-26df3]:main():lattice-best-path.cc:99) For utterance zh1115M0005, best cost 50.8885 + 6336.76 = 6387.65 over 333 frames.
zh1115M0005 要 四 箱 箱 银桥 不 牛奶 少 加糖 
LOG (lattice-best-path[5.3.76~1-26df3]:main():lattice-best-path.cc:99) For utterance zh1115M0006, best cost 30.3475 + 2255.41 = 2285.76 over 132 frames.
zh1115M0006 要 打开 泵 灯 
LOG (lattice-best-path[5.3.76~1-26df3]:main():lattice-best-path.cc:99) For utterance zh1115M0007, best cost 36.0366 + 3021.68 = 3057.71 over 161 frames.
zh1115M0007 要 关掉 不 灯 
LOG (lattice-best-path[5.3.76~1-26df3]:main():lattice-best-path.cc:99) For utterance zh1115M0008, best cost 44.8396 + 3422.03 = 3466.87 over 199 frames.
zh1115M0008 要 要 二 开启 箱 
LOG (lattice-best-path[5.3.76~1-26df3]:main():lattice-best-path.cc:99) For utterance zh1115M0009, best cost 51.0192 + 2325.91 = 2376.93 over 142 frames.
zh1115M0009 要 关掉 多 灯 二 
LOG (lattice-best-path[5.3.76~1-26df3]:main():lattice-best-path.cc:99) For utterance zh1116M0001, best cost 49.1005 + 5367.56 = 5416.66 over 285 frames.
zh1116M0001 一 箱 银桥 核桃 五 牛奶 多 加糖 
LOG (lattice-best-path[5.3.76~1-26df3]:main():lattice-best-path.cc:99) For utterance zh1116M0002, best cost 77.4722 + 6625.86 = 6703.33 over 343 frames.
zh1116M0002 四 箱 箱 银桥 花生 箱 牛奶 少 一 加糖 
LOG (lattice-best-path[5.3.76~1-26df3]:main():lattice-best-path.cc:99) For utterance zh1116M0003, best cost 72.2696 + 6761.06 = 6833.32 over 381 frames.
zh1116M0003 要 四 箱 箱 一 箱 银桥 红枣 箱 牛奶 不 加糖 
LOG (lattice-best-path[5.3.76~1-26df3]:main():lattice-best-path.cc:99) For utterance zh1116M0004, best cost 39.3503 + 5638.01 = 5677.36 over 314 frames.
zh1116M0004 要 四 箱 箱 银桥 黑谷 牛奶 多 加糖 
LOG (lattice-best-path[5.3.76~1-26df3]:main():lattice-best-path.cc:99) For utterance zh1116M0005, best cost 80.0269 + 6509.53 = 6589.55 over 343 frames.
zh1116M0005 要 四 四 箱 箱 四 核桃 牛奶 少 四 加糖 
LOG (lattice-best-path[5.3.76~1-26df3]:main():lattice-best-path.cc:99) For utterance zh1116M0006, best cost 27.5577 + 2627.63 = 2655.18 over 142 frames.
zh1116M0006 要 四 不 
LOG (lattice-best-path[5.3.76~1-26df3]:main():lattice-best-path.cc:99) For utterance zh1116M0007, best cost 28.2145 + 3199.49 = 3227.7 over 170 frames.
zh1116M0007 关闭 箱 阀门 
LOG (lattice-best-path[5.3.76~1-26df3]:main():lattice-best-path.cc:99) For utterance zh1116M0008, best cost 26.6374 + 3212.04 = 3238.68 over 180 frames.
zh1116M0008 要 二 开启 窗帘 
LOG (lattice-best-path[5.3.76~1-26df3]:main():lattice-best-path.cc:99) For utterance zh1116M0009, best cost 10.9757 + 2697.64 = 2708.62 over 151 frames.
zh1116M0009 关掉 灯 
LOG (lattice-best-path[5.3.76~1-26df3]:main():lattice-best-path.cc:99) For utterance zh1117M0001, best cost 38.091 + 6560.03 = 6598.12 over 372 frames.
zh1117M0001 要 四 一 箱 银桥 核桃 牛奶 多 加糖 
LOG (lattice-best-path[5.3.76~1-26df3]:main():lattice-best-path.cc:99) For utterance zh1117M0002, best cost 52.9364 + 6132.69 = 6185.63 over 333 frames.
zh1117M0002 要 三 银桥 花生 四 牛奶 少 加糖 
LOG (lattice-best-path[5.3.76~1-26df3]:main():lattice-best-path.cc:99) For utterance zh1117M0003, best cost 74.8417 + 8044.25 = 8119.1 over 439 frames.
zh1117M0003 要 一 三 箱 银桥 不 牛奶 多 加糖 要 
LOG (lattice-best-path[5.3.76~1-26df3]:main():lattice-best-path.cc:99) For utterance zh1117M0004, best cost 30.8164 + 6577.99 = 6608.81 over 372 frames.
zh1117M0004 要 四 箱 银桥 黑谷 牛奶 多 加糖 
LOG (lattice-best-path[5.3.76~1-26df3]:main():lattice-best-path.cc:99) For utterance zh1117M0005, best cost 32.8475 + 6933.09 = 6965.94 over 400 frames.
zh1117M0005 五 箱 银桥 核桃 牛奶 少 加糖 
LOG (lattice-best-path[5.3.76~1-26df3]:main():lattice-best-path.cc:99) For utterance zh1117M0006, best cost 41.5823 + 2924.4 = 2965.98 over 190 frames.
zh1117M0006 关掉 灯 二 要 
LOG (lattice-best-path[5.3.76~1-26df3]:main():lattice-best-path.cc:99) For utterance zh1117M0007, best cost 22.7153 + 3469.59 = 3492.3 over 218 frames.
zh1117M0007 关掉 阀门 灯 
LOG (lattice-best-path[5.3.76~1-26df3]:main():lattice-best-path.cc:99) For utterance zh1117M0008, best cost 24.1557 + 4138.34 = 4162.49 over 247 frames.
zh1117M0008 要 开启 窗帘 
LOG (lattice-best-path[5.3.76~1-26df3]:main():lattice-best-path.cc:99) For utterance zh1117M0009, best cost 43.479 + 2986.32 = 3029.8 over 199 frames.
zh1117M0009 关掉 四 泵 要 
LOG (lattice-best-path[5.3.76~1-26df3]:main():lattice-best-path.cc:99) For utterance zh1118M0001, best cost 29.8993 + 5905.48 = 5935.38 over 333 frames.
zh1118M0001 要 五 箱 银桥 核桃 牛奶 多 加糖 
LOG (lattice-best-path[5.3.76~1-26df3]:main():lattice-best-path.cc:99) For utterance zh1118M0002, best cost 37.1283 + 6863.81 = 6900.94 over 362 frames.
zh1118M0002 要 四 箱 银桥 花生 牛奶 少 加糖 
LOG (lattice-best-path[5.3.76~1-26df3]:main():lattice-best-path.cc:99) For utterance zh1118M0003, best cost 53.0748 + 6587.75 = 6640.82 over 333 frames.
zh1118M0003 要 一 四 四 红枣 牛奶 不 加糖 
LOG (lattice-best-path[5.3.76~1-26df3]:main():lattice-best-path.cc:99) For utterance zh1118M0004, best cost 58.7724 + 5734.05 = 5792.82 over 324 frames.
zh1118M0004 四 箱 四 银桥 黑谷 牛奶 多 少 加糖 
LOG (lattice-best-path[5.3.76~1-26df3]:main():lattice-best-path.cc:99) For utterance zh1118M0005, best cost 51.3182 + 6346.5 = 6397.81 over 333 frames.
zh1118M0005 要 四 箱 箱 银桥 不 牛奶 少 加糖 
LOG (lattice-best-path[5.3.76~1-26df3]:main():lattice-best-path.cc:99) For utterance zh1118M0006, best cost 30.3425 + 2255.96 = 2286.3 over 132 frames.
zh1118M0006 要 打开 泵 灯 
LOG (lattice-best-path[5.3.76~1-26df3]:main():lattice-best-path.cc:99) For utterance zh1118M0007, best cost 36.1514 + 3030.46 = 3066.62 over 161 frames.
zh1118M0007 要 关掉 不 灯 
LOG (lattice-best-path[5.3.76~1-26df3]:main():lattice-best-path.cc:99) For utterance zh1118M0008, best cost 53.5556 + 3407.71 = 3461.26 over 199 frames.
zh1118M0008 要 四 二 开启 箱 
LOG (lattice-best-path[5.3.76~1-26df3]:main():lattice-best-path.cc:99) For utterance zh1118M0009, best cost 42.0322 + 2333.68 = 2375.71 over 142 frames.
zh1118M0009 关掉 多 灯 二 
LOG (lattice-best-path[5.3.76~1-26df3]:main():lattice-best-path.cc:99) For utterance zh1102M0001, best cost 38.091 + 6550.73 = 6588.82 over 372 frames.
zh1102M0001 要 四 一 箱 银桥 核桃 牛奶 多 加糖 
LOG (lattice-best-path[5.3.76~1-26df3]:main():lattice-best-path.cc:99) For utterance zh1102M0002, best cost 53.1247 + 6123.91 = 6177.04 over 333 frames.
zh1102M0002 要 三 银桥 花生 四 牛奶 少 加糖 
LOG (lattice-best-path[5.3.76~1-26df3]:main():lattice-best-path.cc:99) For utterance zh1102M0003, best cost 74.6617 + 8042.55 = 8117.21 over 439 frames.
zh1102M0003 要 一 三 箱 银桥 不 牛奶 多 加糖 要 
LOG (lattice-best-path[5.3.76~1-26df3]:main():lattice-best-path.cc:99) For utterance zh1102M0004, best cost 30.5776 + 6579.51 = 6610.08 over 372 frames.
zh1102M0004 要 四 箱 银桥 黑谷 牛奶 多 加糖 
LOG (lattice-best-path[5.3.76~1-26df3]:main():lattice-best-path.cc:99) For utterance zh1102M0005, best cost 32.8218 + 6932.3 = 6965.12 over 400 frames.
zh1102M0005 五 箱 银桥 核桃 牛奶 少 加糖 
LOG (lattice-best-path[5.3.76~1-26df3]:main():lattice-best-path.cc:99) For utterance zh1102M0006, best cost 55.0908 + 2881.97 = 2937.06 over 190 frames.
zh1102M0006 打开 一 四 二 要 
LOG (lattice-best-path[5.3.76~1-26df3]:main():lattice-best-path.cc:99) For utterance zh1102M0007, best cost 38.7616 + 3478.06 = 3516.82 over 218 frames.
zh1102M0007 关掉 阀门 要 要 
LOG (lattice-best-path[5.3.76~1-26df3]:main():lattice-best-path.cc:99) For utterance zh1102M0008, best cost 24.1426 + 4121.94 = 4146.08 over 247 frames.
zh1102M0008 要 开启 窗帘 
LOG (lattice-best-path[5.3.76~1-26df3]:main():lattice-best-path.cc:99) For utterance zh1102M0009, best cost 25.2929 + 3004.13 = 3029.43 over 199 frames.
zh1102M0009 关掉 四 泵 
LOG (lattice-best-path[5.3.76~1-26df3]:main():lattice-best-path.cc:99) For utterance zh1103M0001, best cost 30.3156 + 5914.71 = 5945.02 over 333 frames.
zh1103M0001 要 五 箱 银桥 核桃 牛奶 多 加糖 
LOG (lattice-best-path[5.3.76~1-26df3]:main():lattice-best-path.cc:99) For utterance zh1103M0002, best cost 37.1012 + 6850.33 = 6887.43 over 362 frames.
zh1103M0002 要 四 箱 银桥 花生 牛奶 少 加糖 
LOG (lattice-best-path[5.3.76~1-26df3]:main():lattice-best-path.cc:99) For utterance zh1103M0003, best cost 53.1122 + 6579.95 = 6633.06 over 333 frames.
zh1103M0003 要 一 四 四 红枣 牛奶 不 加糖 
LOG (lattice-best-path[5.3.76~1-26df3]:main():lattice-best-path.cc:99) For utterance zh1103M0004, best cost 58.7724 + 5732.27 = 5791.05 over 324 frames.
zh1103M0004 四 箱 四 银桥 黑谷 牛奶 多 少 加糖 
LOG (lattice-best-path[5.3.76~1-26df3]:main():lattice-best-path.cc:99) For utterance zh1103M0005, best cost 50.9309 + 6336.39 = 6387.32 over 333 frames.
zh1103M0005 要 四 箱 箱 银桥 不 牛奶 少 加糖 
LOG (lattice-best-path[5.3.76~1-26df3]:main():lattice-best-path.cc:99) For utterance zh1103M0006, best cost 30.3475 + 2247.27 = 2277.62 over 132 frames.
zh1103M0006 要 打开 泵 灯 
LOG (lattice-best-path[5.3.76~1-26df3]:main():lattice-best-path.cc:99) For utterance zh1103M0007, best cost 36.0275 + 3026.79 = 3062.82 over 161 frames.
zh1103M0007 要 关掉 不 灯 
LOG (lattice-best-path[5.3.76~1-26df3]:main():lattice-best-path.cc:99) For utterance zh1103M0008, best cost 53.6025 + 3410.37 = 3463.97 over 199 frames.
zh1103M0008 要 四 二 开启 箱 
LOG (lattice-best-path[5.3.76~1-26df3]:main():lattice-best-path.cc:99) For utterance zh1103M0009, best cost 41.9347 + 2341.81 = 2383.74 over 142 frames.
zh1103M0009 关掉 多 灯 二 
LOG (lattice-best-path[5.3.76~1-26df3]:main():lattice-best-path.cc:99) For utterance zh1104M0001, best cost 49.1005 + 5359.61 = 5408.71 over 285 frames.
zh1104M0001 一 箱 银桥 核桃 五 牛奶 多 加糖 
LOG (lattice-best-path[5.3.76~1-26df3]:main():lattice-best-path.cc:99) For utterance zh1104M0002, best cost 77.4817 + 6627.44 = 6704.92 over 343 frames.
zh1104M0002 四 箱 箱 银桥 花生 箱 牛奶 少 一 加糖 
LOG (lattice-best-path[5.3.76~1-26df3]:main():lattice-best-path.cc:99) For utterance zh1104M0003, best cost 72.2696 + 6774.59 = 6846.86 over 381 frames.
zh1104M0003 要 四 箱 箱 一 箱 银桥 红枣 箱 牛奶 不 加糖 
LOG (lattice-best-path[5.3.76~1-26df3]:main():lattice-best-path.cc:99) For utterance zh1104M0004, best cost 38.169 + 5652.78 = 5690.94 over 314 frames.
zh1104M0004 要 四 箱 箱 银桥 黑谷 牛奶 多 加糖 
LOG (lattice-best-path[5.3.76~1-26df3]:main():lattice-best-path.cc:99) For utterance zh1104M0005, best cost 79.9794 + 6514.36 = 6594.34 over 343 frames.
zh1104M0005 要 四 四 箱 箱 四 核桃 牛奶 少 四 加糖 
LOG (lattice-best-path[5.3.76~1-26df3]:main():lattice-best-path.cc:99) For utterance zh1104M0006, best cost 27.5577 + 2635.25 = 2662.8 over 142 frames.
zh1104M0006 要 四 不 
LOG (lattice-best-path[5.3.76~1-26df3]:main():lattice-best-path.cc:99) For utterance zh1104M0007, best cost 28.3152 + 3196.93 = 3225.25 over 170 frames.
zh1104M0007 关闭 箱 阀门 
LOG (lattice-best-path[5.3.76~1-26df3]:main():lattice-best-path.cc:99) For utterance zh1104M0008, best cost 11.6637 + 3216.09 = 3227.75 over 180 frames.
zh1104M0008 开启 窗帘 
LOG (lattice-best-path[5.3.76~1-26df3]:main():lattice-best-path.cc:99) For utterance zh1104M0009, best cost 11.0248 + 2707.76 = 2718.79 over 151 frames.
zh1104M0009 关掉 灯 
LOG (lattice-best-path[5.3.76~1-26df3]:main():lattice-best-path.cc:99) For utterance zh1105M0001, best cost 38.0738 + 6556.91 = 6594.98 over 372 frames.
zh1105M0001 要 四 一 箱 银桥 核桃 牛奶 多 加糖 
LOG (lattice-best-path[5.3.76~1-26df3]:main():lattice-best-path.cc:99) For utterance zh1105M0002, best cost 53.1395 + 6146.21 = 6199.35 over 333 frames.
zh1105M0002 要 三 银桥 花生 四 牛奶 少 加糖 
LOG (lattice-best-path[5.3.76~1-26df3]:main():lattice-best-path.cc:99) For utterance zh1105M0003, best cost 81.6857 + 8041.93 = 8123.62 over 439 frames.
zh1105M0003 要 要 一 三 箱 银桥 不 牛奶 多 加糖 要 
LOG (lattice-best-path[5.3.76~1-26df3]:main():lattice-best-path.cc:99) For utterance zh1105M0004, best cost 31.1083 + 6569.21 = 6600.31 over 372 frames.
zh1105M0004 要 四 箱 银桥 黑谷 牛奶 多 加糖 
LOG (lattice-best-path[5.3.76~1-26df3]:main():lattice-best-path.cc:99) For utterance zh1105M0005, best cost 32.8462 + 6943.66 = 6976.5 over 400 frames.
zh1105M0005 五 箱 银桥 核桃 牛奶 少 加糖 
LOG (lattice-best-path[5.3.76~1-26df3]:main():lattice-best-path.cc:99) For utterance zh1105M0006, best cost 45.087 + 2935.92 = 2981 over 190 frames.
zh1105M0006 打开 一 二 要 
LOG (lattice-best-path[5.3.76~1-26df3]:main():lattice-best-path.cc:99) For utterance zh1105M0007, best cost 31.8327 + 3500.84 = 3532.68 over 218 frames.
zh1105M0007 关掉 阀门 要 
LOG (lattice-best-path[5.3.76~1-26df3]:main():lattice-best-path.cc:99) For utterance zh1105M0008, best cost 24.2129 + 4129.2 = 4153.41 over 247 frames.
zh1105M0008 要 开启 窗帘 
LOG (lattice-best-path[5.3.76~1-26df3]:main():lattice-best-path.cc:99) For utterance zh1105M0009, best cost 26.123 + 3018.14 = 3044.27 over 199 frames.
zh1105M0009 关掉 四 泵 
LOG (lattice-best-path[5.3.76~1-26df3]:main():lattice-best-path.cc:99) For utterance zh1106M0001, best cost 30.4109 + 5901.14 = 5931.55 over 333 frames.
zh1106M0001 要 五 箱 银桥 核桃 牛奶 多 加糖 
LOG (lattice-best-path[5.3.76~1-26df3]:main():lattice-best-path.cc:99) For utterance zh1106M0002, best cost 37.1153 + 6866.25 = 6903.37 over 362 frames.
zh1106M0002 要 四 箱 银桥 花生 牛奶 少 加糖 
LOG (lattice-scale[5.3.76~1-26df3]:main():lattice-scale.cc:90) Done 162 lattices.
LOG (lattice-best-path[5.3.76~1-26df3]:main():lattice-best-path.cc:99) For utterance zh1106M0003, best cost 53.0404 + 6580.16 = 6633.2 over 333 frames.
zh1106M0003 要 一 四 四 红枣 牛奶 不 加糖 
LOG (lattice-best-path[5.3.76~1-26df3]:main():lattice-best-path.cc:99) For utterance zh1106M0004, best cost 58.7845 + 5722.41 = 5781.2 over 324 frames.
zh1106M0004 四 箱 四 银桥 黑谷 牛奶 多 少 加糖 
LOG (lattice-best-path[5.3.76~1-26df3]:main():lattice-best-path.cc:99) For utterance zh1106M0005, best cost 51.3182 + 6335.22 = 6386.53 over 333 frames.
zh1106M0005 要 四 箱 箱 银桥 不 牛奶 少 加糖 
LOG (lattice-best-path[5.3.76~1-26df3]:main():lattice-best-path.cc:99) For utterance zh1106M0006, best cost 30.3475 + 2252.06 = 2282.41 over 132 frames.
zh1106M0006 要 打开 泵 灯 
LOG (lattice-best-path[5.3.76~1-26df3]:main():lattice-best-path.cc:99) For utterance zh1106M0007, best cost 36.0366 + 3017.9 = 3053.94 over 161 frames.
zh1106M0007 要 关掉 不 灯 
LOG (lattice-best-path[5.3.76~1-26df3]:main():lattice-best-path.cc:99) For utterance zh1106M0008, best cost 46.1533 + 3415.99 = 3462.14 over 199 frames.
zh1106M0008 要 二 开启 箱 
LOG (lattice-best-path[5.3.76~1-26df3]:main():lattice-best-path.cc:99) For utterance zh1106M0009, best cost 51.0141 + 2327.72 = 2378.74 over 142 frames.
zh1106M0009 要 关掉 多 灯 二 
LOG (lattice-best-path[5.3.76~1-26df3]:main():lattice-best-path.cc:99) For utterance zh1107M0001, best cost 49.1005 + 5361.87 = 5410.97 over 285 frames.
zh1107M0001 一 箱 银桥 核桃 五 牛奶 多 加糖 
LOG (lattice-best-path[5.3.76~1-26df3]:main():lattice-best-path.cc:99) For utterance zh1107M0002, best cost 77.4758 + 6634.25 = 6711.73 over 343 frames.
zh1107M0002 四 箱 箱 银桥 花生 箱 牛奶 少 一 加糖 
LOG (lattice-best-path[5.3.76~1-26df3]:main():lattice-best-path.cc:99) For utterance zh1107M0003, best cost 72.2696 + 6777.91 = 6850.17 over 381 frames.
zh1107M0003 要 四 箱 箱 一 箱 银桥 红枣 箱 牛奶 不 加糖 
LOG (lattice-best-path[5.3.76~1-26df3]:main():lattice-best-path.cc:99) For utterance zh1107M0004, best cost 39.3334 + 5633.91 = 5673.24 over 314 frames.
zh1107M0004 要 四 箱 箱 银桥 黑谷 牛奶 多 加糖 
LOG (lattice-add-penalty[5.3.76~1-26df3]:main():lattice-add-penalty.cc:62) Done adding word insertion penalty to 162 lattices.
LOG (lattice-best-path[5.3.76~1-26df3]:main():lattice-best-path.cc:99) For utterance zh1107M0005, best cost 79.9443 + 6509.56 = 6589.5 over 343 frames.
zh1107M0005 要 四 四 箱 箱 四 核桃 牛奶 少 四 加糖 
LOG (lattice-best-path[5.3.76~1-26df3]:main():lattice-best-path.cc:99) For utterance zh1107M0006, best cost 24.7977 + 2630.82 = 2655.62 over 142 frames.
zh1107M0006 要 不 
LOG (lattice-best-path[5.3.76~1-26df3]:main():lattice-best-path.cc:99) For utterance zh1107M0007, best cost 28.2706 + 3216.06 = 3244.33 over 170 frames.
zh1107M0007 关闭 箱 阀门 
LOG (lattice-best-path[5.3.76~1-26df3]:main():lattice-best-path.cc:99) For utterance zh1107M0008, best cost 41.7047 + 3191.54 = 3233.25 over 180 frames.
zh1107M0008 要 二 开启 窗帘 要 
LOG (lattice-best-path[5.3.76~1-26df3]:main():lattice-best-path.cc:99) For utterance zh1107M0009, best cost 10.9155 + 2700.99 = 2711.91 over 151 frames.
zh1107M0009 关掉 灯 
LOG (lattice-best-path[5.3.76~1-26df3]:main():lattice-best-path.cc:99) For utterance zh1108M0001, best cost 38.0952 + 6550.05 = 6588.15 over 372 frames.
zh1108M0001 要 四 一 箱 银桥 核桃 牛奶 多 加糖 
LOG (lattice-best-path[5.3.76~1-26df3]:main():lattice-best-path.cc:99) For utterance zh1108M0002, best cost 53.0942 + 6139.97 = 6193.06 over 333 frames.
zh1108M0002 要 三 银桥 花生 四 牛奶 少 加糖 
LOG (lattice-best-path[5.3.76~1-26df3]:main():lattice-best-path.cc:99) For utterance zh1108M0003, best cost 74.1858 + 8049.38 = 8123.56 over 439 frames.
zh1108M0003 要 一 三 箱 银桥 不 牛奶 多 加糖 要 
LOG (lattice-best-path[5.3.76~1-26df3]:main():lattice-best-path.cc:99) For utterance zh1108M0004, best cost 31.0947 + 6575.25 = 6606.35 over 372 frames.
zh1108M0004 要 四 箱 银桥 黑谷 牛奶 多 加糖 
LOG (lattice-best-path[5.3.76~1-26df3]:main():lattice-best-path.cc:99) For utterance zh1108M0005, best cost 32.8462 + 6933.7 = 6966.54 over 400 frames.
zh1108M0005 五 箱 银桥 核桃 牛奶 少 加糖 
LOG (lattice-best-path[5.3.76~1-26df3]:main():lattice-best-path.cc:99) For utterance zh1108M0006, best cost 44.9397 + 2955.96 = 3000.9 over 190 frames.
zh1108M0006 打开 一 二 要 
LOG (lattice-best-path[5.3.76~1-26df3]:main():lattice-best-path.cc:99) For utterance zh1108M0007, best cost 30.0743 + 3494.4 = 3524.48 over 218 frames.
zh1108M0007 关掉 阀门 要 
LOG (lattice-best-path[5.3.76~1-26df3]:main():lattice-best-path.cc:99) For utterance zh1108M0008, best cost 24.2906 + 4126.6 = 4150.89 over 247 frames.
zh1108M0008 要 开启 窗帘 
LOG (lattice-best-path[5.3.76~1-26df3]:main():lattice-best-path.cc:99) For utterance zh1108M0009, best cost 25.7782 + 3008.46 = 3034.23 over 199 frames.
zh1108M0009 关掉 四 泵 
LOG (lattice-best-path[5.3.76~1-26df3]:main():lattice-best-path.cc:99) For utterance zh1109M0001, best cost 30.1286 + 5906.35 = 5936.48 over 333 frames.
zh1109M0001 要 五 箱 银桥 核桃 牛奶 多 加糖 
LOG (lattice-best-path[5.3.76~1-26df3]:main():lattice-best-path.cc:99) For utterance zh1109M0002, best cost 37.1237 + 6866.61 = 6903.73 over 362 frames.
zh1109M0002 要 四 箱 银桥 花生 牛奶 少 加糖 
LOG (lattice-best-path[5.3.76~1-26df3]:main():lattice-best-path.cc:99) For utterance zh1109M0003, best cost 53.1122 + 6575.94 = 6629.05 over 333 frames.
zh1109M0003 要 一 四 四 红枣 牛奶 不 加糖 
LOG (lattice-best-path[5.3.76~1-26df3]:main():lattice-best-path.cc:99) For utterance zh1109M0004, best cost 58.7724 + 5731.5 = 5790.27 over 324 frames.
zh1109M0004 四 箱 四 银桥 黑谷 牛奶 多 少 加糖 
LOG (lattice-best-path[5.3.76~1-26df3]:main():lattice-best-path.cc:99) For utterance zh1109M0005, best cost 50.8979 + 6345.33 = 6396.23 over 333 frames.
zh1109M0005 要 四 箱 箱 银桥 不 牛奶 少 加糖 
LOG (lattice-best-path[5.3.76~1-26df3]:main():lattice-best-path.cc:99) For utterance zh1109M0006, best cost 30.3475 + 2249.21 = 2279.56 over 132 frames.
zh1109M0006 要 打开 泵 灯 
LOG (lattice-best-path[5.3.76~1-26df3]:main():lattice-best-path.cc:99) For utterance zh1109M0007, best cost 36.0185 + 3032.39 = 3068.41 over 161 frames.
zh1109M0007 要 关掉 不 灯 
LOG (lattice-best-path[5.3.76~1-26df3]:main():lattice-best-path.cc:99) For utterance zh1109M0008, best cost 46.9425 + 3417.38 = 3464.33 over 199 frames.
zh1109M0008 要 二 开启 箱 
LOG (lattice-best-path[5.3.76~1-26df3]:main():lattice-best-path.cc:99) For utterance zh1109M0009, best cost 51.0239 + 2322.31 = 2373.34 over 142 frames.
zh1109M0009 要 关掉 多 灯 二 
LOG (lattice-best-path[5.3.76~1-26df3]:main():lattice-best-path.cc:124) Overall cost per frame is 18.119 = 0.157778 [graph] + 17.9612 [acoustic] over 44388 frames.
LOG (lattice-best-path[5.3.76~1-26df3]:main():lattice-best-path.cc:128) Done 162 lattices, failed for 0
# Accounting: time=0 threads=1
# Ended (code 0) at Sun Apr  1 15:42:12 CST 2018, elapsed time 0 seconds
