# lattice-scale --inv-acoustic-scale=28 "ark:gunzip -c exp_FG/tri_8_2000/decode/lat.*.gz|" ark:- | lattice-add-penalty --word-ins-penalty=0.0 ark:- ark:- | lattice-best-path --word-symbol-table=exp_FG/tri_8_2000/graph/words.txt ark:- ark,t:exp_FG/tri_8_2000/decode/scoring/28.tra 
# Started at Sun Apr  1 15:42:15 CST 2018
#
lattice-scale --inv-acoustic-scale=28 'ark:gunzip -c exp_FG/tri_8_2000/decode/lat.*.gz|' ark:- 
lattice-add-penalty --word-ins-penalty=0.0 ark:- ark:- 
lattice-best-path --word-symbol-table=exp_FG/tri_8_2000/graph/words.txt ark:- ark,t:exp_FG/tri_8_2000/decode/scoring/28.tra 
LOG (lattice-best-path[5.3.76~1-26df3]:main():lattice-best-path.cc:99) For utterance zh1101M0001, best cost 33.0537 + 1348.95 = 1382 over 285 frames.
zh1101M0001 一 箱 银桥 核桃 牛奶 多 加糖 
LOG (lattice-best-path[5.3.76~1-26df3]:main():lattice-best-path.cc:99) For utterance zh1101M0002, best cost 61.2502 + 1662.94 = 1724.19 over 343 frames.
zh1101M0002 四 箱 箱 银桥 花生 箱 牛奶 少 加糖 
LOG (lattice-best-path[5.3.76~1-26df3]:main():lattice-best-path.cc:99) For utterance zh1101M0003, best cost 44.3754 + 1703.48 = 1747.86 over 381 frames.
zh1101M0003 要 四 箱 箱 银桥 红枣 牛奶 不 加糖 
LOG (lattice-best-path[5.3.76~1-26df3]:main():lattice-best-path.cc:99) For utterance zh1101M0004, best cost 39.2513 + 1410.73 = 1449.99 over 314 frames.
zh1101M0004 要 四 箱 箱 银桥 黑谷 牛奶 多 加糖 
LOG (lattice-best-path[5.3.76~1-26df3]:main():lattice-best-path.cc:99) For utterance zh1101M0005, best cost 48.9198 + 1637.75 = 1686.67 over 343 frames.
zh1101M0005 要 四 四 箱 箱 银桥 核桃 牛奶 少 加糖 
LOG (lattice-best-path[5.3.76~1-26df3]:main():lattice-best-path.cc:99) For utterance zh1101M0006, best cost 17.9306 + 663.318 = 681.248 over 142 frames.
zh1101M0006 要 四 
LOG (lattice-best-path[5.3.76~1-26df3]:main():lattice-best-path.cc:99) For utterance zh1101M0007, best cost 23.5355 + 805.605 = 829.141 over 170 frames.
zh1101M0007 关闭 五 
LOG (lattice-best-path[5.3.76~1-26df3]:main():lattice-best-path.cc:99) For utterance zh1101M0008, best cost 11.6697 + 805.513 = 817.183 over 180 frames.
zh1101M0008 开启 窗帘 
LOG (lattice-best-path[5.3.76~1-26df3]:main():lattice-best-path.cc:99) For utterance zh1101M0009, best cost 11.0087 + 673.176 = 684.185 over 151 frames.
zh1101M0009 关掉 灯 
LOG (lattice-best-path[5.3.76~1-26df3]:main():lattice-best-path.cc:99) For utterance zh1110M0001, best cost 33.0874 + 1349.42 = 1382.51 over 285 frames.
zh1110M0001 一 箱 银桥 核桃 牛奶 多 加糖 
LOG (lattice-best-path[5.3.76~1-26df3]:main():lattice-best-path.cc:99) For utterance zh1110M0002, best cost 61.2501 + 1662.33 = 1723.59 over 343 frames.
zh1110M0002 四 箱 箱 银桥 花生 箱 牛奶 少 加糖 
LOG (lattice-best-path[5.3.76~1-26df3]:main():lattice-best-path.cc:99) For utterance zh1110M0003, best cost 44.4502 + 1700.64 = 1745.09 over 381 frames.
zh1110M0003 要 四 箱 箱 银桥 红枣 牛奶 不 加糖 
LOG (lattice-best-path[5.3.76~1-26df3]:main():lattice-best-path.cc:99) For utterance zh1110M0004, best cost 39.3503 + 1410.43 = 1449.78 over 314 frames.
zh1110M0004 要 四 箱 箱 银桥 黑谷 牛奶 多 加糖 
LOG (lattice-best-path[5.3.76~1-26df3]:main():lattice-best-path.cc:99) For utterance zh1110M0005, best cost 48.9218 + 1637.53 = 1686.46 over 343 frames.
zh1110M0005 要 四 四 箱 箱 银桥 核桃 牛奶 少 加糖 
LOG (lattice-best-path[5.3.76~1-26df3]:main():lattice-best-path.cc:99) For utterance zh1110M0006, best cost 17.9306 + 664.044 = 681.975 over 142 frames.
zh1110M0006 要 四 
LOG (lattice-best-path[5.3.76~1-26df3]:main():lattice-best-path.cc:99) For utterance zh1110M0007, best cost 23.4325 + 801.941 = 825.373 over 170 frames.
zh1110M0007 关闭 五 
LOG (lattice-best-path[5.3.76~1-26df3]:main():lattice-best-path.cc:99) For utterance zh1110M0008, best cost 11.6702 + 803.536 = 815.206 over 180 frames.
zh1110M0008 开启 窗帘 
LOG (lattice-best-path[5.3.76~1-26df3]:main():lattice-best-path.cc:99) For utterance zh1110M0009, best cost 11.5801 + 676.209 = 687.79 over 151 frames.
zh1110M0009 关掉 灯 
LOG (lattice-best-path[5.3.76~1-26df3]:main():lattice-best-path.cc:99) For utterance zh1111M0001, best cost 38.091 + 1638.15 = 1676.24 over 372 frames.
zh1111M0001 要 四 一 箱 银桥 核桃 牛奶 多 加糖 
LOG (lattice-best-path[5.3.76~1-26df3]:main():lattice-best-path.cc:99) For utterance zh1111M0002, best cost 32.9634 + 1543.96 = 1576.92 over 333 frames.
zh1111M0002 要 四 箱 银桥 花生 牛奶 少 加糖 
LOG (lattice-best-path[5.3.76~1-26df3]:main():lattice-best-path.cc:99) For utterance zh1111M0003, best cost 74.137 + 2016.49 = 2090.63 over 439 frames.
zh1111M0003 要 一 三 箱 银桥 不 牛奶 多 加糖 要 
LOG (lattice-best-path[5.3.76~1-26df3]:main():lattice-best-path.cc:99) For utterance zh1111M0004, best cost 30.5019 + 1641.56 = 1672.06 over 372 frames.
zh1111M0004 要 四 箱 银桥 黑谷 牛奶 多 加糖 
LOG (lattice-best-path[5.3.76~1-26df3]:main():lattice-best-path.cc:99) For utterance zh1111M0005, best cost 32.831 + 1736.07 = 1768.9 over 400 frames.
zh1111M0005 五 箱 银桥 核桃 牛奶 少 加糖 
LOG (lattice-best-path[5.3.76~1-26df3]:main():lattice-best-path.cc:99) For utterance zh1111M0006, best cost 10.1604 + 747.524 = 757.685 over 190 frames.
zh1111M0006 关掉 灯 
LOG (lattice-best-path[5.3.76~1-26df3]:main():lattice-best-path.cc:99) For utterance zh1111M0007, best cost 22.812 + 862.913 = 885.725 over 218 frames.
zh1111M0007 关掉 阀门 灯 
LOG (lattice-best-path[5.3.76~1-26df3]:main():lattice-best-path.cc:99) For utterance zh1111M0008, best cost 12.1255 + 1035.46 = 1047.59 over 247 frames.
zh1111M0008 开启 窗帘 
LOG (lattice-best-path[5.3.76~1-26df3]:main():lattice-best-path.cc:99) For utterance zh1111M0009, best cost 10.7351 + 759.289 = 770.025 over 199 frames.
zh1111M0009 关掉 灯 
LOG (lattice-best-path[5.3.76~1-26df3]:main():lattice-best-path.cc:99) For utterance zh1112M0001, best cost 30.3156 + 1478.68 = 1508.99 over 333 frames.
zh1112M0001 要 五 箱 银桥 核桃 牛奶 多 加糖 
LOG (lattice-best-path[5.3.76~1-26df3]:main():lattice-best-path.cc:99) For utterance zh1112M0002, best cost 37.1012 + 1712.58 = 1749.68 over 362 frames.
zh1112M0002 要 四 箱 银桥 花生 牛奶 少 加糖 
LOG (lattice-best-path[5.3.76~1-26df3]:main():lattice-best-path.cc:99) For utterance zh1112M0003, best cost 36.1769 + 1652.78 = 1688.95 over 333 frames.
zh1112M0003 要 四 红枣 牛奶 不 加糖 
LOG (lattice-best-path[5.3.76~1-26df3]:main():lattice-best-path.cc:99) For utterance zh1112M0004, best cost 32.1103 + 1444.57 = 1476.68 over 324 frames.
zh1112M0004 四 箱 银桥 黑谷 牛奶 多 加糖 
LOG (lattice-best-path[5.3.76~1-26df3]:main():lattice-best-path.cc:99) For utterance zh1112M0005, best cost 50.9309 + 1584.1 = 1635.03 over 333 frames.
zh1112M0005 要 四 箱 箱 银桥 不 牛奶 少 加糖 
LOG (lattice-best-path[5.3.76~1-26df3]:main():lattice-best-path.cc:99) For utterance zh1112M0006, best cost 20.94 + 567.726 = 588.666 over 132 frames.
zh1112M0006 打开 泵 灯 
LOG (lattice-best-path[5.3.76~1-26df3]:main():lattice-best-path.cc:99) For utterance zh1112M0007, best cost 27.2969 + 760.731 = 788.028 over 161 frames.
zh1112M0007 关掉 不 灯 
LOG (lattice-best-path[5.3.76~1-26df3]:main():lattice-best-path.cc:99) For utterance zh1112M0008, best cost 46.2117 + 854.605 = 900.817 over 199 frames.
zh1112M0008 要 二 开启 箱 
LOG (lattice-best-path[5.3.76~1-26df3]:main():lattice-best-path.cc:99) For utterance zh1112M0009, best cost 10.7119 + 600.496 = 611.208 over 142 frames.
zh1112M0009 关掉 灯 
LOG (lattice-best-path[5.3.76~1-26df3]:main():lattice-best-path.cc:99) For utterance zh1113M0001, best cost 33.0537 + 1348.45 = 1381.5 over 285 frames.
zh1113M0001 一 箱 银桥 核桃 牛奶 多 加糖 
LOG (lattice-best-path[5.3.76~1-26df3]:main():lattice-best-path.cc:99) For utterance zh1113M0002, best cost 61.2454 + 1661.5 = 1722.75 over 343 frames.
zh1113M0002 四 箱 箱 银桥 花生 箱 牛奶 少 加糖 
LOG (lattice-best-path[5.3.76~1-26df3]:main():lattice-best-path.cc:99) For utterance zh1113M0003, best cost 44.3754 + 1707.02 = 1751.39 over 381 frames.
zh1113M0003 要 四 箱 箱 银桥 红枣 牛奶 不 加糖 
LOG (lattice-best-path[5.3.76~1-26df3]:main():lattice-best-path.cc:99) For utterance zh1113M0004, best cost 38.169 + 1413.2 = 1451.37 over 314 frames.
zh1113M0004 要 四 箱 箱 银桥 黑谷 牛奶 多 加糖 
LOG (lattice-best-path[5.3.76~1-26df3]:main():lattice-best-path.cc:99) For utterance zh1113M0005, best cost 48.963 + 1640.38 = 1689.34 over 343 frames.
zh1113M0005 要 四 四 箱 箱 银桥 核桃 牛奶 少 加糖 
LOG (lattice-best-path[5.3.76~1-26df3]:main():lattice-best-path.cc:99) For utterance zh1113M0006, best cost 17.9306 + 664.424 = 682.355 over 142 frames.
zh1113M0006 要 四 
LOG (lattice-best-path[5.3.76~1-26df3]:main():lattice-best-path.cc:99) For utterance zh1113M0007, best cost 23.6353 + 802.801 = 826.436 over 170 frames.
zh1113M0007 关闭 五 
LOG (lattice-best-path[5.3.76~1-26df3]:main():lattice-best-path.cc:99) For utterance zh1113M0008, best cost 11.6521 + 806.039 = 817.692 over 180 frames.
zh1113M0008 开启 窗帘 
LOG (lattice-best-path[5.3.76~1-26df3]:main():lattice-best-path.cc:99) For utterance zh1113M0009, best cost 10.9155 + 674.728 = 685.644 over 151 frames.
zh1113M0009 关掉 灯 
LOG (lattice-best-path[5.3.76~1-26df3]:main():lattice-best-path.cc:99) For utterance zh1114M0001, best cost 38.1563 + 1640.21 = 1678.37 over 372 frames.
zh1114M0001 要 四 一 箱 银桥 核桃 牛奶 多 加糖 
LOG (lattice-best-path[5.3.76~1-26df3]:main():lattice-best-path.cc:99) For utterance zh1114M0002, best cost 32.9542 + 1546.06 = 1579.01 over 333 frames.
zh1114M0002 要 四 箱 银桥 花生 牛奶 少 加糖 
LOG (lattice-best-path[5.3.76~1-26df3]:main():lattice-best-path.cc:99) For utterance zh1114M0003, best cost 74.3169 + 2012.92 = 2087.24 over 439 frames.
zh1114M0003 要 一 三 箱 银桥 不 牛奶 多 加糖 要 
LOG (lattice-best-path[5.3.76~1-26df3]:main():lattice-best-path.cc:99) For utterance zh1114M0004, best cost 30.8164 + 1643.22 = 1674.03 over 372 frames.
zh1114M0004 要 四 箱 银桥 黑谷 牛奶 多 加糖 
LOG (lattice-best-path[5.3.76~1-26df3]:main():lattice-best-path.cc:99) For utterance zh1114M0005, best cost 32.8462 + 1735.71 = 1768.55 over 400 frames.
zh1114M0005 五 箱 银桥 核桃 牛奶 少 加糖 
LOG (lattice-best-path[5.3.76~1-26df3]:main():lattice-best-path.cc:99) For utterance zh1114M0006, best cost 30.6677 + 736.14 = 766.807 over 190 frames.
zh1114M0006 打开 泵 要 
LOG (lattice-best-path[5.3.76~1-26df3]:main():lattice-best-path.cc:99) For utterance zh1114M0007, best cost 12.2092 + 880.948 = 893.157 over 218 frames.
zh1114M0007 关掉 阀门 
LOG (lattice-best-path[5.3.76~1-26df3]:main():lattice-best-path.cc:99) For utterance zh1114M0008, best cost 12.1711 + 1039.83 = 1052 over 247 frames.
zh1114M0008 开启 窗帘 
LOG (lattice-best-path[5.3.76~1-26df3]:main():lattice-best-path.cc:99) For utterance zh1114M0009, best cost 25.2495 + 750.448 = 775.697 over 199 frames.
zh1114M0009 关掉 四 泵 
LOG (lattice-best-path[5.3.76~1-26df3]:main():lattice-best-path.cc:99) For utterance zh1115M0001, best cost 30.3396 + 1475.42 = 1505.76 over 333 frames.
zh1115M0001 要 五 箱 银桥 核桃 牛奶 多 加糖 
LOG (lattice-best-path[5.3.76~1-26df3]:main():lattice-best-path.cc:99) For utterance zh1115M0002, best cost 37.1367 + 1714.96 = 1752.1 over 362 frames.
zh1115M0002 要 四 箱 银桥 花生 牛奶 少 加糖 
LOG (lattice-best-path[5.3.76~1-26df3]:main():lattice-best-path.cc:99) For utterance zh1115M0003, best cost 36.1395 + 1653.93 = 1690.07 over 333 frames.
zh1115M0003 要 四 红枣 牛奶 不 加糖 
LOG (lattice-best-path[5.3.76~1-26df3]:main():lattice-best-path.cc:99) For utterance zh1115M0004, best cost 41.9043 + 1437.63 = 1479.53 over 324 frames.
zh1115M0004 四 箱 银桥 黑谷 牛奶 多 少 加糖 
LOG (lattice-best-path[5.3.76~1-26df3]:main():lattice-best-path.cc:99) For utterance zh1115M0005, best cost 50.8885 + 1584.19 = 1635.08 over 333 frames.
zh1115M0005 要 四 箱 箱 银桥 不 牛奶 少 加糖 
LOG (lattice-best-path[5.3.76~1-26df3]:main():lattice-best-path.cc:99) For utterance zh1115M0006, best cost 20.94 + 569.448 = 590.388 over 132 frames.
zh1115M0006 打开 泵 灯 
LOG (lattice-best-path[5.3.76~1-26df3]:main():lattice-best-path.cc:99) For utterance zh1115M0007, best cost 27.2969 + 759.123 = 786.42 over 161 frames.
zh1115M0007 关掉 不 灯 
LOG (lattice-best-path[5.3.76~1-26df3]:main():lattice-best-path.cc:99) For utterance zh1115M0008, best cost 38.8477 + 857.032 = 895.879 over 199 frames.
zh1115M0008 要 二 开启 箱 
LOG (lattice-best-path[5.3.76~1-26df3]:main():lattice-best-path.cc:99) For utterance zh1115M0009, best cost 10.7623 + 599.07 = 609.832 over 142 frames.
zh1115M0009 关掉 灯 
LOG (lattice-best-path[5.3.76~1-26df3]:main():lattice-best-path.cc:99) For utterance zh1116M0001, best cost 33.0537 + 1350.37 = 1383.43 over 285 frames.
zh1116M0001 一 箱 银桥 核桃 牛奶 多 加糖 
LOG (lattice-best-path[5.3.76~1-26df3]:main():lattice-best-path.cc:99) For utterance zh1116M0002, best cost 61.2501 + 1661.49 = 1722.74 over 343 frames.
zh1116M0002 四 箱 箱 银桥 花生 箱 牛奶 少 加糖 
LOG (lattice-best-path[5.3.76~1-26df3]:main():lattice-best-path.cc:99) For utterance zh1116M0003, best cost 44.3754 + 1702.7 = 1747.08 over 381 frames.
zh1116M0003 要 四 箱 箱 银桥 红枣 牛奶 不 加糖 
LOG (lattice-best-path[5.3.76~1-26df3]:main():lattice-best-path.cc:99) For utterance zh1116M0004, best cost 39.3503 + 1409.5 = 1448.85 over 314 frames.
zh1116M0004 要 四 箱 箱 银桥 黑谷 牛奶 多 加糖 
LOG (lattice-best-path[5.3.76~1-26df3]:main():lattice-best-path.cc:99) For utterance zh1116M0005, best cost 49.0105 + 1637.94 = 1686.95 over 343 frames.
zh1116M0005 要 四 四 箱 箱 银桥 核桃 牛奶 少 加糖 
LOG (lattice-best-path[5.3.76~1-26df3]:main():lattice-best-path.cc:99) For utterance zh1116M0006, best cost 17.9306 + 662.811 = 680.742 over 142 frames.
zh1116M0006 要 四 
LOG (lattice-best-path[5.3.76~1-26df3]:main():lattice-best-path.cc:99) For utterance zh1116M0007, best cost 13.7371 + 808.527 = 822.264 over 170 frames.
zh1116M0007 关闭 阀门 
LOG (lattice-best-path[5.3.76~1-26df3]:main():lattice-best-path.cc:99) For utterance zh1116M0008, best cost 11.6404 + 807.139 = 818.779 over 180 frames.
zh1116M0008 开启 窗帘 
LOG (lattice-best-path[5.3.76~1-26df3]:main():lattice-best-path.cc:99) For utterance zh1116M0009, best cost 10.9757 + 674.411 = 685.387 over 151 frames.
zh1116M0009 关掉 灯 
LOG (lattice-best-path[5.3.76~1-26df3]:main():lattice-best-path.cc:99) For utterance zh1117M0001, best cost 38.091 + 1640.01 = 1678.1 over 372 frames.
zh1117M0001 要 四 一 箱 银桥 核桃 牛奶 多 加糖 
LOG (lattice-best-path[5.3.76~1-26df3]:main():lattice-best-path.cc:99) For utterance zh1117M0002, best cost 32.842 + 1542.9 = 1575.74 over 333 frames.
zh1117M0002 要 四 箱 银桥 花生 牛奶 少 加糖 
LOG (lattice-best-path[5.3.76~1-26df3]:main():lattice-best-path.cc:99) For utterance zh1117M0003, best cost 66.6075 + 2016.7 = 2083.31 over 439 frames.
zh1117M0003 要 三 箱 银桥 不 牛奶 多 加糖 要 
LOG (lattice-best-path[5.3.76~1-26df3]:main():lattice-best-path.cc:99) For utterance zh1117M0004, best cost 30.8164 + 1644.5 = 1675.31 over 372 frames.
zh1117M0004 要 四 箱 银桥 黑谷 牛奶 多 加糖 
LOG (lattice-best-path[5.3.76~1-26df3]:main():lattice-best-path.cc:99) For utterance zh1117M0005, best cost 32.8475 + 1733.27 = 1766.12 over 400 frames.
zh1117M0005 五 箱 银桥 核桃 牛奶 少 加糖 
LOG (lattice-best-path[5.3.76~1-26df3]:main():lattice-best-path.cc:99) For utterance zh1117M0006, best cost 41.5823 + 731.099 = 772.681 over 190 frames.
zh1117M0006 关掉 灯 二 要 
LOG (lattice-best-path[5.3.76~1-26df3]:main():lattice-best-path.cc:99) For utterance zh1117M0007, best cost 22.7153 + 867.396 = 890.112 over 218 frames.
zh1117M0007 关掉 阀门 灯 
LOG (lattice-best-path[5.3.76~1-26df3]:main():lattice-best-path.cc:99) For utterance zh1117M0008, best cost 12.1711 + 1039.86 = 1052.03 over 247 frames.
zh1117M0008 开启 窗帘 
LOG (lattice-best-path[5.3.76~1-26df3]:main():lattice-best-path.cc:99) For utterance zh1117M0009, best cost 25.903 + 752.829 = 778.732 over 199 frames.
zh1117M0009 关掉 四 泵 
LOG (lattice-best-path[5.3.76~1-26df3]:main():lattice-best-path.cc:99) For utterance zh1118M0001, best cost 29.8993 + 1476.37 = 1506.27 over 333 frames.
zh1118M0001 要 五 箱 银桥 核桃 牛奶 多 加糖 
LOG (lattice-best-path[5.3.76~1-26df3]:main():lattice-best-path.cc:99) For utterance zh1118M0002, best cost 37.1283 + 1715.95 = 1753.08 over 362 frames.
zh1118M0002 要 四 箱 银桥 花生 牛奶 少 加糖 
LOG (lattice-best-path[5.3.76~1-26df3]:main():lattice-best-path.cc:99) For utterance zh1118M0003, best cost 36.0453 + 1654.47 = 1690.52 over 333 frames.
zh1118M0003 要 四 红枣 牛奶 不 加糖 
LOG (lattice-best-path[5.3.76~1-26df3]:main():lattice-best-path.cc:99) For utterance zh1118M0004, best cost 32.1103 + 1444.99 = 1477.1 over 324 frames.
zh1118M0004 四 箱 银桥 黑谷 牛奶 多 加糖 
LOG (lattice-best-path[5.3.76~1-26df3]:main():lattice-best-path.cc:99) For utterance zh1118M0005, best cost 51.3182 + 1586.62 = 1637.94 over 333 frames.
zh1118M0005 要 四 箱 箱 银桥 不 牛奶 少 加糖 
LOG (lattice-best-path[5.3.76~1-26df3]:main():lattice-best-path.cc:99) For utterance zh1118M0006, best cost 20.853 + 569.641 = 590.494 over 132 frames.
zh1118M0006 打开 泵 灯 
LOG (lattice-best-path[5.3.76~1-26df3]:main():lattice-best-path.cc:99) For utterance zh1118M0007, best cost 27.4298 + 761.175 = 788.605 over 161 frames.
zh1118M0007 关掉 不 灯 
LOG (lattice-best-path[5.3.76~1-26df3]:main():lattice-best-path.cc:99) For utterance zh1118M0008, best cost 46.2027 + 853.801 = 900.004 over 199 frames.
zh1118M0008 要 二 开启 箱 
LOG (lattice-best-path[5.3.76~1-26df3]:main():lattice-best-path.cc:99) For utterance zh1118M0009, best cost 10.7623 + 598.754 = 609.516 over 142 frames.
zh1118M0009 关掉 灯 
LOG (lattice-best-path[5.3.76~1-26df3]:main():lattice-best-path.cc:99) For utterance zh1102M0001, best cost 38.091 + 1637.68 = 1675.77 over 372 frames.
zh1102M0001 要 四 一 箱 银桥 核桃 牛奶 多 加糖 
LOG (lattice-best-path[5.3.76~1-26df3]:main():lattice-best-path.cc:99) For utterance zh1102M0002, best cost 32.9634 + 1540.79 = 1573.75 over 333 frames.
zh1102M0002 要 四 箱 银桥 花生 牛奶 少 加糖 
LOG (lattice-best-path[5.3.76~1-26df3]:main():lattice-best-path.cc:99) For utterance zh1102M0003, best cost 74.6617 + 2010.64 = 2085.3 over 439 frames.
zh1102M0003 要 一 三 箱 银桥 不 牛奶 多 加糖 要 
LOG (lattice-best-path[5.3.76~1-26df3]:main():lattice-best-path.cc:99) For utterance zh1102M0004, best cost 30.5776 + 1644.88 = 1675.45 over 372 frames.
zh1102M0004 要 四 箱 银桥 黑谷 牛奶 多 加糖 
LOG (lattice-best-path[5.3.76~1-26df3]:main():lattice-best-path.cc:99) For utterance zh1102M0005, best cost 32.8218 + 1733.08 = 1765.9 over 400 frames.
zh1102M0005 五 箱 银桥 核桃 牛奶 少 加糖 
LOG (lattice-best-path[5.3.76~1-26df3]:main():lattice-best-path.cc:99) For utterance zh1102M0006, best cost 31.8933 + 729.048 = 760.941 over 190 frames.
zh1102M0006 打开 泵 要 
LOG (lattice-best-path[5.3.76~1-26df3]:main():lattice-best-path.cc:99) For utterance zh1102M0007, best cost 23.1169 + 874.141 = 897.258 over 218 frames.
zh1102M0007 关掉 阀门 灯 
LOG (lattice-best-path[5.3.76~1-26df3]:main():lattice-best-path.cc:99) For utterance zh1102M0008, best cost 12.158 + 1036.74 = 1048.9 over 247 frames.
zh1102M0008 开启 窗帘 
LOG (lattice-best-path[5.3.76~1-26df3]:main():lattice-best-path.cc:99) For utterance zh1102M0009, best cost 10.7351 + 759.35 = 770.085 over 199 frames.
zh1102M0009 关掉 灯 
LOG (lattice-best-path[5.3.76~1-26df3]:main():lattice-best-path.cc:99) For utterance zh1103M0001, best cost 30.3156 + 1478.68 = 1508.99 over 333 frames.
zh1103M0001 要 五 箱 银桥 核桃 牛奶 多 加糖 
LOG (lattice-best-path[5.3.76~1-26df3]:main():lattice-best-path.cc:99) For utterance zh1103M0002, best cost 37.1012 + 1712.58 = 1749.68 over 362 frames.
zh1103M0002 要 四 箱 银桥 花生 牛奶 少 加糖 
LOG (lattice-best-path[5.3.76~1-26df3]:main():lattice-best-path.cc:99) For utterance zh1103M0003, best cost 36.1769 + 1652.78 = 1688.95 over 333 frames.
zh1103M0003 要 四 红枣 牛奶 不 加糖 
LOG (lattice-best-path[5.3.76~1-26df3]:main():lattice-best-path.cc:99) For utterance zh1103M0004, best cost 32.1103 + 1444.57 = 1476.68 over 324 frames.
zh1103M0004 四 箱 银桥 黑谷 牛奶 多 加糖 
LOG (lattice-best-path[5.3.76~1-26df3]:main():lattice-best-path.cc:99) For utterance zh1103M0005, best cost 50.9309 + 1584.1 = 1635.03 over 333 frames.
zh1103M0005 要 四 箱 箱 银桥 不 牛奶 少 加糖 
LOG (lattice-best-path[5.3.76~1-26df3]:main():lattice-best-path.cc:99) For utterance zh1103M0006, best cost 20.94 + 567.726 = 588.666 over 132 frames.
zh1103M0006 打开 泵 灯 
LOG (lattice-best-path[5.3.76~1-26df3]:main():lattice-best-path.cc:99) For utterance zh1103M0007, best cost 27.2969 + 760.731 = 788.028 over 161 frames.
zh1103M0007 关掉 不 灯 
LOG (lattice-best-path[5.3.76~1-26df3]:main():lattice-best-path.cc:99) For utterance zh1103M0008, best cost 46.2117 + 854.605 = 900.817 over 199 frames.
zh1103M0008 要 二 开启 箱 
LOG (lattice-best-path[5.3.76~1-26df3]:main():lattice-best-path.cc:99) For utterance zh1103M0009, best cost 10.7119 + 600.496 = 611.208 over 142 frames.
zh1103M0009 关掉 灯 
LOG (lattice-best-path[5.3.76~1-26df3]:main():lattice-best-path.cc:99) For utterance zh1104M0001, best cost 33.0537 + 1348.51 = 1381.56 over 285 frames.
zh1104M0001 一 箱 银桥 核桃 牛奶 多 加糖 
LOG (lattice-best-path[5.3.76~1-26df3]:main():lattice-best-path.cc:99) For utterance zh1104M0002, best cost 61.2454 + 1661.43 = 1722.68 over 343 frames.
zh1104M0002 四 箱 箱 银桥 花生 箱 牛奶 少 加糖 
LOG (lattice-best-path[5.3.76~1-26df3]:main():lattice-best-path.cc:99) For utterance zh1104M0003, best cost 44.3754 + 1706.99 = 1751.36 over 381 frames.
zh1104M0003 要 四 箱 箱 银桥 红枣 牛奶 不 加糖 
LOG (lattice-best-path[5.3.76~1-26df3]:main():lattice-best-path.cc:99) For utterance zh1104M0004, best cost 38.169 + 1413.19 = 1451.36 over 314 frames.
zh1104M0004 要 四 箱 箱 银桥 黑谷 牛奶 多 加糖 
LOG (lattice-best-path[5.3.76~1-26df3]:main():lattice-best-path.cc:99) For utterance zh1104M0005, best cost 48.963 + 1640.37 = 1689.34 over 343 frames.
zh1104M0005 要 四 四 箱 箱 银桥 核桃 牛奶 少 加糖 
LOG (lattice-best-path[5.3.76~1-26df3]:main():lattice-best-path.cc:99) For utterance zh1104M0006, best cost 17.9306 + 664.403 = 682.334 over 142 frames.
zh1104M0006 要 四 
LOG (lattice-best-path[5.3.76~1-26df3]:main():lattice-best-path.cc:99) For utterance zh1104M0007, best cost 23.5332 + 802.028 = 825.561 over 170 frames.
zh1104M0007 关闭 五 
LOG (lattice-scale[5.3.76~1-26df3]:main():lattice-scale.cc:90) Done 162 lattices.
LOG (lattice-best-path[5.3.76~1-26df3]:main():lattice-best-path.cc:99) For utterance zh1104M0008, best cost 11.6637 + 804.022 = 815.686 over 180 frames.
zh1104M0008 开启 窗帘 
LOG (lattice-best-path[5.3.76~1-26df3]:main():lattice-best-path.cc:99) For utterance zh1104M0009, best cost 11.0248 + 676.941 = 687.966 over 151 frames.
zh1104M0009 关掉 灯 
LOG (lattice-best-path[5.3.76~1-26df3]:main():lattice-best-path.cc:99) For utterance zh1105M0001, best cost 38.0738 + 1639.23 = 1677.3 over 372 frames.
zh1105M0001 要 四 一 箱 银桥 核桃 牛奶 多 加糖 
LOG (lattice-best-path[5.3.76~1-26df3]:main():lattice-best-path.cc:99) For utterance zh1105M0002, best cost 32.9782 + 1546.74 = 1579.71 over 333 frames.
zh1105M0002 要 四 箱 银桥 花生 牛奶 少 加糖 
LOG (lattice-best-path[5.3.76~1-26df3]:main():lattice-best-path.cc:99) For utterance zh1105M0003, best cost 74.7594 + 2012.92 = 2087.68 over 439 frames.
zh1105M0003 要 一 三 箱 银桥 不 牛奶 多 加糖 要 
LOG (lattice-best-path[5.3.76~1-26df3]:main():lattice-best-path.cc:99) For utterance zh1105M0004, best cost 31.1083 + 1642.3 = 1673.41 over 372 frames.
zh1105M0004 要 四 箱 银桥 黑谷 牛奶 多 加糖 
LOG (lattice-best-path[5.3.76~1-26df3]:main():lattice-best-path.cc:99) For utterance zh1105M0005, best cost 32.8462 + 1735.91 = 1768.76 over 400 frames.
zh1105M0005 五 箱 银桥 核桃 牛奶 少 加糖 
LOG (lattice-best-path[5.3.76~1-26df3]:main():lattice-best-path.cc:99) For utterance zh1105M0006, best cost 31.7885 + 741.128 = 772.916 over 190 frames.
zh1105M0006 打开 泵 要 
LOG (lattice-best-path[5.3.76~1-26df3]:main():lattice-best-path.cc:99) For utterance zh1105M0007, best cost 12.214 + 884.793 = 897.007 over 218 frames.
zh1105M0007 关掉 阀门 
LOG (lattice-best-path[5.3.76~1-26df3]:main():lattice-best-path.cc:99) For utterance zh1105M0008, best cost 12.1562 + 1039.95 = 1052.1 over 247 frames.
zh1105M0008 开启 窗帘 
LOG (lattice-best-path[5.3.76~1-26df3]:main():lattice-best-path.cc:99) For utterance zh1105M0009, best cost 11.5703 + 762.618 = 774.188 over 199 frames.
zh1105M0009 关掉 灯 
LOG (lattice-best-path[5.3.76~1-26df3]:main():lattice-best-path.cc:99) For utterance zh1106M0001, best cost 30.4109 + 1475.28 = 1505.7 over 333 frames.
zh1106M0001 要 五 箱 银桥 核桃 牛奶 多 加糖 
LOG (lattice-best-path[5.3.76~1-26df3]:main():lattice-best-path.cc:99) For utterance zh1106M0002, best cost 37.1153 + 1716.56 = 1753.68 over 362 frames.
zh1106M0002 要 四 箱 银桥 花生 牛奶 少 加糖 
LOG (lattice-best-path[5.3.76~1-26df3]:main():lattice-best-path.cc:99) For utterance zh1106M0003, best cost 36.0828 + 1652.83 = 1688.91 over 333 frames.
zh1106M0003 要 四 红枣 牛奶 不 加糖 
LOG (lattice-best-path[5.3.76~1-26df3]:main():lattice-best-path.cc:99) For utterance zh1106M0004, best cost 32.1259 + 1442.15 = 1474.28 over 324 frames.
zh1106M0004 四 箱 银桥 黑谷 牛奶 多 加糖 
LOG (lattice-best-path[5.3.76~1-26df3]:main():lattice-best-path.cc:99) For utterance zh1106M0005, best cost 51.3182 + 1583.8 = 1635.12 over 333 frames.
zh1106M0005 要 四 箱 箱 银桥 不 牛奶 少 加糖 
LOG (lattice-best-path[5.3.76~1-26df3]:main():lattice-best-path.cc:99) For utterance zh1106M0006, best cost 20.94 + 568.253 = 589.193 over 132 frames.
zh1106M0006 打开 泵 灯 
LOG (lattice-best-path[5.3.76~1-26df3]:main():lattice-best-path.cc:99) For utterance zh1106M0007, best cost 27.2969 + 758.606 = 785.903 over 161 frames.
zh1106M0007 关掉 不 灯 
LOG (lattice-best-path[5.3.76~1-26df3]:main():lattice-best-path.cc:99) For utterance zh1106M0008, best cost 46.1533 + 853.997 = 900.151 over 199 frames.
zh1106M0008 要 二 开启 箱 
LOG (lattice-best-path[5.3.76~1-26df3]:main():lattice-best-path.cc:99) For utterance zh1106M0009, best cost 10.7623 + 598.512 = 609.274 over 142 frames.
zh1106M0009 关掉 灯 
LOG (lattice-best-path[5.3.76~1-26df3]:main():lattice-best-path.cc:99) For utterance zh1107M0001, best cost 33.0537 + 1349.15 = 1382.2 over 285 frames.
zh1107M0001 一 箱 银桥 核桃 牛奶 多 加糖 
LOG (lattice-best-path[5.3.76~1-26df3]:main():lattice-best-path.cc:99) For utterance zh1107M0002, best cost 61.2501 + 1663.32 = 1724.57 over 343 frames.
zh1107M0002 四 箱 箱 银桥 花生 箱 牛奶 少 加糖 
LOG (lattice-add-penalty[5.3.76~1-26df3]:main():lattice-add-penalty.cc:62) Done adding word insertion penalty to 162 lattices.
LOG (lattice-best-path[5.3.76~1-26df3]:main():lattice-best-path.cc:99) For utterance zh1107M0003, best cost 44.3754 + 1705.83 = 1750.21 over 381 frames.
zh1107M0003 要 四 箱 箱 银桥 红枣 牛奶 不 加糖 
LOG (lattice-best-path[5.3.76~1-26df3]:main():lattice-best-path.cc:99) For utterance zh1107M0004, best cost 39.3334 + 1408.48 = 1447.81 over 314 frames.
zh1107M0004 要 四 箱 箱 银桥 黑谷 牛奶 多 加糖 
LOG (lattice-best-path[5.3.76~1-26df3]:main():lattice-best-path.cc:99) For utterance zh1107M0005, best cost 48.9279 + 1639.72 = 1688.65 over 343 frames.
zh1107M0005 要 四 四 箱 箱 银桥 核桃 牛奶 少 加糖 
LOG (lattice-best-path[5.3.76~1-26df3]:main():lattice-best-path.cc:99) For utterance zh1107M0006, best cost 17.9306 + 662.476 = 680.407 over 142 frames.
zh1107M0006 要 四 
LOG (lattice-best-path[5.3.76~1-26df3]:main():lattice-best-path.cc:99) For utterance zh1107M0007, best cost 23.4838 + 806.562 = 830.046 over 170 frames.
zh1107M0007 关闭 五 
LOG (lattice-best-path[5.3.76~1-26df3]:main():lattice-best-path.cc:99) For utterance zh1107M0008, best cost 11.6586 + 806.594 = 818.253 over 180 frames.
zh1107M0008 开启 窗帘 
LOG (lattice-best-path[5.3.76~1-26df3]:main():lattice-best-path.cc:99) For utterance zh1107M0009, best cost 10.9155 + 675.249 = 686.164 over 151 frames.
zh1107M0009 关掉 灯 
LOG (lattice-best-path[5.3.76~1-26df3]:main():lattice-best-path.cc:99) For utterance zh1108M0001, best cost 38.0952 + 1637.51 = 1675.61 over 372 frames.
zh1108M0001 要 四 一 箱 银桥 核桃 牛奶 多 加糖 
LOG (lattice-best-path[5.3.76~1-26df3]:main():lattice-best-path.cc:99) For utterance zh1108M0002, best cost 37.3785 + 1540.82 = 1578.2 over 333 frames.
zh1108M0002 要 三 银桥 花生 牛奶 少 加糖 
LOG (lattice-best-path[5.3.76~1-26df3]:main():lattice-best-path.cc:99) For utterance zh1108M0003, best cost 74.1858 + 2012.34 = 2086.53 over 439 frames.
zh1108M0003 要 一 三 箱 银桥 不 牛奶 多 加糖 要 
LOG (lattice-best-path[5.3.76~1-26df3]:main():lattice-best-path.cc:99) For utterance zh1108M0004, best cost 31.0947 + 1643.81 = 1674.91 over 372 frames.
zh1108M0004 要 四 箱 银桥 黑谷 牛奶 多 加糖 
LOG (lattice-best-path[5.3.76~1-26df3]:main():lattice-best-path.cc:99) For utterance zh1108M0005, best cost 32.8462 + 1733.42 = 1766.27 over 400 frames.
zh1108M0005 五 箱 银桥 核桃 牛奶 少 加糖 
LOG (lattice-best-path[5.3.76~1-26df3]:main():lattice-best-path.cc:99) For utterance zh1108M0006, best cost 10.1413 + 756.173 = 766.315 over 190 frames.
zh1108M0006 关掉 灯 
LOG (lattice-best-path[5.3.76~1-26df3]:main():lattice-best-path.cc:99) For utterance zh1108M0007, best cost 22.2425 + 875.659 = 897.901 over 218 frames.
zh1108M0007 关掉 阀门 灯 
LOG (lattice-best-path[5.3.76~1-26df3]:main():lattice-best-path.cc:99) For utterance zh1108M0008, best cost 24.2906 + 1031.65 = 1055.94 over 247 frames.
zh1108M0008 要 开启 窗帘 
LOG (lattice-best-path[5.3.76~1-26df3]:main():lattice-best-path.cc:99) For utterance zh1108M0009, best cost 25.7782 + 752.114 = 777.892 over 199 frames.
zh1108M0009 关掉 四 泵 
LOG (lattice-best-path[5.3.76~1-26df3]:main():lattice-best-path.cc:99) For utterance zh1109M0001, best cost 30.1286 + 1476.59 = 1506.72 over 333 frames.
zh1109M0001 要 五 箱 银桥 核桃 牛奶 多 加糖 
LOG (lattice-best-path[5.3.76~1-26df3]:main():lattice-best-path.cc:99) For utterance zh1109M0002, best cost 37.1237 + 1716.65 = 1753.78 over 362 frames.
zh1109M0002 要 四 箱 银桥 花生 牛奶 少 加糖 
LOG (lattice-best-path[5.3.76~1-26df3]:main():lattice-best-path.cc:99) For utterance zh1109M0003, best cost 36.0828 + 1651.12 = 1687.2 over 333 frames.
zh1109M0003 要 四 红枣 牛奶 不 加糖 
LOG (lattice-best-path[5.3.76~1-26df3]:main():lattice-best-path.cc:99) For utterance zh1109M0004, best cost 32.1103 + 1444.1 = 1476.21 over 324 frames.
zh1109M0004 四 箱 银桥 黑谷 牛奶 多 加糖 
LOG (lattice-best-path[5.3.76~1-26df3]:main():lattice-best-path.cc:99) For utterance zh1109M0005, best cost 50.8979 + 1586.33 = 1637.23 over 333 frames.
zh1109M0005 要 四 箱 箱 银桥 不 牛奶 少 加糖 
LOG (lattice-best-path[5.3.76~1-26df3]:main():lattice-best-path.cc:99) For utterance zh1109M0006, best cost 20.94 + 567.515 = 588.455 over 132 frames.
zh1109M0006 打开 泵 灯 
LOG (lattice-best-path[5.3.76~1-26df3]:main():lattice-best-path.cc:99) For utterance zh1109M0007, best cost 27.2969 + 761.642 = 788.939 over 161 frames.
zh1109M0007 关掉 不 灯 
LOG (lattice-best-path[5.3.76~1-26df3]:main():lattice-best-path.cc:99) For utterance zh1109M0008, best cost 46.9425 + 854.346 = 901.288 over 199 frames.
zh1109M0008 要 二 开启 箱 
LOG (lattice-best-path[5.3.76~1-26df3]:main():lattice-best-path.cc:99) For utterance zh1109M0009, best cost 10.7119 + 597.774 = 608.486 over 142 frames.
zh1109M0009 关掉 灯 
LOG (lattice-best-path[5.3.76~1-26df3]:main():lattice-best-path.cc:124) Overall cost per frame is 4.62546 = 0.117301 [graph] + 4.50816 [acoustic] over 44388 frames.
LOG (lattice-best-path[5.3.76~1-26df3]:main():lattice-best-path.cc:128) Done 162 lattices, failed for 0
# Accounting: time=0 threads=1
# Ended (code 0) at Sun Apr  1 15:42:15 CST 2018, elapsed time 0 seconds
