# lattice-scale --inv-acoustic-scale=12 "ark:gunzip -c exp_FG/tri_8_2000/decode/lat.*.gz|" ark:- | lattice-add-penalty --word-ins-penalty=0.0 ark:- ark:- | lattice-best-path --word-symbol-table=exp_FG/tri_8_2000/graph/words.txt ark:- ark,t:exp_FG/tri_8_2000/decode/scoring/12.tra 
# Started at Sun Apr  1 15:42:12 CST 2018
#
lattice-add-penalty --word-ins-penalty=0.0 ark:- ark:- 
lattice-best-path --word-symbol-table=exp_FG/tri_8_2000/graph/words.txt ark:- ark,t:exp_FG/tri_8_2000/decode/scoring/12.tra 
lattice-scale --inv-acoustic-scale=12 'ark:gunzip -c exp_FG/tri_8_2000/decode/lat.*.gz|' ark:- 
LOG (lattice-best-path[5.3.76~1-26df3]:main():lattice-best-path.cc:99) For utterance zh1101M0001, best cost 49.1005 + 3127.83 = 3176.93 over 285 frames.
zh1101M0001 一 箱 银桥 核桃 五 牛奶 多 加糖 
LOG (lattice-best-path[5.3.76~1-26df3]:main():lattice-best-path.cc:99) For utterance zh1101M0002, best cost 61.2502 + 3880.19 = 3941.44 over 343 frames.
zh1101M0002 四 箱 箱 银桥 花生 箱 牛奶 少 加糖 
LOG (lattice-best-path[5.3.76~1-26df3]:main():lattice-best-path.cc:99) For utterance zh1101M0003, best cost 72.2696 + 3943.89 = 4016.16 over 381 frames.
zh1101M0003 要 四 箱 箱 一 箱 银桥 红枣 箱 牛奶 不 加糖 
LOG (lattice-best-path[5.3.76~1-26df3]:main():lattice-best-path.cc:99) For utterance zh1101M0004, best cost 39.2513 + 3291.71 = 3330.96 over 314 frames.
zh1101M0004 要 四 箱 箱 银桥 黑谷 牛奶 多 加糖 
LOG (lattice-best-path[5.3.76~1-26df3]:main():lattice-best-path.cc:99) For utterance zh1101M0005, best cost 48.9198 + 3821.42 = 3870.34 over 343 frames.
zh1101M0005 要 四 四 箱 箱 银桥 核桃 牛奶 少 加糖 
LOG (lattice-best-path[5.3.76~1-26df3]:main():lattice-best-path.cc:99) For utterance zh1101M0006, best cost 24.7977 + 1536.05 = 1560.85 over 142 frames.
zh1101M0006 要 不 
LOG (lattice-best-path[5.3.76~1-26df3]:main():lattice-best-path.cc:99) For utterance zh1101M0007, best cost 28.3175 + 1873.6 = 1901.92 over 170 frames.
zh1101M0007 关闭 箱 阀门 
LOG (lattice-best-path[5.3.76~1-26df3]:main():lattice-best-path.cc:99) For utterance zh1101M0008, best cost 11.6697 + 1879.53 = 1891.2 over 180 frames.
zh1101M0008 开启 窗帘 
LOG (lattice-best-path[5.3.76~1-26df3]:main():lattice-best-path.cc:99) For utterance zh1101M0009, best cost 11.0087 + 1570.74 = 1581.75 over 151 frames.
zh1101M0009 关掉 灯 
LOG (lattice-best-path[5.3.76~1-26df3]:main():lattice-best-path.cc:99) For utterance zh1110M0001, best cost 49.1342 + 3128.35 = 3177.48 over 285 frames.
zh1110M0001 一 箱 银桥 核桃 五 牛奶 多 加糖 
LOG (lattice-best-path[5.3.76~1-26df3]:main():lattice-best-path.cc:99) For utterance zh1110M0002, best cost 61.2501 + 3878.78 = 3940.03 over 343 frames.
zh1110M0002 四 箱 箱 银桥 花生 箱 牛奶 少 加糖 
LOG (lattice-best-path[5.3.76~1-26df3]:main():lattice-best-path.cc:99) For utterance zh1110M0003, best cost 56.1663 + 3953.33 = 4009.5 over 381 frames.
zh1110M0003 要 四 箱 箱 一 箱 银桥 红枣 牛奶 不 加糖 
LOG (lattice-best-path[5.3.76~1-26df3]:main():lattice-best-path.cc:99) For utterance zh1110M0004, best cost 39.3503 + 3291.01 = 3330.36 over 314 frames.
zh1110M0004 要 四 箱 箱 银桥 黑谷 牛奶 多 加糖 
LOG (lattice-best-path[5.3.76~1-26df3]:main():lattice-best-path.cc:99) For utterance zh1110M0005, best cost 48.9218 + 3820.91 = 3869.83 over 343 frames.
zh1110M0005 要 四 四 箱 箱 银桥 核桃 牛奶 少 加糖 
LOG (lattice-best-path[5.3.76~1-26df3]:main():lattice-best-path.cc:99) For utterance zh1110M0006, best cost 24.7977 + 1537.67 = 1562.46 over 142 frames.
zh1110M0006 要 不 
LOG (lattice-best-path[5.3.76~1-26df3]:main():lattice-best-path.cc:99) For utterance zh1110M0007, best cost 23.4325 + 1871.2 = 1894.63 over 170 frames.
zh1110M0007 关闭 五 
LOG (lattice-best-path[5.3.76~1-26df3]:main():lattice-best-path.cc:99) For utterance zh1110M0008, best cost 11.6702 + 1874.92 = 1886.59 over 180 frames.
zh1110M0008 开启 窗帘 
LOG (lattice-best-path[5.3.76~1-26df3]:main():lattice-best-path.cc:99) For utterance zh1110M0009, best cost 11.5801 + 1577.82 = 1589.4 over 151 frames.
zh1110M0009 关掉 灯 
LOG (lattice-best-path[5.3.76~1-26df3]:main():lattice-best-path.cc:99) For utterance zh1111M0001, best cost 38.091 + 3822.36 = 3860.45 over 372 frames.
zh1111M0001 要 四 一 箱 银桥 核桃 牛奶 多 加糖 
LOG (lattice-best-path[5.3.76~1-26df3]:main():lattice-best-path.cc:99) For utterance zh1111M0002, best cost 37.409 + 3593.6 = 3631.01 over 333 frames.
zh1111M0002 要 三 银桥 花生 牛奶 少 加糖 
LOG (lattice-best-path[5.3.76~1-26df3]:main():lattice-best-path.cc:99) For utterance zh1111M0003, best cost 74.137 + 4705.14 = 4779.28 over 439 frames.
zh1111M0003 要 一 三 箱 银桥 不 牛奶 多 加糖 要 
LOG (lattice-best-path[5.3.76~1-26df3]:main():lattice-best-path.cc:99) For utterance zh1111M0004, best cost 30.5019 + 3830.3 = 3860.8 over 372 frames.
zh1111M0004 要 四 箱 银桥 黑谷 牛奶 多 加糖 
LOG (lattice-best-path[5.3.76~1-26df3]:main():lattice-best-path.cc:99) For utterance zh1111M0005, best cost 32.831 + 4050.82 = 4083.66 over 400 frames.
zh1111M0005 五 箱 银桥 核桃 牛奶 少 加糖 
LOG (lattice-best-path[5.3.76~1-26df3]:main():lattice-best-path.cc:99) For utterance zh1111M0006, best cost 31.3013 + 1718.1 = 1749.4 over 190 frames.
zh1111M0006 打开 泵 要 
LOG (lattice-best-path[5.3.76~1-26df3]:main():lattice-best-path.cc:99) For utterance zh1111M0007, best cost 22.812 + 2013.46 = 2036.28 over 218 frames.
zh1111M0007 关掉 阀门 灯 
LOG (lattice-best-path[5.3.76~1-26df3]:main():lattice-best-path.cc:99) For utterance zh1111M0008, best cost 24.2043 + 2400.66 = 2424.87 over 247 frames.
zh1111M0008 要 开启 窗帘 
LOG (lattice-best-path[5.3.76~1-26df3]:main():lattice-best-path.cc:99) For utterance zh1111M0009, best cost 25.2929 + 1752.26 = 1777.55 over 199 frames.
zh1111M0009 关掉 四 泵 
LOG (lattice-best-path[5.3.76~1-26df3]:main():lattice-best-path.cc:99) For utterance zh1112M0001, best cost 30.3156 + 3450.25 = 3480.56 over 333 frames.
zh1112M0001 要 五 箱 银桥 核桃 牛奶 多 加糖 
LOG (lattice-best-path[5.3.76~1-26df3]:main():lattice-best-path.cc:99) For utterance zh1112M0002, best cost 37.1012 + 3996.02 = 4033.13 over 362 frames.
zh1112M0002 要 四 箱 银桥 花生 牛奶 少 加糖 
LOG (lattice-best-path[5.3.76~1-26df3]:main():lattice-best-path.cc:99) For utterance zh1112M0003, best cost 43.8537 + 3845.82 = 3889.67 over 333 frames.
zh1112M0003 要 一 四 红枣 牛奶 不 加糖 
LOG (lattice-best-path[5.3.76~1-26df3]:main():lattice-best-path.cc:99) For utterance zh1112M0004, best cost 41.8887 + 3355 = 3396.89 over 324 frames.
zh1112M0004 四 箱 银桥 黑谷 牛奶 多 少 加糖 
LOG (lattice-best-path[5.3.76~1-26df3]:main():lattice-best-path.cc:99) For utterance zh1112M0005, best cost 50.9309 + 3696.23 = 3747.16 over 333 frames.
zh1112M0005 要 四 箱 箱 银桥 不 牛奶 少 加糖 
LOG (lattice-best-path[5.3.76~1-26df3]:main():lattice-best-path.cc:99) For utterance zh1112M0006, best cost 30.3475 + 1310.91 = 1341.26 over 132 frames.
zh1112M0006 要 打开 泵 灯 
LOG (lattice-best-path[5.3.76~1-26df3]:main():lattice-best-path.cc:99) For utterance zh1112M0007, best cost 36.0275 + 1765.63 = 1801.65 over 161 frames.
zh1112M0007 要 关掉 不 灯 
LOG (lattice-best-path[5.3.76~1-26df3]:main():lattice-best-path.cc:99) For utterance zh1112M0008, best cost 46.2117 + 1994.08 = 2040.29 over 199 frames.
zh1112M0008 要 二 开启 箱 
LOG (lattice-best-path[5.3.76~1-26df3]:main():lattice-best-path.cc:99) For utterance zh1112M0009, best cost 26.7275 + 1380.47 = 1407.19 over 142 frames.
zh1112M0009 关掉 灯 二 
LOG (lattice-best-path[5.3.76~1-26df3]:main():lattice-best-path.cc:99) For utterance zh1113M0001, best cost 49.1005 + 3126.32 = 3175.42 over 285 frames.
zh1113M0001 一 箱 银桥 核桃 五 牛奶 多 加糖 
LOG (lattice-best-path[5.3.76~1-26df3]:main():lattice-best-path.cc:99) For utterance zh1113M0002, best cost 61.2454 + 3876.83 = 3938.08 over 343 frames.
zh1113M0002 四 箱 箱 银桥 花生 箱 牛奶 少 加糖 
LOG (lattice-best-path[5.3.76~1-26df3]:main():lattice-best-path.cc:99) For utterance zh1113M0003, best cost 72.2696 + 3951.87 = 4024.14 over 381 frames.
zh1113M0003 要 四 箱 箱 一 箱 银桥 红枣 箱 牛奶 不 加糖 
LOG (lattice-best-path[5.3.76~1-26df3]:main():lattice-best-path.cc:99) For utterance zh1113M0004, best cost 38.169 + 3297.46 = 3335.63 over 314 frames.
zh1113M0004 要 四 箱 箱 银桥 黑谷 牛奶 多 加糖 
LOG (lattice-best-path[5.3.76~1-26df3]:main():lattice-best-path.cc:99) For utterance zh1113M0005, best cost 48.963 + 3827.55 = 3876.51 over 343 frames.
zh1113M0005 要 四 四 箱 箱 银桥 核桃 牛奶 少 加糖 
LOG (lattice-best-path[5.3.76~1-26df3]:main():lattice-best-path.cc:99) For utterance zh1113M0006, best cost 24.7977 + 1539.61 = 1564.41 over 142 frames.
zh1113M0006 要 不 
LOG (lattice-best-path[5.3.76~1-26df3]:main():lattice-best-path.cc:99) For utterance zh1113M0007, best cost 23.6353 + 1873.2 = 1896.84 over 170 frames.
zh1113M0007 关闭 五 
LOG (lattice-best-path[5.3.76~1-26df3]:main():lattice-best-path.cc:99) For utterance zh1113M0008, best cost 11.6521 + 1880.76 = 1892.41 over 180 frames.
zh1113M0008 开启 窗帘 
LOG (lattice-best-path[5.3.76~1-26df3]:main():lattice-best-path.cc:99) For utterance zh1113M0009, best cost 10.9155 + 1574.37 = 1585.28 over 151 frames.
zh1113M0009 关掉 灯 
LOG (lattice-best-path[5.3.76~1-26df3]:main():lattice-best-path.cc:99) For utterance zh1114M0001, best cost 38.1563 + 3827.16 = 3865.31 over 372 frames.
zh1114M0001 要 四 一 箱 银桥 核桃 牛奶 多 加糖 
LOG (lattice-best-path[5.3.76~1-26df3]:main():lattice-best-path.cc:99) For utterance zh1114M0002, best cost 37.3997 + 3597.72 = 3635.12 over 333 frames.
zh1114M0002 要 三 银桥 花生 牛奶 少 加糖 
LOG (lattice-best-path[5.3.76~1-26df3]:main():lattice-best-path.cc:99) For utterance zh1114M0003, best cost 74.3169 + 4696.82 = 4771.13 over 439 frames.
zh1114M0003 要 一 三 箱 银桥 不 牛奶 多 加糖 要 
LOG (lattice-best-path[5.3.76~1-26df3]:main():lattice-best-path.cc:99) For utterance zh1114M0004, best cost 30.8164 + 3834.17 = 3864.99 over 372 frames.
zh1114M0004 要 四 箱 银桥 黑谷 牛奶 多 加糖 
LOG (lattice-best-path[5.3.76~1-26df3]:main():lattice-best-path.cc:99) For utterance zh1114M0005, best cost 32.8462 + 4049.98 = 4082.83 over 400 frames.
zh1114M0005 五 箱 银桥 核桃 牛奶 少 加糖 
LOG (lattice-best-path[5.3.76~1-26df3]:main():lattice-best-path.cc:99) For utterance zh1114M0006, best cost 41.5292 + 1704.79 = 1746.32 over 190 frames.
zh1114M0006 关掉 灯 二 要 
LOG (lattice-best-path[5.3.76~1-26df3]:main():lattice-best-path.cc:99) For utterance zh1114M0007, best cost 22.0838 + 2041.67 = 2063.76 over 218 frames.
zh1114M0007 关掉 阀门 灯 
LOG (lattice-best-path[5.3.76~1-26df3]:main():lattice-best-path.cc:99) For utterance zh1114M0008, best cost 24.1557 + 2410.42 = 2434.57 over 247 frames.
zh1114M0008 要 开启 窗帘 
LOG (lattice-best-path[5.3.76~1-26df3]:main():lattice-best-path.cc:99) For utterance zh1114M0009, best cost 25.2495 + 1751.05 = 1776.29 over 199 frames.
zh1114M0009 关掉 四 泵 
LOG (lattice-best-path[5.3.76~1-26df3]:main():lattice-best-path.cc:99) For utterance zh1115M0001, best cost 30.3396 + 3442.66 = 3473 over 333 frames.
zh1115M0001 要 五 箱 银桥 核桃 牛奶 多 加糖 
LOG (lattice-best-path[5.3.76~1-26df3]:main():lattice-best-path.cc:99) For utterance zh1115M0002, best cost 37.1367 + 4001.58 = 4038.72 over 362 frames.
zh1115M0002 要 四 箱 银桥 花生 牛奶 少 加糖 
LOG (lattice-best-path[5.3.76~1-26df3]:main():lattice-best-path.cc:99) For utterance zh1115M0003, best cost 43.7444 + 3849.24 = 3892.99 over 333 frames.
zh1115M0003 要 一 四 红枣 牛奶 不 加糖 
LOG (lattice-best-path[5.3.76~1-26df3]:main():lattice-best-path.cc:99) For utterance zh1115M0004, best cost 41.9043 + 3354.47 = 3396.37 over 324 frames.
zh1115M0004 四 箱 银桥 黑谷 牛奶 多 少 加糖 
LOG (lattice-best-path[5.3.76~1-26df3]:main():lattice-best-path.cc:99) For utterance zh1115M0005, best cost 50.8885 + 3696.45 = 3747.33 over 333 frames.
zh1115M0005 要 四 箱 箱 银桥 不 牛奶 少 加糖 
LOG (lattice-best-path[5.3.76~1-26df3]:main():lattice-best-path.cc:99) For utterance zh1115M0006, best cost 30.3475 + 1315.66 = 1346 over 132 frames.
zh1115M0006 要 打开 泵 灯 
LOG (lattice-best-path[5.3.76~1-26df3]:main():lattice-best-path.cc:99) For utterance zh1115M0007, best cost 27.2969 + 1771.29 = 1798.58 over 161 frames.
zh1115M0007 关掉 不 灯 
LOG (lattice-best-path[5.3.76~1-26df3]:main():lattice-best-path.cc:99) For utterance zh1115M0008, best cost 38.8477 + 1999.74 = 2038.59 over 199 frames.
zh1115M0008 要 二 开启 箱 
LOG (lattice-best-path[5.3.76~1-26df3]:main():lattice-best-path.cc:99) For utterance zh1115M0009, best cost 26.832 + 1376.66 = 1403.49 over 142 frames.
zh1115M0009 关掉 灯 二 
LOG (lattice-best-path[5.3.76~1-26df3]:main():lattice-best-path.cc:99) For utterance zh1116M0001, best cost 49.1005 + 3131.08 = 3180.18 over 285 frames.
zh1116M0001 一 箱 银桥 核桃 五 牛奶 多 加糖 
LOG (lattice-best-path[5.3.76~1-26df3]:main():lattice-best-path.cc:99) For utterance zh1116M0002, best cost 61.2501 + 3876.82 = 3938.07 over 343 frames.
zh1116M0002 四 箱 箱 银桥 花生 箱 牛奶 少 加糖 
LOG (lattice-best-path[5.3.76~1-26df3]:main():lattice-best-path.cc:99) For utterance zh1116M0003, best cost 56.0914 + 3958.21 = 4014.3 over 381 frames.
zh1116M0003 要 四 箱 箱 一 箱 银桥 红枣 牛奶 不 加糖 
LOG (lattice-best-path[5.3.76~1-26df3]:main():lattice-best-path.cc:99) For utterance zh1116M0004, best cost 39.3503 + 3288.84 = 3328.19 over 314 frames.
zh1116M0004 要 四 箱 箱 银桥 黑谷 牛奶 多 加糖 
LOG (lattice-best-path[5.3.76~1-26df3]:main():lattice-best-path.cc:99) For utterance zh1116M0005, best cost 49.0105 + 3821.85 = 3870.86 over 343 frames.
zh1116M0005 要 四 四 箱 箱 银桥 核桃 牛奶 少 加糖 
LOG (lattice-best-path[5.3.76~1-26df3]:main():lattice-best-path.cc:99) For utterance zh1116M0006, best cost 24.7977 + 1534.64 = 1559.44 over 142 frames.
zh1116M0006 要 不 
LOG (lattice-best-path[5.3.76~1-26df3]:main():lattice-best-path.cc:99) For utterance zh1116M0007, best cost 28.2145 + 1866.37 = 1894.58 over 170 frames.
zh1116M0007 关闭 箱 阀门 
LOG (lattice-best-path[5.3.76~1-26df3]:main():lattice-best-path.cc:99) For utterance zh1116M0008, best cost 11.6404 + 1883.32 = 1894.96 over 180 frames.
zh1116M0008 开启 窗帘 
LOG (lattice-best-path[5.3.76~1-26df3]:main():lattice-best-path.cc:99) For utterance zh1116M0009, best cost 10.9757 + 1573.63 = 1584.6 over 151 frames.
zh1116M0009 关掉 灯 
LOG (lattice-best-path[5.3.76~1-26df3]:main():lattice-best-path.cc:99) For utterance zh1117M0001, best cost 38.091 + 3826.69 = 3864.78 over 372 frames.
zh1117M0001 要 四 一 箱 银桥 核桃 牛奶 多 加糖 
LOG (lattice-best-path[5.3.76~1-26df3]:main():lattice-best-path.cc:99) For utterance zh1117M0002, best cost 37.2206 + 3590.94 = 3628.16 over 333 frames.
zh1117M0002 要 三 银桥 花生 牛奶 少 加糖 
LOG (lattice-best-path[5.3.76~1-26df3]:main():lattice-best-path.cc:99) For utterance zh1117M0003, best cost 74.8417 + 4692.48 = 4767.32 over 439 frames.
zh1117M0003 要 一 三 箱 银桥 不 牛奶 多 加糖 要 
LOG (lattice-best-path[5.3.76~1-26df3]:main():lattice-best-path.cc:99) For utterance zh1117M0004, best cost 30.8164 + 3837.16 = 3867.98 over 372 frames.
zh1117M0004 要 四 箱 银桥 黑谷 牛奶 多 加糖 
LOG (lattice-best-path[5.3.76~1-26df3]:main():lattice-best-path.cc:99) For utterance zh1117M0005, best cost 32.8475 + 4044.3 = 4077.15 over 400 frames.
zh1117M0005 五 箱 银桥 核桃 牛奶 少 加糖 
LOG (lattice-best-path[5.3.76~1-26df3]:main():lattice-best-path.cc:99) For utterance zh1117M0006, best cost 41.5823 + 1705.9 = 1747.48 over 190 frames.
zh1117M0006 关掉 灯 二 要 
LOG (lattice-best-path[5.3.76~1-26df3]:main():lattice-best-path.cc:99) For utterance zh1117M0007, best cost 22.7153 + 2023.92 = 2046.64 over 218 frames.
zh1117M0007 关掉 阀门 灯 
LOG (lattice-best-path[5.3.76~1-26df3]:main():lattice-best-path.cc:99) For utterance zh1117M0008, best cost 24.1557 + 2414.03 = 2438.19 over 247 frames.
zh1117M0008 要 开启 窗帘 
LOG (lattice-best-path[5.3.76~1-26df3]:main():lattice-best-path.cc:99) For utterance zh1117M0009, best cost 25.903 + 1756.6 = 1782.51 over 199 frames.
zh1117M0009 关掉 四 泵 
LOG (lattice-best-path[5.3.76~1-26df3]:main():lattice-best-path.cc:99) For utterance zh1118M0001, best cost 29.8993 + 3444.86 = 3474.76 over 333 frames.
zh1118M0001 要 五 箱 银桥 核桃 牛奶 多 加糖 
LOG (lattice-best-path[5.3.76~1-26df3]:main():lattice-best-path.cc:99) For utterance zh1118M0002, best cost 37.1283 + 4003.89 = 4041.02 over 362 frames.
zh1118M0002 要 四 箱 银桥 花生 牛奶 少 加糖 
LOG (lattice-best-path[5.3.76~1-26df3]:main():lattice-best-path.cc:99) For utterance zh1118M0003, best cost 43.8162 + 3850.29 = 3894.11 over 333 frames.
zh1118M0003 要 一 四 红枣 牛奶 不 加糖 
LOG (lattice-best-path[5.3.76~1-26df3]:main():lattice-best-path.cc:99) For utterance zh1118M0004, best cost 41.8887 + 3356.08 = 3397.97 over 324 frames.
zh1118M0004 四 箱 银桥 黑谷 牛奶 多 少 加糖 
LOG (lattice-best-path[5.3.76~1-26df3]:main():lattice-best-path.cc:99) For utterance zh1118M0005, best cost 51.3182 + 3702.12 = 3753.44 over 333 frames.
zh1118M0005 要 四 箱 箱 银桥 不 牛奶 少 加糖 
LOG (lattice-best-path[5.3.76~1-26df3]:main():lattice-best-path.cc:99) For utterance zh1118M0006, best cost 30.3425 + 1315.97 = 1346.32 over 132 frames.
zh1118M0006 要 打开 泵 灯 
LOG (lattice-best-path[5.3.76~1-26df3]:main():lattice-best-path.cc:99) For utterance zh1118M0007, best cost 27.4298 + 1776.07 = 1803.5 over 161 frames.
zh1118M0007 关掉 不 灯 
LOG (lattice-best-path[5.3.76~1-26df3]:main():lattice-best-path.cc:99) For utterance zh1118M0008, best cost 46.2027 + 1992.2 = 2038.41 over 199 frames.
zh1118M0008 要 二 开启 箱 
LOG (lattice-best-path[5.3.76~1-26df3]:main():lattice-best-path.cc:99) For utterance zh1118M0009, best cost 26.8259 + 1375.36 = 1402.19 over 142 frames.
zh1118M0009 关掉 灯 二 
LOG (lattice-best-path[5.3.76~1-26df3]:main():lattice-best-path.cc:99) For utterance zh1102M0001, best cost 38.091 + 3821.26 = 3859.35 over 372 frames.
zh1102M0001 要 四 一 箱 银桥 核桃 牛奶 多 加糖 
LOG (lattice-best-path[5.3.76~1-26df3]:main():lattice-best-path.cc:99) For utterance zh1102M0002, best cost 37.409 + 3586.03 = 3623.44 over 333 frames.
zh1102M0002 要 三 银桥 花生 牛奶 少 加糖 
LOG (lattice-best-path[5.3.76~1-26df3]:main():lattice-best-path.cc:99) For utterance zh1102M0003, best cost 74.6617 + 4691.49 = 4766.15 over 439 frames.
zh1102M0003 要 一 三 箱 银桥 不 牛奶 多 加糖 要 
LOG (lattice-best-path[5.3.76~1-26df3]:main():lattice-best-path.cc:99) For utterance zh1102M0004, best cost 30.5776 + 3838.05 = 3868.62 over 372 frames.
zh1102M0004 要 四 箱 银桥 黑谷 牛奶 多 加糖 
LOG (lattice-best-path[5.3.76~1-26df3]:main():lattice-best-path.cc:99) For utterance zh1102M0005, best cost 32.8218 + 4043.84 = 4076.66 over 400 frames.
zh1102M0005 五 箱 银桥 核桃 牛奶 少 加糖 
LOG (lattice-best-path[5.3.76~1-26df3]:main():lattice-best-path.cc:99) For utterance zh1102M0006, best cost 41.5222 + 1689.76 = 1731.28 over 190 frames.
zh1102M0006 关掉 灯 二 要 
LOG (lattice-best-path[5.3.76~1-26df3]:main():lattice-best-path.cc:99) For utterance zh1102M0007, best cost 23.1169 + 2039.66 = 2062.78 over 218 frames.
zh1102M0007 关掉 阀门 灯 
LOG (lattice-best-path[5.3.76~1-26df3]:main():lattice-best-path.cc:99) For utterance zh1102M0008, best cost 24.1426 + 2404.47 = 2428.61 over 247 frames.
zh1102M0008 要 开启 窗帘 
LOG (lattice-best-path[5.3.76~1-26df3]:main():lattice-best-path.cc:99) For utterance zh1102M0009, best cost 25.2929 + 1752.41 = 1777.7 over 199 frames.
zh1102M0009 关掉 四 泵 
LOG (lattice-best-path[5.3.76~1-26df3]:main():lattice-best-path.cc:99) For utterance zh1103M0001, best cost 30.3156 + 3450.25 = 3480.56 over 333 frames.
zh1103M0001 要 五 箱 银桥 核桃 牛奶 多 加糖 
LOG (lattice-best-path[5.3.76~1-26df3]:main():lattice-best-path.cc:99) For utterance zh1103M0002, best cost 37.1012 + 3996.02 = 4033.13 over 362 frames.
zh1103M0002 要 四 箱 银桥 花生 牛奶 少 加糖 
LOG (lattice-best-path[5.3.76~1-26df3]:main():lattice-best-path.cc:99) For utterance zh1103M0003, best cost 43.8537 + 3845.82 = 3889.67 over 333 frames.
zh1103M0003 要 一 四 红枣 牛奶 不 加糖 
LOG (lattice-best-path[5.3.76~1-26df3]:main():lattice-best-path.cc:99) For utterance zh1103M0004, best cost 41.8887 + 3355 = 3396.89 over 324 frames.
zh1103M0004 四 箱 银桥 黑谷 牛奶 多 少 加糖 
LOG (lattice-best-path[5.3.76~1-26df3]:main():lattice-best-path.cc:99) For utterance zh1103M0005, best cost 50.9309 + 3696.23 = 3747.16 over 333 frames.
zh1103M0005 要 四 箱 箱 银桥 不 牛奶 少 加糖 
LOG (lattice-best-path[5.3.76~1-26df3]:main():lattice-best-path.cc:99) For utterance zh1103M0006, best cost 30.3475 + 1310.91 = 1341.26 over 132 frames.
zh1103M0006 要 打开 泵 灯 
LOG (lattice-best-path[5.3.76~1-26df3]:main():lattice-best-path.cc:99) For utterance zh1103M0007, best cost 36.0275 + 1765.63 = 1801.65 over 161 frames.
zh1103M0007 要 关掉 不 灯 
LOG (lattice-best-path[5.3.76~1-26df3]:main():lattice-best-path.cc:99) For utterance zh1103M0008, best cost 46.2117 + 1994.08 = 2040.29 over 199 frames.
zh1103M0008 要 二 开启 箱 
LOG (lattice-best-path[5.3.76~1-26df3]:main():lattice-best-path.cc:99) For utterance zh1103M0009, best cost 26.7275 + 1380.47 = 1407.19 over 142 frames.
zh1103M0009 关掉 灯 二 
LOG (lattice-best-path[5.3.76~1-26df3]:main():lattice-best-path.cc:99) For utterance zh1104M0001, best cost 49.1005 + 3126.44 = 3175.54 over 285 frames.
zh1104M0001 一 箱 银桥 核桃 五 牛奶 多 加糖 
LOG (lattice-best-path[5.3.76~1-26df3]:main():lattice-best-path.cc:99) For utterance zh1104M0002, best cost 61.2454 + 3876.67 = 3937.91 over 343 frames.
zh1104M0002 四 箱 箱 银桥 花生 箱 牛奶 少 加糖 
LOG (lattice-best-path[5.3.76~1-26df3]:main():lattice-best-path.cc:99) For utterance zh1104M0003, best cost 72.2696 + 3951.84 = 4024.11 over 381 frames.
zh1104M0003 要 四 箱 箱 一 箱 银桥 红枣 箱 牛奶 不 加糖 
LOG (lattice-best-path[5.3.76~1-26df3]:main():lattice-best-path.cc:99) For utterance zh1104M0004, best cost 38.169 + 3297.45 = 3335.62 over 314 frames.
zh1104M0004 要 四 箱 箱 银桥 黑谷 牛奶 多 加糖 
LOG (lattice-best-path[5.3.76~1-26df3]:main():lattice-best-path.cc:99) For utterance zh1104M0005, best cost 48.963 + 3827.54 = 3876.5 over 343 frames.
zh1104M0005 要 四 四 箱 箱 银桥 核桃 牛奶 少 加糖 
LOG (lattice-best-path[5.3.76~1-26df3]:main():lattice-best-path.cc:99) For utterance zh1104M0006, best cost 24.7977 + 1539.57 = 1564.37 over 142 frames.
zh1104M0006 要 不 
LOG (lattice-best-path[5.3.76~1-26df3]:main():lattice-best-path.cc:99) For utterance zh1104M0007, best cost 28.3152 + 1864.88 = 1893.19 over 170 frames.
zh1104M0007 关闭 箱 阀门 
LOG (lattice-best-path[5.3.76~1-26df3]:main():lattice-best-path.cc:99) For utterance zh1104M0008, best cost 11.6637 + 1876.05 = 1887.72 over 180 frames.
zh1104M0008 开启 窗帘 
LOG (lattice-best-path[5.3.76~1-26df3]:main():lattice-best-path.cc:99) For utterance zh1104M0009, best cost 11.0248 + 1579.53 = 1590.55 over 151 frames.
zh1104M0009 关掉 灯 
LOG (lattice-scale[5.3.76~1-26df3]:main():lattice-scale.cc:90) Done 162 lattices.
LOG (lattice-best-path[5.3.76~1-26df3]:main():lattice-best-path.cc:99) For utterance zh1105M0001, best cost 38.0738 + 3824.86 = 3862.94 over 372 frames.
zh1105M0001 要 四 一 箱 银桥 核桃 牛奶 多 加糖 
LOG (lattice-best-path[5.3.76~1-26df3]:main():lattice-best-path.cc:99) For utterance zh1105M0002, best cost 37.4237 + 3598.89 = 3636.31 over 333 frames.
zh1105M0002 要 三 银桥 花生 牛奶 少 加糖 
LOG (lattice-best-path[5.3.76~1-26df3]:main():lattice-best-path.cc:99) For utterance zh1105M0003, best cost 74.7594 + 4696.82 = 4771.58 over 439 frames.
zh1105M0003 要 一 三 箱 银桥 不 牛奶 多 加糖 要 
LOG (lattice-best-path[5.3.76~1-26df3]:main():lattice-best-path.cc:99) For utterance zh1105M0004, best cost 31.1083 + 3832.04 = 3863.15 over 372 frames.
zh1105M0004 要 四 箱 银桥 黑谷 牛奶 多 加糖 
LOG (lattice-best-path[5.3.76~1-26df3]:main():lattice-best-path.cc:99) For utterance zh1105M0005, best cost 32.8462 + 4050.47 = 4083.31 over 400 frames.
zh1105M0005 五 箱 银桥 核桃 牛奶 少 加糖 
LOG (lattice-best-path[5.3.76~1-26df3]:main():lattice-best-path.cc:99) For utterance zh1105M0006, best cost 45.087 + 1712.62 = 1757.7 over 190 frames.
zh1105M0006 打开 一 二 要 
LOG (lattice-best-path[5.3.76~1-26df3]:main():lattice-best-path.cc:99) For utterance zh1105M0007, best cost 31.8327 + 2042.16 = 2073.99 over 218 frames.
zh1105M0007 关掉 阀门 要 
LOG (lattice-best-path[5.3.76~1-26df3]:main():lattice-best-path.cc:99) For utterance zh1105M0008, best cost 24.2129 + 2408.7 = 2432.91 over 247 frames.
zh1105M0008 要 开启 窗帘 
LOG (lattice-best-path[5.3.76~1-26df3]:main():lattice-best-path.cc:99) For utterance zh1105M0009, best cost 26.123 + 1760.58 = 1786.71 over 199 frames.
zh1105M0009 关掉 四 泵 
LOG (lattice-best-path[5.3.76~1-26df3]:main():lattice-best-path.cc:99) For utterance zh1106M0001, best cost 30.4109 + 3442.33 = 3472.74 over 333 frames.
zh1106M0001 要 五 箱 银桥 核桃 牛奶 多 加糖 
LOG (lattice-best-path[5.3.76~1-26df3]:main():lattice-best-path.cc:99) For utterance zh1106M0002, best cost 37.1153 + 4005.31 = 4042.43 over 362 frames.
zh1106M0002 要 四 箱 银桥 花生 牛奶 少 加糖 
LOG (lattice-best-path[5.3.76~1-26df3]:main():lattice-best-path.cc:99) For utterance zh1106M0003, best cost 43.7818 + 3845.92 = 3889.7 over 333 frames.
zh1106M0003 要 一 四 红枣 牛奶 不 加糖 
LOG (lattice-best-path[5.3.76~1-26df3]:main():lattice-best-path.cc:99) For utterance zh1106M0004, best cost 41.9008 + 3349.35 = 3391.25 over 324 frames.
zh1106M0004 四 箱 银桥 黑谷 牛奶 多 少 加糖 
LOG (lattice-best-path[5.3.76~1-26df3]:main():lattice-best-path.cc:99) For utterance zh1106M0005, best cost 51.3182 + 3695.54 = 3746.86 over 333 frames.
zh1106M0005 要 四 箱 箱 银桥 不 牛奶 少 加糖 
LOG (lattice-best-path[5.3.76~1-26df3]:main():lattice-best-path.cc:99) For utterance zh1106M0006, best cost 30.3475 + 1313.7 = 1344.05 over 132 frames.
zh1106M0006 要 打开 泵 灯 
LOG (lattice-best-path[5.3.76~1-26df3]:main():lattice-best-path.cc:99) For utterance zh1106M0007, best cost 36.0366 + 1760.44 = 1796.48 over 161 frames.
zh1106M0007 要 关掉 不 灯 
LOG (lattice-best-path[5.3.76~1-26df3]:main():lattice-best-path.cc:99) For utterance zh1106M0008, best cost 46.1533 + 1992.66 = 2038.81 over 199 frames.
zh1106M0008 要 二 开启 箱 
LOG (lattice-best-path[5.3.76~1-26df3]:main():lattice-best-path.cc:99) For utterance zh1106M0009, best cost 26.8259 + 1376.93 = 1403.75 over 142 frames.
zh1106M0009 关掉 灯 二 
LOG (lattice-best-path[5.3.76~1-26df3]:main():lattice-best-path.cc:99) For utterance zh1107M0001, best cost 49.1005 + 3127.76 = 3176.86 over 285 frames.
zh1107M0001 一 箱 银桥 核桃 五 牛奶 多 加糖 
LOG (lattice-best-path[5.3.76~1-26df3]:main():lattice-best-path.cc:99) For utterance zh1107M0002, best cost 61.2501 + 3881.09 = 3942.34 over 343 frames.
zh1107M0002 四 箱 箱 银桥 花生 箱 牛奶 少 加糖 
LOG (lattice-add-penalty[5.3.76~1-26df3]:main():lattice-add-penalty.cc:62) Done adding word insertion penalty to 162 lattices.
LOG (lattice-best-path[5.3.76~1-26df3]:main():lattice-best-path.cc:99) For utterance zh1107M0003, best cost 56.0914 + 3965.53 = 4021.62 over 381 frames.
zh1107M0003 要 四 箱 箱 一 箱 银桥 红枣 牛奶 不 加糖 
LOG (lattice-best-path[5.3.76~1-26df3]:main():lattice-best-path.cc:99) For utterance zh1107M0004, best cost 39.3334 + 3286.45 = 3325.78 over 314 frames.
zh1107M0004 要 四 箱 箱 银桥 黑谷 牛奶 多 加糖 
LOG (lattice-best-path[5.3.76~1-26df3]:main():lattice-best-path.cc:99) For utterance zh1107M0005, best cost 48.9279 + 3826.02 = 3874.95 over 343 frames.
zh1107M0005 要 四 四 箱 箱 银桥 核桃 牛奶 少 加糖 
LOG (lattice-best-path[5.3.76~1-26df3]:main():lattice-best-path.cc:99) For utterance zh1107M0006, best cost 24.7977 + 1534.64 = 1559.44 over 142 frames.
zh1107M0006 要 不 
LOG (lattice-best-path[5.3.76~1-26df3]:main():lattice-best-path.cc:99) For utterance zh1107M0007, best cost 28.2706 + 1876.03 = 1904.3 over 170 frames.
zh1107M0007 关闭 箱 阀门 
LOG (lattice-best-path[5.3.76~1-26df3]:main():lattice-best-path.cc:99) For utterance zh1107M0008, best cost 11.6586 + 1882.05 = 1893.71 over 180 frames.
zh1107M0008 开启 窗帘 
LOG (lattice-best-path[5.3.76~1-26df3]:main():lattice-best-path.cc:99) For utterance zh1107M0009, best cost 10.9155 + 1575.58 = 1586.5 over 151 frames.
zh1107M0009 关掉 灯 
LOG (lattice-best-path[5.3.76~1-26df3]:main():lattice-best-path.cc:99) For utterance zh1108M0001, best cost 38.0952 + 3820.86 = 3858.96 over 372 frames.
zh1108M0001 要 四 一 箱 银桥 核桃 牛奶 多 加糖 
LOG (lattice-best-path[5.3.76~1-26df3]:main():lattice-best-path.cc:99) For utterance zh1108M0002, best cost 37.3785 + 3595.25 = 3632.62 over 333 frames.
zh1108M0002 要 三 银桥 花生 牛奶 少 加糖 
LOG (lattice-best-path[5.3.76~1-26df3]:main():lattice-best-path.cc:99) For utterance zh1108M0003, best cost 74.1858 + 4695.47 = 4769.65 over 439 frames.
zh1108M0003 要 一 三 箱 银桥 不 牛奶 多 加糖 要 
LOG (lattice-best-path[5.3.76~1-26df3]:main():lattice-best-path.cc:99) For utterance zh1108M0004, best cost 31.0947 + 3835.56 = 3866.66 over 372 frames.
zh1108M0004 要 四 箱 银桥 黑谷 牛奶 多 加糖 
LOG (lattice-best-path[5.3.76~1-26df3]:main():lattice-best-path.cc:99) For utterance zh1108M0005, best cost 32.8462 + 4044.66 = 4077.5 over 400 frames.
zh1108M0005 五 箱 银桥 核桃 牛奶 少 加糖 
LOG (lattice-best-path[5.3.76~1-26df3]:main():lattice-best-path.cc:99) For utterance zh1108M0006, best cost 44.9397 + 1724.31 = 1769.25 over 190 frames.
zh1108M0006 打开 一 二 要 
LOG (lattice-best-path[5.3.76~1-26df3]:main():lattice-best-path.cc:99) For utterance zh1108M0007, best cost 22.2425 + 2043.2 = 2065.45 over 218 frames.
zh1108M0007 关掉 阀门 灯 
LOG (lattice-best-path[5.3.76~1-26df3]:main():lattice-best-path.cc:99) For utterance zh1108M0008, best cost 24.2906 + 2407.19 = 2431.48 over 247 frames.
zh1108M0008 要 开启 窗帘 
LOG (lattice-best-path[5.3.76~1-26df3]:main():lattice-best-path.cc:99) For utterance zh1108M0009, best cost 25.7782 + 1754.93 = 1780.71 over 199 frames.
zh1108M0009 关掉 四 泵 
LOG (lattice-best-path[5.3.76~1-26df3]:main():lattice-best-path.cc:99) For utterance zh1109M0001, best cost 30.1286 + 3445.37 = 3475.5 over 333 frames.
zh1109M0001 要 五 箱 银桥 核桃 牛奶 多 加糖 
LOG (lattice-best-path[5.3.76~1-26df3]:main():lattice-best-path.cc:99) For utterance zh1109M0002, best cost 37.1237 + 4005.52 = 4042.65 over 362 frames.
zh1109M0002 要 四 箱 银桥 花生 牛奶 少 加糖 
LOG (lattice-best-path[5.3.76~1-26df3]:main():lattice-best-path.cc:99) For utterance zh1109M0003, best cost 43.8537 + 3843.61 = 3887.46 over 333 frames.
zh1109M0003 要 一 四 红枣 牛奶 不 加糖 
LOG (lattice-best-path[5.3.76~1-26df3]:main():lattice-best-path.cc:99) For utterance zh1109M0004, best cost 41.8887 + 3354.49 = 3396.38 over 324 frames.
zh1109M0004 四 箱 银桥 黑谷 牛奶 多 少 加糖 
LOG (lattice-best-path[5.3.76~1-26df3]:main():lattice-best-path.cc:99) For utterance zh1109M0005, best cost 50.8979 + 3701.44 = 3752.34 over 333 frames.
zh1109M0005 要 四 箱 箱 银桥 不 牛奶 少 加糖 
LOG (lattice-best-path[5.3.76~1-26df3]:main():lattice-best-path.cc:99) For utterance zh1109M0006, best cost 30.3475 + 1312.04 = 1342.39 over 132 frames.
zh1109M0006 要 打开 泵 灯 
LOG (lattice-best-path[5.3.76~1-26df3]:main():lattice-best-path.cc:99) For utterance zh1109M0007, best cost 27.2969 + 1777.17 = 1804.46 over 161 frames.
zh1109M0007 关掉 不 灯 
LOG (lattice-best-path[5.3.76~1-26df3]:main():lattice-best-path.cc:99) For utterance zh1109M0008, best cost 46.9425 + 1993.47 = 2040.42 over 199 frames.
zh1109M0008 要 二 开启 箱 
LOG (lattice-best-path[5.3.76~1-26df3]:main():lattice-best-path.cc:99) For utterance zh1109M0009, best cost 26.8358 + 1374.45 = 1401.28 over 142 frames.
zh1109M0009 关掉 灯 二 
LOG (lattice-best-path[5.3.76~1-26df3]:main():lattice-best-path.cc:124) Overall cost per frame is 10.6305 = 0.135609 [graph] + 10.4949 [acoustic] over 44388 frames.
LOG (lattice-best-path[5.3.76~1-26df3]:main():lattice-best-path.cc:128) Done 162 lattices, failed for 0
# Accounting: time=1 threads=1
# Ended (code 0) at Sun Apr  1 15:42:13 CST 2018, elapsed time 1 seconds
