# lattice-scale --inv-acoustic-scale=9 "ark:gunzip -c exp_FG/mono/decode/lat.*.gz|" ark:- | lattice-add-penalty --word-ins-penalty=0.0 ark:- ark:- | lattice-best-path --word-symbol-table=exp_FG/mono/graph/words.txt ark:- ark,t:exp_FG/mono/decode/scoring/9.tra 
# Started at Sun Apr  1 15:38:17 CST 2018
#
lattice-add-penalty --word-ins-penalty=0.0 ark:- ark:- 
lattice-best-path --word-symbol-table=exp_FG/mono/graph/words.txt ark:- ark,t:exp_FG/mono/decode/scoring/9.tra 
lattice-scale --inv-acoustic-scale=9 'ark:gunzip -c exp_FG/mono/decode/lat.*.gz|' ark:- 
LOG (lattice-best-path[5.3.76~1-26df3]:main():lattice-best-path.cc:99) For utterance zh1101M0001, best cost 28.5816 + 3095.01 = 3123.59 over 285 frames.
zh1101M0001 箱 银桥 核桃 牛奶 多 加糖 
LOG (lattice-best-path[5.3.76~1-26df3]:main():lattice-best-path.cc:99) For utterance zh1101M0002, best cost 27.8349 + 3762.38 = 3790.21 over 343 frames.
zh1101M0002 要 四 箱 银桥 花生 牛奶 少 加糖 
LOG (lattice-best-path[5.3.76~1-26df3]:main():lattice-best-path.cc:99) For utterance zh1101M0003, best cost 36.7846 + 3908.05 = 3944.83 over 381 frames.
zh1101M0003 要 二 箱 箱 银桥 红枣 牛奶 不 加糖 
LOG (lattice-best-path[5.3.76~1-26df3]:main():lattice-best-path.cc:99) For utterance zh1101M0004, best cost 26.7446 + 3337.37 = 3364.12 over 314 frames.
zh1101M0004 要 四 箱 银桥 黑谷 牛奶 多 加糖 
LOG (lattice-best-path[5.3.76~1-26df3]:main():lattice-best-path.cc:99) For utterance zh1101M0005, best cost 37.376 + 3756.11 = 3793.49 over 343 frames.
zh1101M0005 要 二 箱 箱 银桥 核桃 牛奶 少 加糖 
LOG (lattice-best-path[5.3.76~1-26df3]:main():lattice-best-path.cc:99) For utterance zh1101M0006, best cost 19.1543 + 1603.51 = 1622.66 over 142 frames.
zh1101M0006 要 打开 灯 
LOG (lattice-best-path[5.3.76~1-26df3]:main():lattice-best-path.cc:99) For utterance zh1101M0007, best cost 14.048 + 1887.59 = 1901.64 over 170 frames.
zh1101M0007 关闭 阀门 
LOG (lattice-best-path[5.3.76~1-26df3]:main():lattice-best-path.cc:99) For utterance zh1101M0008, best cost 20.4322 + 1886.8 = 1907.23 over 180 frames.
zh1101M0008 要 开启 窗帘 
LOG (lattice-best-path[5.3.76~1-26df3]:main():lattice-best-path.cc:99) For utterance zh1101M0009, best cost 11.0647 + 1583.42 = 1594.49 over 151 frames.
zh1101M0009 关掉 灯 
LOG (lattice-best-path[5.3.76~1-26df3]:main():lattice-best-path.cc:99) For utterance zh1110M0001, best cost 30.9616 + 3092.37 = 3123.33 over 285 frames.
zh1110M0001 二 箱 银桥 核桃 牛奶 多 加糖 
LOG (lattice-best-path[5.3.76~1-26df3]:main():lattice-best-path.cc:99) For utterance zh1110M0002, best cost 27.2724 + 3761.42 = 3788.69 over 343 frames.
zh1110M0002 要 四 箱 银桥 花生 牛奶 少 加糖 
LOG (lattice-best-path[5.3.76~1-26df3]:main():lattice-best-path.cc:99) For utterance zh1110M0003, best cost 36.6711 + 3908.97 = 3945.64 over 381 frames.
zh1110M0003 要 二 箱 箱 银桥 红枣 牛奶 不 加糖 
LOG (lattice-best-path[5.3.76~1-26df3]:main():lattice-best-path.cc:99) For utterance zh1110M0004, best cost 26.0542 + 3337.43 = 3363.48 over 314 frames.
zh1110M0004 要 四 箱 银桥 黑谷 牛奶 多 加糖 
LOG (lattice-best-path[5.3.76~1-26df3]:main():lattice-best-path.cc:99) For utterance zh1110M0005, best cost 37.1219 + 3757.25 = 3794.38 over 343 frames.
zh1110M0005 要 二 箱 箱 银桥 核桃 牛奶 少 加糖 
LOG (lattice-best-path[5.3.76~1-26df3]:main():lattice-best-path.cc:99) For utterance zh1110M0006, best cost 19.077 + 1605.14 = 1624.22 over 142 frames.
zh1110M0006 要 打开 灯 
LOG (lattice-best-path[5.3.76~1-26df3]:main():lattice-best-path.cc:99) For utterance zh1110M0007, best cost 14.0135 + 1886.58 = 1900.59 over 170 frames.
zh1110M0007 关闭 阀门 
LOG (lattice-best-path[5.3.76~1-26df3]:main():lattice-best-path.cc:99) For utterance zh1110M0008, best cost 20.488 + 1887.52 = 1908.01 over 180 frames.
zh1110M0008 要 开启 窗帘 
LOG (lattice-best-path[5.3.76~1-26df3]:main():lattice-best-path.cc:99) For utterance zh1110M0009, best cost 11.0217 + 1588.78 = 1599.8 over 151 frames.
zh1110M0009 关掉 灯 
LOG (lattice-best-path[5.3.76~1-26df3]:main():lattice-best-path.cc:99) For utterance zh1111M0001, best cost 25.6518 + 3901.59 = 3927.24 over 372 frames.
zh1111M0001 要 四 箱 银桥 核桃 牛奶 少 加糖 
LOG (lattice-best-path[5.3.76~1-26df3]:main():lattice-best-path.cc:99) For utterance zh1111M0002, best cost 30.8777 + 3598.01 = 3628.89 over 333 frames.
zh1111M0002 要 箱 银桥 花生 牛奶 少 加糖 
LOG (lattice-best-path[5.3.76~1-26df3]:main():lattice-best-path.cc:99) For utterance zh1111M0003, best cost 40.2977 + 4689.14 = 4729.44 over 439 frames.
zh1111M0003 要 三 箱 银桥 红枣 牛奶 少 加糖 灯 
LOG (lattice-best-path[5.3.76~1-26df3]:main():lattice-best-path.cc:99) For utterance zh1111M0004, best cost 31.0456 + 3944.49 = 3975.54 over 372 frames.
zh1111M0004 要 箱 银桥 黑谷 牛奶 多 加糖 
LOG (lattice-best-path[5.3.76~1-26df3]:main():lattice-best-path.cc:99) For utterance zh1111M0005, best cost 26.7913 + 4142.28 = 4169.07 over 400 frames.
zh1111M0005 要 四 箱 银桥 核桃 牛奶 少 加糖 
LOG (lattice-best-path[5.3.76~1-26df3]:main():lattice-best-path.cc:99) For utterance zh1111M0006, best cost 10.0371 + 1808.33 = 1818.37 over 190 frames.
zh1111M0006 打开 泵 
LOG (lattice-best-path[5.3.76~1-26df3]:main():lattice-best-path.cc:99) For utterance zh1111M0007, best cost 11.9868 + 2061.41 = 2073.4 over 218 frames.
zh1111M0007 关闭 阀门 
LOG (lattice-best-path[5.3.76~1-26df3]:main():lattice-best-path.cc:99) For utterance zh1111M0008, best cost 20.1349 + 2456.51 = 2476.65 over 247 frames.
zh1111M0008 要 开启 窗帘 
LOG (lattice-best-path[5.3.76~1-26df3]:main():lattice-best-path.cc:99) For utterance zh1111M0009, best cost 10.2683 + 1862.02 = 1872.28 over 199 frames.
zh1111M0009 关掉 泵 
LOG (lattice-best-path[5.3.76~1-26df3]:main():lattice-best-path.cc:99) For utterance zh1112M0001, best cost 34.0135 + 3484.83 = 3518.84 over 333 frames.
zh1112M0001 要 要 四 箱 银桥 核桃 牛奶 多 加糖 
LOG (lattice-best-path[5.3.76~1-26df3]:main():lattice-best-path.cc:99) For utterance zh1112M0002, best cost 29.3366 + 3797.45 = 3826.78 over 362 frames.
zh1112M0002 要 二 箱 银桥 花生 牛奶 少 加糖 
LOG (lattice-best-path[5.3.76~1-26df3]:main():lattice-best-path.cc:99) For utterance zh1112M0003, best cost 26.1169 + 3690.71 = 3716.82 over 333 frames.
zh1112M0003 要 四 箱 银桥 红枣 牛奶 不 加糖 
LOG (lattice-best-path[5.3.76~1-26df3]:main():lattice-best-path.cc:99) For utterance zh1112M0004, best cost 26.2074 + 3385.51 = 3411.71 over 324 frames.
zh1112M0004 要 四 箱 银桥 黑谷 牛奶 多 加糖 
LOG (lattice-best-path[5.3.76~1-26df3]:main():lattice-best-path.cc:99) For utterance zh1112M0005, best cost 29.773 + 3577.69 = 3607.46 over 333 frames.
zh1112M0005 要 箱 银桥 核桃 牛奶 少 加糖 
LOG (lattice-best-path[5.3.76~1-26df3]:main():lattice-best-path.cc:99) For utterance zh1112M0006, best cost 18.6285 + 1367.14 = 1385.77 over 132 frames.
zh1112M0006 要 打开 泵 
LOG (lattice-best-path[5.3.76~1-26df3]:main():lattice-best-path.cc:99) For utterance zh1112M0007, best cost 13.2035 + 1785.41 = 1798.62 over 161 frames.
zh1112M0007 关闭 阀门 
LOG (lattice-best-path[5.3.76~1-26df3]:main():lattice-best-path.cc:99) For utterance zh1112M0008, best cost 34.1016 + 2080.38 = 2114.48 over 199 frames.
zh1112M0008 要 开启 要 灯 
LOG (lattice-best-path[5.3.76~1-26df3]:main():lattice-best-path.cc:99) For utterance zh1112M0009, best cost 11.4955 + 1438.09 = 1449.58 over 142 frames.
zh1112M0009 关掉 灯 
LOG (lattice-best-path[5.3.76~1-26df3]:main():lattice-best-path.cc:99) For utterance zh1113M0001, best cost 29.9743 + 3092.32 = 3122.3 over 285 frames.
zh1113M0001 要 箱 银桥 核桃 牛奶 多 加糖 
LOG (lattice-best-path[5.3.76~1-26df3]:main():lattice-best-path.cc:99) For utterance zh1113M0002, best cost 27.3271 + 3761.29 = 3788.62 over 343 frames.
zh1113M0002 要 四 箱 银桥 花生 牛奶 少 加糖 
LOG (lattice-best-path[5.3.76~1-26df3]:main():lattice-best-path.cc:99) For utterance zh1113M0003, best cost 36.7915 + 3911.89 = 3948.68 over 381 frames.
zh1113M0003 要 二 箱 箱 银桥 红枣 牛奶 不 加糖 
LOG (lattice-best-path[5.3.76~1-26df3]:main():lattice-best-path.cc:99) For utterance zh1113M0004, best cost 26.0464 + 3340.12 = 3366.17 over 314 frames.
zh1113M0004 要 四 箱 银桥 黑谷 牛奶 多 加糖 
LOG (lattice-best-path[5.3.76~1-26df3]:main():lattice-best-path.cc:99) For utterance zh1113M0005, best cost 37.376 + 3758.72 = 3796.1 over 343 frames.
zh1113M0005 要 二 箱 箱 银桥 核桃 牛奶 少 加糖 
LOG (lattice-best-path[5.3.76~1-26df3]:main():lattice-best-path.cc:99) For utterance zh1113M0006, best cost 19.077 + 1606.66 = 1625.74 over 142 frames.
zh1113M0006 要 打开 灯 
LOG (lattice-best-path[5.3.76~1-26df3]:main():lattice-best-path.cc:99) For utterance zh1113M0007, best cost 14.0574 + 1884.87 = 1898.92 over 170 frames.
zh1113M0007 关闭 阀门 
LOG (lattice-best-path[5.3.76~1-26df3]:main():lattice-best-path.cc:99) For utterance zh1113M0008, best cost 20.4126 + 1890.18 = 1910.59 over 180 frames.
zh1113M0008 要 开启 窗帘 
LOG (lattice-best-path[5.3.76~1-26df3]:main():lattice-best-path.cc:99) For utterance zh1113M0009, best cost 11.0207 + 1586.39 = 1597.41 over 151 frames.
zh1113M0009 关掉 灯 
LOG (lattice-best-path[5.3.76~1-26df3]:main():lattice-best-path.cc:99) For utterance zh1114M0001, best cost 25.7608 + 3904.64 = 3930.4 over 372 frames.
zh1114M0001 要 四 箱 银桥 核桃 牛奶 少 加糖 
LOG (lattice-best-path[5.3.76~1-26df3]:main():lattice-best-path.cc:99) For utterance zh1114M0002, best cost 30.6036 + 3601.61 = 3632.21 over 333 frames.
zh1114M0002 要 箱 银桥 花生 牛奶 少 加糖 
LOG (lattice-best-path[5.3.76~1-26df3]:main():lattice-best-path.cc:99) For utterance zh1114M0003, best cost 40.3432 + 4678.77 = 4719.11 over 439 frames.
zh1114M0003 要 三 箱 银桥 红枣 牛奶 少 加糖 灯 
LOG (lattice-best-path[5.3.76~1-26df3]:main():lattice-best-path.cc:99) For utterance zh1114M0004, best cost 27.0985 + 3952.21 = 3979.31 over 372 frames.
zh1114M0004 要 五 箱 银桥 黑谷 牛奶 多 加糖 
LOG (lattice-best-path[5.3.76~1-26df3]:main():lattice-best-path.cc:99) For utterance zh1114M0005, best cost 26.7437 + 4141.44 = 4168.19 over 400 frames.
zh1114M0005 要 四 箱 银桥 核桃 牛奶 少 加糖 
LOG (lattice-best-path[5.3.76~1-26df3]:main():lattice-best-path.cc:99) For utterance zh1114M0006, best cost 9.97142 + 1808.44 = 1818.41 over 190 frames.
zh1114M0006 打开 泵 
LOG (lattice-best-path[5.3.76~1-26df3]:main():lattice-best-path.cc:99) For utterance zh1114M0007, best cost 11.9756 + 2078.69 = 2090.67 over 218 frames.
zh1114M0007 关闭 阀门 
LOG (lattice-best-path[5.3.76~1-26df3]:main():lattice-best-path.cc:99) For utterance zh1114M0008, best cost 20.1275 + 2461.7 = 2481.82 over 247 frames.
zh1114M0008 要 开启 窗帘 
LOG (lattice-best-path[5.3.76~1-26df3]:main():lattice-best-path.cc:99) For utterance zh1114M0009, best cost 10.2634 + 1865.11 = 1875.37 over 199 frames.
zh1114M0009 关掉 泵 
LOG (lattice-best-path[5.3.76~1-26df3]:main():lattice-best-path.cc:99) For utterance zh1115M0001, best cost 33.9051 + 3480.74 = 3514.64 over 333 frames.
zh1115M0001 要 要 四 箱 银桥 核桃 牛奶 多 加糖 
LOG (lattice-best-path[5.3.76~1-26df3]:main():lattice-best-path.cc:99) For utterance zh1115M0002, best cost 29.3408 + 3801.28 = 3830.62 over 362 frames.
zh1115M0002 要 二 箱 银桥 花生 牛奶 少 加糖 
LOG (lattice-best-path[5.3.76~1-26df3]:main():lattice-best-path.cc:99) For utterance zh1115M0003, best cost 26.104 + 3691.49 = 3717.59 over 333 frames.
zh1115M0003 要 四 箱 银桥 红枣 牛奶 不 加糖 
LOG (lattice-best-path[5.3.76~1-26df3]:main():lattice-best-path.cc:99) For utterance zh1115M0004, best cost 26.1717 + 3384.75 = 3410.92 over 324 frames.
zh1115M0004 要 四 箱 银桥 黑谷 牛奶 多 加糖 
LOG (lattice-best-path[5.3.76~1-26df3]:main():lattice-best-path.cc:99) For utterance zh1115M0005, best cost 29.7716 + 3577.61 = 3607.38 over 333 frames.
zh1115M0005 要 箱 银桥 核桃 牛奶 少 加糖 
LOG (lattice-best-path[5.3.76~1-26df3]:main():lattice-best-path.cc:99) For utterance zh1115M0006, best cost 18.6285 + 1369.57 = 1388.2 over 132 frames.
zh1115M0006 要 打开 泵 
LOG (lattice-best-path[5.3.76~1-26df3]:main():lattice-best-path.cc:99) For utterance zh1115M0007, best cost 13.2411 + 1781.53 = 1794.77 over 161 frames.
zh1115M0007 关闭 阀门 
LOG (lattice-best-path[5.3.76~1-26df3]:main():lattice-best-path.cc:99) For utterance zh1115M0008, best cost 34.1339 + 2078.74 = 2112.88 over 199 frames.
zh1115M0008 要 开启 要 灯 
LOG (lattice-best-path[5.3.76~1-26df3]:main():lattice-best-path.cc:99) For utterance zh1115M0009, best cost 11.4985 + 1434.98 = 1446.48 over 142 frames.
zh1115M0009 关掉 灯 
LOG (lattice-best-path[5.3.76~1-26df3]:main():lattice-best-path.cc:99) For utterance zh1116M0001, best cost 29.9743 + 3094.55 = 3124.52 over 285 frames.
zh1116M0001 要 箱 银桥 核桃 牛奶 多 加糖 
LOG (lattice-best-path[5.3.76~1-26df3]:main():lattice-best-path.cc:99) For utterance zh1116M0002, best cost 27.2773 + 3762.98 = 3790.26 over 343 frames.
zh1116M0002 要 四 箱 银桥 花生 牛奶 少 加糖 
LOG (lattice-best-path[5.3.76~1-26df3]:main():lattice-best-path.cc:99) For utterance zh1116M0003, best cost 36.7664 + 3905.54 = 3942.3 over 381 frames.
zh1116M0003 要 二 箱 箱 银桥 红枣 牛奶 不 加糖 
LOG (lattice-best-path[5.3.76~1-26df3]:main():lattice-best-path.cc:99) For utterance zh1116M0004, best cost 26.9607 + 3335.18 = 3362.15 over 314 frames.
zh1116M0004 要 四 箱 银桥 黑谷 牛奶 多 加糖 
LOG (lattice-best-path[5.3.76~1-26df3]:main():lattice-best-path.cc:99) For utterance zh1116M0005, best cost 36.8025 + 3758.9 = 3795.7 over 343 frames.
zh1116M0005 要 四 箱 箱 银桥 核桃 牛奶 少 加糖 
LOG (lattice-best-path[5.3.76~1-26df3]:main():lattice-best-path.cc:99) For utterance zh1116M0006, best cost 19.0818 + 1602.48 = 1621.56 over 142 frames.
zh1116M0006 要 打开 灯 
LOG (lattice-best-path[5.3.76~1-26df3]:main():lattice-best-path.cc:99) For utterance zh1116M0007, best cost 14.0124 + 1884.65 = 1898.66 over 170 frames.
zh1116M0007 关闭 阀门 
LOG (lattice-best-path[5.3.76~1-26df3]:main():lattice-best-path.cc:99) For utterance zh1116M0008, best cost 20.3567 + 1891.66 = 1912.02 over 180 frames.
zh1116M0008 要 开启 窗帘 
LOG (lattice-best-path[5.3.76~1-26df3]:main():lattice-best-path.cc:99) For utterance zh1116M0009, best cost 11.0217 + 1586.71 = 1597.73 over 151 frames.
zh1116M0009 关掉 灯 
LOG (lattice-best-path[5.3.76~1-26df3]:main():lattice-best-path.cc:99) For utterance zh1117M0001, best cost 25.6518 + 3903.42 = 3929.07 over 372 frames.
zh1117M0001 要 四 箱 银桥 核桃 牛奶 少 加糖 
LOG (lattice-best-path[5.3.76~1-26df3]:main():lattice-best-path.cc:99) For utterance zh1117M0002, best cost 30.6488 + 3595.39 = 3626.04 over 333 frames.
zh1117M0002 要 箱 银桥 花生 牛奶 少 加糖 
LOG (lattice-best-path[5.3.76~1-26df3]:main():lattice-best-path.cc:99) For utterance zh1117M0003, best cost 40.3347 + 4675.96 = 4716.3 over 439 frames.
zh1117M0003 要 三 箱 银桥 红枣 牛奶 少 加糖 灯 
LOG (lattice-best-path[5.3.76~1-26df3]:main():lattice-best-path.cc:99) For utterance zh1117M0004, best cost 31.0504 + 3946.19 = 3977.24 over 372 frames.
zh1117M0004 要 箱 银桥 黑谷 牛奶 多 加糖 
LOG (lattice-best-path[5.3.76~1-26df3]:main():lattice-best-path.cc:99) For utterance zh1117M0005, best cost 26.7913 + 4136.13 = 4162.93 over 400 frames.
zh1117M0005 要 四 箱 银桥 核桃 牛奶 少 加糖 
LOG (lattice-best-path[5.3.76~1-26df3]:main():lattice-best-path.cc:99) For utterance zh1117M0006, best cost 10.0371 + 1813.37 = 1823.41 over 190 frames.
zh1117M0006 打开 泵 
LOG (lattice-best-path[5.3.76~1-26df3]:main():lattice-best-path.cc:99) For utterance zh1117M0007, best cost 11.9888 + 2067.26 = 2079.25 over 218 frames.
zh1117M0007 关闭 阀门 
LOG (lattice-best-path[5.3.76~1-26df3]:main():lattice-best-path.cc:99) For utterance zh1117M0008, best cost 20.1225 + 2466.77 = 2486.9 over 247 frames.
zh1117M0008 要 开启 窗帘 
LOG (lattice-best-path[5.3.76~1-26df3]:main():lattice-best-path.cc:99) For utterance zh1117M0009, best cost 10.2947 + 1872.56 = 1882.85 over 199 frames.
zh1117M0009 关掉 泵 
LOG (lattice-best-path[5.3.76~1-26df3]:main():lattice-best-path.cc:99) For utterance zh1118M0001, best cost 33.9814 + 3481.23 = 3515.21 over 333 frames.
zh1118M0001 要 要 四 箱 银桥 核桃 牛奶 多 加糖 
LOG (lattice-best-path[5.3.76~1-26df3]:main():lattice-best-path.cc:99) For utterance zh1118M0002, best cost 29.2301 + 3803.62 = 3832.85 over 362 frames.
zh1118M0002 要 二 箱 银桥 花生 牛奶 少 加糖 
LOG (lattice-best-path[5.3.76~1-26df3]:main():lattice-best-path.cc:99) For utterance zh1118M0003, best cost 26.0888 + 3693.93 = 3720.02 over 333 frames.
zh1118M0003 要 四 箱 银桥 红枣 牛奶 不 加糖 
LOG (lattice-best-path[5.3.76~1-26df3]:main():lattice-best-path.cc:99) For utterance zh1118M0004, best cost 26.1679 + 3387.51 = 3413.68 over 324 frames.
zh1118M0004 要 四 箱 银桥 黑谷 牛奶 多 加糖 
LOG (lattice-best-path[5.3.76~1-26df3]:main():lattice-best-path.cc:99) For utterance zh1118M0005, best cost 29.773 + 3582.76 = 3612.53 over 333 frames.
zh1118M0005 要 箱 银桥 核桃 牛奶 少 加糖 
LOG (lattice-best-path[5.3.76~1-26df3]:main():lattice-best-path.cc:99) For utterance zh1118M0006, best cost 18.6285 + 1369.37 = 1388 over 132 frames.
zh1118M0006 要 打开 泵 
LOG (lattice-best-path[5.3.76~1-26df3]:main():lattice-best-path.cc:99) For utterance zh1118M0007, best cost 13.2431 + 1781.8 = 1795.04 over 161 frames.
zh1118M0007 关闭 阀门 
LOG (lattice-best-path[5.3.76~1-26df3]:main():lattice-best-path.cc:99) For utterance zh1118M0008, best cost 34.1339 + 2079.07 = 2113.2 over 199 frames.
zh1118M0008 要 开启 要 灯 
LOG (lattice-best-path[5.3.76~1-26df3]:main():lattice-best-path.cc:99) For utterance zh1118M0009, best cost 11.4985 + 1432.94 = 1444.44 over 142 frames.
zh1118M0009 关掉 灯 
LOG (lattice-best-path[5.3.76~1-26df3]:main():lattice-best-path.cc:99) For utterance zh1102M0001, best cost 25.6128 + 3901.13 = 3926.74 over 372 frames.
zh1102M0001 要 四 箱 银桥 核桃 牛奶 少 加糖 
LOG (lattice-best-path[5.3.76~1-26df3]:main():lattice-best-path.cc:99) For utterance zh1102M0002, best cost 30.8712 + 3594.64 = 3625.51 over 333 frames.
zh1102M0002 要 箱 银桥 花生 牛奶 少 加糖 
LOG (lattice-best-path[5.3.76~1-26df3]:main():lattice-best-path.cc:99) For utterance zh1102M0003, best cost 40.35 + 4674.28 = 4714.63 over 439 frames.
zh1102M0003 要 三 箱 银桥 红枣 牛奶 少 加糖 灯 
LOG (lattice-best-path[5.3.76~1-26df3]:main():lattice-best-path.cc:99) For utterance zh1102M0004, best cost 31.0456 + 3955.03 = 3986.08 over 372 frames.
zh1102M0004 要 箱 银桥 黑谷 牛奶 多 加糖 
LOG (lattice-best-path[5.3.76~1-26df3]:main():lattice-best-path.cc:99) For utterance zh1102M0005, best cost 26.7899 + 4139.05 = 4165.84 over 400 frames.
zh1102M0005 要 四 箱 银桥 核桃 牛奶 少 加糖 
LOG (lattice-best-path[5.3.76~1-26df3]:main():lattice-best-path.cc:99) For utterance zh1102M0006, best cost 10.0323 + 1794.62 = 1804.65 over 190 frames.
zh1102M0006 打开 泵 
LOG (lattice-best-path[5.3.76~1-26df3]:main():lattice-best-path.cc:99) For utterance zh1102M0007, best cost 11.9909 + 2078.04 = 2090.03 over 218 frames.
zh1102M0007 关闭 阀门 
LOG (lattice-best-path[5.3.76~1-26df3]:main():lattice-best-path.cc:99) For utterance zh1102M0008, best cost 20.13 + 2459.92 = 2480.05 over 247 frames.
zh1102M0008 要 开启 窗帘 
LOG (lattice-best-path[5.3.76~1-26df3]:main():lattice-best-path.cc:99) For utterance zh1102M0009, best cost 10.2683 + 1862.05 = 1872.31 over 199 frames.
zh1102M0009 关掉 泵 
LOG (lattice-best-path[5.3.76~1-26df3]:main():lattice-best-path.cc:99) For utterance zh1103M0001, best cost 34.0135 + 3484.83 = 3518.84 over 333 frames.
zh1103M0001 要 要 四 箱 银桥 核桃 牛奶 多 加糖 
LOG (lattice-best-path[5.3.76~1-26df3]:main():lattice-best-path.cc:99) For utterance zh1103M0002, best cost 29.3366 + 3797.45 = 3826.78 over 362 frames.
zh1103M0002 要 二 箱 银桥 花生 牛奶 少 加糖 
LOG (lattice-best-path[5.3.76~1-26df3]:main():lattice-best-path.cc:99) For utterance zh1103M0003, best cost 26.1169 + 3690.71 = 3716.82 over 333 frames.
zh1103M0003 要 四 箱 银桥 红枣 牛奶 不 加糖 
LOG (lattice-best-path[5.3.76~1-26df3]:main():lattice-best-path.cc:99) For utterance zh1103M0004, best cost 26.2074 + 3385.51 = 3411.71 over 324 frames.
zh1103M0004 要 四 箱 银桥 黑谷 牛奶 多 加糖 
LOG (lattice-best-path[5.3.76~1-26df3]:main():lattice-best-path.cc:99) For utterance zh1103M0005, best cost 29.773 + 3577.69 = 3607.46 over 333 frames.
zh1103M0005 要 箱 银桥 核桃 牛奶 少 加糖 
LOG (lattice-best-path[5.3.76~1-26df3]:main():lattice-best-path.cc:99) For utterance zh1103M0006, best cost 18.6285 + 1367.14 = 1385.77 over 132 frames.
zh1103M0006 要 打开 泵 
LOG (lattice-best-path[5.3.76~1-26df3]:main():lattice-best-path.cc:99) For utterance zh1103M0007, best cost 13.2035 + 1785.41 = 1798.62 over 161 frames.
zh1103M0007 关闭 阀门 
LOG (lattice-best-path[5.3.76~1-26df3]:main():lattice-best-path.cc:99) For utterance zh1103M0008, best cost 34.1016 + 2080.38 = 2114.48 over 199 frames.
zh1103M0008 要 开启 要 灯 
LOG (lattice-best-path[5.3.76~1-26df3]:main():lattice-best-path.cc:99) For utterance zh1103M0009, best cost 11.4955 + 1438.09 = 1449.58 over 142 frames.
zh1103M0009 关掉 灯 
LOG (lattice-best-path[5.3.76~1-26df3]:main():lattice-best-path.cc:99) For utterance zh1104M0001, best cost 29.9743 + 3092.38 = 3122.35 over 285 frames.
zh1104M0001 要 箱 银桥 核桃 牛奶 多 加糖 
LOG (lattice-best-path[5.3.76~1-26df3]:main():lattice-best-path.cc:99) For utterance zh1104M0002, best cost 27.3271 + 3761.21 = 3788.54 over 343 frames.
zh1104M0002 要 四 箱 银桥 花生 牛奶 少 加糖 
LOG (lattice-best-path[5.3.76~1-26df3]:main():lattice-best-path.cc:99) For utterance zh1104M0003, best cost 36.7915 + 3911.89 = 3948.68 over 381 frames.
zh1104M0003 要 二 箱 箱 银桥 红枣 牛奶 不 加糖 
LOG (lattice-best-path[5.3.76~1-26df3]:main():lattice-best-path.cc:99) For utterance zh1104M0004, best cost 26.0464 + 3340.07 = 3366.11 over 314 frames.
zh1104M0004 要 四 箱 银桥 黑谷 牛奶 多 加糖 
LOG (lattice-best-path[5.3.76~1-26df3]:main():lattice-best-path.cc:99) For utterance zh1104M0005, best cost 37.376 + 3758.71 = 3796.08 over 343 frames.
zh1104M0005 要 二 箱 箱 银桥 核桃 牛奶 少 加糖 
LOG (lattice-best-path[5.3.76~1-26df3]:main():lattice-best-path.cc:99) For utterance zh1104M0006, best cost 19.077 + 1606.6 = 1625.68 over 142 frames.
zh1104M0006 要 打开 灯 
LOG (lattice-best-path[5.3.76~1-26df3]:main():lattice-best-path.cc:99) For utterance zh1104M0007, best cost 14.0662 + 1884.69 = 1898.75 over 170 frames.
zh1104M0007 关闭 阀门 
LOG (lattice-best-path[5.3.76~1-26df3]:main():lattice-best-path.cc:99) For utterance zh1104M0008, best cost 20.3927 + 1887.68 = 1908.07 over 180 frames.
zh1104M0008 要 开启 窗帘 
LOG (lattice-best-path[5.3.76~1-26df3]:main():lattice-best-path.cc:99) For utterance zh1104M0009, best cost 11.0217 + 1590.18 = 1601.2 over 151 frames.
zh1104M0009 关掉 灯 
LOG (lattice-best-path[5.3.76~1-26df3]:main():lattice-best-path.cc:99) For utterance zh1105M0001, best cost 25.6128 + 3902.08 = 3927.69 over 372 frames.
zh1105M0001 要 四 箱 银桥 核桃 牛奶 少 加糖 
LOG (lattice-scale[5.3.76~1-26df3]:main():lattice-scale.cc:90) Done 162 lattices.
LOG (lattice-best-path[5.3.76~1-26df3]:main():lattice-best-path.cc:99) For utterance zh1105M0002, best cost 30.8777 + 3601.69 = 3632.57 over 333 frames.
zh1105M0002 要 箱 银桥 花生 牛奶 少 加糖 
LOG (lattice-best-path[5.3.76~1-26df3]:main():lattice-best-path.cc:99) For utterance zh1105M0003, best cost 40.2996 + 4676.36 = 4716.66 over 439 frames.
zh1105M0003 要 三 箱 银桥 红枣 牛奶 少 加糖 灯 
LOG (lattice-best-path[5.3.76~1-26df3]:main():lattice-best-path.cc:99) For utterance zh1105M0004, best cost 31.0504 + 3943.83 = 3974.88 over 372 frames.
zh1105M0004 要 箱 银桥 黑谷 牛奶 多 加糖 
LOG (lattice-best-path[5.3.76~1-26df3]:main():lattice-best-path.cc:99) For utterance zh1105M0005, best cost 26.7899 + 4139.4 = 4166.19 over 400 frames.
zh1105M0005 要 四 箱 银桥 核桃 牛奶 少 加糖 
LOG (lattice-best-path[5.3.76~1-26df3]:main():lattice-best-path.cc:99) For utterance zh1105M0006, best cost 9.97142 + 1815.89 = 1825.86 over 190 frames.
zh1105M0006 打开 泵 
LOG (lattice-best-path[5.3.76~1-26df3]:main():lattice-best-path.cc:99) For utterance zh1105M0007, best cost 12.0237 + 2086.83 = 2098.85 over 218 frames.
zh1105M0007 关闭 阀门 
LOG (lattice-best-path[5.3.76~1-26df3]:main():lattice-best-path.cc:99) For utterance zh1105M0008, best cost 20.0796 + 2459.44 = 2479.52 over 247 frames.
zh1105M0008 要 开启 窗帘 
LOG (lattice-best-path[5.3.76~1-26df3]:main():lattice-best-path.cc:99) For utterance zh1105M0009, best cost 10.2565 + 1872.79 = 1883.04 over 199 frames.
zh1105M0009 关掉 泵 
LOG (lattice-best-path[5.3.76~1-26df3]:main():lattice-best-path.cc:99) For utterance zh1106M0001, best cost 33.819 + 3480.73 = 3514.55 over 333 frames.
zh1106M0001 要 要 四 箱 银桥 核桃 牛奶 多 加糖 
LOG (lattice-best-path[5.3.76~1-26df3]:main():lattice-best-path.cc:99) For utterance zh1106M0002, best cost 29.3408 + 3804.79 = 3834.13 over 362 frames.
zh1106M0002 要 二 箱 银桥 花生 牛奶 少 加糖 
LOG (lattice-best-path[5.3.76~1-26df3]:main():lattice-best-path.cc:99) For utterance zh1106M0003, best cost 26.104 + 3687.93 = 3714.04 over 333 frames.
zh1106M0003 要 四 箱 银桥 红枣 牛奶 不 加糖 
LOG (lattice-best-path[5.3.76~1-26df3]:main():lattice-best-path.cc:99) For utterance zh1106M0004, best cost 26.1636 + 3382.37 = 3408.53 over 324 frames.
zh1106M0004 要 四 箱 银桥 黑谷 牛奶 多 加糖 
LOG (lattice-best-path[5.3.76~1-26df3]:main():lattice-best-path.cc:99) For utterance zh1106M0005, best cost 29.773 + 3579.19 = 3608.97 over 333 frames.
zh1106M0005 要 箱 银桥 核桃 牛奶 少 加糖 
LOG (lattice-best-path[5.3.76~1-26df3]:main():lattice-best-path.cc:99) For utterance zh1106M0006, best cost 18.6285 + 1365.96 = 1384.59 over 132 frames.
zh1106M0006 要 打开 泵 
LOG (lattice-best-path[5.3.76~1-26df3]:main():lattice-best-path.cc:99) For utterance zh1106M0007, best cost 13.2143 + 1776.17 = 1789.39 over 161 frames.
zh1106M0007 关闭 阀门 
LOG (lattice-best-path[5.3.76~1-26df3]:main():lattice-best-path.cc:99) For utterance zh1106M0008, best cost 34.1339 + 2079.76 = 2113.89 over 199 frames.
zh1106M0008 要 开启 要 灯 
LOG (lattice-best-path[5.3.76~1-26df3]:main():lattice-best-path.cc:99) For utterance zh1106M0009, best cost 11.4955 + 1433.37 = 1444.86 over 142 frames.
zh1106M0009 关掉 灯 
LOG (lattice-best-path[5.3.76~1-26df3]:main():lattice-best-path.cc:99) For utterance zh1107M0001, best cost 29.9743 + 3091.4 = 3121.37 over 285 frames.
zh1107M0001 要 箱 银桥 核桃 牛奶 多 加糖 
LOG (lattice-best-path[5.3.76~1-26df3]:main():lattice-best-path.cc:99) For utterance zh1107M0002, best cost 27.2628 + 3762.92 = 3790.18 over 343 frames.
zh1107M0002 要 四 箱 银桥 花生 牛奶 少 加糖 
LOG (lattice-best-path[5.3.76~1-26df3]:main():lattice-best-path.cc:99) For utterance zh1107M0003, best cost 27.4828 + 3920.15 = 3947.63 over 381 frames.
zh1107M0003 要 三 箱 银桥 红枣 牛奶 不 加糖 
LOG (lattice-add-penalty[5.3.76~1-26df3]:main():lattice-add-penalty.cc:62) Done adding word insertion penalty to 162 lattices.
LOG (lattice-best-path[5.3.76~1-26df3]:main():lattice-best-path.cc:99) For utterance zh1107M0004, best cost 26.869 + 3335.37 = 3362.24 over 314 frames.
zh1107M0004 要 四 箱 银桥 黑谷 牛奶 多 加糖 
LOG (lattice-best-path[5.3.76~1-26df3]:main():lattice-best-path.cc:99) For utterance zh1107M0005, best cost 37.3465 + 3758.28 = 3795.62 over 343 frames.
zh1107M0005 要 二 箱 箱 银桥 核桃 牛奶 少 加糖 
LOG (lattice-best-path[5.3.76~1-26df3]:main():lattice-best-path.cc:99) For utterance zh1107M0006, best cost 19.1495 + 1602.32 = 1621.47 over 142 frames.
zh1107M0006 要 打开 灯 
LOG (lattice-best-path[5.3.76~1-26df3]:main():lattice-best-path.cc:99) For utterance zh1107M0007, best cost 14.0392 + 1888.46 = 1902.5 over 170 frames.
zh1107M0007 关闭 阀门 
LOG (lattice-best-path[5.3.76~1-26df3]:main():lattice-best-path.cc:99) For utterance zh1107M0008, best cost 20.4018 + 1890.45 = 1910.85 over 180 frames.
zh1107M0008 要 开启 窗帘 
LOG (lattice-best-path[5.3.76~1-26df3]:main():lattice-best-path.cc:99) For utterance zh1107M0009, best cost 11.0647 + 1587.7 = 1598.76 over 151 frames.
zh1107M0009 关掉 灯 
LOG (lattice-best-path[5.3.76~1-26df3]:main():lattice-best-path.cc:99) For utterance zh1108M0001, best cost 25.6128 + 3903.08 = 3928.7 over 372 frames.
zh1108M0001 要 四 箱 银桥 核桃 牛奶 少 加糖 
LOG (lattice-best-path[5.3.76~1-26df3]:main():lattice-best-path.cc:99) For utterance zh1108M0002, best cost 30.6036 + 3600.18 = 3630.78 over 333 frames.
zh1108M0002 要 箱 银桥 花生 牛奶 少 加糖 
LOG (lattice-best-path[5.3.76~1-26df3]:main():lattice-best-path.cc:99) For utterance zh1108M0003, best cost 40.2971 + 4675.65 = 4715.94 over 439 frames.
zh1108M0003 要 三 箱 银桥 红枣 牛奶 少 加糖 灯 
LOG (lattice-best-path[5.3.76~1-26df3]:main():lattice-best-path.cc:99) For utterance zh1108M0004, best cost 31.0456 + 3947.65 = 3978.7 over 372 frames.
zh1108M0004 要 箱 银桥 黑谷 牛奶 多 加糖 
LOG (lattice-best-path[5.3.76~1-26df3]:main():lattice-best-path.cc:99) For utterance zh1108M0005, best cost 26.7913 + 4137.95 = 4164.74 over 400 frames.
zh1108M0005 要 四 箱 银桥 核桃 牛奶 少 加糖 
LOG (lattice-best-path[5.3.76~1-26df3]:main():lattice-best-path.cc:99) For utterance zh1108M0006, best cost 9.97142 + 1820.82 = 1830.79 over 190 frames.
zh1108M0006 打开 泵 
LOG (lattice-best-path[5.3.76~1-26df3]:main():lattice-best-path.cc:99) For utterance zh1108M0007, best cost 11.983 + 2074.88 = 2086.86 over 218 frames.
zh1108M0007 关闭 阀门 
LOG (lattice-best-path[5.3.76~1-26df3]:main():lattice-best-path.cc:99) For utterance zh1108M0008, best cost 20.1227 + 2458.46 = 2478.58 over 247 frames.
zh1108M0008 要 开启 窗帘 
LOG (lattice-best-path[5.3.76~1-26df3]:main():lattice-best-path.cc:99) For utterance zh1108M0009, best cost 10.2284 + 1867.67 = 1877.9 over 199 frames.
zh1108M0009 关掉 泵 
LOG (lattice-best-path[5.3.76~1-26df3]:main():lattice-best-path.cc:99) For utterance zh1109M0001, best cost 33.8638 + 3482.46 = 3516.32 over 333 frames.
zh1109M0001 要 要 四 箱 银桥 核桃 牛奶 多 加糖 
LOG (lattice-best-path[5.3.76~1-26df3]:main():lattice-best-path.cc:99) For utterance zh1109M0002, best cost 29.292 + 3802.03 = 3831.33 over 362 frames.
zh1109M0002 要 二 箱 银桥 花生 牛奶 少 加糖 
LOG (lattice-best-path[5.3.76~1-26df3]:main():lattice-best-path.cc:99) For utterance zh1109M0003, best cost 26.104 + 3687.25 = 3713.36 over 333 frames.
zh1109M0003 要 四 箱 银桥 红枣 牛奶 不 加糖 
LOG (lattice-best-path[5.3.76~1-26df3]:main():lattice-best-path.cc:99) For utterance zh1109M0004, best cost 26.177 + 3384.46 = 3410.64 over 324 frames.
zh1109M0004 要 四 箱 银桥 黑谷 牛奶 多 加糖 
LOG (lattice-best-path[5.3.76~1-26df3]:main():lattice-best-path.cc:99) For utterance zh1109M0005, best cost 29.773 + 3581.1 = 3610.87 over 333 frames.
zh1109M0005 要 箱 银桥 核桃 牛奶 少 加糖 
LOG (lattice-best-path[5.3.76~1-26df3]:main():lattice-best-path.cc:99) For utterance zh1109M0006, best cost 18.6285 + 1368.07 = 1386.7 over 132 frames.
zh1109M0006 要 打开 泵 
LOG (lattice-best-path[5.3.76~1-26df3]:main():lattice-best-path.cc:99) For utterance zh1109M0007, best cost 13.2343 + 1783.95 = 1797.19 over 161 frames.
zh1109M0007 关闭 阀门 
LOG (lattice-best-path[5.3.76~1-26df3]:main():lattice-best-path.cc:99) For utterance zh1109M0008, best cost 34.1339 + 2078.43 = 2112.56 over 199 frames.
zh1109M0008 要 开启 要 灯 
LOG (lattice-best-path[5.3.76~1-26df3]:main():lattice-best-path.cc:99) For utterance zh1109M0009, best cost 11.4955 + 1432.26 = 1443.76 over 142 frames.
zh1109M0009 关掉 灯 
LOG (lattice-best-path[5.3.76~1-26df3]:main():lattice-best-path.cc:124) Overall cost per frame is 10.6192 = 0.0878386 [graph] + 10.5314 [acoustic] over 44388 frames.
LOG (lattice-best-path[5.3.76~1-26df3]:main():lattice-best-path.cc:128) Done 162 lattices, failed for 0
# Accounting: time=0 threads=1
# Ended (code 0) at Sun Apr  1 15:38:17 CST 2018, elapsed time 0 seconds
