# lattice-scale --inv-acoustic-scale=25 "ark:gunzip -c exp_FG/mono/decode/lat.*.gz|" ark:- | lattice-add-penalty --word-ins-penalty=0.0 ark:- ark:- | lattice-best-path --word-symbol-table=exp_FG/mono/graph/words.txt ark:- ark,t:exp_FG/mono/decode/scoring/25.tra 
# Started at Sun Apr  1 15:38:20 CST 2018
#
lattice-add-penalty --word-ins-penalty=0.0 ark:- ark:- 
lattice-scale --inv-acoustic-scale=25 'ark:gunzip -c exp_FG/mono/decode/lat.*.gz|' ark:- 
lattice-best-path --word-symbol-table=exp_FG/mono/graph/words.txt ark:- ark,t:exp_FG/mono/decode/scoring/25.tra 
LOG (lattice-best-path[5.3.76~1-26df3]:main():lattice-best-path.cc:99) For utterance zh1101M0001, best cost 28.5816 + 1114.2 = 1142.79 over 285 frames.
zh1101M0001 箱 银桥 核桃 牛奶 多 加糖 
LOG (lattice-best-path[5.3.76~1-26df3]:main():lattice-best-path.cc:99) For utterance zh1101M0002, best cost 27.8349 + 1354.46 = 1382.29 over 343 frames.
zh1101M0002 要 四 箱 银桥 花生 牛奶 少 加糖 
LOG (lattice-best-path[5.3.76~1-26df3]:main():lattice-best-path.cc:99) For utterance zh1101M0003, best cost 27.6227 + 1410.48 = 1438.1 over 381 frames.
zh1101M0003 要 二 箱 银桥 红枣 牛奶 不 加糖 
LOG (lattice-best-path[5.3.76~1-26df3]:main():lattice-best-path.cc:99) For utterance zh1101M0004, best cost 26.7446 + 1201.45 = 1228.2 over 314 frames.
zh1101M0004 要 四 箱 银桥 黑谷 牛奶 多 加糖 
LOG (lattice-best-path[5.3.76~1-26df3]:main():lattice-best-path.cc:99) For utterance zh1101M0005, best cost 26.9259 + 1356.2 = 1383.13 over 343 frames.
zh1101M0005 要 四 箱 银桥 核桃 牛奶 少 加糖 
LOG (lattice-best-path[5.3.76~1-26df3]:main():lattice-best-path.cc:99) For utterance zh1101M0006, best cost 10.8884 + 581.636 = 592.525 over 142 frames.
zh1101M0006 开启 灯 
LOG (lattice-best-path[5.3.76~1-26df3]:main():lattice-best-path.cc:99) For utterance zh1101M0007, best cost 14.048 + 679.532 = 693.58 over 170 frames.
zh1101M0007 关闭 阀门 
LOG (lattice-best-path[5.3.76~1-26df3]:main():lattice-best-path.cc:99) For utterance zh1101M0008, best cost 12.172 + 684.675 = 696.847 over 180 frames.
zh1101M0008 开启 窗帘 
LOG (lattice-best-path[5.3.76~1-26df3]:main():lattice-best-path.cc:99) For utterance zh1101M0009, best cost 11.0647 + 570.032 = 581.097 over 151 frames.
zh1101M0009 关掉 灯 
LOG (lattice-best-path[5.3.76~1-26df3]:main():lattice-best-path.cc:99) For utterance zh1110M0001, best cost 28.5816 + 1114.29 = 1142.87 over 285 frames.
zh1110M0001 箱 银桥 核桃 牛奶 多 加糖 
LOG (lattice-best-path[5.3.76~1-26df3]:main():lattice-best-path.cc:99) For utterance zh1110M0002, best cost 27.2724 + 1354.11 = 1381.38 over 343 frames.
zh1110M0002 要 四 箱 银桥 花生 牛奶 少 加糖 
LOG (lattice-best-path[5.3.76~1-26df3]:main():lattice-best-path.cc:99) For utterance zh1110M0003, best cost 27.5092 + 1410.78 = 1438.29 over 381 frames.
zh1110M0003 要 二 箱 银桥 红枣 牛奶 不 加糖 
LOG (lattice-best-path[5.3.76~1-26df3]:main():lattice-best-path.cc:99) For utterance zh1110M0004, best cost 26.0542 + 1201.47 = 1227.53 over 314 frames.
zh1110M0004 要 四 箱 银桥 黑谷 牛奶 多 加糖 
LOG (lattice-best-path[5.3.76~1-26df3]:main():lattice-best-path.cc:99) For utterance zh1110M0005, best cost 26.7043 + 1356.6 = 1383.31 over 343 frames.
zh1110M0005 要 四 箱 银桥 核桃 牛奶 少 加糖 
LOG (lattice-best-path[5.3.76~1-26df3]:main():lattice-best-path.cc:99) For utterance zh1110M0006, best cost 10.8993 + 581.639 = 592.538 over 142 frames.
zh1110M0006 开启 灯 
LOG (lattice-best-path[5.3.76~1-26df3]:main():lattice-best-path.cc:99) For utterance zh1110M0007, best cost 14.0135 + 679.169 = 693.182 over 170 frames.
zh1110M0007 关闭 阀门 
LOG (lattice-best-path[5.3.76~1-26df3]:main():lattice-best-path.cc:99) For utterance zh1110M0008, best cost 12.1504 + 684.304 = 696.455 over 180 frames.
zh1110M0008 开启 窗帘 
LOG (lattice-best-path[5.3.76~1-26df3]:main():lattice-best-path.cc:99) For utterance zh1110M0009, best cost 11.0217 + 571.962 = 582.983 over 151 frames.
zh1110M0009 关掉 灯 
LOG (lattice-best-path[5.3.76~1-26df3]:main():lattice-best-path.cc:99) For utterance zh1111M0001, best cost 25.6518 + 1404.57 = 1430.22 over 372 frames.
zh1111M0001 要 四 箱 银桥 核桃 牛奶 少 加糖 
LOG (lattice-best-path[5.3.76~1-26df3]:main():lattice-best-path.cc:99) For utterance zh1111M0002, best cost 26.7449 + 1297.85 = 1324.59 over 333 frames.
zh1111M0002 要 四 箱 银桥 花生 牛奶 少 加糖 
LOG (lattice-best-path[5.3.76~1-26df3]:main():lattice-best-path.cc:99) For utterance zh1111M0003, best cost 40.2977 + 1688.09 = 1728.39 over 439 frames.
zh1111M0003 要 三 箱 银桥 红枣 牛奶 少 加糖 灯 
LOG (lattice-best-path[5.3.76~1-26df3]:main():lattice-best-path.cc:99) For utterance zh1111M0004, best cost 27.0191 + 1422.35 = 1449.37 over 372 frames.
zh1111M0004 要 四 箱 银桥 黑谷 牛奶 多 加糖 
LOG (lattice-best-path[5.3.76~1-26df3]:main():lattice-best-path.cc:99) For utterance zh1111M0005, best cost 26.7913 + 1491.22 = 1518.01 over 400 frames.
zh1111M0005 要 四 箱 银桥 核桃 牛奶 少 加糖 
LOG (lattice-best-path[5.3.76~1-26df3]:main():lattice-best-path.cc:99) For utterance zh1111M0006, best cost 10.0371 + 650.999 = 661.036 over 190 frames.
zh1111M0006 打开 泵 
LOG (lattice-best-path[5.3.76~1-26df3]:main():lattice-best-path.cc:99) For utterance zh1111M0007, best cost 11.9868 + 742.109 = 754.096 over 218 frames.
zh1111M0007 关闭 阀门 
LOG (lattice-best-path[5.3.76~1-26df3]:main():lattice-best-path.cc:99) For utterance zh1111M0008, best cost 12.069 + 888.734 = 900.803 over 247 frames.
zh1111M0008 开启 窗帘 
LOG (lattice-best-path[5.3.76~1-26df3]:main():lattice-best-path.cc:99) For utterance zh1111M0009, best cost 10.2683 + 670.326 = 680.594 over 199 frames.
zh1111M0009 关掉 泵 
LOG (lattice-best-path[5.3.76~1-26df3]:main():lattice-best-path.cc:99) For utterance zh1112M0001, best cost 26.3805 + 1258.8 = 1285.18 over 333 frames.
zh1112M0001 要 四 箱 银桥 核桃 牛奶 多 加糖 
LOG (lattice-best-path[5.3.76~1-26df3]:main():lattice-best-path.cc:99) For utterance zh1112M0002, best cost 29.3366 + 1367.08 = 1396.42 over 362 frames.
zh1112M0002 要 二 箱 银桥 花生 牛奶 少 加糖 
LOG (lattice-best-path[5.3.76~1-26df3]:main():lattice-best-path.cc:99) For utterance zh1112M0003, best cost 26.1169 + 1328.65 = 1354.77 over 333 frames.
zh1112M0003 要 四 箱 银桥 红枣 牛奶 不 加糖 
LOG (lattice-best-path[5.3.76~1-26df3]:main():lattice-best-path.cc:99) For utterance zh1112M0004, best cost 26.2074 + 1218.78 = 1244.99 over 324 frames.
zh1112M0004 要 四 箱 银桥 黑谷 牛奶 多 加糖 
LOG (lattice-best-path[5.3.76~1-26df3]:main():lattice-best-path.cc:99) For utterance zh1112M0005, best cost 25.6402 + 1290.58 = 1316.22 over 333 frames.
zh1112M0005 要 四 箱 银桥 核桃 牛奶 少 加糖 
LOG (lattice-best-path[5.3.76~1-26df3]:main():lattice-best-path.cc:99) For utterance zh1112M0006, best cost 10.3442 + 497.494 = 507.838 over 132 frames.
zh1112M0006 打开 泵 
LOG (lattice-best-path[5.3.76~1-26df3]:main():lattice-best-path.cc:99) For utterance zh1112M0007, best cost 13.2035 + 642.749 = 655.953 over 161 frames.
zh1112M0007 关闭 阀门 
LOG (lattice-best-path[5.3.76~1-26df3]:main():lattice-best-path.cc:99) For utterance zh1112M0008, best cost 11.1641 + 760.792 = 771.956 over 199 frames.
zh1112M0008 开启 灯 
LOG (lattice-best-path[5.3.76~1-26df3]:main():lattice-best-path.cc:99) For utterance zh1112M0009, best cost 11.4955 + 517.711 = 529.206 over 142 frames.
zh1112M0009 关掉 灯 
LOG (lattice-best-path[5.3.76~1-26df3]:main():lattice-best-path.cc:99) For utterance zh1113M0001, best cost 28.5998 + 1113.91 = 1142.51 over 285 frames.
zh1113M0001 箱 银桥 核桃 牛奶 多 加糖 
LOG (lattice-best-path[5.3.76~1-26df3]:main():lattice-best-path.cc:99) For utterance zh1113M0002, best cost 27.3271 + 1354.06 = 1381.39 over 343 frames.
zh1113M0002 要 四 箱 银桥 花生 牛奶 少 加糖 
LOG (lattice-best-path[5.3.76~1-26df3]:main():lattice-best-path.cc:99) For utterance zh1113M0003, best cost 27.142 + 1412.29 = 1439.43 over 381 frames.
zh1113M0003 要 四 箱 银桥 红枣 牛奶 不 加糖 
LOG (lattice-best-path[5.3.76~1-26df3]:main():lattice-best-path.cc:99) For utterance zh1113M0004, best cost 26.0464 + 1202.44 = 1228.49 over 314 frames.
zh1113M0004 要 四 箱 银桥 黑谷 牛奶 多 加糖 
LOG (lattice-best-path[5.3.76~1-26df3]:main():lattice-best-path.cc:99) For utterance zh1113M0005, best cost 26.9259 + 1357.25 = 1384.18 over 343 frames.
zh1113M0005 要 四 箱 银桥 核桃 牛奶 少 加糖 
LOG (lattice-best-path[5.3.76~1-26df3]:main():lattice-best-path.cc:99) For utterance zh1113M0006, best cost 10.8993 + 582.63 = 593.529 over 142 frames.
zh1113M0006 开启 灯 
LOG (lattice-best-path[5.3.76~1-26df3]:main():lattice-best-path.cc:99) For utterance zh1113M0007, best cost 14.0574 + 678.552 = 692.609 over 170 frames.
zh1113M0007 关闭 阀门 
LOG (lattice-best-path[5.3.76~1-26df3]:main():lattice-best-path.cc:99) For utterance zh1113M0008, best cost 12.1525 + 684.954 = 697.107 over 180 frames.
zh1113M0008 开启 窗帘 
LOG (lattice-best-path[5.3.76~1-26df3]:main():lattice-best-path.cc:99) For utterance zh1113M0009, best cost 11.0207 + 571.102 = 582.122 over 151 frames.
zh1113M0009 关掉 灯 
LOG (lattice-best-path[5.3.76~1-26df3]:main():lattice-best-path.cc:99) For utterance zh1114M0001, best cost 25.7608 + 1405.67 = 1431.43 over 372 frames.
zh1114M0001 要 四 箱 银桥 核桃 牛奶 少 加糖 
LOG (lattice-best-path[5.3.76~1-26df3]:main():lattice-best-path.cc:99) For utterance zh1114M0002, best cost 26.4708 + 1299.16 = 1325.63 over 333 frames.
zh1114M0002 要 四 箱 银桥 花生 牛奶 少 加糖 
LOG (lattice-best-path[5.3.76~1-26df3]:main():lattice-best-path.cc:99) For utterance zh1114M0003, best cost 40.3432 + 1684.36 = 1724.7 over 439 frames.
zh1114M0003 要 三 箱 银桥 红枣 牛奶 少 加糖 灯 
LOG (lattice-best-path[5.3.76~1-26df3]:main():lattice-best-path.cc:99) For utterance zh1114M0004, best cost 27.0985 + 1422.8 = 1449.9 over 372 frames.
zh1114M0004 要 五 箱 银桥 黑谷 牛奶 多 加糖 
LOG (lattice-best-path[5.3.76~1-26df3]:main():lattice-best-path.cc:99) For utterance zh1114M0005, best cost 26.7437 + 1490.92 = 1517.66 over 400 frames.
zh1114M0005 要 四 箱 银桥 核桃 牛奶 少 加糖 
LOG (lattice-best-path[5.3.76~1-26df3]:main():lattice-best-path.cc:99) For utterance zh1114M0006, best cost 9.97142 + 651.038 = 661.009 over 190 frames.
zh1114M0006 打开 泵 
LOG (lattice-best-path[5.3.76~1-26df3]:main():lattice-best-path.cc:99) For utterance zh1114M0007, best cost 11.9756 + 748.329 = 760.304 over 218 frames.
zh1114M0007 关闭 阀门 
LOG (lattice-best-path[5.3.76~1-26df3]:main():lattice-best-path.cc:99) For utterance zh1114M0008, best cost 12.069 + 889.218 = 901.287 over 247 frames.
zh1114M0008 开启 窗帘 
LOG (lattice-best-path[5.3.76~1-26df3]:main():lattice-best-path.cc:99) For utterance zh1114M0009, best cost 10.2634 + 671.44 = 681.703 over 199 frames.
zh1114M0009 关掉 泵 
LOG (lattice-best-path[5.3.76~1-26df3]:main():lattice-best-path.cc:99) For utterance zh1115M0001, best cost 26.2721 + 1257.53 = 1283.8 over 333 frames.
zh1115M0001 要 四 箱 银桥 核桃 牛奶 多 加糖 
LOG (lattice-best-path[5.3.76~1-26df3]:main():lattice-best-path.cc:99) For utterance zh1115M0002, best cost 29.3408 + 1368.46 = 1397.8 over 362 frames.
zh1115M0002 要 二 箱 银桥 花生 牛奶 少 加糖 
LOG (lattice-best-path[5.3.76~1-26df3]:main():lattice-best-path.cc:99) For utterance zh1115M0003, best cost 26.104 + 1328.94 = 1355.04 over 333 frames.
zh1115M0003 要 四 箱 银桥 红枣 牛奶 不 加糖 
LOG (lattice-best-path[5.3.76~1-26df3]:main():lattice-best-path.cc:99) For utterance zh1115M0004, best cost 26.1717 + 1218.51 = 1244.68 over 324 frames.
zh1115M0004 要 四 箱 银桥 黑谷 牛奶 多 加糖 
LOG (lattice-best-path[5.3.76~1-26df3]:main():lattice-best-path.cc:99) For utterance zh1115M0005, best cost 25.6388 + 1290.37 = 1316.01 over 333 frames.
zh1115M0005 要 四 箱 银桥 核桃 牛奶 少 加糖 
LOG (lattice-best-path[5.3.76~1-26df3]:main():lattice-best-path.cc:99) For utterance zh1115M0006, best cost 10.3442 + 498.201 = 508.545 over 132 frames.
zh1115M0006 打开 泵 
LOG (lattice-best-path[5.3.76~1-26df3]:main():lattice-best-path.cc:99) For utterance zh1115M0007, best cost 13.2411 + 641.35 = 654.591 over 161 frames.
zh1115M0007 关闭 阀门 
LOG (lattice-best-path[5.3.76~1-26df3]:main():lattice-best-path.cc:99) For utterance zh1115M0008, best cost 11.1965 + 760.073 = 771.27 over 199 frames.
zh1115M0008 开启 灯 
LOG (lattice-best-path[5.3.76~1-26df3]:main():lattice-best-path.cc:99) For utterance zh1115M0009, best cost 11.4985 + 516.592 = 528.091 over 142 frames.
zh1115M0009 关掉 灯 
LOG (lattice-best-path[5.3.76~1-26df3]:main():lattice-best-path.cc:99) For utterance zh1116M0001, best cost 28.5998 + 1114.77 = 1143.37 over 285 frames.
zh1116M0001 箱 银桥 核桃 牛奶 多 加糖 
LOG (lattice-best-path[5.3.76~1-26df3]:main():lattice-best-path.cc:99) For utterance zh1116M0002, best cost 27.2773 + 1354.67 = 1381.95 over 343 frames.
zh1116M0002 要 四 箱 银桥 花生 牛奶 少 加糖 
LOG (lattice-best-path[5.3.76~1-26df3]:main():lattice-best-path.cc:99) For utterance zh1116M0003, best cost 27.5618 + 1409.44 = 1437 over 381 frames.
zh1116M0003 要 三 箱 银桥 红枣 牛奶 不 加糖 
LOG (lattice-best-path[5.3.76~1-26df3]:main():lattice-best-path.cc:99) For utterance zh1116M0004, best cost 26.9607 + 1200.67 = 1227.63 over 314 frames.
zh1116M0004 要 四 箱 银桥 黑谷 牛奶 多 加糖 
LOG (lattice-best-path[5.3.76~1-26df3]:main():lattice-best-path.cc:99) For utterance zh1116M0005, best cost 26.742 + 1356.94 = 1383.68 over 343 frames.
zh1116M0005 要 四 箱 银桥 核桃 牛奶 少 加糖 
LOG (lattice-best-path[5.3.76~1-26df3]:main():lattice-best-path.cc:99) For utterance zh1116M0006, best cost 10.9422 + 581.069 = 592.011 over 142 frames.
zh1116M0006 开启 灯 
LOG (lattice-best-path[5.3.76~1-26df3]:main():lattice-best-path.cc:99) For utterance zh1116M0007, best cost 14.0124 + 678.474 = 692.487 over 170 frames.
zh1116M0007 关闭 阀门 
LOG (lattice-best-path[5.3.76~1-26df3]:main():lattice-best-path.cc:99) For utterance zh1116M0008, best cost 12.0965 + 685.668 = 697.764 over 180 frames.
zh1116M0008 开启 窗帘 
LOG (lattice-best-path[5.3.76~1-26df3]:main():lattice-best-path.cc:99) For utterance zh1116M0009, best cost 11.0217 + 571.214 = 582.236 over 151 frames.
zh1116M0009 关掉 灯 
LOG (lattice-best-path[5.3.76~1-26df3]:main():lattice-best-path.cc:99) For utterance zh1117M0001, best cost 25.6518 + 1405.23 = 1430.88 over 372 frames.
zh1117M0001 要 四 箱 银桥 核桃 牛奶 少 加糖 
LOG (lattice-best-path[5.3.76~1-26df3]:main():lattice-best-path.cc:99) For utterance zh1117M0002, best cost 26.516 + 1296.9 = 1323.42 over 333 frames.
zh1117M0002 要 四 箱 银桥 花生 牛奶 少 加糖 
LOG (lattice-best-path[5.3.76~1-26df3]:main():lattice-best-path.cc:99) For utterance zh1117M0003, best cost 40.3347 + 1683.35 = 1723.68 over 439 frames.
zh1117M0003 要 三 箱 银桥 红枣 牛奶 少 加糖 灯 
LOG (lattice-best-path[5.3.76~1-26df3]:main():lattice-best-path.cc:99) For utterance zh1117M0004, best cost 27.1033 + 1422.44 = 1449.54 over 372 frames.
zh1117M0004 要 五 箱 银桥 黑谷 牛奶 多 加糖 
LOG (lattice-best-path[5.3.76~1-26df3]:main():lattice-best-path.cc:99) For utterance zh1117M0005, best cost 26.7913 + 1489.01 = 1515.8 over 400 frames.
zh1117M0005 要 四 箱 银桥 核桃 牛奶 少 加糖 
LOG (lattice-best-path[5.3.76~1-26df3]:main():lattice-best-path.cc:99) For utterance zh1117M0006, best cost 10.0371 + 652.814 = 662.851 over 190 frames.
zh1117M0006 打开 泵 
LOG (lattice-best-path[5.3.76~1-26df3]:main():lattice-best-path.cc:99) For utterance zh1117M0007, best cost 11.9888 + 744.215 = 756.204 over 218 frames.
zh1117M0007 关闭 阀门 
LOG (lattice-best-path[5.3.76~1-26df3]:main():lattice-best-path.cc:99) For utterance zh1117M0008, best cost 12.1401 + 891.364 = 903.504 over 247 frames.
zh1117M0008 开启 窗帘 
LOG (lattice-best-path[5.3.76~1-26df3]:main():lattice-best-path.cc:99) For utterance zh1117M0009, best cost 10.2947 + 674.121 = 684.416 over 199 frames.
zh1117M0009 关掉 泵 
LOG (lattice-best-path[5.3.76~1-26df3]:main():lattice-best-path.cc:99) For utterance zh1118M0001, best cost 26.3484 + 1257.67 = 1284.02 over 333 frames.
zh1118M0001 要 四 箱 银桥 核桃 牛奶 多 加糖 
LOG (lattice-best-path[5.3.76~1-26df3]:main():lattice-best-path.cc:99) For utterance zh1118M0002, best cost 29.2301 + 1369.3 = 1398.53 over 362 frames.
zh1118M0002 要 二 箱 银桥 花生 牛奶 少 加糖 
LOG (lattice-best-path[5.3.76~1-26df3]:main():lattice-best-path.cc:99) For utterance zh1118M0003, best cost 26.0888 + 1329.81 = 1355.9 over 333 frames.
zh1118M0003 要 四 箱 银桥 红枣 牛奶 不 加糖 
LOG (lattice-best-path[5.3.76~1-26df3]:main():lattice-best-path.cc:99) For utterance zh1118M0004, best cost 26.1679 + 1219.5 = 1245.67 over 324 frames.
zh1118M0004 要 四 箱 银桥 黑谷 牛奶 多 加糖 
LOG (lattice-best-path[5.3.76~1-26df3]:main():lattice-best-path.cc:99) For utterance zh1118M0005, best cost 25.6402 + 1292.14 = 1317.78 over 333 frames.
zh1118M0005 要 四 箱 银桥 核桃 牛奶 少 加糖 
LOG (lattice-best-path[5.3.76~1-26df3]:main():lattice-best-path.cc:99) For utterance zh1118M0006, best cost 10.3442 + 498.451 = 508.795 over 132 frames.
zh1118M0006 打开 泵 
LOG (lattice-best-path[5.3.76~1-26df3]:main():lattice-best-path.cc:99) For utterance zh1118M0007, best cost 13.2431 + 641.448 = 654.691 over 161 frames.
zh1118M0007 关闭 阀门 
LOG (lattice-best-path[5.3.76~1-26df3]:main():lattice-best-path.cc:99) For utterance zh1118M0008, best cost 11.1965 + 760.042 = 771.239 over 199 frames.
zh1118M0008 开启 灯 
LOG (lattice-best-path[5.3.76~1-26df3]:main():lattice-best-path.cc:99) For utterance zh1118M0009, best cost 11.4985 + 515.857 = 527.356 over 142 frames.
zh1118M0009 关掉 灯 
LOG (lattice-best-path[5.3.76~1-26df3]:main():lattice-best-path.cc:99) For utterance zh1102M0001, best cost 25.6128 + 1404.41 = 1430.02 over 372 frames.
zh1102M0001 要 四 箱 银桥 核桃 牛奶 少 加糖 
LOG (lattice-best-path[5.3.76~1-26df3]:main():lattice-best-path.cc:99) For utterance zh1102M0002, best cost 26.7384 + 1296.59 = 1323.33 over 333 frames.
zh1102M0002 要 四 箱 银桥 花生 牛奶 少 加糖 
LOG (lattice-best-path[5.3.76~1-26df3]:main():lattice-best-path.cc:99) For utterance zh1102M0003, best cost 40.35 + 1682.74 = 1723.09 over 439 frames.
zh1102M0003 要 三 箱 银桥 红枣 牛奶 少 加糖 灯 
LOG (lattice-best-path[5.3.76~1-26df3]:main():lattice-best-path.cc:99) For utterance zh1102M0004, best cost 27.0191 + 1426 = 1453.02 over 372 frames.
zh1102M0004 要 四 箱 银桥 黑谷 牛奶 多 加糖 
LOG (lattice-best-path[5.3.76~1-26df3]:main():lattice-best-path.cc:99) For utterance zh1102M0005, best cost 26.7899 + 1490.06 = 1516.85 over 400 frames.
zh1102M0005 要 四 箱 银桥 核桃 牛奶 少 加糖 
LOG (lattice-best-path[5.3.76~1-26df3]:main():lattice-best-path.cc:99) For utterance zh1102M0006, best cost 10.0323 + 646.063 = 656.095 over 190 frames.
zh1102M0006 打开 泵 
LOG (lattice-best-path[5.3.76~1-26df3]:main():lattice-best-path.cc:99) For utterance zh1102M0007, best cost 11.9909 + 748.095 = 760.086 over 218 frames.
zh1102M0007 关闭 阀门 
LOG (lattice-best-path[5.3.76~1-26df3]:main():lattice-best-path.cc:99) For utterance zh1102M0008, best cost 12.069 + 888.57 = 900.639 over 247 frames.
zh1102M0008 开启 窗帘 
LOG (lattice-best-path[5.3.76~1-26df3]:main():lattice-best-path.cc:99) For utterance zh1102M0009, best cost 10.2683 + 670.336 = 680.605 over 199 frames.
zh1102M0009 关掉 泵 
LOG (lattice-best-path[5.3.76~1-26df3]:main():lattice-best-path.cc:99) For utterance zh1103M0001, best cost 26.3805 + 1258.8 = 1285.18 over 333 frames.
zh1103M0001 要 四 箱 银桥 核桃 牛奶 多 加糖 
LOG (lattice-best-path[5.3.76~1-26df3]:main():lattice-best-path.cc:99) For utterance zh1103M0002, best cost 29.3366 + 1367.08 = 1396.42 over 362 frames.
zh1103M0002 要 二 箱 银桥 花生 牛奶 少 加糖 
LOG (lattice-best-path[5.3.76~1-26df3]:main():lattice-best-path.cc:99) For utterance zh1103M0003, best cost 26.1169 + 1328.65 = 1354.77 over 333 frames.
zh1103M0003 要 四 箱 银桥 红枣 牛奶 不 加糖 
LOG (lattice-best-path[5.3.76~1-26df3]:main():lattice-best-path.cc:99) For utterance zh1103M0004, best cost 26.2074 + 1218.78 = 1244.99 over 324 frames.
zh1103M0004 要 四 箱 银桥 黑谷 牛奶 多 加糖 
LOG (lattice-best-path[5.3.76~1-26df3]:main():lattice-best-path.cc:99) For utterance zh1103M0005, best cost 25.6402 + 1290.58 = 1316.22 over 333 frames.
zh1103M0005 要 四 箱 银桥 核桃 牛奶 少 加糖 
LOG (lattice-best-path[5.3.76~1-26df3]:main():lattice-best-path.cc:99) For utterance zh1103M0006, best cost 10.3442 + 497.494 = 507.838 over 132 frames.
zh1103M0006 打开 泵 
LOG (lattice-best-path[5.3.76~1-26df3]:main():lattice-best-path.cc:99) For utterance zh1103M0007, best cost 13.2035 + 642.749 = 655.953 over 161 frames.
zh1103M0007 关闭 阀门 
LOG (lattice-best-path[5.3.76~1-26df3]:main():lattice-best-path.cc:99) For utterance zh1103M0008, best cost 11.1641 + 760.792 = 771.956 over 199 frames.
zh1103M0008 开启 灯 
LOG (lattice-best-path[5.3.76~1-26df3]:main():lattice-best-path.cc:99) For utterance zh1103M0009, best cost 11.4955 + 517.711 = 529.206 over 142 frames.
zh1103M0009 关掉 灯 
LOG (lattice-best-path[5.3.76~1-26df3]:main():lattice-best-path.cc:99) For utterance zh1104M0001, best cost 28.5998 + 1113.93 = 1142.53 over 285 frames.
zh1104M0001 箱 银桥 核桃 牛奶 多 加糖 
LOG (lattice-best-path[5.3.76~1-26df3]:main():lattice-best-path.cc:99) For utterance zh1104M0002, best cost 27.3271 + 1354.04 = 1381.36 over 343 frames.
zh1104M0002 要 四 箱 银桥 花生 牛奶 少 加糖 
LOG (lattice-best-path[5.3.76~1-26df3]:main():lattice-best-path.cc:99) For utterance zh1104M0003, best cost 27.142 + 1412.29 = 1439.43 over 381 frames.
zh1104M0003 要 四 箱 银桥 红枣 牛奶 不 加糖 
LOG (lattice-best-path[5.3.76~1-26df3]:main():lattice-best-path.cc:99) For utterance zh1104M0004, best cost 26.0464 + 1202.42 = 1228.47 over 314 frames.
zh1104M0004 要 四 箱 银桥 黑谷 牛奶 多 加糖 
LOG (lattice-best-path[5.3.76~1-26df3]:main():lattice-best-path.cc:99) For utterance zh1104M0005, best cost 26.9259 + 1357.25 = 1384.17 over 343 frames.
zh1104M0005 要 四 箱 银桥 核桃 牛奶 少 加糖 
LOG (lattice-best-path[5.3.76~1-26df3]:main():lattice-best-path.cc:99) For utterance zh1104M0006, best cost 10.8993 + 582.61 = 593.509 over 142 frames.
zh1104M0006 开启 灯 
LOG (lattice-best-path[5.3.76~1-26df3]:main():lattice-best-path.cc:99) For utterance zh1104M0007, best cost 14.0662 + 678.488 = 692.554 over 170 frames.
zh1104M0007 关闭 阀门 
LOG (lattice-best-path[5.3.76~1-26df3]:main():lattice-best-path.cc:99) For utterance zh1104M0008, best cost 12.1276 + 684.206 = 696.333 over 180 frames.
zh1104M0008 开启 窗帘 
LOG (lattice-best-path[5.3.76~1-26df3]:main():lattice-best-path.cc:99) For utterance zh1104M0009, best cost 11.0217 + 572.464 = 583.486 over 151 frames.
zh1104M0009 关掉 灯 
LOG (lattice-best-path[5.3.76~1-26df3]:main():lattice-best-path.cc:99) For utterance zh1105M0001, best cost 25.6128 + 1404.75 = 1430.36 over 372 frames.
zh1105M0001 要 四 箱 银桥 核桃 牛奶 少 加糖 
LOG (lattice-scale[5.3.76~1-26df3]:main():lattice-scale.cc:90) Done 162 lattices.
LOG (lattice-best-path[5.3.76~1-26df3]:main():lattice-best-path.cc:99) For utterance zh1105M0002, best cost 26.7449 + 1299.2 = 1325.95 over 333 frames.
zh1105M0002 要 四 箱 银桥 花生 牛奶 少 加糖 
LOG (lattice-best-path[5.3.76~1-26df3]:main():lattice-best-path.cc:99) For utterance zh1105M0003, best cost 40.2996 + 1683.49 = 1723.79 over 439 frames.
zh1105M0003 要 三 箱 银桥 红枣 牛奶 少 加糖 灯 
LOG (lattice-best-path[5.3.76~1-26df3]:main():lattice-best-path.cc:99) For utterance zh1105M0004, best cost 27.0239 + 1421.83 = 1448.86 over 372 frames.
zh1105M0004 要 四 箱 银桥 黑谷 牛奶 多 加糖 
LOG (lattice-best-path[5.3.76~1-26df3]:main():lattice-best-path.cc:99) For utterance zh1105M0005, best cost 26.7899 + 1490.19 = 1516.98 over 400 frames.
zh1105M0005 要 四 箱 银桥 核桃 牛奶 少 加糖 
LOG (lattice-best-path[5.3.76~1-26df3]:main():lattice-best-path.cc:99) For utterance zh1105M0006, best cost 9.97142 + 653.719 = 663.691 over 190 frames.
zh1105M0006 打开 泵 
LOG (lattice-best-path[5.3.76~1-26df3]:main():lattice-best-path.cc:99) For utterance zh1105M0007, best cost 12.0237 + 751.258 = 763.282 over 218 frames.
zh1105M0007 关闭 阀门 
LOG (lattice-best-path[5.3.76~1-26df3]:main():lattice-best-path.cc:99) For utterance zh1105M0008, best cost 12.069 + 889.222 = 901.291 over 247 frames.
zh1105M0008 开启 窗帘 
LOG (lattice-best-path[5.3.76~1-26df3]:main():lattice-best-path.cc:99) For utterance zh1105M0009, best cost 10.2565 + 674.203 = 684.459 over 199 frames.
zh1105M0009 关掉 泵 
LOG (lattice-best-path[5.3.76~1-26df3]:main():lattice-best-path.cc:99) For utterance zh1106M0001, best cost 26.318 + 1257.29 = 1283.61 over 333 frames.
zh1106M0001 要 四 箱 银桥 核桃 牛奶 多 加糖 
LOG (lattice-best-path[5.3.76~1-26df3]:main():lattice-best-path.cc:99) For utterance zh1106M0002, best cost 29.3408 + 1369.72 = 1399.07 over 362 frames.
zh1106M0002 要 二 箱 银桥 花生 牛奶 少 加糖 
LOG (lattice-best-path[5.3.76~1-26df3]:main():lattice-best-path.cc:99) For utterance zh1106M0003, best cost 26.104 + 1327.66 = 1353.76 over 333 frames.
zh1106M0003 要 四 箱 银桥 红枣 牛奶 不 加糖 
LOG (lattice-best-path[5.3.76~1-26df3]:main():lattice-best-path.cc:99) For utterance zh1106M0004, best cost 26.1636 + 1217.65 = 1243.82 over 324 frames.
zh1106M0004 要 四 箱 银桥 黑谷 牛奶 多 加糖 
LOG (lattice-best-path[5.3.76~1-26df3]:main():lattice-best-path.cc:99) For utterance zh1106M0005, best cost 25.6402 + 1290.97 = 1316.61 over 333 frames.
zh1106M0005 要 四 箱 银桥 核桃 牛奶 少 加糖 
LOG (lattice-best-path[5.3.76~1-26df3]:main():lattice-best-path.cc:99) For utterance zh1106M0006, best cost 10.3442 + 497.26 = 507.604 over 132 frames.
zh1106M0006 打开 泵 
LOG (lattice-best-path[5.3.76~1-26df3]:main():lattice-best-path.cc:99) For utterance zh1106M0007, best cost 13.2143 + 639.422 = 652.637 over 161 frames.
zh1106M0007 关闭 阀门 
LOG (lattice-best-path[5.3.76~1-26df3]:main():lattice-best-path.cc:99) For utterance zh1106M0008, best cost 11.1965 + 760.615 = 771.812 over 199 frames.
zh1106M0008 开启 灯 
LOG (lattice-best-path[5.3.76~1-26df3]:main():lattice-best-path.cc:99) For utterance zh1106M0009, best cost 11.4955 + 516.013 = 527.508 over 142 frames.
zh1106M0009 关掉 灯 
LOG (lattice-best-path[5.3.76~1-26df3]:main():lattice-best-path.cc:99) For utterance zh1107M0001, best cost 28.606 + 1113.97 = 1142.57 over 285 frames.
zh1107M0001 箱 银桥 核桃 牛奶 多 加糖 
LOG (lattice-best-path[5.3.76~1-26df3]:main():lattice-best-path.cc:99) For utterance zh1107M0002, best cost 27.2628 + 1354.65 = 1381.91 over 343 frames.
zh1107M0002 要 四 箱 银桥 花生 牛奶 少 加糖 
LOG (lattice-best-path[5.3.76~1-26df3]:main():lattice-best-path.cc:99) For utterance zh1107M0003, best cost 27.4828 + 1411.25 = 1438.74 over 381 frames.
zh1107M0003 要 三 箱 银桥 红枣 牛奶 不 加糖 
LOG (lattice-add-penalty[5.3.76~1-26df3]:main():lattice-add-penalty.cc:62) Done adding word insertion penalty to 162 lattices.
LOG (lattice-best-path[5.3.76~1-26df3]:main():lattice-best-path.cc:99) For utterance zh1107M0004, best cost 26.869 + 1200.73 = 1227.6 over 314 frames.
zh1107M0004 要 四 箱 银桥 黑谷 牛奶 多 加糖 
LOG (lattice-best-path[5.3.76~1-26df3]:main():lattice-best-path.cc:99) For utterance zh1107M0005, best cost 26.933 + 1357.06 = 1384 over 343 frames.
zh1107M0005 要 四 箱 银桥 核桃 牛奶 少 加糖 
LOG (lattice-best-path[5.3.76~1-26df3]:main():lattice-best-path.cc:99) For utterance zh1107M0006, best cost 10.8455 + 581.664 = 592.51 over 142 frames.
zh1107M0006 开启 灯 
LOG (lattice-best-path[5.3.76~1-26df3]:main():lattice-best-path.cc:99) For utterance zh1107M0007, best cost 14.0392 + 679.844 = 693.884 over 170 frames.
zh1107M0007 关闭 阀门 
LOG (lattice-best-path[5.3.76~1-26df3]:main():lattice-best-path.cc:99) For utterance zh1107M0008, best cost 12.1417 + 685.359 = 697.501 over 180 frames.
zh1107M0008 开启 窗帘 
LOG (lattice-best-path[5.3.76~1-26df3]:main():lattice-best-path.cc:99) For utterance zh1107M0009, best cost 11.0647 + 571.572 = 582.636 over 151 frames.
zh1107M0009 关掉 灯 
LOG (lattice-best-path[5.3.76~1-26df3]:main():lattice-best-path.cc:99) For utterance zh1108M0001, best cost 25.6128 + 1405.11 = 1430.72 over 372 frames.
zh1108M0001 要 四 箱 银桥 核桃 牛奶 少 加糖 
LOG (lattice-best-path[5.3.76~1-26df3]:main():lattice-best-path.cc:99) For utterance zh1108M0002, best cost 26.4708 + 1298.64 = 1325.11 over 333 frames.
zh1108M0002 要 四 箱 银桥 花生 牛奶 少 加糖 
LOG (lattice-best-path[5.3.76~1-26df3]:main():lattice-best-path.cc:99) For utterance zh1108M0003, best cost 40.2971 + 1683.23 = 1723.53 over 439 frames.
zh1108M0003 要 三 箱 银桥 红枣 牛奶 少 加糖 灯 
LOG (lattice-best-path[5.3.76~1-26df3]:main():lattice-best-path.cc:99) For utterance zh1108M0004, best cost 27.0191 + 1423.13 = 1450.15 over 372 frames.
zh1108M0004 要 四 箱 银桥 黑谷 牛奶 多 加糖 
LOG (lattice-best-path[5.3.76~1-26df3]:main():lattice-best-path.cc:99) For utterance zh1108M0005, best cost 26.7913 + 1489.66 = 1516.45 over 400 frames.
zh1108M0005 要 四 箱 银桥 核桃 牛奶 少 加糖 
LOG (lattice-best-path[5.3.76~1-26df3]:main():lattice-best-path.cc:99) For utterance zh1108M0006, best cost 9.97142 + 655.494 = 665.466 over 190 frames.
zh1108M0006 打开 泵 
LOG (lattice-best-path[5.3.76~1-26df3]:main():lattice-best-path.cc:99) For utterance zh1108M0007, best cost 11.983 + 746.955 = 758.938 over 218 frames.
zh1108M0007 关闭 阀门 
LOG (lattice-best-path[5.3.76~1-26df3]:main():lattice-best-path.cc:99) For utterance zh1108M0008, best cost 12.069 + 888.733 = 900.802 over 247 frames.
zh1108M0008 开启 窗帘 
LOG (lattice-best-path[5.3.76~1-26df3]:main():lattice-best-path.cc:99) For utterance zh1108M0009, best cost 10.2284 + 672.36 = 682.588 over 199 frames.
zh1108M0009 关掉 泵 
LOG (lattice-best-path[5.3.76~1-26df3]:main():lattice-best-path.cc:99) For utterance zh1109M0001, best cost 26.4606 + 1257.99 = 1284.46 over 333 frames.
zh1109M0001 要 二 箱 银桥 核桃 牛奶 多 加糖 
LOG (lattice-best-path[5.3.76~1-26df3]:main():lattice-best-path.cc:99) For utterance zh1109M0002, best cost 29.292 + 1368.73 = 1398.02 over 362 frames.
zh1109M0002 要 二 箱 银桥 花生 牛奶 少 加糖 
LOG (lattice-best-path[5.3.76~1-26df3]:main():lattice-best-path.cc:99) For utterance zh1109M0003, best cost 26.104 + 1327.41 = 1353.52 over 333 frames.
zh1109M0003 要 四 箱 银桥 红枣 牛奶 不 加糖 
LOG (lattice-best-path[5.3.76~1-26df3]:main():lattice-best-path.cc:99) For utterance zh1109M0004, best cost 26.177 + 1218.41 = 1244.58 over 324 frames.
zh1109M0004 要 四 箱 银桥 黑谷 牛奶 多 加糖 
LOG (lattice-best-path[5.3.76~1-26df3]:main():lattice-best-path.cc:99) For utterance zh1109M0005, best cost 25.6402 + 1291.67 = 1317.31 over 333 frames.
zh1109M0005 要 四 箱 银桥 核桃 牛奶 少 加糖 
LOG (lattice-best-path[5.3.76~1-26df3]:main():lattice-best-path.cc:99) For utterance zh1109M0006, best cost 10.3442 + 497.628 = 507.972 over 132 frames.
zh1109M0006 打开 泵 
LOG (lattice-best-path[5.3.76~1-26df3]:main():lattice-best-path.cc:99) For utterance zh1109M0007, best cost 13.2343 + 642.224 = 655.458 over 161 frames.
zh1109M0007 关闭 阀门 
LOG (lattice-best-path[5.3.76~1-26df3]:main():lattice-best-path.cc:99) For utterance zh1109M0008, best cost 11.1965 + 760.063 = 771.259 over 199 frames.
zh1109M0008 开启 灯 
LOG (lattice-best-path[5.3.76~1-26df3]:main():lattice-best-path.cc:99) For utterance zh1109M0009, best cost 11.4955 + 515.614 = 527.11 over 142 frames.
zh1109M0009 关掉 灯 
LOG (lattice-best-path[5.3.76~1-26df3]:main():lattice-best-path.cc:124) Overall cost per frame is 3.87294 = 0.0750767 [graph] + 3.79786 [acoustic] over 44388 frames.
LOG (lattice-best-path[5.3.76~1-26df3]:main():lattice-best-path.cc:128) Done 162 lattices, failed for 0
# Accounting: time=0 threads=1
# Ended (code 0) at Sun Apr  1 15:38:20 CST 2018, elapsed time 0 seconds
