# lattice-scale --inv-acoustic-scale=7 "ark:gunzip -c exp_FG/mono/decode/lat.*.gz|" ark:- | lattice-add-penalty --word-ins-penalty=0.0 ark:- ark:- | lattice-best-path --word-symbol-table=exp_FG/mono/graph/words.txt ark:- ark,t:exp_FG/mono/decode/scoring/7.tra 
# Started at Sun Apr  1 15:38:16 CST 2018
#
lattice-best-path --word-symbol-table=exp_FG/mono/graph/words.txt ark:- ark,t:exp_FG/mono/decode/scoring/7.tra 
lattice-scale --inv-acoustic-scale=7 'ark:gunzip -c exp_FG/mono/decode/lat.*.gz|' ark:- 
lattice-add-penalty --word-ins-penalty=0.0 ark:- ark:- 
LOG (lattice-best-path[5.3.76~1-26df3]:main():lattice-best-path.cc:99) For utterance zh1101M0001, best cost 28.5816 + 3979.3 = 4007.88 over 285 frames.
zh1101M0001 箱 银桥 核桃 牛奶 多 加糖 
LOG (lattice-best-path[5.3.76~1-26df3]:main():lattice-best-path.cc:99) For utterance zh1101M0002, best cost 31.909 + 4832.72 = 4864.63 over 343 frames.
zh1101M0002 要 箱 银桥 花生 牛奶 少 加糖 
LOG (lattice-best-path[5.3.76~1-26df3]:main():lattice-best-path.cc:99) For utterance zh1101M0003, best cost 36.7846 + 5024.63 = 5061.42 over 381 frames.
zh1101M0003 要 二 箱 箱 银桥 红枣 牛奶 不 加糖 
LOG (lattice-best-path[5.3.76~1-26df3]:main():lattice-best-path.cc:99) For utterance zh1101M0004, best cost 26.7446 + 4290.91 = 4317.65 over 314 frames.
zh1101M0004 要 四 箱 银桥 黑谷 牛奶 多 加糖 
LOG (lattice-best-path[5.3.76~1-26df3]:main():lattice-best-path.cc:99) For utterance zh1101M0005, best cost 37.376 + 4829.29 = 4866.66 over 343 frames.
zh1101M0005 要 二 箱 箱 银桥 核桃 牛奶 少 加糖 
LOG (lattice-best-path[5.3.76~1-26df3]:main():lattice-best-path.cc:99) For utterance zh1101M0006, best cost 19.1543 + 2061.65 = 2080.81 over 142 frames.
zh1101M0006 要 打开 灯 
LOG (lattice-best-path[5.3.76~1-26df3]:main():lattice-best-path.cc:99) For utterance zh1101M0007, best cost 14.048 + 2426.9 = 2440.95 over 170 frames.
zh1101M0007 关闭 阀门 
LOG (lattice-best-path[5.3.76~1-26df3]:main():lattice-best-path.cc:99) For utterance zh1101M0008, best cost 20.4322 + 2425.89 = 2446.32 over 180 frames.
zh1101M0008 要 开启 窗帘 
LOG (lattice-best-path[5.3.76~1-26df3]:main():lattice-best-path.cc:99) For utterance zh1101M0009, best cost 11.0647 + 2035.83 = 2046.89 over 151 frames.
zh1101M0009 关掉 灯 
LOG (lattice-best-path[5.3.76~1-26df3]:main():lattice-best-path.cc:99) For utterance zh1110M0001, best cost 30.9616 + 3975.9 = 4006.87 over 285 frames.
zh1110M0001 二 箱 银桥 核桃 牛奶 多 加糖 
LOG (lattice-best-path[5.3.76~1-26df3]:main():lattice-best-path.cc:99) For utterance zh1110M0002, best cost 31.3465 + 4831.43 = 4862.78 over 343 frames.
zh1110M0002 要 箱 银桥 花生 牛奶 少 加糖 
LOG (lattice-best-path[5.3.76~1-26df3]:main():lattice-best-path.cc:99) For utterance zh1110M0003, best cost 36.6711 + 5025.82 = 5062.49 over 381 frames.
zh1110M0003 要 二 箱 箱 银桥 红枣 牛奶 不 加糖 
LOG (lattice-best-path[5.3.76~1-26df3]:main():lattice-best-path.cc:99) For utterance zh1110M0004, best cost 26.0542 + 4290.98 = 4317.03 over 314 frames.
zh1110M0004 要 四 箱 银桥 黑谷 牛奶 多 加糖 
LOG (lattice-best-path[5.3.76~1-26df3]:main():lattice-best-path.cc:99) For utterance zh1110M0005, best cost 37.1219 + 4830.76 = 4867.88 over 343 frames.
zh1110M0005 要 二 箱 箱 银桥 核桃 牛奶 少 加糖 
LOG (lattice-best-path[5.3.76~1-26df3]:main():lattice-best-path.cc:99) For utterance zh1110M0006, best cost 19.077 + 2063.75 = 2082.83 over 142 frames.
zh1110M0006 要 打开 灯 
LOG (lattice-best-path[5.3.76~1-26df3]:main():lattice-best-path.cc:99) For utterance zh1110M0007, best cost 14.0135 + 2425.6 = 2439.62 over 170 frames.
zh1110M0007 关闭 阀门 
LOG (lattice-best-path[5.3.76~1-26df3]:main():lattice-best-path.cc:99) For utterance zh1110M0008, best cost 20.488 + 2426.81 = 2447.3 over 180 frames.
zh1110M0008 要 开启 窗帘 
LOG (lattice-best-path[5.3.76~1-26df3]:main():lattice-best-path.cc:99) For utterance zh1110M0009, best cost 11.0217 + 2042.72 = 2053.74 over 151 frames.
zh1110M0009 关掉 灯 
LOG (lattice-best-path[5.3.76~1-26df3]:main():lattice-best-path.cc:99) For utterance zh1111M0001, best cost 25.6518 + 5016.33 = 5041.98 over 372 frames.
zh1111M0001 要 四 箱 银桥 核桃 牛奶 少 加糖 
LOG (lattice-best-path[5.3.76~1-26df3]:main():lattice-best-path.cc:99) For utterance zh1111M0002, best cost 30.8777 + 4626.01 = 4656.89 over 333 frames.
zh1111M0002 要 箱 银桥 花生 牛奶 少 加糖 
LOG (lattice-best-path[5.3.76~1-26df3]:main():lattice-best-path.cc:99) For utterance zh1111M0003, best cost 40.2977 + 6028.89 = 6069.19 over 439 frames.
zh1111M0003 要 三 箱 银桥 红枣 牛奶 少 加糖 灯 
LOG (lattice-best-path[5.3.76~1-26df3]:main():lattice-best-path.cc:99) For utterance zh1111M0004, best cost 31.0456 + 5071.49 = 5102.54 over 372 frames.
zh1111M0004 要 箱 银桥 黑谷 牛奶 多 加糖 
LOG (lattice-best-path[5.3.76~1-26df3]:main():lattice-best-path.cc:99) For utterance zh1111M0005, best cost 26.7913 + 5325.79 = 5352.58 over 400 frames.
zh1111M0005 要 四 箱 银桥 核桃 牛奶 少 加糖 
LOG (lattice-best-path[5.3.76~1-26df3]:main():lattice-best-path.cc:99) For utterance zh1111M0006, best cost 10.0371 + 2325 = 2335.03 over 190 frames.
zh1111M0006 打开 泵 
LOG (lattice-best-path[5.3.76~1-26df3]:main():lattice-best-path.cc:99) For utterance zh1111M0007, best cost 11.9868 + 2650.39 = 2662.38 over 218 frames.
zh1111M0007 关闭 阀门 
LOG (lattice-best-path[5.3.76~1-26df3]:main():lattice-best-path.cc:99) For utterance zh1111M0008, best cost 20.1349 + 3158.38 = 3178.51 over 247 frames.
zh1111M0008 要 开启 窗帘 
LOG (lattice-best-path[5.3.76~1-26df3]:main():lattice-best-path.cc:99) For utterance zh1111M0009, best cost 10.2683 + 2394.02 = 2404.29 over 199 frames.
zh1111M0009 关掉 泵 
LOG (lattice-best-path[5.3.76~1-26df3]:main():lattice-best-path.cc:99) For utterance zh1112M0001, best cost 34.0135 + 4480.5 = 4514.51 over 333 frames.
zh1112M0001 要 要 四 箱 银桥 核桃 牛奶 多 加糖 
LOG (lattice-best-path[5.3.76~1-26df3]:main():lattice-best-path.cc:99) For utterance zh1112M0002, best cost 29.3366 + 4882.43 = 4911.77 over 362 frames.
zh1112M0002 要 二 箱 银桥 花生 牛奶 少 加糖 
LOG (lattice-best-path[5.3.76~1-26df3]:main():lattice-best-path.cc:99) For utterance zh1112M0003, best cost 26.1169 + 4745.19 = 4771.31 over 333 frames.
zh1112M0003 要 四 箱 银桥 红枣 牛奶 不 加糖 
LOG (lattice-best-path[5.3.76~1-26df3]:main():lattice-best-path.cc:99) For utterance zh1112M0004, best cost 26.2074 + 4352.79 = 4379 over 324 frames.
zh1112M0004 要 四 箱 银桥 黑谷 牛奶 多 加糖 
LOG (lattice-best-path[5.3.76~1-26df3]:main():lattice-best-path.cc:99) For utterance zh1112M0005, best cost 29.773 + 4599.88 = 4629.66 over 333 frames.
zh1112M0005 要 箱 银桥 核桃 牛奶 少 加糖 
LOG (lattice-best-path[5.3.76~1-26df3]:main():lattice-best-path.cc:99) For utterance zh1112M0006, best cost 18.6285 + 1757.75 = 1776.38 over 132 frames.
zh1112M0006 要 打开 泵 
LOG (lattice-best-path[5.3.76~1-26df3]:main():lattice-best-path.cc:99) For utterance zh1112M0007, best cost 13.2035 + 2295.53 = 2308.74 over 161 frames.
zh1112M0007 关闭 阀门 
LOG (lattice-best-path[5.3.76~1-26df3]:main():lattice-best-path.cc:99) For utterance zh1112M0008, best cost 34.1016 + 2674.78 = 2708.88 over 199 frames.
zh1112M0008 要 开启 要 灯 
LOG (lattice-best-path[5.3.76~1-26df3]:main():lattice-best-path.cc:99) For utterance zh1112M0009, best cost 11.4955 + 1848.97 = 1860.46 over 142 frames.
zh1112M0009 关掉 灯 
LOG (lattice-best-path[5.3.76~1-26df3]:main():lattice-best-path.cc:99) For utterance zh1113M0001, best cost 29.9743 + 3975.84 = 4005.82 over 285 frames.
zh1113M0001 要 箱 银桥 核桃 牛奶 多 加糖 
LOG (lattice-best-path[5.3.76~1-26df3]:main():lattice-best-path.cc:99) For utterance zh1113M0002, best cost 31.4012 + 4831.52 = 4862.92 over 343 frames.
zh1113M0002 要 箱 银桥 花生 牛奶 少 加糖 
LOG (lattice-best-path[5.3.76~1-26df3]:main():lattice-best-path.cc:99) For utterance zh1113M0003, best cost 36.7915 + 5029.57 = 5066.36 over 381 frames.
zh1113M0003 要 二 箱 箱 银桥 红枣 牛奶 不 加糖 
LOG (lattice-best-path[5.3.76~1-26df3]:main():lattice-best-path.cc:99) For utterance zh1113M0004, best cost 30.2524 + 4290.04 = 4320.29 over 314 frames.
zh1113M0004 要 箱 银桥 黑谷 牛奶 多 加糖 
LOG (lattice-best-path[5.3.76~1-26df3]:main():lattice-best-path.cc:99) For utterance zh1113M0005, best cost 37.376 + 4832.64 = 4870.02 over 343 frames.
zh1113M0005 要 二 箱 箱 银桥 核桃 牛奶 少 加糖 
LOG (lattice-best-path[5.3.76~1-26df3]:main():lattice-best-path.cc:99) For utterance zh1113M0006, best cost 19.077 + 2065.71 = 2084.79 over 142 frames.
zh1113M0006 要 打开 灯 
LOG (lattice-best-path[5.3.76~1-26df3]:main():lattice-best-path.cc:99) For utterance zh1113M0007, best cost 14.0574 + 2423.4 = 2437.46 over 170 frames.
zh1113M0007 关闭 阀门 
LOG (lattice-best-path[5.3.76~1-26df3]:main():lattice-best-path.cc:99) For utterance zh1113M0008, best cost 20.4126 + 2430.23 = 2450.64 over 180 frames.
zh1113M0008 要 开启 窗帘 
LOG (lattice-best-path[5.3.76~1-26df3]:main():lattice-best-path.cc:99) For utterance zh1113M0009, best cost 11.0207 + 2039.65 = 2050.67 over 151 frames.
zh1113M0009 关掉 灯 
LOG (lattice-best-path[5.3.76~1-26df3]:main():lattice-best-path.cc:99) For utterance zh1114M0001, best cost 25.7608 + 5020.25 = 5046.01 over 372 frames.
zh1114M0001 要 四 箱 银桥 核桃 牛奶 少 加糖 
LOG (lattice-best-path[5.3.76~1-26df3]:main():lattice-best-path.cc:99) For utterance zh1114M0002, best cost 30.6036 + 4630.64 = 4661.24 over 333 frames.
zh1114M0002 要 箱 银桥 花生 牛奶 少 加糖 
LOG (lattice-best-path[5.3.76~1-26df3]:main():lattice-best-path.cc:99) For utterance zh1114M0003, best cost 40.3432 + 6015.56 = 6055.91 over 439 frames.
zh1114M0003 要 三 箱 银桥 红枣 牛奶 少 加糖 灯 
LOG (lattice-best-path[5.3.76~1-26df3]:main():lattice-best-path.cc:99) For utterance zh1114M0004, best cost 31.0456 + 5076.41 = 5107.46 over 372 frames.
zh1114M0004 要 箱 银桥 黑谷 牛奶 多 加糖 
LOG (lattice-best-path[5.3.76~1-26df3]:main():lattice-best-path.cc:99) For utterance zh1114M0005, best cost 26.7437 + 5324.72 = 5351.46 over 400 frames.
zh1114M0005 要 四 箱 银桥 核桃 牛奶 少 加糖 
LOG (lattice-best-path[5.3.76~1-26df3]:main():lattice-best-path.cc:99) For utterance zh1114M0006, best cost 9.97142 + 2325.14 = 2335.11 over 190 frames.
zh1114M0006 打开 泵 
LOG (lattice-best-path[5.3.76~1-26df3]:main():lattice-best-path.cc:99) For utterance zh1114M0007, best cost 11.9756 + 2672.6 = 2684.58 over 218 frames.
zh1114M0007 关闭 阀门 
LOG (lattice-best-path[5.3.76~1-26df3]:main():lattice-best-path.cc:99) For utterance zh1114M0008, best cost 20.1275 + 3165.04 = 3185.17 over 247 frames.
zh1114M0008 要 开启 窗帘 
LOG (lattice-best-path[5.3.76~1-26df3]:main():lattice-best-path.cc:99) For utterance zh1114M0009, best cost 10.2634 + 2398 = 2408.26 over 199 frames.
zh1114M0009 关掉 泵 
LOG (lattice-best-path[5.3.76~1-26df3]:main():lattice-best-path.cc:99) For utterance zh1115M0001, best cost 33.9051 + 4475.24 = 4509.14 over 333 frames.
zh1115M0001 要 要 四 箱 银桥 核桃 牛奶 多 加糖 
LOG (lattice-best-path[5.3.76~1-26df3]:main():lattice-best-path.cc:99) For utterance zh1115M0002, best cost 29.3408 + 4887.36 = 4916.7 over 362 frames.
zh1115M0002 要 二 箱 银桥 花生 牛奶 少 加糖 
LOG (lattice-best-path[5.3.76~1-26df3]:main():lattice-best-path.cc:99) For utterance zh1115M0003, best cost 26.104 + 4746.2 = 4772.31 over 333 frames.
zh1115M0003 要 四 箱 银桥 红枣 牛奶 不 加糖 
LOG (lattice-best-path[5.3.76~1-26df3]:main():lattice-best-path.cc:99) For utterance zh1115M0004, best cost 26.1717 + 4351.81 = 4377.99 over 324 frames.
zh1115M0004 要 四 箱 银桥 黑谷 牛奶 多 加糖 
LOG (lattice-best-path[5.3.76~1-26df3]:main():lattice-best-path.cc:99) For utterance zh1115M0005, best cost 29.7716 + 4599.79 = 4629.56 over 333 frames.
zh1115M0005 要 箱 银桥 核桃 牛奶 少 加糖 
LOG (lattice-best-path[5.3.76~1-26df3]:main():lattice-best-path.cc:99) For utterance zh1115M0006, best cost 18.6285 + 1760.87 = 1779.5 over 132 frames.
zh1115M0006 要 打开 泵 
LOG (lattice-best-path[5.3.76~1-26df3]:main():lattice-best-path.cc:99) For utterance zh1115M0007, best cost 13.2411 + 2290.53 = 2303.78 over 161 frames.
zh1115M0007 关闭 阀门 
LOG (lattice-best-path[5.3.76~1-26df3]:main():lattice-best-path.cc:99) For utterance zh1115M0008, best cost 34.1339 + 2672.67 = 2706.8 over 199 frames.
zh1115M0008 要 开启 要 灯 
LOG (lattice-best-path[5.3.76~1-26df3]:main():lattice-best-path.cc:99) For utterance zh1115M0009, best cost 11.4985 + 1844.97 = 1856.47 over 142 frames.
zh1115M0009 关掉 灯 
LOG (lattice-best-path[5.3.76~1-26df3]:main():lattice-best-path.cc:99) For utterance zh1116M0001, best cost 29.9743 + 3978.71 = 4008.68 over 285 frames.
zh1116M0001 要 箱 银桥 核桃 牛奶 多 加糖 
LOG (lattice-best-path[5.3.76~1-26df3]:main():lattice-best-path.cc:99) For utterance zh1116M0002, best cost 31.3513 + 4833.23 = 4864.58 over 343 frames.
zh1116M0002 要 箱 银桥 花生 牛奶 少 加糖 
LOG (lattice-best-path[5.3.76~1-26df3]:main():lattice-best-path.cc:99) For utterance zh1116M0003, best cost 36.7664 + 5021.41 = 5058.17 over 381 frames.
zh1116M0003 要 二 箱 箱 银桥 红枣 牛奶 不 加糖 
LOG (lattice-best-path[5.3.76~1-26df3]:main():lattice-best-path.cc:99) For utterance zh1116M0004, best cost 26.9607 + 4288.09 = 4315.06 over 314 frames.
zh1116M0004 要 四 箱 银桥 黑谷 牛奶 多 加糖 
LOG (lattice-best-path[5.3.76~1-26df3]:main():lattice-best-path.cc:99) For utterance zh1116M0005, best cost 36.8025 + 4832.87 = 4869.67 over 343 frames.
zh1116M0005 要 四 箱 箱 银桥 核桃 牛奶 少 加糖 
LOG (lattice-best-path[5.3.76~1-26df3]:main():lattice-best-path.cc:99) For utterance zh1116M0006, best cost 19.0818 + 2060.33 = 2079.41 over 142 frames.
zh1116M0006 要 打开 灯 
LOG (lattice-best-path[5.3.76~1-26df3]:main():lattice-best-path.cc:99) For utterance zh1116M0007, best cost 14.0124 + 2423.12 = 2437.13 over 170 frames.
zh1116M0007 关闭 阀门 
LOG (lattice-best-path[5.3.76~1-26df3]:main():lattice-best-path.cc:99) For utterance zh1116M0008, best cost 20.3567 + 2432.14 = 2452.49 over 180 frames.
zh1116M0008 要 开启 窗帘 
LOG (lattice-best-path[5.3.76~1-26df3]:main():lattice-best-path.cc:99) For utterance zh1116M0009, best cost 11.0217 + 2040.05 = 2051.07 over 151 frames.
zh1116M0009 关掉 灯 
LOG (lattice-best-path[5.3.76~1-26df3]:main():lattice-best-path.cc:99) For utterance zh1117M0001, best cost 25.6518 + 5018.68 = 5044.33 over 372 frames.
zh1117M0001 要 四 箱 银桥 核桃 牛奶 少 加糖 
LOG (lattice-best-path[5.3.76~1-26df3]:main():lattice-best-path.cc:99) For utterance zh1117M0002, best cost 30.6488 + 4622.65 = 4653.29 over 333 frames.
zh1117M0002 要 箱 银桥 花生 牛奶 少 加糖 
LOG (lattice-best-path[5.3.76~1-26df3]:main():lattice-best-path.cc:99) For utterance zh1117M0003, best cost 40.3347 + 6011.95 = 6052.29 over 439 frames.
zh1117M0003 要 三 箱 银桥 红枣 牛奶 少 加糖 灯 
LOG (lattice-best-path[5.3.76~1-26df3]:main():lattice-best-path.cc:99) For utterance zh1117M0004, best cost 31.0504 + 5073.68 = 5104.73 over 372 frames.
zh1117M0004 要 箱 银桥 黑谷 牛奶 多 加糖 
LOG (lattice-best-path[5.3.76~1-26df3]:main():lattice-best-path.cc:99) For utterance zh1117M0005, best cost 26.7913 + 5317.89 = 5344.68 over 400 frames.
zh1117M0005 要 四 箱 银桥 核桃 牛奶 少 加糖 
LOG (lattice-best-path[5.3.76~1-26df3]:main():lattice-best-path.cc:99) For utterance zh1117M0006, best cost 10.0371 + 2331.48 = 2341.52 over 190 frames.
zh1117M0006 打开 泵 
LOG (lattice-best-path[5.3.76~1-26df3]:main():lattice-best-path.cc:99) For utterance zh1117M0007, best cost 11.9888 + 2657.91 = 2669.9 over 218 frames.
zh1117M0007 关闭 阀门 
LOG (lattice-best-path[5.3.76~1-26df3]:main():lattice-best-path.cc:99) For utterance zh1117M0008, best cost 20.1225 + 3171.57 = 3191.69 over 247 frames.
zh1117M0008 要 开启 窗帘 
LOG (lattice-best-path[5.3.76~1-26df3]:main():lattice-best-path.cc:99) For utterance zh1117M0009, best cost 10.2947 + 2407.58 = 2417.87 over 199 frames.
zh1117M0009 关掉 泵 
LOG (lattice-best-path[5.3.76~1-26df3]:main():lattice-best-path.cc:99) For utterance zh1118M0001, best cost 33.9814 + 4475.86 = 4509.84 over 333 frames.
zh1118M0001 要 要 四 箱 银桥 核桃 牛奶 多 加糖 
LOG (lattice-best-path[5.3.76~1-26df3]:main():lattice-best-path.cc:99) For utterance zh1118M0002, best cost 29.2301 + 4890.37 = 4919.6 over 362 frames.
zh1118M0002 要 二 箱 银桥 花生 牛奶 少 加糖 
LOG (lattice-best-path[5.3.76~1-26df3]:main():lattice-best-path.cc:99) For utterance zh1118M0003, best cost 26.0888 + 4749.33 = 4775.42 over 333 frames.
zh1118M0003 要 四 箱 银桥 红枣 牛奶 不 加糖 
LOG (lattice-best-path[5.3.76~1-26df3]:main():lattice-best-path.cc:99) For utterance zh1118M0004, best cost 26.1679 + 4355.37 = 4381.54 over 324 frames.
zh1118M0004 要 四 箱 银桥 黑谷 牛奶 多 加糖 
LOG (lattice-best-path[5.3.76~1-26df3]:main():lattice-best-path.cc:99) For utterance zh1118M0005, best cost 29.773 + 4606.41 = 4636.18 over 333 frames.
zh1118M0005 要 箱 银桥 核桃 牛奶 少 加糖 
LOG (lattice-best-path[5.3.76~1-26df3]:main():lattice-best-path.cc:99) For utterance zh1118M0006, best cost 18.6285 + 1760.62 = 1779.25 over 132 frames.
zh1118M0006 要 打开 泵 
LOG (lattice-best-path[5.3.76~1-26df3]:main():lattice-best-path.cc:99) For utterance zh1118M0007, best cost 13.2431 + 2290.89 = 2304.13 over 161 frames.
zh1118M0007 关闭 阀门 
LOG (lattice-best-path[5.3.76~1-26df3]:main():lattice-best-path.cc:99) For utterance zh1118M0008, best cost 34.1339 + 2673.09 = 2707.22 over 199 frames.
zh1118M0008 要 开启 要 灯 
LOG (lattice-best-path[5.3.76~1-26df3]:main():lattice-best-path.cc:99) For utterance zh1118M0009, best cost 11.4985 + 1842.35 = 1853.85 over 142 frames.
zh1118M0009 关掉 灯 
LOG (lattice-best-path[5.3.76~1-26df3]:main():lattice-best-path.cc:99) For utterance zh1102M0001, best cost 25.6128 + 5015.74 = 5041.35 over 372 frames.
zh1102M0001 要 四 箱 银桥 核桃 牛奶 少 加糖 
LOG (lattice-best-path[5.3.76~1-26df3]:main():lattice-best-path.cc:99) For utterance zh1102M0002, best cost 30.8712 + 4621.68 = 4652.55 over 333 frames.
zh1102M0002 要 箱 银桥 花生 牛奶 少 加糖 
LOG (lattice-best-path[5.3.76~1-26df3]:main():lattice-best-path.cc:99) For utterance zh1102M0003, best cost 40.35 + 6009.79 = 6050.14 over 439 frames.
zh1102M0003 要 三 箱 银桥 红枣 牛奶 少 加糖 灯 
LOG (lattice-best-path[5.3.76~1-26df3]:main():lattice-best-path.cc:99) For utterance zh1102M0004, best cost 31.0456 + 5085.04 = 5116.08 over 372 frames.
zh1102M0004 要 箱 银桥 黑谷 牛奶 多 加糖 
LOG (lattice-best-path[5.3.76~1-26df3]:main():lattice-best-path.cc:99) For utterance zh1102M0005, best cost 26.7899 + 5321.63 = 5348.42 over 400 frames.
zh1102M0005 要 四 箱 银桥 核桃 牛奶 少 加糖 
LOG (lattice-best-path[5.3.76~1-26df3]:main():lattice-best-path.cc:99) For utterance zh1102M0006, best cost 10.0323 + 2307.37 = 2317.4 over 190 frames.
zh1102M0006 打开 泵 
LOG (lattice-best-path[5.3.76~1-26df3]:main():lattice-best-path.cc:99) For utterance zh1102M0007, best cost 21.9001 + 2659.61 = 2681.51 over 218 frames.
zh1102M0007 关闭 阀门 灯 
LOG (lattice-best-path[5.3.76~1-26df3]:main():lattice-best-path.cc:99) For utterance zh1102M0008, best cost 20.13 + 3162.75 = 3182.88 over 247 frames.
zh1102M0008 要 开启 窗帘 
LOG (lattice-best-path[5.3.76~1-26df3]:main():lattice-best-path.cc:99) For utterance zh1102M0009, best cost 10.2683 + 2394.06 = 2404.33 over 199 frames.
zh1102M0009 关掉 泵 
LOG (lattice-best-path[5.3.76~1-26df3]:main():lattice-best-path.cc:99) For utterance zh1103M0001, best cost 34.0135 + 4480.5 = 4514.51 over 333 frames.
zh1103M0001 要 要 四 箱 银桥 核桃 牛奶 多 加糖 
LOG (lattice-best-path[5.3.76~1-26df3]:main():lattice-best-path.cc:99) For utterance zh1103M0002, best cost 29.3366 + 4882.43 = 4911.77 over 362 frames.
zh1103M0002 要 二 箱 银桥 花生 牛奶 少 加糖 
LOG (lattice-best-path[5.3.76~1-26df3]:main():lattice-best-path.cc:99) For utterance zh1103M0003, best cost 26.1169 + 4745.19 = 4771.31 over 333 frames.
zh1103M0003 要 四 箱 银桥 红枣 牛奶 不 加糖 
LOG (lattice-best-path[5.3.76~1-26df3]:main():lattice-best-path.cc:99) For utterance zh1103M0004, best cost 26.2074 + 4352.79 = 4379 over 324 frames.
zh1103M0004 要 四 箱 银桥 黑谷 牛奶 多 加糖 
LOG (lattice-best-path[5.3.76~1-26df3]:main():lattice-best-path.cc:99) For utterance zh1103M0005, best cost 29.773 + 4599.88 = 4629.66 over 333 frames.
zh1103M0005 要 箱 银桥 核桃 牛奶 少 加糖 
LOG (lattice-best-path[5.3.76~1-26df3]:main():lattice-best-path.cc:99) For utterance zh1103M0006, best cost 18.6285 + 1757.75 = 1776.38 over 132 frames.
zh1103M0006 要 打开 泵 
LOG (lattice-best-path[5.3.76~1-26df3]:main():lattice-best-path.cc:99) For utterance zh1103M0007, best cost 13.2035 + 2295.53 = 2308.74 over 161 frames.
zh1103M0007 关闭 阀门 
LOG (lattice-best-path[5.3.76~1-26df3]:main():lattice-best-path.cc:99) For utterance zh1103M0008, best cost 34.1016 + 2674.78 = 2708.88 over 199 frames.
zh1103M0008 要 开启 要 灯 
LOG (lattice-best-path[5.3.76~1-26df3]:main():lattice-best-path.cc:99) For utterance zh1103M0009, best cost 11.4955 + 1848.97 = 1860.46 over 142 frames.
zh1103M0009 关掉 灯 
LOG (lattice-best-path[5.3.76~1-26df3]:main():lattice-best-path.cc:99) For utterance zh1104M0001, best cost 29.9743 + 3975.91 = 4005.89 over 285 frames.
zh1104M0001 要 箱 银桥 核桃 牛奶 多 加糖 
LOG (lattice-best-path[5.3.76~1-26df3]:main():lattice-best-path.cc:99) For utterance zh1104M0002, best cost 31.4012 + 4831.42 = 4862.82 over 343 frames.
zh1104M0002 要 箱 银桥 花生 牛奶 少 加糖 
LOG (lattice-best-path[5.3.76~1-26df3]:main():lattice-best-path.cc:99) For utterance zh1104M0003, best cost 36.7915 + 5029.57 = 5066.37 over 381 frames.
zh1104M0003 要 二 箱 箱 银桥 红枣 牛奶 不 加糖 
LOG (lattice-best-path[5.3.76~1-26df3]:main():lattice-best-path.cc:99) For utterance zh1104M0004, best cost 30.2524 + 4289.96 = 4320.22 over 314 frames.
zh1104M0004 要 箱 银桥 黑谷 牛奶 多 加糖 
LOG (lattice-best-path[5.3.76~1-26df3]:main():lattice-best-path.cc:99) For utterance zh1104M0005, best cost 37.376 + 4832.62 = 4870 over 343 frames.
zh1104M0005 要 二 箱 箱 银桥 核桃 牛奶 少 加糖 
LOG (lattice-best-path[5.3.76~1-26df3]:main():lattice-best-path.cc:99) For utterance zh1104M0006, best cost 19.077 + 2065.63 = 2084.7 over 142 frames.
zh1104M0006 要 打开 灯 
LOG (lattice-best-path[5.3.76~1-26df3]:main():lattice-best-path.cc:99) For utterance zh1104M0007, best cost 14.0662 + 2423.17 = 2437.24 over 170 frames.
zh1104M0007 关闭 阀门 
LOG (lattice-best-path[5.3.76~1-26df3]:main():lattice-best-path.cc:99) For utterance zh1104M0008, best cost 20.3927 + 2427.02 = 2447.41 over 180 frames.
zh1104M0008 要 开启 窗帘 
LOG (lattice-best-path[5.3.76~1-26df3]:main():lattice-best-path.cc:99) For utterance zh1104M0009, best cost 11.0217 + 2044.52 = 2055.54 over 151 frames.
zh1104M0009 关掉 灯 
LOG (lattice-scale[5.3.76~1-26df3]:main():lattice-scale.cc:90) Done 162 lattices.
LOG (lattice-best-path[5.3.76~1-26df3]:main():lattice-best-path.cc:99) For utterance zh1105M0001, best cost 25.6128 + 5016.96 = 5042.57 over 372 frames.
zh1105M0001 要 四 箱 银桥 核桃 牛奶 少 加糖 
LOG (lattice-best-path[5.3.76~1-26df3]:main():lattice-best-path.cc:99) For utterance zh1105M0002, best cost 30.8777 + 4630.75 = 4661.63 over 333 frames.
zh1105M0002 要 箱 银桥 花生 牛奶 少 加糖 
LOG (lattice-best-path[5.3.76~1-26df3]:main():lattice-best-path.cc:99) For utterance zh1105M0003, best cost 40.2996 + 6012.46 = 6052.76 over 439 frames.
zh1105M0003 要 三 箱 银桥 红枣 牛奶 少 加糖 灯 
LOG (lattice-best-path[5.3.76~1-26df3]:main():lattice-best-path.cc:99) For utterance zh1105M0004, best cost 31.0504 + 5070.63 = 5101.68 over 372 frames.
zh1105M0004 要 箱 银桥 黑谷 牛奶 多 加糖 
LOG (lattice-best-path[5.3.76~1-26df3]:main():lattice-best-path.cc:99) For utterance zh1105M0005, best cost 26.7899 + 5322.09 = 5348.88 over 400 frames.
zh1105M0005 要 四 箱 银桥 核桃 牛奶 少 加糖 
LOG (lattice-best-path[5.3.76~1-26df3]:main():lattice-best-path.cc:99) For utterance zh1105M0006, best cost 9.97142 + 2334.71 = 2344.68 over 190 frames.
zh1105M0006 打开 泵 
LOG (lattice-best-path[5.3.76~1-26df3]:main():lattice-best-path.cc:99) For utterance zh1105M0007, best cost 12.0237 + 2683.06 = 2695.09 over 218 frames.
zh1105M0007 关闭 阀门 
LOG (lattice-best-path[5.3.76~1-26df3]:main():lattice-best-path.cc:99) For utterance zh1105M0008, best cost 20.0796 + 3162.14 = 3182.22 over 247 frames.
zh1105M0008 要 开启 窗帘 
LOG (lattice-best-path[5.3.76~1-26df3]:main():lattice-best-path.cc:99) For utterance zh1105M0009, best cost 10.2565 + 2407.87 = 2418.12 over 199 frames.
zh1105M0009 关掉 泵 
LOG (lattice-best-path[5.3.76~1-26df3]:main():lattice-best-path.cc:99) For utterance zh1106M0001, best cost 33.819 + 4475.22 = 4509.04 over 333 frames.
zh1106M0001 要 要 四 箱 银桥 核桃 牛奶 多 加糖 
LOG (lattice-best-path[5.3.76~1-26df3]:main():lattice-best-path.cc:99) For utterance zh1106M0002, best cost 29.3408 + 4891.88 = 4921.22 over 362 frames.
zh1106M0002 要 二 箱 银桥 花生 牛奶 少 加糖 
LOG (lattice-best-path[5.3.76~1-26df3]:main():lattice-best-path.cc:99) For utterance zh1106M0003, best cost 26.104 + 4741.63 = 4767.73 over 333 frames.
zh1106M0003 要 四 箱 银桥 红枣 牛奶 不 加糖 
LOG (lattice-best-path[5.3.76~1-26df3]:main():lattice-best-path.cc:99) For utterance zh1106M0004, best cost 26.1636 + 4348.76 = 4374.92 over 324 frames.
zh1106M0004 要 四 箱 银桥 黑谷 牛奶 多 加糖 
LOG (lattice-best-path[5.3.76~1-26df3]:main():lattice-best-path.cc:99) For utterance zh1106M0005, best cost 29.773 + 4601.82 = 4631.59 over 333 frames.
zh1106M0005 要 箱 银桥 核桃 牛奶 少 加糖 
LOG (lattice-best-path[5.3.76~1-26df3]:main():lattice-best-path.cc:99) For utterance zh1106M0006, best cost 18.6285 + 1756.24 = 1774.87 over 132 frames.
zh1106M0006 要 打开 泵 
LOG (lattice-best-path[5.3.76~1-26df3]:main():lattice-best-path.cc:99) For utterance zh1106M0007, best cost 13.2143 + 2283.65 = 2296.87 over 161 frames.
zh1106M0007 关闭 阀门 
LOG (lattice-best-path[5.3.76~1-26df3]:main():lattice-best-path.cc:99) For utterance zh1106M0008, best cost 34.1339 + 2673.98 = 2708.11 over 199 frames.
zh1106M0008 要 开启 要 灯 
LOG (lattice-best-path[5.3.76~1-26df3]:main():lattice-best-path.cc:99) For utterance zh1106M0009, best cost 11.4955 + 1842.9 = 1854.4 over 142 frames.
zh1106M0009 关掉 灯 
LOG (lattice-best-path[5.3.76~1-26df3]:main():lattice-best-path.cc:99) For utterance zh1107M0001, best cost 29.9743 + 3974.65 = 4004.63 over 285 frames.
zh1107M0001 要 箱 银桥 核桃 牛奶 多 加糖 
LOG (lattice-best-path[5.3.76~1-26df3]:main():lattice-best-path.cc:99) For utterance zh1107M0002, best cost 31.3465 + 4833.03 = 4864.37 over 343 frames.
zh1107M0002 要 箱 银桥 花生 牛奶 少 加糖 
LOG (lattice-best-path[5.3.76~1-26df3]:main():lattice-best-path.cc:99) For utterance zh1107M0003, best cost 36.6168 + 5028.81 = 5065.43 over 381 frames.
zh1107M0003 要 二 箱 箱 银桥 红枣 牛奶 不 加糖 
LOG (lattice-add-penalty[5.3.76~1-26df3]:main():lattice-add-penalty.cc:62) Done adding word insertion penalty to 162 lattices.
LOG (lattice-best-path[5.3.76~1-26df3]:main():lattice-best-path.cc:99) For utterance zh1107M0004, best cost 26.869 + 4288.33 = 4315.2 over 314 frames.
zh1107M0004 要 四 箱 银桥 黑谷 牛奶 多 加糖 
LOG (lattice-best-path[5.3.76~1-26df3]:main():lattice-best-path.cc:99) For utterance zh1107M0005, best cost 37.3465 + 4832.07 = 4869.42 over 343 frames.
zh1107M0005 要 二 箱 箱 银桥 核桃 牛奶 少 加糖 
LOG (lattice-best-path[5.3.76~1-26df3]:main():lattice-best-path.cc:99) For utterance zh1107M0006, best cost 19.1495 + 2060.13 = 2079.28 over 142 frames.
zh1107M0006 要 打开 灯 
LOG (lattice-best-path[5.3.76~1-26df3]:main():lattice-best-path.cc:99) For utterance zh1107M0007, best cost 14.0392 + 2428.02 = 2442.05 over 170 frames.
zh1107M0007 关闭 阀门 
LOG (lattice-best-path[5.3.76~1-26df3]:main():lattice-best-path.cc:99) For utterance zh1107M0008, best cost 20.4018 + 2430.57 = 2450.98 over 180 frames.
zh1107M0008 要 开启 窗帘 
LOG (lattice-best-path[5.3.76~1-26df3]:main():lattice-best-path.cc:99) For utterance zh1107M0009, best cost 11.0647 + 2041.33 = 2052.39 over 151 frames.
zh1107M0009 关掉 灯 
LOG (lattice-best-path[5.3.76~1-26df3]:main():lattice-best-path.cc:99) For utterance zh1108M0001, best cost 25.6128 + 5018.25 = 5043.87 over 372 frames.
zh1108M0001 要 四 箱 银桥 核桃 牛奶 少 加糖 
LOG (lattice-best-path[5.3.76~1-26df3]:main():lattice-best-path.cc:99) For utterance zh1108M0002, best cost 30.6036 + 4628.8 = 4659.41 over 333 frames.
zh1108M0002 要 箱 银桥 花生 牛奶 少 加糖 
LOG (lattice-best-path[5.3.76~1-26df3]:main():lattice-best-path.cc:99) For utterance zh1108M0003, best cost 40.2971 + 6011.54 = 6051.84 over 439 frames.
zh1108M0003 要 三 箱 银桥 红枣 牛奶 少 加糖 灯 
LOG (lattice-best-path[5.3.76~1-26df3]:main():lattice-best-path.cc:99) For utterance zh1108M0004, best cost 31.0456 + 5075.55 = 5106.6 over 372 frames.
zh1108M0004 要 箱 银桥 黑谷 牛奶 多 加糖 
LOG (lattice-best-path[5.3.76~1-26df3]:main():lattice-best-path.cc:99) For utterance zh1108M0005, best cost 26.7913 + 5320.22 = 5347.02 over 400 frames.
zh1108M0005 要 四 箱 银桥 核桃 牛奶 少 加糖 
LOG (lattice-best-path[5.3.76~1-26df3]:main():lattice-best-path.cc:99) For utterance zh1108M0006, best cost 9.97142 + 2341.05 = 2351.02 over 190 frames.
zh1108M0006 打开 泵 
LOG (lattice-best-path[5.3.76~1-26df3]:main():lattice-best-path.cc:99) For utterance zh1108M0007, best cost 11.983 + 2667.7 = 2679.68 over 218 frames.
zh1108M0007 关闭 阀门 
LOG (lattice-best-path[5.3.76~1-26df3]:main():lattice-best-path.cc:99) For utterance zh1108M0008, best cost 20.1227 + 3160.88 = 3181 over 247 frames.
zh1108M0008 要 开启 窗帘 
LOG (lattice-best-path[5.3.76~1-26df3]:main():lattice-best-path.cc:99) For utterance zh1108M0009, best cost 10.2284 + 2401.29 = 2411.51 over 199 frames.
zh1108M0009 关掉 泵 
LOG (lattice-best-path[5.3.76~1-26df3]:main():lattice-best-path.cc:99) For utterance zh1109M0001, best cost 33.8638 + 4477.45 = 4511.31 over 333 frames.
zh1109M0001 要 要 四 箱 银桥 核桃 牛奶 多 加糖 
LOG (lattice-best-path[5.3.76~1-26df3]:main():lattice-best-path.cc:99) For utterance zh1109M0002, best cost 29.292 + 4888.33 = 4917.62 over 362 frames.
zh1109M0002 要 二 箱 银桥 花生 牛奶 少 加糖 
LOG (lattice-best-path[5.3.76~1-26df3]:main():lattice-best-path.cc:99) For utterance zh1109M0003, best cost 26.104 + 4740.76 = 4766.86 over 333 frames.
zh1109M0003 要 四 箱 银桥 红枣 牛奶 不 加糖 
LOG (lattice-best-path[5.3.76~1-26df3]:main():lattice-best-path.cc:99) For utterance zh1109M0004, best cost 26.177 + 4351.45 = 4377.63 over 324 frames.
zh1109M0004 要 四 箱 银桥 黑谷 牛奶 多 加糖 
LOG (lattice-best-path[5.3.76~1-26df3]:main():lattice-best-path.cc:99) For utterance zh1109M0005, best cost 29.773 + 4604.27 = 4634.04 over 333 frames.
zh1109M0005 要 箱 银桥 核桃 牛奶 少 加糖 
LOG (lattice-best-path[5.3.76~1-26df3]:main():lattice-best-path.cc:99) For utterance zh1109M0006, best cost 18.6285 + 1758.95 = 1777.57 over 132 frames.
zh1109M0006 要 打开 泵 
LOG (lattice-best-path[5.3.76~1-26df3]:main():lattice-best-path.cc:99) For utterance zh1109M0007, best cost 13.2343 + 2293.66 = 2306.89 over 161 frames.
zh1109M0007 关闭 阀门 
LOG (lattice-best-path[5.3.76~1-26df3]:main():lattice-best-path.cc:99) For utterance zh1109M0008, best cost 34.1339 + 2672.27 = 2706.4 over 199 frames.
zh1109M0008 要 开启 要 灯 
LOG (lattice-best-path[5.3.76~1-26df3]:main():lattice-best-path.cc:99) For utterance zh1109M0009, best cost 11.4955 + 1841.48 = 1852.97 over 142 frames.
zh1109M0009 关掉 灯 
LOG (lattice-best-path[5.3.76~1-26df3]:main():lattice-best-path.cc:124) Overall cost per frame is 13.6279 = 0.0890969 [graph] + 13.5388 [acoustic] over 44388 frames.
LOG (lattice-best-path[5.3.76~1-26df3]:main():lattice-best-path.cc:128) Done 162 lattices, failed for 0
# Accounting: time=1 threads=1
# Ended (code 0) at Sun Apr  1 15:38:17 CST 2018, elapsed time 1 seconds
