# gmm-latgen-faster --max-active=7000 --beam=13.0 --lattice-beam=6.0 --acoustic-scale=0.083333 --allow-partial=true --word-symbol-table=exp_FG/mono/graph/words.txt exp_FG/mono/final.mdl exp_FG/mono/graph/HCLG.fst "ark,s,cs:apply-cmvn  --utt2spk=ark:data/test/split18/12/utt2spk scp:data/test/split18/12/cmvn.scp scp:data/test/split18/12/feats.scp ark:- | add-deltas  ark:- ark:- |" "ark:|gzip -c > exp_FG/mono/decode/lat.12.gz" 
# Started at Sun Apr  1 15:37:56 CST 2018
#
gmm-latgen-faster --max-active=7000 --beam=13.0 --lattice-beam=6.0 --acoustic-scale=0.083333 --allow-partial=true --word-symbol-table=exp_FG/mono/graph/words.txt exp_FG/mono/final.mdl exp_FG/mono/graph/HCLG.fst 'ark,s,cs:apply-cmvn  --utt2spk=ark:data/test/split18/12/utt2spk scp:data/test/split18/12/cmvn.scp scp:data/test/split18/12/feats.scp ark:- | add-deltas  ark:- ark:- |' 'ark:|gzip -c > exp_FG/mono/decode/lat.12.gz' 
apply-cmvn --utt2spk=ark:data/test/split18/12/utt2spk scp:data/test/split18/12/cmvn.scp scp:data/test/split18/12/feats.scp ark:- 
add-deltas ark:- ark:- 
LOG (apply-cmvn[5.3.76~1-26df3]:main():apply-cmvn.cc:162) Applied cepstral mean normalization to 9 utterances, errors on 0
zh1112M0001 要 要 四 箱 银桥 核桃 牛奶 多 加糖 
LOG (gmm-latgen-faster[5.3.76~1-26df3]:DecodeUtteranceLatticeFaster():decoder-wrappers.cc:286) Log-like per frame for utterance zh1112M0001 is -7.95082 over 333 frames.
zh1112M0002 要 二 箱 银桥 花生 牛奶 少 加糖 
LOG (gmm-latgen-faster[5.3.76~1-26df3]:DecodeUtteranceLatticeFaster():decoder-wrappers.cc:286) Log-like per frame for utterance zh1112M0002 is -7.94864 over 362 frames.
zh1112M0003 要 四 箱 银桥 红枣 牛奶 不 加糖 
LOG (gmm-latgen-faster[5.3.76~1-26df3]:DecodeUtteranceLatticeFaster():decoder-wrappers.cc:286) Log-like per frame for utterance zh1112M0003 is -8.3908 over 333 frames.
zh1112M0004 要 四 箱 银桥 黑谷 牛奶 多 加糖 
LOG (gmm-latgen-faster[5.3.76~1-26df3]:DecodeUtteranceLatticeFaster():decoder-wrappers.cc:286) Log-like per frame for utterance zh1112M0004 is -7.91767 over 324 frames.
zh1112M0005 要 箱 银桥 核桃 牛奶 少 加糖 
LOG (gmm-latgen-faster[5.3.76~1-26df3]:DecodeUtteranceLatticeFaster():decoder-wrappers.cc:286) Log-like per frame for utterance zh1112M0005 is -8.14723 over 333 frames.
zh1112M0006 要 打开 泵 
LOG (gmm-latgen-faster[5.3.76~1-26df3]:DecodeUtteranceLatticeFaster():decoder-wrappers.cc:286) Log-like per frame for utterance zh1112M0006 is -7.90892 over 132 frames.
zh1112M0007 关闭 阀门 
LOG (gmm-latgen-faster[5.3.76~1-26df3]:DecodeUtteranceLatticeFaster():decoder-wrappers.cc:286) Log-like per frame for utterance zh1112M0007 is -8.39912 over 161 frames.
zh1112M0008 要 开启 灯 
LOG (gmm-latgen-faster[5.3.76~1-26df3]:DecodeUtteranceLatticeFaster():decoder-wrappers.cc:286) Log-like per frame for utterance zh1112M0008 is -8.00862 over 199 frames.
zh1112M0009 关掉 灯 
LOG (gmm-latgen-faster[5.3.76~1-26df3]:DecodeUtteranceLatticeFaster():decoder-wrappers.cc:286) Log-like per frame for utterance zh1112M0009 is -7.67644 over 142 frames.
LOG (gmm-latgen-faster[5.3.76~1-26df3]:main():gmm-latgen-faster.cc:176) Time taken 3.17361s: real-time factor assuming 100 frames/sec is 0.136853
LOG (gmm-latgen-faster[5.3.76~1-26df3]:main():gmm-latgen-faster.cc:179) Done 9 utterances, failed for 0
LOG (gmm-latgen-faster[5.3.76~1-26df3]:main():gmm-latgen-faster.cc:181) Overall log-likelihood per frame is -8.05413 over 2319 frames.
# Accounting: time=3 threads=1
# Ended (code 0) at Sun Apr  1 15:37:59 CST 2018, elapsed time 3 seconds
