# gmm-latgen-faster --max-active=7000 --beam=13.0 --lattice-beam=6.0 --acoustic-scale=0.083333 --allow-partial=true --word-symbol-table=exp_FG/mono/graph/words.txt exp_FG/mono/final.mdl exp_FG/mono/graph/HCLG.fst "ark,s,cs:apply-cmvn  --utt2spk=ark:data/test/split18/13/utt2spk scp:data/test/split18/13/cmvn.scp scp:data/test/split18/13/feats.scp ark:- | add-deltas  ark:- ark:- |" "ark:|gzip -c > exp_FG/mono/decode/lat.13.gz" 
# Started at Sun Apr  1 15:37:59 CST 2018
#
gmm-latgen-faster --max-active=7000 --beam=13.0 --lattice-beam=6.0 --acoustic-scale=0.083333 --allow-partial=true --word-symbol-table=exp_FG/mono/graph/words.txt exp_FG/mono/final.mdl exp_FG/mono/graph/HCLG.fst 'ark,s,cs:apply-cmvn  --utt2spk=ark:data/test/split18/13/utt2spk scp:data/test/split18/13/cmvn.scp scp:data/test/split18/13/feats.scp ark:- | add-deltas  ark:- ark:- |' 'ark:|gzip -c > exp_FG/mono/decode/lat.13.gz' 
apply-cmvn --utt2spk=ark:data/test/split18/13/utt2spk scp:data/test/split18/13/cmvn.scp scp:data/test/split18/13/feats.scp ark:- 
add-deltas ark:- ark:- 
LOG (apply-cmvn[5.3.76~1-26df3]:main():apply-cmvn.cc:162) Applied cepstral mean normalization to 9 utterances, errors on 0
zh1113M0001 要 箱 银桥 核桃 牛奶 多 加糖 
LOG (gmm-latgen-faster[5.3.76~1-26df3]:DecodeUtteranceLatticeFaster():decoder-wrappers.cc:286) Log-like per frame for utterance zh1113M0001 is -8.24283 over 285 frames.
zh1113M0002 要 四 箱 银桥 花生 牛奶 少 加糖 
LOG (gmm-latgen-faster[5.3.76~1-26df3]:DecodeUtteranceLatticeFaster():decoder-wrappers.cc:286) Log-like per frame for utterance zh1113M0002 is -8.30403 over 343 frames.
zh1113M0003 要 二 箱 银桥 红枣 牛奶 不 加糖 
LOG (gmm-latgen-faster[5.3.76~1-26df3]:DecodeUtteranceLatticeFaster():decoder-wrappers.cc:286) Log-like per frame for utterance zh1113M0003 is -7.79255 over 381 frames.
zh1113M0004 要 四 箱 银桥 黑谷 牛奶 多 加糖 
LOG (gmm-latgen-faster[5.3.76~1-26df3]:DecodeUtteranceLatticeFaster():decoder-wrappers.cc:286) Log-like per frame for utterance zh1113M0004 is -8.06093 over 314 frames.
zh1113M0005 要 二 箱 银桥 核桃 牛奶 少 加糖 
LOG (gmm-latgen-faster[5.3.76~1-26df3]:DecodeUtteranceLatticeFaster():decoder-wrappers.cc:286) Log-like per frame for utterance zh1113M0005 is -8.32207 over 343 frames.
zh1113M0006 要 打开 灯 
LOG (gmm-latgen-faster[5.3.76~1-26df3]:DecodeUtteranceLatticeFaster():decoder-wrappers.cc:286) Log-like per frame for utterance zh1113M0006 is -8.62022 over 142 frames.
zh1113M0007 关闭 阀门 
LOG (gmm-latgen-faster[5.3.76~1-26df3]:DecodeUtteranceLatticeFaster():decoder-wrappers.cc:286) Log-like per frame for utterance zh1113M0007 is -8.39824 over 170 frames.
zh1113M0008 要 开启 窗帘 
LOG (gmm-latgen-faster[5.3.76~1-26df3]:DecodeUtteranceLatticeFaster():decoder-wrappers.cc:286) Log-like per frame for utterance zh1113M0008 is -7.98911 over 180 frames.
zh1113M0009 关掉 灯 
LOG (gmm-latgen-faster[5.3.76~1-26df3]:DecodeUtteranceLatticeFaster():decoder-wrappers.cc:286) Log-like per frame for utterance zh1113M0009 is -7.95239 over 151 frames.
LOG (gmm-latgen-faster[5.3.76~1-26df3]:main():gmm-latgen-faster.cc:176) Time taken 4.03318s: real-time factor assuming 100 frames/sec is 0.174672
LOG (gmm-latgen-faster[5.3.76~1-26df3]:main():gmm-latgen-faster.cc:179) Done 9 utterances, failed for 0
LOG (gmm-latgen-faster[5.3.76~1-26df3]:main():gmm-latgen-faster.cc:181) Overall log-likelihood per frame is -8.16053 over 2309 frames.
# Accounting: time=4 threads=1
# Ended (code 0) at Sun Apr  1 15:38:03 CST 2018, elapsed time 4 seconds
