# lattice-scale --inv-acoustic-scale=25 "ark:gunzip -c exp_FG/DNN_tri_8_2000_aligned_layer3_nodes256/decode/lat.*.gz|" ark:- | lattice-add-penalty --word-ins-penalty=0.0 ark:- ark:- | lattice-best-path --word-symbol-table=exp_FG/tri_8_2000/graph/words.txt ark:- ark,t:exp_FG/DNN_tri_8_2000_aligned_layer3_nodes256/decode/scoring/25.tra 
# Started at Sun Apr  1 15:53:40 CST 2018
#
lattice-add-penalty --word-ins-penalty=0.0 ark:- ark:- 
lattice-scale --inv-acoustic-scale=25 'ark:gunzip -c exp_FG/DNN_tri_8_2000_aligned_layer3_nodes256/decode/lat.*.gz|' ark:- 
lattice-best-path --word-symbol-table=exp_FG/tri_8_2000/graph/words.txt ark:- ark,t:exp_FG/DNN_tri_8_2000_aligned_layer3_nodes256/decode/scoring/25.tra 
LOG (lattice-best-path[5.3.76~1-26df3]:main():lattice-best-path.cc:99) For utterance zh1101M0001, best cost 24.5608 + -35.7693 = -11.2085 over 285 frames.
zh1101M0001 要 四 箱 银桥 核桃 牛奶 多 加糖 
LOG (lattice-best-path[5.3.76~1-26df3]:main():lattice-best-path.cc:99) For utterance zh1101M0002, best cost 27.5726 + -52.4468 = -24.8742 over 343 frames.
zh1101M0002 要 二 箱 银桥 花生 牛奶 少 加糖 
LOG (lattice-best-path[5.3.76~1-26df3]:main():lattice-best-path.cc:99) For utterance zh1101M0003, best cost 27.0508 + -58.5644 = -31.5136 over 381 frames.
zh1101M0003 要 三 箱 银桥 红枣 牛奶 不 加糖 
LOG (lattice-best-path[5.3.76~1-26df3]:main():lattice-best-path.cc:99) For utterance zh1101M0004, best cost 26.2109 + -46.5822 = -20.3713 over 314 frames.
zh1101M0004 要 一 箱 银桥 黑谷 牛奶 多 加糖 
LOG (lattice-best-path[5.3.76~1-26df3]:main():lattice-best-path.cc:99) For utterance zh1101M0005, best cost 27.0979 + -50.9917 = -23.8937 over 343 frames.
zh1101M0005 要 三 箱 银桥 核桃 牛奶 少 加糖 
LOG (lattice-best-path[5.3.76~1-26df3]:main():lattice-best-path.cc:99) For utterance zh1101M0006, best cost 13.394 + -11.5476 = 1.84632 over 142 frames.
zh1101M0006 打开 灯 
LOG (lattice-best-path[5.3.76~1-26df3]:main():lattice-best-path.cc:99) For utterance zh1101M0007, best cost 13.3104 + -26.4507 = -13.1403 over 170 frames.
zh1101M0007 关闭 阀门 
LOG (lattice-best-path[5.3.76~1-26df3]:main():lattice-best-path.cc:99) For utterance zh1101M0008, best cost 19.8043 + -17.5906 = 2.21371 over 180 frames.
zh1101M0008 要 开启 窗帘 
LOG (lattice-best-path[5.3.76~1-26df3]:main():lattice-best-path.cc:99) For utterance zh1101M0009, best cost 11.6264 + -14.6157 = -2.98929 over 151 frames.
zh1101M0009 关闭 灯 
LOG (lattice-best-path[5.3.76~1-26df3]:main():lattice-best-path.cc:99) For utterance zh1110M0001, best cost 24.5157 + -35.7148 = -11.1991 over 285 frames.
zh1110M0001 要 四 箱 银桥 核桃 牛奶 多 加糖 
LOG (lattice-best-path[5.3.76~1-26df3]:main():lattice-best-path.cc:99) For utterance zh1110M0002, best cost 27.5726 + -52.3562 = -24.7836 over 343 frames.
zh1110M0002 要 二 箱 银桥 花生 牛奶 少 加糖 
LOG (lattice-best-path[5.3.76~1-26df3]:main():lattice-best-path.cc:99) For utterance zh1110M0003, best cost 27.0333 + -58.5784 = -31.5452 over 381 frames.
zh1110M0003 要 三 箱 银桥 红枣 牛奶 不 加糖 
LOG (lattice-best-path[5.3.76~1-26df3]:main():lattice-best-path.cc:99) For utterance zh1110M0004, best cost 25.956 + -46.1897 = -20.2338 over 314 frames.
zh1110M0004 要 一 箱 银桥 黑谷 牛奶 多 加糖 
LOG (lattice-best-path[5.3.76~1-26df3]:main():lattice-best-path.cc:99) For utterance zh1110M0005, best cost 27.1666 + -50.4822 = -23.3157 over 343 frames.
zh1110M0005 要 三 箱 银桥 核桃 牛奶 少 加糖 
LOG (lattice-best-path[5.3.76~1-26df3]:main():lattice-best-path.cc:99) For utterance zh1110M0006, best cost 13.3933 + -11.2992 = 2.09405 over 142 frames.
zh1110M0006 打开 灯 
LOG (lattice-best-path[5.3.76~1-26df3]:main():lattice-best-path.cc:99) For utterance zh1110M0007, best cost 13.3104 + -26.2865 = -12.976 over 170 frames.
zh1110M0007 关闭 阀门 
LOG (lattice-best-path[5.3.76~1-26df3]:main():lattice-best-path.cc:99) For utterance zh1110M0008, best cost 19.849 + -17.0561 = 2.79288 over 180 frames.
zh1110M0008 要 开启 窗帘 
LOG (lattice-best-path[5.3.76~1-26df3]:main():lattice-best-path.cc:99) For utterance zh1110M0009, best cost 11.6839 + -14.6546 = -2.97073 over 151 frames.
zh1110M0009 关闭 灯 
LOG (lattice-best-path[5.3.76~1-26df3]:main():lattice-best-path.cc:99) For utterance zh1111M0001, best cost 25.9302 + -56.357 = -30.4268 over 372 frames.
zh1111M0001 要 五 箱 银桥 核桃 牛奶 多 加糖 
LOG (lattice-best-path[5.3.76~1-26df3]:main():lattice-best-path.cc:99) For utterance zh1111M0002, best cost 25.5868 + -52.4992 = -26.9124 over 333 frames.
zh1111M0002 要 五 箱 银桥 花生 牛奶 少 加糖 
LOG (lattice-best-path[5.3.76~1-26df3]:main():lattice-best-path.cc:99) For utterance zh1111M0003, best cost 28.8912 + -43.5764 = -14.6852 over 439 frames.
zh1111M0003 要 五 箱 银桥 红枣 牛奶 不 加糖 
LOG (lattice-best-path[5.3.76~1-26df3]:main():lattice-best-path.cc:99) For utterance zh1111M0004, best cost 26.7247 + -58.3525 = -31.6278 over 372 frames.
zh1111M0004 要 五 箱 银桥 黑谷 牛奶 多 加糖 
LOG (lattice-best-path[5.3.76~1-26df3]:main():lattice-best-path.cc:99) For utterance zh1111M0005, best cost 26.894 + -65.0995 = -38.2055 over 400 frames.
zh1111M0005 要 五 箱 银桥 核桃 牛奶 少 加糖 
LOG (lattice-best-path[5.3.76~1-26df3]:main():lattice-best-path.cc:99) For utterance zh1111M0006, best cost 9.45923 + -11.4829 = -2.02369 over 190 frames.
zh1111M0006 打开 泵 
LOG (lattice-best-path[5.3.76~1-26df3]:main():lattice-best-path.cc:99) For utterance zh1111M0007, best cost 12.5953 + -30.0429 = -17.4476 over 218 frames.
zh1111M0007 关闭 阀门 
LOG (lattice-best-path[5.3.76~1-26df3]:main():lattice-best-path.cc:99) For utterance zh1111M0008, best cost 11.6412 + -16.6691 = -5.02793 over 247 frames.
zh1111M0008 关掉 窗帘 
LOG (lattice-best-path[5.3.76~1-26df3]:main():lattice-best-path.cc:99) For utterance zh1111M0009, best cost 9.94363 + -20.9608 = -11.0172 over 199 frames.
zh1111M0009 关掉 灯 
LOG (lattice-best-path[5.3.76~1-26df3]:main():lattice-best-path.cc:99) For utterance zh1112M0001, best cost 26.7608 + -45.2658 = -18.505 over 333 frames.
zh1112M0001 要 二 箱 银桥 核桃 牛奶 多 加糖 
LOG (lattice-best-path[5.3.76~1-26df3]:main():lattice-best-path.cc:99) For utterance zh1112M0002, best cost 27.105 + -57.1115 = -30.0065 over 362 frames.
zh1112M0002 要 二 箱 银桥 花生 牛奶 少 加糖 
LOG (lattice-best-path[5.3.76~1-26df3]:main():lattice-best-path.cc:99) For utterance zh1112M0003, best cost 28.782 + -39.3418 = -10.5598 over 333 frames.
zh1112M0003 关闭 红枣 牛奶 不 加糖 
LOG (lattice-best-path[5.3.76~1-26df3]:main():lattice-best-path.cc:99) For utterance zh1112M0004, best cost 26.126 + -53.0108 = -26.8848 over 324 frames.
zh1112M0004 要 四 箱 银桥 黑谷 牛奶 多 加糖 
LOG (lattice-best-path[5.3.76~1-26df3]:main():lattice-best-path.cc:99) For utterance zh1112M0005, best cost 26.4187 + -42.3777 = -15.959 over 333 frames.
zh1112M0005 要 四 箱 银桥 核桃 牛奶 少 加糖 
LOG (lattice-best-path[5.3.76~1-26df3]:main():lattice-best-path.cc:99) For utterance zh1112M0006, best cost 9.42137 + -7.51098 = 1.91039 over 132 frames.
zh1112M0006 打开 泵 
LOG (lattice-best-path[5.3.76~1-26df3]:main():lattice-best-path.cc:99) For utterance zh1112M0007, best cost 12.6983 + -17.7273 = -5.02899 over 161 frames.
zh1112M0007 关闭 阀门 
LOG (lattice-best-path[5.3.76~1-26df3]:main():lattice-best-path.cc:99) For utterance zh1112M0008, best cost 13.6254 + -11.7196 = 1.90583 over 199 frames.
zh1112M0008 开启 窗帘 
LOG (lattice-best-path[5.3.76~1-26df3]:main():lattice-best-path.cc:99) For utterance zh1112M0009, best cost 11.2056 + -14.7203 = -3.51468 over 142 frames.
zh1112M0009 关掉 灯 
LOG (lattice-best-path[5.3.76~1-26df3]:main():lattice-best-path.cc:99) For utterance zh1113M0001, best cost 24.6063 + -35.676 = -11.0697 over 285 frames.
zh1113M0001 要 四 箱 银桥 核桃 牛奶 多 加糖 
LOG (lattice-best-path[5.3.76~1-26df3]:main():lattice-best-path.cc:99) For utterance zh1113M0002, best cost 27.7474 + -52.5145 = -24.7671 over 343 frames.
zh1113M0002 要 二 箱 银桥 花生 牛奶 少 加糖 
LOG (lattice-best-path[5.3.76~1-26df3]:main():lattice-best-path.cc:99) For utterance zh1113M0003, best cost 27.0333 + -58.5384 = -31.5052 over 381 frames.
zh1113M0003 要 三 箱 银桥 红枣 牛奶 不 加糖 
LOG (lattice-best-path[5.3.76~1-26df3]:main():lattice-best-path.cc:99) For utterance zh1113M0004, best cost 26.0056 + -46.3627 = -20.3571 over 314 frames.
zh1113M0004 要 一 箱 银桥 黑谷 牛奶 多 加糖 
LOG (lattice-best-path[5.3.76~1-26df3]:main():lattice-best-path.cc:99) For utterance zh1113M0005, best cost 27.091 + -50.5551 = -23.464 over 343 frames.
zh1113M0005 要 三 箱 银桥 核桃 牛奶 少 加糖 
LOG (lattice-best-path[5.3.76~1-26df3]:main():lattice-best-path.cc:99) For utterance zh1113M0006, best cost 13.3933 + -11.2034 = 2.18987 over 142 frames.
zh1113M0006 打开 灯 
LOG (lattice-best-path[5.3.76~1-26df3]:main():lattice-best-path.cc:99) For utterance zh1113M0007, best cost 13.2766 + -26.2785 = -13.0019 over 170 frames.
zh1113M0007 关闭 阀门 
LOG (lattice-best-path[5.3.76~1-26df3]:main():lattice-best-path.cc:99) For utterance zh1113M0008, best cost 19.8295 + -17.3102 = 2.51925 over 180 frames.
zh1113M0008 要 开启 窗帘 
LOG (lattice-best-path[5.3.76~1-26df3]:main():lattice-best-path.cc:99) For utterance zh1113M0009, best cost 11.6851 + -14.2177 = -2.53259 over 151 frames.
zh1113M0009 关闭 灯 
LOG (lattice-best-path[5.3.76~1-26df3]:main():lattice-best-path.cc:99) For utterance zh1114M0001, best cost 26.255 + -56.8632 = -30.6082 over 372 frames.
zh1114M0001 要 五 箱 银桥 核桃 牛奶 多 加糖 
LOG (lattice-best-path[5.3.76~1-26df3]:main():lattice-best-path.cc:99) For utterance zh1114M0002, best cost 25.5868 + -52.728 = -27.1413 over 333 frames.
zh1114M0002 要 五 箱 银桥 花生 牛奶 少 加糖 
LOG (lattice-best-path[5.3.76~1-26df3]:main():lattice-best-path.cc:99) For utterance zh1114M0003, best cost 28.9403 + -44.2451 = -15.3048 over 439 frames.
zh1114M0003 要 五 箱 银桥 红枣 牛奶 不 加糖 
LOG (lattice-best-path[5.3.76~1-26df3]:main():lattice-best-path.cc:99) For utterance zh1114M0004, best cost 26.7229 + -57.981 = -31.2581 over 372 frames.
zh1114M0004 要 五 箱 银桥 黑谷 牛奶 多 加糖 
LOG (lattice-best-path[5.3.76~1-26df3]:main():lattice-best-path.cc:99) For utterance zh1114M0005, best cost 27.1086 + -65.1192 = -38.0107 over 400 frames.
zh1114M0005 要 五 箱 银桥 核桃 牛奶 少 加糖 
LOG (lattice-best-path[5.3.76~1-26df3]:main():lattice-best-path.cc:99) For utterance zh1114M0006, best cost 9.44896 + -10.3815 = -0.932554 over 190 frames.
zh1114M0006 打开 泵 
LOG (lattice-best-path[5.3.76~1-26df3]:main():lattice-best-path.cc:99) For utterance zh1114M0007, best cost 12.6315 + -29.9316 = -17.3001 over 218 frames.
zh1114M0007 关闭 阀门 
LOG (lattice-best-path[5.3.76~1-26df3]:main():lattice-best-path.cc:99) For utterance zh1114M0008, best cost 11.7554 + -16.7915 = -5.03611 over 247 frames.
zh1114M0008 关掉 窗帘 
LOG (lattice-best-path[5.3.76~1-26df3]:main():lattice-best-path.cc:99) For utterance zh1114M0009, best cost 9.7648 + -21.0128 = -11.248 over 199 frames.
zh1114M0009 关掉 灯 
LOG (lattice-best-path[5.3.76~1-26df3]:main():lattice-best-path.cc:99) For utterance zh1115M0001, best cost 26.7666 + -44.7718 = -18.0052 over 333 frames.
zh1115M0001 要 二 箱 银桥 核桃 牛奶 多 加糖 
LOG (lattice-best-path[5.3.76~1-26df3]:main():lattice-best-path.cc:99) For utterance zh1115M0002, best cost 27.105 + -56.9723 = -29.8673 over 362 frames.
zh1115M0002 要 二 箱 银桥 花生 牛奶 少 加糖 
LOG (lattice-best-path[5.3.76~1-26df3]:main():lattice-best-path.cc:99) For utterance zh1115M0003, best cost 28.6957 + -39.1598 = -10.4641 over 333 frames.
zh1115M0003 关闭 红枣 牛奶 不 加糖 
LOG (lattice-best-path[5.3.76~1-26df3]:main():lattice-best-path.cc:99) For utterance zh1115M0004, best cost 26.3639 + -53.0053 = -26.6414 over 324 frames.
zh1115M0004 要 四 箱 银桥 黑谷 牛奶 多 加糖 
LOG (lattice-best-path[5.3.76~1-26df3]:main():lattice-best-path.cc:99) For utterance zh1115M0005, best cost 26.4185 + -42.1817 = -15.7632 over 333 frames.
zh1115M0005 要 四 箱 银桥 核桃 牛奶 少 加糖 
LOG (lattice-best-path[5.3.76~1-26df3]:main():lattice-best-path.cc:99) For utterance zh1115M0006, best cost 9.41712 + -7.5304 = 1.88672 over 132 frames.
zh1115M0006 打开 泵 
LOG (lattice-best-path[5.3.76~1-26df3]:main():lattice-best-path.cc:99) For utterance zh1115M0007, best cost 13.2523 + -17.9892 = -4.73691 over 161 frames.
zh1115M0007 关闭 阀门 
LOG (lattice-best-path[5.3.76~1-26df3]:main():lattice-best-path.cc:99) For utterance zh1115M0008, best cost 13.8042 + -12.0065 = 1.79767 over 199 frames.
zh1115M0008 开启 窗帘 
LOG (lattice-best-path[5.3.76~1-26df3]:main():lattice-best-path.cc:99) For utterance zh1115M0009, best cost 11.1552 + -14.1329 = -2.97763 over 142 frames.
zh1115M0009 关掉 灯 
LOG (lattice-best-path[5.3.76~1-26df3]:main():lattice-best-path.cc:99) For utterance zh1116M0001, best cost 24.5157 + -35.8328 = -11.3171 over 285 frames.
zh1116M0001 要 四 箱 银桥 核桃 牛奶 多 加糖 
LOG (lattice-best-path[5.3.76~1-26df3]:main():lattice-best-path.cc:99) For utterance zh1116M0002, best cost 27.8761 + -52.5188 = -24.6428 over 343 frames.
zh1116M0002 要 二 箱 银桥 花生 牛奶 少 加糖 
LOG (lattice-best-path[5.3.76~1-26df3]:main():lattice-best-path.cc:99) For utterance zh1116M0003, best cost 26.9908 + -58.4527 = -31.462 over 381 frames.
zh1116M0003 要 三 箱 银桥 红枣 牛奶 不 加糖 
LOG (lattice-best-path[5.3.76~1-26df3]:main():lattice-best-path.cc:99) For utterance zh1116M0004, best cost 26.0505 + -46.5301 = -20.4797 over 314 frames.
zh1116M0004 要 一 箱 银桥 黑谷 牛奶 多 加糖 
LOG (lattice-best-path[5.3.76~1-26df3]:main():lattice-best-path.cc:99) For utterance zh1116M0005, best cost 27.1124 + -50.4883 = -23.3759 over 343 frames.
zh1116M0005 要 三 箱 银桥 核桃 牛奶 少 加糖 
LOG (lattice-best-path[5.3.76~1-26df3]:main():lattice-best-path.cc:99) For utterance zh1116M0006, best cost 13.3757 + -11.5219 = 1.85382 over 142 frames.
zh1116M0006 打开 灯 
LOG (lattice-best-path[5.3.76~1-26df3]:main():lattice-best-path.cc:99) For utterance zh1116M0007, best cost 13.2766 + -26.2864 = -13.0098 over 170 frames.
zh1116M0007 关闭 阀门 
LOG (lattice-best-path[5.3.76~1-26df3]:main():lattice-best-path.cc:99) For utterance zh1116M0008, best cost 19.868 + -17.1122 = 2.75587 over 180 frames.
zh1116M0008 要 开启 窗帘 
LOG (lattice-best-path[5.3.76~1-26df3]:main():lattice-best-path.cc:99) For utterance zh1116M0009, best cost 11.6712 + -14.3454 = -2.67415 over 151 frames.
zh1116M0009 关闭 灯 
LOG (lattice-best-path[5.3.76~1-26df3]:main():lattice-best-path.cc:99) For utterance zh1117M0001, best cost 26.255 + -56.503 = -30.248 over 372 frames.
zh1117M0001 要 五 箱 银桥 核桃 牛奶 多 加糖 
LOG (lattice-best-path[5.3.76~1-26df3]:main():lattice-best-path.cc:99) For utterance zh1117M0002, best cost 25.5868 + -52.5167 = -26.9299 over 333 frames.
zh1117M0002 要 五 箱 银桥 花生 牛奶 少 加糖 
LOG (lattice-best-path[5.3.76~1-26df3]:main():lattice-best-path.cc:99) For utterance zh1117M0003, best cost 28.8341 + -44.2769 = -15.4428 over 439 frames.
zh1117M0003 要 五 箱 银桥 红枣 牛奶 不 加糖 
LOG (lattice-best-path[5.3.76~1-26df3]:main():lattice-best-path.cc:99) For utterance zh1117M0004, best cost 26.7229 + -58.0938 = -31.3709 over 372 frames.
zh1117M0004 要 五 箱 银桥 黑谷 牛奶 多 加糖 
LOG (lattice-best-path[5.3.76~1-26df3]:main():lattice-best-path.cc:99) For utterance zh1117M0005, best cost 26.8821 + -64.8367 = -37.9546 over 400 frames.
zh1117M0005 要 五 箱 银桥 核桃 牛奶 少 加糖 
LOG (lattice-best-path[5.3.76~1-26df3]:main():lattice-best-path.cc:99) For utterance zh1117M0006, best cost 9.45409 + -10.7529 = -1.29877 over 190 frames.
zh1117M0006 打开 泵 
LOG (lattice-best-path[5.3.76~1-26df3]:main():lattice-best-path.cc:99) For utterance zh1117M0007, best cost 12.5953 + -29.7343 = -17.139 over 218 frames.
zh1117M0007 关闭 阀门 
LOG (lattice-best-path[5.3.76~1-26df3]:main():lattice-best-path.cc:99) For utterance zh1117M0008, best cost 12.0038 + -16.9268 = -4.92308 over 247 frames.
zh1117M0008 打开 窗帘 
LOG (lattice-best-path[5.3.76~1-26df3]:main():lattice-best-path.cc:99) For utterance zh1117M0009, best cost 9.949 + -21.0055 = -11.0565 over 199 frames.
zh1117M0009 关掉 灯 
LOG (lattice-best-path[5.3.76~1-26df3]:main():lattice-best-path.cc:99) For utterance zh1118M0001, best cost 26.7603 + -45.0935 = -18.3332 over 333 frames.
zh1118M0001 要 二 箱 银桥 核桃 牛奶 多 加糖 
LOG (lattice-best-path[5.3.76~1-26df3]:main():lattice-best-path.cc:99) For utterance zh1118M0002, best cost 27.1133 + -56.9057 = -29.7924 over 362 frames.
zh1118M0002 要 二 箱 银桥 花生 牛奶 少 加糖 
LOG (lattice-best-path[5.3.76~1-26df3]:main():lattice-best-path.cc:99) For utterance zh1118M0003, best cost 28.7526 + -39.2934 = -10.5408 over 333 frames.
zh1118M0003 关闭 红枣 牛奶 不 加糖 
LOG (lattice-best-path[5.3.76~1-26df3]:main():lattice-best-path.cc:99) For utterance zh1118M0004, best cost 26.348 + -53.0447 = -26.6967 over 324 frames.
zh1118M0004 要 四 箱 银桥 黑谷 牛奶 多 加糖 
LOG (lattice-best-path[5.3.76~1-26df3]:main():lattice-best-path.cc:99) For utterance zh1118M0005, best cost 27.7618 + -43.4092 = -15.6475 over 333 frames.
zh1118M0005 要 五 箱 银桥 核桃 牛奶 少 加糖 
LOG (lattice-best-path[5.3.76~1-26df3]:main():lattice-best-path.cc:99) For utterance zh1118M0006, best cost 9.43166 + -7.77982 = 1.65184 over 132 frames.
zh1118M0006 打开 泵 
LOG (lattice-best-path[5.3.76~1-26df3]:main():lattice-best-path.cc:99) For utterance zh1118M0007, best cost 12.6479 + -17.5464 = -4.89844 over 161 frames.
zh1118M0007 关闭 阀门 
LOG (lattice-best-path[5.3.76~1-26df3]:main():lattice-best-path.cc:99) For utterance zh1118M0008, best cost 13.6307 + -11.7383 = 1.89242 over 199 frames.
zh1118M0008 开启 窗帘 
LOG (lattice-best-path[5.3.76~1-26df3]:main():lattice-best-path.cc:99) For utterance zh1118M0009, best cost 10.8027 + -14.3437 = -3.54096 over 142 frames.
zh1118M0009 关掉 灯 
LOG (lattice-best-path[5.3.76~1-26df3]:main():lattice-best-path.cc:99) For utterance zh1102M0001, best cost 25.9244 + -56.2431 = -30.3186 over 372 frames.
zh1102M0001 要 五 箱 银桥 核桃 牛奶 多 加糖 
LOG (lattice-best-path[5.3.76~1-26df3]:main():lattice-best-path.cc:99) For utterance zh1102M0002, best cost 25.5868 + -52.3706 = -26.7838 over 333 frames.
zh1102M0002 要 五 箱 银桥 花生 牛奶 少 加糖 
LOG (lattice-best-path[5.3.76~1-26df3]:main():lattice-best-path.cc:99) For utterance zh1102M0003, best cost 28.8569 + -43.8444 = -14.9875 over 439 frames.
zh1102M0003 要 五 箱 银桥 红枣 牛奶 不 加糖 
LOG (lattice-best-path[5.3.76~1-26df3]:main():lattice-best-path.cc:99) For utterance zh1102M0004, best cost 26.7788 + -58.1357 = -31.3569 over 372 frames.
zh1102M0004 要 五 箱 银桥 黑谷 牛奶 多 加糖 
LOG (lattice-best-path[5.3.76~1-26df3]:main():lattice-best-path.cc:99) For utterance zh1102M0005, best cost 27.1482 + -64.8115 = -37.6632 over 400 frames.
zh1102M0005 要 五 箱 银桥 核桃 牛奶 少 加糖 
LOG (lattice-best-path[5.3.76~1-26df3]:main():lattice-best-path.cc:99) For utterance zh1102M0006, best cost 9.47377 + -11.2746 = -1.80079 over 190 frames.
zh1102M0006 打开 泵 
LOG (lattice-best-path[5.3.76~1-26df3]:main():lattice-best-path.cc:99) For utterance zh1102M0007, best cost 12.5953 + -30.2967 = -17.7014 over 218 frames.
zh1102M0007 关闭 阀门 
LOG (lattice-best-path[5.3.76~1-26df3]:main():lattice-best-path.cc:99) For utterance zh1102M0008, best cost 11.6412 + -17.2309 = -5.58972 over 247 frames.
zh1102M0008 关掉 窗帘 
LOG (lattice-best-path[5.3.76~1-26df3]:main():lattice-best-path.cc:99) For utterance zh1102M0009, best cost 9.94363 + -20.9426 = -10.999 over 199 frames.
zh1102M0009 关掉 灯 
LOG (lattice-best-path[5.3.76~1-26df3]:main():lattice-best-path.cc:99) For utterance zh1103M0001, best cost 26.7608 + -45.2658 = -18.505 over 333 frames.
zh1103M0001 要 二 箱 银桥 核桃 牛奶 多 加糖 
LOG (lattice-best-path[5.3.76~1-26df3]:main():lattice-best-path.cc:99) For utterance zh1103M0002, best cost 27.105 + -57.1115 = -30.0065 over 362 frames.
zh1103M0002 要 二 箱 银桥 花生 牛奶 少 加糖 
LOG (lattice-best-path[5.3.76~1-26df3]:main():lattice-best-path.cc:99) For utterance zh1103M0003, best cost 28.782 + -39.3418 = -10.5598 over 333 frames.
zh1103M0003 关闭 红枣 牛奶 不 加糖 
LOG (lattice-best-path[5.3.76~1-26df3]:main():lattice-best-path.cc:99) For utterance zh1103M0004, best cost 26.126 + -53.0108 = -26.8848 over 324 frames.
zh1103M0004 要 四 箱 银桥 黑谷 牛奶 多 加糖 
LOG (lattice-best-path[5.3.76~1-26df3]:main():lattice-best-path.cc:99) For utterance zh1103M0005, best cost 26.4187 + -42.3777 = -15.959 over 333 frames.
zh1103M0005 要 四 箱 银桥 核桃 牛奶 少 加糖 
LOG (lattice-best-path[5.3.76~1-26df3]:main():lattice-best-path.cc:99) For utterance zh1103M0006, best cost 9.42137 + -7.51098 = 1.91039 over 132 frames.
zh1103M0006 打开 泵 
LOG (lattice-best-path[5.3.76~1-26df3]:main():lattice-best-path.cc:99) For utterance zh1103M0007, best cost 12.6983 + -17.7273 = -5.02899 over 161 frames.
zh1103M0007 关闭 阀门 
LOG (lattice-best-path[5.3.76~1-26df3]:main():lattice-best-path.cc:99) For utterance zh1103M0008, best cost 13.6254 + -11.7196 = 1.90583 over 199 frames.
zh1103M0008 开启 窗帘 
LOG (lattice-best-path[5.3.76~1-26df3]:main():lattice-best-path.cc:99) For utterance zh1103M0009, best cost 11.2056 + -14.7203 = -3.51468 over 142 frames.
zh1103M0009 关掉 灯 
LOG (lattice-best-path[5.3.76~1-26df3]:main():lattice-best-path.cc:99) For utterance zh1104M0001, best cost 24.6063 + -35.6792 = -11.0729 over 285 frames.
zh1104M0001 要 四 箱 银桥 核桃 牛奶 多 加糖 
LOG (lattice-best-path[5.3.76~1-26df3]:main():lattice-best-path.cc:99) For utterance zh1104M0002, best cost 27.7474 + -52.5185 = -24.7711 over 343 frames.
zh1104M0002 要 二 箱 银桥 花生 牛奶 少 加糖 
LOG (lattice-best-path[5.3.76~1-26df3]:main():lattice-best-path.cc:99) For utterance zh1104M0003, best cost 27.0333 + -58.537 = -31.5037 over 381 frames.
zh1104M0003 要 三 箱 银桥 红枣 牛奶 不 加糖 
LOG (lattice-best-path[5.3.76~1-26df3]:main():lattice-best-path.cc:99) For utterance zh1104M0004, best cost 26.0056 + -46.379 = -20.3734 over 314 frames.
zh1104M0004 要 一 箱 银桥 黑谷 牛奶 多 加糖 
LOG (lattice-best-path[5.3.76~1-26df3]:main():lattice-best-path.cc:99) For utterance zh1104M0005, best cost 27.091 + -50.5582 = -23.4671 over 343 frames.
zh1104M0005 要 三 箱 银桥 核桃 牛奶 少 加糖 
LOG (lattice-best-path[5.3.76~1-26df3]:main():lattice-best-path.cc:99) For utterance zh1104M0006, best cost 13.3933 + -11.2198 = 2.17347 over 142 frames.
zh1104M0006 打开 灯 
LOG (lattice-best-path[5.3.76~1-26df3]:main():lattice-best-path.cc:99) For utterance zh1104M0007, best cost 13.2766 + -26.1838 = -12.9072 over 170 frames.
zh1104M0007 关闭 阀门 
LOG (lattice-best-path[5.3.76~1-26df3]:main():lattice-best-path.cc:99) For utterance zh1104M0008, best cost 19.854 + -17.109 = 2.74505 over 180 frames.
zh1104M0008 要 开启 窗帘 
LOG (lattice-best-path[5.3.76~1-26df3]:main():lattice-best-path.cc:99) For utterance zh1104M0009, best cost 11.6264 + -14.3432 = -2.7168 over 151 frames.
zh1104M0009 关闭 灯 
LOG (lattice-best-path[5.3.76~1-26df3]:main():lattice-best-path.cc:99) For utterance zh1105M0001, best cost 26.255 + -56.4696 = -30.2146 over 372 frames.
zh1105M0001 要 五 箱 银桥 核桃 牛奶 多 加糖 
LOG (lattice-best-path[5.3.76~1-26df3]:main():lattice-best-path.cc:99) For utterance zh1105M0002, best cost 25.5792 + -52.2115 = -26.6322 over 333 frames.
zh1105M0002 要 五 箱 银桥 花生 牛奶 少 加糖 
LOG (lattice-best-path[5.3.76~1-26df3]:main():lattice-best-path.cc:99) For utterance zh1105M0003, best cost 28.9027 + -43.3279 = -14.4253 over 439 frames.
zh1105M0003 要 五 箱 银桥 红枣 牛奶 不 加糖 
LOG (lattice-best-path[5.3.76~1-26df3]:main():lattice-best-path.cc:99) For utterance zh1105M0004, best cost 26.7283 + -58.0405 = -31.3122 over 372 frames.
zh1105M0004 要 五 箱 银桥 黑谷 牛奶 多 加糖 
LOG (lattice-best-path[5.3.76~1-26df3]:main():lattice-best-path.cc:99) For utterance zh1105M0005, best cost 27.0311 + -65.2008 = -38.1697 over 400 frames.
zh1105M0005 要 五 箱 银桥 核桃 牛奶 少 加糖 
LOG (lattice-best-path[5.3.76~1-26df3]:main():lattice-best-path.cc:99) For utterance zh1105M0006, best cost 9.45923 + -11.6307 = -2.17145 over 190 frames.
zh1105M0006 打开 泵 
LOG (lattice-best-path[5.3.76~1-26df3]:main():lattice-best-path.cc:99) For utterance zh1105M0007, best cost 12.6031 + -29.5646 = -16.9615 over 218 frames.
zh1105M0007 关闭 阀门 
LOG (lattice-best-path[5.3.76~1-26df3]:main():lattice-best-path.cc:99) For utterance zh1105M0008, best cost 11.5478 + -19.5376 = -7.98975 over 247 frames.
zh1105M0008 开启 窗帘 
LOG (lattice-best-path[5.3.76~1-26df3]:main():lattice-best-path.cc:99) For utterance zh1105M0009, best cost 9.99936 + -21.2135 = -11.2141 over 199 frames.
zh1105M0009 关掉 灯 
LOG (lattice-best-path[5.3.76~1-26df3]:main():lattice-best-path.cc:99) For utterance zh1106M0001, best cost 26.7608 + -44.9971 = -18.2363 over 333 frames.
zh1106M0001 要 二 箱 银桥 核桃 牛奶 多 加糖 
LOG (lattice-best-path[5.3.76~1-26df3]:main():lattice-best-path.cc:99) For utterance zh1106M0002, best cost 27.1133 + -56.9011 = -29.7878 over 362 frames.
zh1106M0002 要 二 箱 银桥 花生 牛奶 少 加糖 
LOG (lattice-best-path[5.3.76~1-26df3]:main():lattice-best-path.cc:99) For utterance zh1106M0003, best cost 28.6918 + -39.0422 = -10.3504 over 333 frames.
zh1106M0003 关闭 红枣 牛奶 不 加糖 
LOG (lattice-best-path[5.3.76~1-26df3]:main():lattice-best-path.cc:99) For utterance zh1106M0004, best cost 26.396 + -53.2674 = -26.8714 over 324 frames.
zh1106M0004 要 四 箱 银桥 黑谷 牛奶 多 加糖 
LOG (lattice-best-path[5.3.76~1-26df3]:main():lattice-best-path.cc:99) For utterance zh1106M0005, best cost 26.4185 + -42.198 = -15.7795 over 333 frames.
zh1106M0005 要 四 箱 银桥 核桃 牛奶 少 加糖 
LOG (lattice-best-path[5.3.76~1-26df3]:main():lattice-best-path.cc:99) For utterance zh1106M0006, best cost 9.43166 + -7.79764 = 1.63403 over 132 frames.
zh1106M0006 打开 泵 
LOG (lattice-best-path[5.3.76~1-26df3]:main():lattice-best-path.cc:99) For utterance zh1106M0007, best cost 12.6983 + -17.9916 = -5.2933 over 161 frames.
zh1106M0007 关闭 阀门 
LOG (lattice-scale[5.3.76~1-26df3]:main():lattice-scale.cc:90) Done 162 lattices.
LOG (lattice-best-path[5.3.76~1-26df3]:main():lattice-best-path.cc:99) For utterance zh1106M0008, best cost 13.8095 + -11.6107 = 2.19877 over 199 frames.
zh1106M0008 开启 窗帘 
LOG (lattice-best-path[5.3.76~1-26df3]:main():lattice-best-path.cc:99) For utterance zh1106M0009, best cost 10.8027 + -14.2662 = -3.46347 over 142 frames.
zh1106M0009 关掉 灯 
LOG (lattice-best-path[5.3.76~1-26df3]:main():lattice-best-path.cc:99) For utterance zh1107M0001, best cost 24.5608 + -35.8478 = -11.287 over 285 frames.
zh1107M0001 要 四 箱 银桥 核桃 牛奶 多 加糖 
LOG (lattice-best-path[5.3.76~1-26df3]:main():lattice-best-path.cc:99) For utterance zh1107M0002, best cost 27.8761 + -52.3952 = -24.5191 over 343 frames.
zh1107M0002 要 二 箱 银桥 花生 牛奶 少 加糖 
LOG (lattice-best-path[5.3.76~1-26df3]:main():lattice-best-path.cc:99) For utterance zh1107M0003, best cost 27.0508 + -58.1336 = -31.0828 over 381 frames.
zh1107M0003 要 三 箱 银桥 红枣 牛奶 不 加糖 
LOG (lattice-best-path[5.3.76~1-26df3]:main():lattice-best-path.cc:99) For utterance zh1107M0004, best cost 26.0101 + -46.4228 = -20.4127 over 314 frames.
zh1107M0004 要 一 箱 银桥 黑谷 牛奶 多 加糖 
LOG (lattice-best-path[5.3.76~1-26df3]:main():lattice-best-path.cc:99) For utterance zh1107M0005, best cost 27.1737 + -50.4497 = -23.276 over 343 frames.
zh1107M0005 要 三 箱 银桥 核桃 牛奶 少 加糖 
LOG (lattice-best-path[5.3.76~1-26df3]:main():lattice-best-path.cc:99) For utterance zh1107M0006, best cost 12.9088 + -10.6004 = 2.30842 over 142 frames.
zh1107M0006 打开 泵 
LOG (lattice-best-path[5.3.76~1-26df3]:main():lattice-best-path.cc:99) For utterance zh1107M0007, best cost 13.2766 + -26.1412 = -12.8646 over 170 frames.
zh1107M0007 关闭 阀门 
LOG (lattice-best-path[5.3.76~1-26df3]:main():lattice-best-path.cc:99) For utterance zh1107M0008, best cost 19.819 + -16.9773 = 2.84174 over 180 frames.
zh1107M0008 要 开启 窗帘 
LOG (lattice-best-path[5.3.76~1-26df3]:main():lattice-best-path.cc:99) For utterance zh1107M0009, best cost 11.6851 + -14.4976 = -2.81248 over 151 frames.
zh1107M0009 关闭 灯 
LOG (lattice-best-path[5.3.76~1-26df3]:main():lattice-best-path.cc:99) For utterance zh1108M0001, best cost 26.255 + -56.7984 = -30.5434 over 372 frames.
zh1108M0001 要 五 箱 银桥 核桃 牛奶 多 加糖 
LOG (lattice-best-path[5.3.76~1-26df3]:main():lattice-best-path.cc:99) For utterance zh1108M0002, best cost 25.5868 + -52.5081 = -26.9213 over 333 frames.
zh1108M0002 要 五 箱 银桥 花生 牛奶 少 加糖 
LOG (lattice-add-penalty[5.3.76~1-26df3]:main():lattice-add-penalty.cc:62) Done adding word insertion penalty to 162 lattices.
LOG (lattice-best-path[5.3.76~1-26df3]:main():lattice-best-path.cc:99) For utterance zh1108M0003, best cost 28.8717 + -44.1367 = -15.265 over 439 frames.
zh1108M0003 要 五 箱 银桥 红枣 牛奶 不 加糖 
LOG (lattice-best-path[5.3.76~1-26df3]:main():lattice-best-path.cc:99) For utterance zh1108M0004, best cost 26.8354 + -58.2517 = -31.4163 over 372 frames.
zh1108M0004 要 五 箱 银桥 黑谷 牛奶 多 加糖 
LOG (lattice-best-path[5.3.76~1-26df3]:main():lattice-best-path.cc:99) For utterance zh1108M0005, best cost 27.0311 + -65.0739 = -38.0428 over 400 frames.
zh1108M0005 要 五 箱 银桥 核桃 牛奶 少 加糖 
LOG (lattice-best-path[5.3.76~1-26df3]:main():lattice-best-path.cc:99) For utterance zh1108M0006, best cost 9.45923 + -11.257 = -1.79777 over 190 frames.
zh1108M0006 打开 泵 
LOG (lattice-best-path[5.3.76~1-26df3]:main():lattice-best-path.cc:99) For utterance zh1108M0007, best cost 12.5465 + -29.8547 = -17.3081 over 218 frames.
zh1108M0007 关闭 阀门 
LOG (lattice-best-path[5.3.76~1-26df3]:main():lattice-best-path.cc:99) For utterance zh1108M0008, best cost 20.2033 + -23.0475 = -2.84426 over 247 frames.
zh1108M0008 要 开启 窗帘 
LOG (lattice-best-path[5.3.76~1-26df3]:main():lattice-best-path.cc:99) For utterance zh1108M0009, best cost 9.949 + -21.5984 = -11.6494 over 199 frames.
zh1108M0009 关掉 灯 
LOG (lattice-best-path[5.3.76~1-26df3]:main():lattice-best-path.cc:99) For utterance zh1109M0001, best cost 26.7595 + -45.1604 = -18.401 over 333 frames.
zh1109M0001 要 二 箱 银桥 核桃 牛奶 多 加糖 
LOG (lattice-best-path[5.3.76~1-26df3]:main():lattice-best-path.cc:99) For utterance zh1109M0002, best cost 27.105 + -57.0798 = -29.9749 over 362 frames.
zh1109M0002 要 二 箱 银桥 花生 牛奶 少 加糖 
LOG (lattice-best-path[5.3.76~1-26df3]:main():lattice-best-path.cc:99) For utterance zh1109M0003, best cost 28.7326 + -39.4625 = -10.7299 over 333 frames.
zh1109M0003 关闭 红枣 牛奶 不 加糖 
LOG (lattice-best-path[5.3.76~1-26df3]:main():lattice-best-path.cc:99) For utterance zh1109M0004, best cost 26.3639 + -53.1363 = -26.7724 over 324 frames.
zh1109M0004 要 四 箱 银桥 黑谷 牛奶 多 加糖 
LOG (lattice-best-path[5.3.76~1-26df3]:main():lattice-best-path.cc:99) For utterance zh1109M0005, best cost 27.7618 + -43.6967 = -15.9349 over 333 frames.
zh1109M0005 要 五 箱 银桥 核桃 牛奶 少 加糖 
LOG (lattice-best-path[5.3.76~1-26df3]:main():lattice-best-path.cc:99) For utterance zh1109M0006, best cost 9.41712 + -7.86156 = 1.55556 over 132 frames.
zh1109M0006 打开 泵 
LOG (lattice-best-path[5.3.76~1-26df3]:main():lattice-best-path.cc:99) For utterance zh1109M0007, best cost 13.2523 + -17.909 = -4.65675 over 161 frames.
zh1109M0007 关闭 阀门 
LOG (lattice-best-path[5.3.76~1-26df3]:main():lattice-best-path.cc:99) For utterance zh1109M0008, best cost 13.6254 + -11.8152 = 1.81027 over 199 frames.
zh1109M0008 开启 窗帘 
LOG (lattice-best-path[5.3.76~1-26df3]:main():lattice-best-path.cc:99) For utterance zh1109M0009, best cost 11.1049 + -14.2555 = -3.15064 over 142 frames.
zh1109M0009 关掉 灯 
LOG (lattice-best-path[5.3.76~1-26df3]:main():lattice-best-path.cc:124) Overall cost per frame is -0.0547948 = 0.0747324 [graph] + -0.129527 [acoustic] over 44388 frames.
LOG (lattice-best-path[5.3.76~1-26df3]:main():lattice-best-path.cc:128) Done 162 lattices, failed for 0
# Accounting: time=0 threads=1
# Ended (code 0) at Sun Apr  1 15:53:40 CST 2018, elapsed time 0 seconds
