# lattice-scale --inv-acoustic-scale=22 "ark:gunzip -c exp_FG/DNN_tri_8_2000_aligned_layer3_nodes256/decode/lat.*.gz|" ark:- | lattice-add-penalty --word-ins-penalty=0.0 ark:- ark:- | lattice-best-path --word-symbol-table=exp_FG/tri_8_2000/graph/words.txt ark:- ark,t:exp_FG/DNN_tri_8_2000_aligned_layer3_nodes256/decode/scoring/22.tra 
# Started at Sun Apr  1 15:53:39 CST 2018
#
lattice-best-path --word-symbol-table=exp_FG/tri_8_2000/graph/words.txt ark:- ark,t:exp_FG/DNN_tri_8_2000_aligned_layer3_nodes256/decode/scoring/22.tra 
lattice-scale --inv-acoustic-scale=22 'ark:gunzip -c exp_FG/DNN_tri_8_2000_aligned_layer3_nodes256/decode/lat.*.gz|' ark:- 
lattice-add-penalty --word-ins-penalty=0.0 ark:- ark:- 
LOG (lattice-best-path[5.3.76~1-26df3]:main():lattice-best-path.cc:99) For utterance zh1101M0001, best cost 24.5608 + -40.647 = -16.0862 over 285 frames.
zh1101M0001 要 四 箱 银桥 核桃 牛奶 多 加糖 
LOG (lattice-best-path[5.3.76~1-26df3]:main():lattice-best-path.cc:99) For utterance zh1101M0002, best cost 27.5726 + -59.5987 = -32.0261 over 343 frames.
zh1101M0002 要 二 箱 银桥 花生 牛奶 少 加糖 
LOG (lattice-best-path[5.3.76~1-26df3]:main():lattice-best-path.cc:99) For utterance zh1101M0003, best cost 27.0508 + -66.5504 = -39.4997 over 381 frames.
zh1101M0003 要 三 箱 银桥 红枣 牛奶 不 加糖 
LOG (lattice-best-path[5.3.76~1-26df3]:main():lattice-best-path.cc:99) For utterance zh1101M0004, best cost 26.2109 + -52.9343 = -26.7234 over 314 frames.
zh1101M0004 要 一 箱 银桥 黑谷 牛奶 多 加糖 
LOG (lattice-best-path[5.3.76~1-26df3]:main():lattice-best-path.cc:99) For utterance zh1101M0005, best cost 27.0979 + -57.9451 = -30.8471 over 343 frames.
zh1101M0005 要 三 箱 银桥 核桃 牛奶 少 加糖 
LOG (lattice-best-path[5.3.76~1-26df3]:main():lattice-best-path.cc:99) For utterance zh1101M0006, best cost 13.394 + -13.1223 = 0.271642 over 142 frames.
zh1101M0006 打开 灯 
LOG (lattice-best-path[5.3.76~1-26df3]:main():lattice-best-path.cc:99) For utterance zh1101M0007, best cost 13.3104 + -30.0576 = -16.7472 over 170 frames.
zh1101M0007 关闭 阀门 
LOG (lattice-best-path[5.3.76~1-26df3]:main():lattice-best-path.cc:99) For utterance zh1101M0008, best cost 19.8043 + -19.9893 = -0.185017 over 180 frames.
zh1101M0008 要 开启 窗帘 
LOG (lattice-best-path[5.3.76~1-26df3]:main():lattice-best-path.cc:99) For utterance zh1101M0009, best cost 11.6264 + -16.6087 = -4.98234 over 151 frames.
zh1101M0009 关闭 灯 
LOG (lattice-best-path[5.3.76~1-26df3]:main():lattice-best-path.cc:99) For utterance zh1110M0001, best cost 24.5157 + -40.585 = -16.0693 over 285 frames.
zh1110M0001 要 四 箱 银桥 核桃 牛奶 多 加糖 
LOG (lattice-best-path[5.3.76~1-26df3]:main():lattice-best-path.cc:99) For utterance zh1110M0002, best cost 27.5726 + -59.4957 = -31.923 over 343 frames.
zh1110M0002 要 二 箱 银桥 花生 牛奶 少 加糖 
LOG (lattice-best-path[5.3.76~1-26df3]:main():lattice-best-path.cc:99) For utterance zh1110M0003, best cost 27.0333 + -66.5664 = -39.5331 over 381 frames.
zh1110M0003 要 三 箱 银桥 红枣 牛奶 不 加糖 
LOG (lattice-best-path[5.3.76~1-26df3]:main():lattice-best-path.cc:99) For utterance zh1110M0004, best cost 25.956 + -52.4883 = -26.5324 over 314 frames.
zh1110M0004 要 一 箱 银桥 黑谷 牛奶 多 加糖 
LOG (lattice-best-path[5.3.76~1-26df3]:main():lattice-best-path.cc:99) For utterance zh1110M0005, best cost 27.1666 + -57.3662 = -30.1996 over 343 frames.
zh1110M0005 要 三 箱 银桥 核桃 牛奶 少 加糖 
LOG (lattice-best-path[5.3.76~1-26df3]:main():lattice-best-path.cc:99) For utterance zh1110M0006, best cost 13.3933 + -12.84 = 0.55324 over 142 frames.
zh1110M0006 打开 灯 
LOG (lattice-best-path[5.3.76~1-26df3]:main():lattice-best-path.cc:99) For utterance zh1110M0007, best cost 13.3104 + -29.871 = -16.5606 over 170 frames.
zh1110M0007 关闭 阀门 
LOG (lattice-best-path[5.3.76~1-26df3]:main():lattice-best-path.cc:99) For utterance zh1110M0008, best cost 19.849 + -19.3819 = 0.467049 over 180 frames.
zh1110M0008 要 开启 窗帘 
LOG (lattice-best-path[5.3.76~1-26df3]:main():lattice-best-path.cc:99) For utterance zh1110M0009, best cost 11.6839 + -16.653 = -4.96909 over 151 frames.
zh1110M0009 关闭 灯 
LOG (lattice-best-path[5.3.76~1-26df3]:main():lattice-best-path.cc:99) For utterance zh1111M0001, best cost 25.9302 + -64.0421 = -38.1119 over 372 frames.
zh1111M0001 要 五 箱 银桥 核桃 牛奶 多 加糖 
LOG (lattice-best-path[5.3.76~1-26df3]:main():lattice-best-path.cc:99) For utterance zh1111M0002, best cost 25.5868 + -59.6582 = -34.0714 over 333 frames.
zh1111M0002 要 五 箱 银桥 花生 牛奶 少 加糖 
LOG (lattice-best-path[5.3.76~1-26df3]:main():lattice-best-path.cc:99) For utterance zh1111M0003, best cost 28.8912 + -49.5186 = -20.6274 over 439 frames.
zh1111M0003 要 五 箱 银桥 红枣 牛奶 不 加糖 
LOG (lattice-best-path[5.3.76~1-26df3]:main():lattice-best-path.cc:99) For utterance zh1111M0004, best cost 26.7247 + -66.3097 = -39.585 over 372 frames.
zh1111M0004 要 五 箱 银桥 黑谷 牛奶 多 加糖 
LOG (lattice-best-path[5.3.76~1-26df3]:main():lattice-best-path.cc:99) For utterance zh1111M0005, best cost 26.894 + -73.9767 = -47.0827 over 400 frames.
zh1111M0005 要 五 箱 银桥 核桃 牛奶 少 加糖 
LOG (lattice-best-path[5.3.76~1-26df3]:main():lattice-best-path.cc:99) For utterance zh1111M0006, best cost 9.45923 + -13.0488 = -3.58954 over 190 frames.
zh1111M0006 打开 泵 
LOG (lattice-best-path[5.3.76~1-26df3]:main():lattice-best-path.cc:99) For utterance zh1111M0007, best cost 12.5953 + -34.1397 = -21.5444 over 218 frames.
zh1111M0007 关闭 阀门 
LOG (lattice-best-path[5.3.76~1-26df3]:main():lattice-best-path.cc:99) For utterance zh1111M0008, best cost 11.6412 + -18.9422 = -7.30099 over 247 frames.
zh1111M0008 关掉 窗帘 
LOG (lattice-best-path[5.3.76~1-26df3]:main():lattice-best-path.cc:99) For utterance zh1111M0009, best cost 9.94363 + -23.8191 = -13.8755 over 199 frames.
zh1111M0009 关掉 灯 
LOG (lattice-best-path[5.3.76~1-26df3]:main():lattice-best-path.cc:99) For utterance zh1112M0001, best cost 26.7608 + -51.4384 = -24.6776 over 333 frames.
zh1112M0001 要 二 箱 银桥 核桃 牛奶 多 加糖 
LOG (lattice-best-path[5.3.76~1-26df3]:main():lattice-best-path.cc:99) For utterance zh1112M0002, best cost 27.105 + -64.8994 = -37.7945 over 362 frames.
zh1112M0002 要 二 箱 银桥 花生 牛奶 少 加糖 
LOG (lattice-best-path[5.3.76~1-26df3]:main():lattice-best-path.cc:99) For utterance zh1112M0003, best cost 28.782 + -44.7065 = -15.9246 over 333 frames.
zh1112M0003 关闭 红枣 牛奶 不 加糖 
LOG (lattice-best-path[5.3.76~1-26df3]:main():lattice-best-path.cc:99) For utterance zh1112M0004, best cost 26.126 + -60.2395 = -34.1135 over 324 frames.
zh1112M0004 要 四 箱 银桥 黑谷 牛奶 多 加糖 
LOG (lattice-best-path[5.3.76~1-26df3]:main():lattice-best-path.cc:99) For utterance zh1112M0005, best cost 27.762 + -49.6553 = -21.8933 over 333 frames.
zh1112M0005 要 五 箱 银桥 核桃 牛奶 少 加糖 
LOG (lattice-best-path[5.3.76~1-26df3]:main():lattice-best-path.cc:99) For utterance zh1112M0006, best cost 9.42137 + -8.53521 = 0.88616 over 132 frames.
zh1112M0006 打开 泵 
LOG (lattice-best-path[5.3.76~1-26df3]:main():lattice-best-path.cc:99) For utterance zh1112M0007, best cost 12.6983 + -20.1446 = -7.44634 over 161 frames.
zh1112M0007 关闭 阀门 
LOG (lattice-best-path[5.3.76~1-26df3]:main():lattice-best-path.cc:99) For utterance zh1112M0008, best cost 13.6254 + -13.3177 = 0.307702 over 199 frames.
zh1112M0008 开启 窗帘 
LOG (lattice-best-path[5.3.76~1-26df3]:main():lattice-best-path.cc:99) For utterance zh1112M0009, best cost 11.2056 + -16.7276 = -5.52198 over 142 frames.
zh1112M0009 关掉 灯 
LOG (lattice-best-path[5.3.76~1-26df3]:main():lattice-best-path.cc:99) For utterance zh1113M0001, best cost 24.6063 + -40.5409 = -15.9346 over 285 frames.
zh1113M0001 要 四 箱 银桥 核桃 牛奶 多 加糖 
LOG (lattice-best-path[5.3.76~1-26df3]:main():lattice-best-path.cc:99) For utterance zh1113M0002, best cost 27.7474 + -59.6756 = -31.9282 over 343 frames.
zh1113M0002 要 二 箱 银桥 花生 牛奶 少 加糖 
LOG (lattice-best-path[5.3.76~1-26df3]:main():lattice-best-path.cc:99) For utterance zh1113M0003, best cost 27.0333 + -66.521 = -39.4877 over 381 frames.
zh1113M0003 要 三 箱 银桥 红枣 牛奶 不 加糖 
LOG (lattice-best-path[5.3.76~1-26df3]:main():lattice-best-path.cc:99) For utterance zh1113M0004, best cost 26.0056 + -52.6849 = -26.6793 over 314 frames.
zh1113M0004 要 一 箱 银桥 黑谷 牛奶 多 加糖 
LOG (lattice-best-path[5.3.76~1-26df3]:main():lattice-best-path.cc:99) For utterance zh1113M0005, best cost 27.091 + -57.449 = -30.3579 over 343 frames.
zh1113M0005 要 三 箱 银桥 核桃 牛奶 少 加糖 
LOG (lattice-best-path[5.3.76~1-26df3]:main():lattice-best-path.cc:99) For utterance zh1113M0006, best cost 13.3933 + -12.7311 = 0.66213 over 142 frames.
zh1113M0006 打开 灯 
LOG (lattice-best-path[5.3.76~1-26df3]:main():lattice-best-path.cc:99) For utterance zh1113M0007, best cost 13.2766 + -29.862 = -16.5853 over 170 frames.
zh1113M0007 关闭 阀门 
LOG (lattice-best-path[5.3.76~1-26df3]:main():lattice-best-path.cc:99) For utterance zh1113M0008, best cost 19.8295 + -19.6707 = 0.158764 over 180 frames.
zh1113M0008 要 开启 窗帘 
LOG (lattice-best-path[5.3.76~1-26df3]:main():lattice-best-path.cc:99) For utterance zh1113M0009, best cost 11.6851 + -16.1564 = -4.47136 over 151 frames.
zh1113M0009 关闭 灯 
LOG (lattice-best-path[5.3.76~1-26df3]:main():lattice-best-path.cc:99) For utterance zh1114M0001, best cost 26.255 + -64.6173 = -38.3623 over 372 frames.
zh1114M0001 要 五 箱 银桥 核桃 牛奶 多 加糖 
LOG (lattice-best-path[5.3.76~1-26df3]:main():lattice-best-path.cc:99) For utterance zh1114M0002, best cost 25.5868 + -59.9182 = -34.3314 over 333 frames.
zh1114M0002 要 五 箱 银桥 花生 牛奶 少 加糖 
LOG (lattice-best-path[5.3.76~1-26df3]:main():lattice-best-path.cc:99) For utterance zh1114M0003, best cost 28.9403 + -50.2785 = -21.3382 over 439 frames.
zh1114M0003 要 五 箱 银桥 红枣 牛奶 不 加糖 
LOG (lattice-best-path[5.3.76~1-26df3]:main():lattice-best-path.cc:99) For utterance zh1114M0004, best cost 26.7229 + -65.8875 = -39.1646 over 372 frames.
zh1114M0004 要 五 箱 银桥 黑谷 牛奶 多 加糖 
LOG (lattice-best-path[5.3.76~1-26df3]:main():lattice-best-path.cc:99) For utterance zh1114M0005, best cost 27.1086 + -73.9991 = -46.8905 over 400 frames.
zh1114M0005 要 五 箱 银桥 核桃 牛奶 少 加糖 
LOG (lattice-best-path[5.3.76~1-26df3]:main():lattice-best-path.cc:99) For utterance zh1114M0006, best cost 9.44896 + -11.7972 = -2.34822 over 190 frames.
zh1114M0006 打开 泵 
LOG (lattice-best-path[5.3.76~1-26df3]:main():lattice-best-path.cc:99) For utterance zh1114M0007, best cost 12.6315 + -34.0131 = -21.3816 over 218 frames.
zh1114M0007 关闭 阀门 
LOG (lattice-best-path[5.3.76~1-26df3]:main():lattice-best-path.cc:99) For utterance zh1114M0008, best cost 11.7554 + -19.0813 = -7.32586 over 247 frames.
zh1114M0008 关掉 窗帘 
LOG (lattice-best-path[5.3.76~1-26df3]:main():lattice-best-path.cc:99) For utterance zh1114M0009, best cost 9.7648 + -23.8782 = -14.1134 over 199 frames.
zh1114M0009 关掉 灯 
LOG (lattice-best-path[5.3.76~1-26df3]:main():lattice-best-path.cc:99) For utterance zh1115M0001, best cost 26.7666 + -50.877 = -24.1104 over 333 frames.
zh1115M0001 要 二 箱 银桥 核桃 牛奶 多 加糖 
LOG (lattice-best-path[5.3.76~1-26df3]:main():lattice-best-path.cc:99) For utterance zh1115M0002, best cost 27.105 + -64.7412 = -37.6363 over 362 frames.
zh1115M0002 要 二 箱 银桥 花生 牛奶 少 加糖 
LOG (lattice-best-path[5.3.76~1-26df3]:main():lattice-best-path.cc:99) For utterance zh1115M0003, best cost 28.6957 + -44.4998 = -15.8041 over 333 frames.
zh1115M0003 关闭 红枣 牛奶 不 加糖 
LOG (lattice-best-path[5.3.76~1-26df3]:main():lattice-best-path.cc:99) For utterance zh1115M0004, best cost 26.3639 + -60.2333 = -33.8694 over 324 frames.
zh1115M0004 要 四 箱 银桥 黑谷 牛奶 多 加糖 
LOG (lattice-best-path[5.3.76~1-26df3]:main():lattice-best-path.cc:99) For utterance zh1115M0005, best cost 27.7658 + -49.3725 = -21.6067 over 333 frames.
zh1115M0005 要 五 箱 银桥 核桃 牛奶 少 加糖 
LOG (lattice-best-path[5.3.76~1-26df3]:main():lattice-best-path.cc:99) For utterance zh1115M0006, best cost 9.41712 + -8.55727 = 0.859848 over 132 frames.
zh1115M0006 打开 泵 
LOG (lattice-best-path[5.3.76~1-26df3]:main():lattice-best-path.cc:99) For utterance zh1115M0007, best cost 13.2523 + -20.4422 = -7.18997 over 161 frames.
zh1115M0007 关闭 阀门 
LOG (lattice-best-path[5.3.76~1-26df3]:main():lattice-best-path.cc:99) For utterance zh1115M0008, best cost 13.8042 + -13.6438 = 0.160415 over 199 frames.
zh1115M0008 开启 窗帘 
LOG (lattice-best-path[5.3.76~1-26df3]:main():lattice-best-path.cc:99) For utterance zh1115M0009, best cost 11.1552 + -16.0601 = -4.90484 over 142 frames.
zh1115M0009 关掉 灯 
LOG (lattice-best-path[5.3.76~1-26df3]:main():lattice-best-path.cc:99) For utterance zh1116M0001, best cost 24.5157 + -40.7191 = -16.2034 over 285 frames.
zh1116M0001 要 四 箱 银桥 核桃 牛奶 多 加糖 
LOG (lattice-best-path[5.3.76~1-26df3]:main():lattice-best-path.cc:99) For utterance zh1116M0002, best cost 27.8761 + -59.6805 = -31.8044 over 343 frames.
zh1116M0002 要 二 箱 银桥 花生 牛奶 少 加糖 
LOG (lattice-best-path[5.3.76~1-26df3]:main():lattice-best-path.cc:99) For utterance zh1116M0003, best cost 26.9908 + -66.4236 = -39.4328 over 381 frames.
zh1116M0003 要 三 箱 银桥 红枣 牛奶 不 加糖 
LOG (lattice-best-path[5.3.76~1-26df3]:main():lattice-best-path.cc:99) For utterance zh1116M0004, best cost 26.0505 + -52.8752 = -26.8247 over 314 frames.
zh1116M0004 要 一 箱 银桥 黑谷 牛奶 多 加糖 
LOG (lattice-best-path[5.3.76~1-26df3]:main():lattice-best-path.cc:99) For utterance zh1116M0005, best cost 27.1124 + -57.3731 = -30.2607 over 343 frames.
zh1116M0005 要 三 箱 银桥 核桃 牛奶 少 加糖 
LOG (lattice-best-path[5.3.76~1-26df3]:main():lattice-best-path.cc:99) For utterance zh1116M0006, best cost 13.3757 + -13.0931 = 0.282649 over 142 frames.
zh1116M0006 打开 灯 
LOG (lattice-best-path[5.3.76~1-26df3]:main():lattice-best-path.cc:99) For utterance zh1116M0007, best cost 13.2766 + -29.8709 = -16.5943 over 170 frames.
zh1116M0007 关闭 阀门 
LOG (lattice-best-path[5.3.76~1-26df3]:main():lattice-best-path.cc:99) For utterance zh1116M0008, best cost 19.868 + -19.4456 = 0.422384 over 180 frames.
zh1116M0008 要 开启 窗帘 
LOG (lattice-best-path[5.3.76~1-26df3]:main():lattice-best-path.cc:99) For utterance zh1116M0009, best cost 11.6712 + -16.3016 = -4.63035 over 151 frames.
zh1116M0009 关闭 灯 
LOG (lattice-best-path[5.3.76~1-26df3]:main():lattice-best-path.cc:99) For utterance zh1117M0001, best cost 26.255 + -64.208 = -37.953 over 372 frames.
zh1117M0001 要 五 箱 银桥 核桃 牛奶 多 加糖 
LOG (lattice-best-path[5.3.76~1-26df3]:main():lattice-best-path.cc:99) For utterance zh1117M0002, best cost 25.5868 + -59.678 = -34.0912 over 333 frames.
zh1117M0002 要 五 箱 银桥 花生 牛奶 少 加糖 
LOG (lattice-best-path[5.3.76~1-26df3]:main():lattice-best-path.cc:99) For utterance zh1117M0003, best cost 28.8341 + -50.3147 = -21.4806 over 439 frames.
zh1117M0003 要 五 箱 银桥 红枣 牛奶 不 加糖 
LOG (lattice-best-path[5.3.76~1-26df3]:main():lattice-best-path.cc:99) For utterance zh1117M0004, best cost 26.7229 + -66.0157 = -39.2928 over 372 frames.
zh1117M0004 要 五 箱 银桥 黑谷 牛奶 多 加糖 
LOG (lattice-best-path[5.3.76~1-26df3]:main():lattice-best-path.cc:99) For utterance zh1117M0005, best cost 26.8821 + -73.678 = -46.796 over 400 frames.
zh1117M0005 要 五 箱 银桥 核桃 牛奶 少 加糖 
LOG (lattice-best-path[5.3.76~1-26df3]:main():lattice-best-path.cc:99) For utterance zh1117M0006, best cost 9.45409 + -12.2192 = -2.76507 over 190 frames.
zh1117M0006 打开 泵 
LOG (lattice-best-path[5.3.76~1-26df3]:main():lattice-best-path.cc:99) For utterance zh1117M0007, best cost 12.5953 + -33.7889 = -21.1937 over 218 frames.
zh1117M0007 关闭 阀门 
LOG (lattice-best-path[5.3.76~1-26df3]:main():lattice-best-path.cc:99) For utterance zh1117M0008, best cost 12.0038 + -19.235 = -7.23129 over 247 frames.
zh1117M0008 打开 窗帘 
LOG (lattice-best-path[5.3.76~1-26df3]:main():lattice-best-path.cc:99) For utterance zh1117M0009, best cost 9.949 + -23.8699 = -13.9209 over 199 frames.
zh1117M0009 关掉 灯 
LOG (lattice-best-path[5.3.76~1-26df3]:main():lattice-best-path.cc:99) For utterance zh1118M0001, best cost 26.7603 + -51.2426 = -24.4823 over 333 frames.
zh1118M0001 要 二 箱 银桥 核桃 牛奶 多 加糖 
LOG (lattice-best-path[5.3.76~1-26df3]:main():lattice-best-path.cc:99) For utterance zh1118M0002, best cost 27.1133 + -64.6656 = -37.5523 over 362 frames.
zh1118M0002 要 二 箱 银桥 花生 牛奶 少 加糖 
LOG (lattice-best-path[5.3.76~1-26df3]:main():lattice-best-path.cc:99) For utterance zh1118M0003, best cost 28.7526 + -44.6516 = -15.899 over 333 frames.
zh1118M0003 关闭 红枣 牛奶 不 加糖 
LOG (lattice-best-path[5.3.76~1-26df3]:main():lattice-best-path.cc:99) For utterance zh1118M0004, best cost 26.348 + -60.2781 = -33.9301 over 324 frames.
zh1118M0004 要 四 箱 银桥 黑谷 牛奶 多 加糖 
LOG (lattice-best-path[5.3.76~1-26df3]:main():lattice-best-path.cc:99) For utterance zh1118M0005, best cost 27.7618 + -49.3287 = -21.5669 over 333 frames.
zh1118M0005 要 五 箱 银桥 核桃 牛奶 少 加糖 
LOG (lattice-best-path[5.3.76~1-26df3]:main():lattice-best-path.cc:99) For utterance zh1118M0006, best cost 9.43166 + -8.84071 = 0.590952 over 132 frames.
zh1118M0006 打开 泵 
LOG (lattice-best-path[5.3.76~1-26df3]:main():lattice-best-path.cc:99) For utterance zh1118M0007, best cost 12.6479 + -19.939 = -7.29113 over 161 frames.
zh1118M0007 关闭 阀门 
LOG (lattice-best-path[5.3.76~1-26df3]:main():lattice-best-path.cc:99) For utterance zh1118M0008, best cost 13.6307 + -13.339 = 0.291744 over 199 frames.
zh1118M0008 开启 窗帘 
LOG (lattice-best-path[5.3.76~1-26df3]:main():lattice-best-path.cc:99) For utterance zh1118M0009, best cost 10.8027 + -16.2996 = -5.49692 over 142 frames.
zh1118M0009 关掉 灯 
LOG (lattice-best-path[5.3.76~1-26df3]:main():lattice-best-path.cc:99) For utterance zh1102M0001, best cost 25.9244 + -63.9126 = -37.9881 over 372 frames.
zh1102M0001 要 五 箱 银桥 核桃 牛奶 多 加糖 
LOG (lattice-best-path[5.3.76~1-26df3]:main():lattice-best-path.cc:99) For utterance zh1102M0002, best cost 25.5868 + -59.512 = -33.9252 over 333 frames.
zh1102M0002 要 五 箱 银桥 花生 牛奶 少 加糖 
LOG (lattice-best-path[5.3.76~1-26df3]:main():lattice-best-path.cc:99) For utterance zh1102M0003, best cost 28.8569 + -49.8232 = -20.9663 over 439 frames.
zh1102M0003 要 五 箱 银桥 红枣 牛奶 不 加糖 
LOG (lattice-best-path[5.3.76~1-26df3]:main():lattice-best-path.cc:99) For utterance zh1102M0004, best cost 26.7788 + -66.0633 = -39.2845 over 372 frames.
zh1102M0004 要 五 箱 银桥 黑谷 牛奶 多 加糖 
LOG (lattice-best-path[5.3.76~1-26df3]:main():lattice-best-path.cc:99) For utterance zh1102M0005, best cost 27.1482 + -73.6494 = -46.5012 over 400 frames.
zh1102M0005 要 五 箱 银桥 核桃 牛奶 少 加糖 
LOG (lattice-best-path[5.3.76~1-26df3]:main():lattice-best-path.cc:99) For utterance zh1102M0006, best cost 9.47377 + -12.812 = -3.33823 over 190 frames.
zh1102M0006 打开 泵 
LOG (lattice-best-path[5.3.76~1-26df3]:main():lattice-best-path.cc:99) For utterance zh1102M0007, best cost 12.5953 + -34.4281 = -21.8328 over 218 frames.
zh1102M0007 关闭 阀门 
LOG (lattice-best-path[5.3.76~1-26df3]:main():lattice-best-path.cc:99) For utterance zh1102M0008, best cost 11.6412 + -19.5806 = -7.93939 over 247 frames.
zh1102M0008 关掉 窗帘 
LOG (lattice-best-path[5.3.76~1-26df3]:main():lattice-best-path.cc:99) For utterance zh1102M0009, best cost 9.94363 + -23.7984 = -13.8548 over 199 frames.
zh1102M0009 关掉 灯 
LOG (lattice-best-path[5.3.76~1-26df3]:main():lattice-best-path.cc:99) For utterance zh1103M0001, best cost 26.7608 + -51.4384 = -24.6776 over 333 frames.
zh1103M0001 要 二 箱 银桥 核桃 牛奶 多 加糖 
LOG (lattice-best-path[5.3.76~1-26df3]:main():lattice-best-path.cc:99) For utterance zh1103M0002, best cost 27.105 + -64.8994 = -37.7945 over 362 frames.
zh1103M0002 要 二 箱 银桥 花生 牛奶 少 加糖 
LOG (lattice-best-path[5.3.76~1-26df3]:main():lattice-best-path.cc:99) For utterance zh1103M0003, best cost 28.782 + -44.7065 = -15.9246 over 333 frames.
zh1103M0003 关闭 红枣 牛奶 不 加糖 
LOG (lattice-best-path[5.3.76~1-26df3]:main():lattice-best-path.cc:99) For utterance zh1103M0004, best cost 26.126 + -60.2395 = -34.1135 over 324 frames.
zh1103M0004 要 四 箱 银桥 黑谷 牛奶 多 加糖 
LOG (lattice-best-path[5.3.76~1-26df3]:main():lattice-best-path.cc:99) For utterance zh1103M0005, best cost 27.762 + -49.6553 = -21.8933 over 333 frames.
zh1103M0005 要 五 箱 银桥 核桃 牛奶 少 加糖 
LOG (lattice-best-path[5.3.76~1-26df3]:main():lattice-best-path.cc:99) For utterance zh1103M0006, best cost 9.42137 + -8.53521 = 0.88616 over 132 frames.
zh1103M0006 打开 泵 
LOG (lattice-best-path[5.3.76~1-26df3]:main():lattice-best-path.cc:99) For utterance zh1103M0007, best cost 12.6983 + -20.1446 = -7.44634 over 161 frames.
zh1103M0007 关闭 阀门 
LOG (lattice-best-path[5.3.76~1-26df3]:main():lattice-best-path.cc:99) For utterance zh1103M0008, best cost 13.6254 + -13.3177 = 0.307702 over 199 frames.
zh1103M0008 开启 窗帘 
LOG (lattice-best-path[5.3.76~1-26df3]:main():lattice-best-path.cc:99) For utterance zh1103M0009, best cost 11.2056 + -16.7276 = -5.52198 over 142 frames.
zh1103M0009 关掉 灯 
LOG (lattice-best-path[5.3.76~1-26df3]:main():lattice-best-path.cc:99) For utterance zh1104M0001, best cost 24.6063 + -40.5445 = -15.9382 over 285 frames.
zh1104M0001 要 四 箱 银桥 核桃 牛奶 多 加糖 
LOG (lattice-best-path[5.3.76~1-26df3]:main():lattice-best-path.cc:99) For utterance zh1104M0002, best cost 27.7474 + -59.6801 = -31.9327 over 343 frames.
zh1104M0002 要 二 箱 银桥 花生 牛奶 少 加糖 
LOG (lattice-best-path[5.3.76~1-26df3]:main():lattice-best-path.cc:99) For utterance zh1104M0003, best cost 27.0333 + -66.5193 = -39.4861 over 381 frames.
zh1104M0003 要 三 箱 银桥 红枣 牛奶 不 加糖 
LOG (lattice-best-path[5.3.76~1-26df3]:main():lattice-best-path.cc:99) For utterance zh1104M0004, best cost 26.0056 + -52.7034 = -26.6978 over 314 frames.
zh1104M0004 要 一 箱 银桥 黑谷 牛奶 多 加糖 
LOG (lattice-best-path[5.3.76~1-26df3]:main():lattice-best-path.cc:99) For utterance zh1104M0005, best cost 27.091 + -57.4525 = -30.3614 over 343 frames.
zh1104M0005 要 三 箱 银桥 核桃 牛奶 少 加糖 
LOG (lattice-best-path[5.3.76~1-26df3]:main():lattice-best-path.cc:99) For utterance zh1104M0006, best cost 13.3933 + -12.7498 = 0.643494 over 142 frames.
zh1104M0006 打开 灯 
LOG (lattice-best-path[5.3.76~1-26df3]:main():lattice-best-path.cc:99) For utterance zh1104M0007, best cost 13.2766 + -29.7543 = -16.4777 over 170 frames.
zh1104M0007 关闭 阀门 
LOG (lattice-best-path[5.3.76~1-26df3]:main():lattice-best-path.cc:99) For utterance zh1104M0008, best cost 19.854 + -19.442 = 0.412001 over 180 frames.
zh1104M0008 要 开启 窗帘 
LOG (lattice-best-path[5.3.76~1-26df3]:main():lattice-best-path.cc:99) For utterance zh1104M0009, best cost 11.6264 + -16.2991 = -4.67269 over 151 frames.
zh1104M0009 关闭 灯 
LOG (lattice-best-path[5.3.76~1-26df3]:main():lattice-best-path.cc:99) For utterance zh1105M0001, best cost 26.255 + -64.17 = -37.915 over 372 frames.
zh1105M0001 要 五 箱 银桥 核桃 牛奶 多 加糖 
LOG (lattice-best-path[5.3.76~1-26df3]:main():lattice-best-path.cc:99) For utterance zh1105M0002, best cost 25.5792 + -59.3312 = -33.752 over 333 frames.
zh1105M0002 要 五 箱 银桥 花生 牛奶 少 加糖 
LOG (lattice-best-path[5.3.76~1-26df3]:main():lattice-best-path.cc:99) For utterance zh1105M0003, best cost 28.9027 + -49.2363 = -20.3336 over 439 frames.
zh1105M0003 要 五 箱 银桥 红枣 牛奶 不 加糖 
LOG (lattice-best-path[5.3.76~1-26df3]:main():lattice-best-path.cc:99) For utterance zh1105M0004, best cost 26.7283 + -65.9551 = -39.2268 over 372 frames.
zh1105M0004 要 五 箱 银桥 黑谷 牛奶 多 加糖 
LOG (lattice-best-path[5.3.76~1-26df3]:main():lattice-best-path.cc:99) For utterance zh1105M0005, best cost 27.0311 + -74.0918 = -47.0608 over 400 frames.
zh1105M0005 要 五 箱 银桥 核桃 牛奶 少 加糖 
LOG (lattice-best-path[5.3.76~1-26df3]:main():lattice-best-path.cc:99) For utterance zh1105M0006, best cost 9.45923 + -13.2167 = -3.75746 over 190 frames.
zh1105M0006 打开 泵 
LOG (lattice-best-path[5.3.76~1-26df3]:main():lattice-best-path.cc:99) For utterance zh1105M0007, best cost 12.6031 + -33.5962 = -20.9931 over 218 frames.
zh1105M0007 关闭 阀门 
LOG (lattice-best-path[5.3.76~1-26df3]:main():lattice-best-path.cc:99) For utterance zh1105M0008, best cost 11.5478 + -22.2018 = -10.654 over 247 frames.
zh1105M0008 开启 窗帘 
LOG (lattice-best-path[5.3.76~1-26df3]:main():lattice-best-path.cc:99) For utterance zh1105M0009, best cost 9.99936 + -24.1062 = -14.1068 over 199 frames.
zh1105M0009 关掉 灯 
LOG (lattice-best-path[5.3.76~1-26df3]:main():lattice-best-path.cc:99) For utterance zh1106M0001, best cost 26.7608 + -51.133 = -24.3722 over 333 frames.
zh1106M0001 要 二 箱 银桥 核桃 牛奶 多 加糖 
LOG (lattice-best-path[5.3.76~1-26df3]:main():lattice-best-path.cc:99) For utterance zh1106M0002, best cost 27.1133 + -64.6604 = -37.5471 over 362 frames.
zh1106M0002 要 二 箱 银桥 花生 牛奶 少 加糖 
LOG (lattice-best-path[5.3.76~1-26df3]:main():lattice-best-path.cc:99) For utterance zh1106M0003, best cost 28.6918 + -44.3662 = -15.6744 over 333 frames.
zh1106M0003 关闭 红枣 牛奶 不 加糖 
LOG (lattice-best-path[5.3.76~1-26df3]:main():lattice-best-path.cc:99) For utterance zh1106M0004, best cost 26.396 + -60.5312 = -34.1352 over 324 frames.
zh1106M0004 要 四 箱 银桥 黑谷 牛奶 多 加糖 
LOG (lattice-best-path[5.3.76~1-26df3]:main():lattice-best-path.cc:99) For utterance zh1106M0005, best cost 27.7618 + -49.4428 = -21.6811 over 333 frames.
zh1106M0005 要 五 箱 银桥 核桃 牛奶 少 加糖 
LOG (lattice-best-path[5.3.76~1-26df3]:main():lattice-best-path.cc:99) For utterance zh1106M0006, best cost 9.43166 + -8.86095 = 0.570712 over 132 frames.
zh1106M0006 打开 泵 
LOG (lattice-best-path[5.3.76~1-26df3]:main():lattice-best-path.cc:99) For utterance zh1106M0007, best cost 12.6983 + -20.445 = -7.74669 over 161 frames.
zh1106M0007 关闭 阀门 
LOG (lattice-best-path[5.3.76~1-26df3]:main():lattice-best-path.cc:99) For utterance zh1106M0008, best cost 13.8095 + -13.194 = 0.615494 over 199 frames.
zh1106M0008 开启 窗帘 
LOG (lattice-scale[5.3.76~1-26df3]:main():lattice-scale.cc:90) Done 162 lattices.
LOG (lattice-best-path[5.3.76~1-26df3]:main():lattice-best-path.cc:99) For utterance zh1106M0009, best cost 10.8027 + -16.2115 = -5.40886 over 142 frames.
zh1106M0009 关掉 灯 
LOG (lattice-best-path[5.3.76~1-26df3]:main():lattice-best-path.cc:99) For utterance zh1107M0001, best cost 24.5608 + -40.7361 = -16.1753 over 285 frames.
zh1107M0001 要 四 箱 银桥 核桃 牛奶 多 加糖 
LOG (lattice-best-path[5.3.76~1-26df3]:main():lattice-best-path.cc:99) For utterance zh1107M0002, best cost 27.8761 + -59.54 = -31.6639 over 343 frames.
zh1107M0002 要 二 箱 银桥 花生 牛奶 少 加糖 
LOG (lattice-best-path[5.3.76~1-26df3]:main():lattice-best-path.cc:99) For utterance zh1107M0003, best cost 27.0508 + -66.0609 = -39.0101 over 381 frames.
zh1107M0003 要 三 箱 银桥 红枣 牛奶 不 加糖 
LOG (lattice-best-path[5.3.76~1-26df3]:main():lattice-best-path.cc:99) For utterance zh1107M0004, best cost 26.0101 + -52.7532 = -26.7431 over 314 frames.
zh1107M0004 要 一 箱 银桥 黑谷 牛奶 多 加糖 
LOG (lattice-best-path[5.3.76~1-26df3]:main():lattice-best-path.cc:99) For utterance zh1107M0005, best cost 27.1737 + -57.3292 = -30.1555 over 343 frames.
zh1107M0005 要 三 箱 银桥 核桃 牛奶 少 加糖 
LOG (lattice-best-path[5.3.76~1-26df3]:main():lattice-best-path.cc:99) For utterance zh1107M0006, best cost 13.3933 + -12.5848 = 0.808451 over 142 frames.
zh1107M0006 打开 灯 
LOG (lattice-best-path[5.3.76~1-26df3]:main():lattice-best-path.cc:99) For utterance zh1107M0007, best cost 13.2766 + -29.7059 = -16.4293 over 170 frames.
zh1107M0007 关闭 阀门 
LOG (lattice-best-path[5.3.76~1-26df3]:main():lattice-best-path.cc:99) For utterance zh1107M0008, best cost 19.819 + -19.2924 = 0.526657 over 180 frames.
zh1107M0008 要 开启 窗帘 
LOG (lattice-best-path[5.3.76~1-26df3]:main():lattice-best-path.cc:99) For utterance zh1107M0009, best cost 11.6851 + -16.4745 = -4.78942 over 151 frames.
zh1107M0009 关闭 灯 
LOG (lattice-best-path[5.3.76~1-26df3]:main():lattice-best-path.cc:99) For utterance zh1108M0001, best cost 26.255 + -64.5436 = -38.2886 over 372 frames.
zh1108M0001 要 五 箱 银桥 核桃 牛奶 多 加糖 
LOG (lattice-best-path[5.3.76~1-26df3]:main():lattice-best-path.cc:99) For utterance zh1108M0002, best cost 25.5868 + -59.6683 = -34.0815 over 333 frames.
zh1108M0002 要 五 箱 银桥 花生 牛奶 少 加糖 
LOG (lattice-add-penalty[5.3.76~1-26df3]:main():lattice-add-penalty.cc:62) Done adding word insertion penalty to 162 lattices.
LOG (lattice-best-path[5.3.76~1-26df3]:main():lattice-best-path.cc:99) For utterance zh1108M0003, best cost 28.8717 + -50.1554 = -21.2836 over 439 frames.
zh1108M0003 要 五 箱 银桥 红枣 牛奶 不 加糖 
LOG (lattice-best-path[5.3.76~1-26df3]:main():lattice-best-path.cc:99) For utterance zh1108M0004, best cost 26.8354 + -66.1951 = -39.3597 over 372 frames.
zh1108M0004 要 五 箱 银桥 黑谷 牛奶 多 加糖 
LOG (lattice-best-path[5.3.76~1-26df3]:main():lattice-best-path.cc:99) For utterance zh1108M0005, best cost 27.0311 + -73.9476 = -46.9165 over 400 frames.
zh1108M0005 要 五 箱 银桥 核桃 牛奶 少 加糖 
LOG (lattice-best-path[5.3.76~1-26df3]:main():lattice-best-path.cc:99) For utterance zh1108M0006, best cost 9.45923 + -12.792 = -3.33281 over 190 frames.
zh1108M0006 打开 泵 
LOG (lattice-best-path[5.3.76~1-26df3]:main():lattice-best-path.cc:99) For utterance zh1108M0007, best cost 12.5465 + -33.9258 = -21.3792 over 218 frames.
zh1108M0007 关闭 阀门 
LOG (lattice-best-path[5.3.76~1-26df3]:main():lattice-best-path.cc:99) For utterance zh1108M0008, best cost 20.2033 + -26.1904 = -5.98711 over 247 frames.
zh1108M0008 要 开启 窗帘 
LOG (lattice-best-path[5.3.76~1-26df3]:main():lattice-best-path.cc:99) For utterance zh1108M0009, best cost 9.949 + -24.5437 = -14.5947 over 199 frames.
zh1108M0009 关掉 灯 
LOG (lattice-best-path[5.3.76~1-26df3]:main():lattice-best-path.cc:99) For utterance zh1109M0001, best cost 26.7595 + -51.3187 = -24.5592 over 333 frames.
zh1109M0001 要 二 箱 银桥 核桃 牛奶 多 加糖 
LOG (lattice-best-path[5.3.76~1-26df3]:main():lattice-best-path.cc:99) For utterance zh1109M0002, best cost 27.105 + -64.8634 = -37.7585 over 362 frames.
zh1109M0002 要 二 箱 银桥 花生 牛奶 少 加糖 
LOG (lattice-best-path[5.3.76~1-26df3]:main():lattice-best-path.cc:99) For utterance zh1109M0003, best cost 28.7326 + -44.8438 = -16.1112 over 333 frames.
zh1109M0003 关闭 红枣 牛奶 不 加糖 
LOG (lattice-best-path[5.3.76~1-26df3]:main():lattice-best-path.cc:99) For utterance zh1109M0004, best cost 26.3639 + -60.3821 = -34.0183 over 324 frames.
zh1109M0004 要 四 箱 银桥 黑谷 牛奶 多 加糖 
LOG (lattice-best-path[5.3.76~1-26df3]:main():lattice-best-path.cc:99) For utterance zh1109M0005, best cost 27.7618 + -49.6553 = -21.8935 over 333 frames.
zh1109M0005 要 五 箱 银桥 核桃 牛奶 少 加糖 
LOG (lattice-best-path[5.3.76~1-26df3]:main():lattice-best-path.cc:99) For utterance zh1109M0006, best cost 9.41712 + -8.93359 = 0.483527 over 132 frames.
zh1109M0006 打开 泵 
LOG (lattice-best-path[5.3.76~1-26df3]:main():lattice-best-path.cc:99) For utterance zh1109M0007, best cost 13.2523 + -20.3511 = -7.09889 over 161 frames.
zh1109M0007 关闭 阀门 
LOG (lattice-best-path[5.3.76~1-26df3]:main():lattice-best-path.cc:99) For utterance zh1109M0008, best cost 13.6254 + -13.4263 = 0.199115 over 199 frames.
zh1109M0008 开启 窗帘 
LOG (lattice-best-path[5.3.76~1-26df3]:main():lattice-best-path.cc:99) For utterance zh1109M0009, best cost 11.1049 + -16.1994 = -5.09457 over 142 frames.
zh1109M0009 关掉 灯 
LOG (lattice-best-path[5.3.76~1-26df3]:main():lattice-best-path.cc:124) Overall cost per frame is -0.0724712 = 0.0748645 [graph] + -0.147336 [acoustic] over 44388 frames.
LOG (lattice-best-path[5.3.76~1-26df3]:main():lattice-best-path.cc:128) Done 162 lattices, failed for 0
# Accounting: time=0 threads=1
# Ended (code 0) at Sun Apr  1 15:53:39 CST 2018, elapsed time 0 seconds
